=== VTF Upscaler 7.0.0 Log — 2026-02-11 23:41:09 ===

[23:41:09] ⚡ Using cached scan for 13 files (instant)...
[23:41:09] ⊖ Skipped 1 files: 1x already 4096x4096
[23:41:09] 🔍 Scan done: 12 to upscale (2.6 MB), 1 skipped | batch size: 50
[23:41:09] 📦 Batch 1/1 (12 files)...
[23:41:18] ⚡ GPU batch 1: VRAM warning (recovered, output valid)
[23:41:20] ✓ enlistedshoulder.vtf: 256x128 → 4096x2048 [AI] (5.3MB)
[23:41:21] ✓ enlistedshoulder5.vtf: 256x128 → 4096x2048 [AI] (5.3MB)
[23:41:29] ✓ commanderwolffedc15_d.vtf: 512x512 → 4096x4096 [AI] (10.7MB)
[23:41:29] ✓ evo_face5.vtf: 512x512 → 4096x4096 [AI] (10.7MB)
[23:41:29] ⚠ legs.vtf: 512x512 → 4096x4096 [AI] (10.7MB) ⚠️ DARK
[23:41:29] ⚠ evo_face.vtf: 512x512 → 4096x4096 [AI] (10.7MB) ⚠️ DARK
[23:41:29] ⚠ evo_face1.vtf: 512x512 → 4096x4096 [AI] (10.7MB) ⚠️ DARK
[23:41:29] ⚠ evo_face2.vtf: 512x512 → 4096x4096 [AI] (10.7MB) ⚠️ DARK
[23:41:29] ⚠ evo_face3.vtf: 512x512 → 4096x4096 [AI] (10.7MB) ⚠️ DARK
[23:41:29] ⚠ evo_face4.vtf: 512x512 → 4096x4096 [AI] (10.7MB) ⚠️ DARK
[23:41:29] ⚠ enlisted.vtf: 1024x1024 → 4096x4096 [AI] (10.7MB) ⚠️ DARK
[23:41:29] ⚠ enlisted1.vtf: 1024x1024 → 4096x4096 [AI] (10.7MB) ⚠️ DARK
[23:41:29] ✅ Done in 0.3min (0.6/sec) | ✓12 ⊖1 ✗0
[23:41:29] ⚠️ CORRUPTION REPORT: 8 file(s) flagged for review:
[23:41:29]   → legs.vtf
[23:41:29]   → evo_face.vtf
[23:41:29]   → evo_face1.vtf
[23:41:29]   → evo_face2.vtf
[23:41:29]   → evo_face3.vtf
[23:41:29]   → evo_face4.vtf
[23:41:29]   → enlisted.vtf
[23:41:29]   → enlisted1.vtf

=== Completed: 12 success, 1 skipped, 0 failed in 0.3min ===
