=== VTF Upscaler 7.0.0 Log — 2026-02-17 22:53:56 ===

[22:53:56] ⚡ Using cached scan for 80 files (instant)...
[22:53:56] ⊖ Skipped 38 files: 38x normal map
[22:53:56] 🔍 Scan done: 42 to upscale (11.7 MB), 38 skipped | batch size: 200
[22:53:56] 📦 Batch 1/1 (42 files)...
[22:53:56] [GPU] [Split] Pass 1: 35 normal images (tile=1024)
[22:53:56] [GPU] [0 NVIDIA GeForce RTX 4080 SUPER]  queueC=2[8]  queueT=1[2]
[22:53:56] [GPU] [0 NVIDIA GeForce RTX 4080 SUPER]  fp16-p/s/u/a=1/1/1/1  int8-p/s/u/a=1/1/1/1  bf16-p/s=1/1
[22:53:56] [GPU] [0 NVIDIA GeForce RTX 4080 SUPER]  subgroup=32(32~32)  ops=1/1/1/1/1/1/1/1/1/1
[22:53:56] [GPU] [0 NVIDIA GeForce RTX 4080 SUPER]  fp16-cm=16x16x16/16x8x16/16x8x8  int8-cm=16x16x32/16x8x32  bf16-cm=16x16x16  fp8-cm=16x16x32
[22:53:56] [GPU] [1 AMD Radeon(TM) Graphics]  queueC=1[2]  queueT=2[1]
[22:53:56] [GPU] [1 AMD Radeon(TM) Graphics]  fp16-p/s/u/a=1/1/1/1  int8-p/s/u/a=1/1/1/1  bf16-p/s=1/0
[22:53:56] [GPU] [1 AMD Radeon(TM) Graphics]  subgroup=64(32~64)  ops=1/1/1/1/1/1/1/1/0/0
[22:53:56] [GPU] [1 AMD Radeon(TM) Graphics]  fp16-cm=0  int8-cm=0  bf16-cm=0  fp8-cm=0
[22:53:57] [GPU] R:\_batch_NORMAL/0000.bmp -> R:\vtf_batch_1_1771368836\output/0000.png done
[22:53:57] [GPU] R:\_batch_NORMAL/0001.bmp -> R:\vtf_batch_1_1771368836\output/0001.png done
[22:53:57] [GPU] R:\_batch_NORMAL/0003.bmp -> R:\vtf_batch_1_1771368836\output/0003.png done
[22:53:57] [GPU] R:\_batch_NORMAL/0002.bmp -> R:\vtf_batch_1_1771368836\output/0002.png done
[22:53:57] [GPU] R:\_batch_NORMAL/0005.bmp -> R:\vtf_batch_1_1771368836\output/0005.png done
[22:53:57] [GPU] R:\_batch_NORMAL/0004.bmp -> R:\vtf_batch_1_1771368836\output/0004.png done
[22:53:57] [GPU] R:\_batch_NORMAL/0006.bmp -> R:\vtf_batch_1_1771368836\output/0006.png done
[22:53:57] [GPU] R:\_batch_NORMAL/0008.bmp -> R:\vtf_batch_1_1771368836\output/0008.png done
[22:53:57] [GPU] R:\_batch_NORMAL/0007.bmp -> R:\vtf_batch_1_1771368836\output/0007.png done
[22:53:57] [GPU] R:\_batch_NORMAL/0009.bmp -> R:\vtf_batch_1_1771368836\output/0009.png done
[22:53:57] [GPU] R:\_batch_NORMAL/0010.bmp -> R:\vtf_batch_1_1771368836\output/0010.png done
[22:53:57] [GPU] R:\_batch_NORMAL/0011.bmp -> R:\vtf_batch_1_1771368836\output/0011.png done
[22:53:57] [GPU] R:\_batch_NORMAL/0012.bmp -> R:\vtf_batch_1_1771368836\output/0012.png done
[22:53:58] [GPU] R:\_batch_NORMAL/0013.bmp -> R:\vtf_batch_1_1771368836\output/0013.png done
[22:53:58] [GPU] R:\_batch_NORMAL/0014.bmp -> R:\vtf_batch_1_1771368836\output/0014.png done
[22:53:58] [GPU] R:\_batch_NORMAL/0015.bmp -> R:\vtf_batch_1_1771368836\output/0015.png done
[22:53:58] [GPU] R:\_batch_NORMAL/0016.bmp -> R:\vtf_batch_1_1771368836\output/0016.png done
[22:53:58] [GPU] R:\_batch_NORMAL/0017.bmp -> R:\vtf_batch_1_1771368836\output/0017.png done
[22:53:58] [GPU] R:\_batch_NORMAL/0018.bmp -> R:\vtf_batch_1_1771368836\output/0018.png done
[22:53:58] [GPU] R:\_batch_NORMAL/0019.bmp -> R:\vtf_batch_1_1771368836\output/0019.png done
[22:53:59] [GPU] R:\_batch_NORMAL/0020.bmp -> R:\vtf_batch_1_1771368836\output/0020.png done
[22:53:59] [GPU] R:\_batch_NORMAL/0021.bmp -> R:\vtf_batch_1_1771368836\output/0021.png done
[22:53:59] [GPU] R:\_batch_NORMAL/0022.bmp -> R:\vtf_batch_1_1771368836\output/0022.png done
[22:53:59] [GPU] R:\_batch_NORMAL/0023.bmp -> R:\vtf_batch_1_1771368836\output/0023.png done
[22:53:59] [GPU] R:\_batch_NORMAL/0024.bmp -> R:\vtf_batch_1_1771368836\output/0024.png done
[22:54:00] [GPU] R:\_batch_NORMAL/0025.bmp -> R:\vtf_batch_1_1771368836\output/0025.png done
[22:54:00] [GPU] R:\_batch_NORMAL/0026.bmp -> R:\vtf_batch_1_1771368836\output/0026.png done
[22:54:00] [GPU] R:\_batch_NORMAL/0027.bmp -> R:\vtf_batch_1_1771368836\output/0027.png done
[22:54:00] [GPU] R:\_batch_NORMAL/0028.bmp -> R:\vtf_batch_1_1771368836\output/0028.png done
[22:54:01] [GPU] R:\_batch_NORMAL/0029.bmp -> R:\vtf_batch_1_1771368836\output/0029.png done
[22:54:01] [GPU] R:\_batch_NORMAL/0030.bmp -> R:\vtf_batch_1_1771368836\output/0030.png done
[22:54:01] [GPU] R:\_batch_NORMAL/0032.bmp -> R:\vtf_batch_1_1771368836\output/0032.png done
[22:54:01] [GPU] R:\_batch_NORMAL/0034.bmp -> R:\vtf_batch_1_1771368836\output/0034.png done
[22:54:01] [GPU] R:\_batch_NORMAL/0031.bmp -> R:\vtf_batch_1_1771368836\output/0031.png done
[22:54:02] [GPU] R:\_batch_NORMAL/0033.bmp -> R:\vtf_batch_1_1771368836\output/0033.png done
[22:54:07] [GPU] [Split] Pass 2: 7 tall images (tile=512, height>=1024)
[22:54:07] [GPU] [0 NVIDIA GeForce RTX 4080 SUPER]  queueC=2[8]  queueT=1[2]
[22:54:07] [GPU] [0 NVIDIA GeForce RTX 4080 SUPER]  fp16-p/s/u/a=1/1/1/1  int8-p/s/u/a=1/1/1/1  bf16-p/s=1/1
[22:54:07] [GPU] [0 NVIDIA GeForce RTX 4080 SUPER]  subgroup=32(32~32)  ops=1/1/1/1/1/1/1/1/1/1
[22:54:07] [GPU] [0 NVIDIA GeForce RTX 4080 SUPER]  fp16-cm=16x16x16/16x8x16/16x8x8  int8-cm=16x16x32/16x8x32  bf16-cm=16x16x16  fp8-cm=16x16x32
[22:54:07] [GPU] [1 AMD Radeon(TM) Graphics]  queueC=1[2]  queueT=2[1]
[22:54:07] [GPU] [1 AMD Radeon(TM) Graphics]  fp16-p/s/u/a=1/1/1/1  int8-p/s/u/a=1/1/1/1  bf16-p/s=1/0
[22:54:07] [GPU] [1 AMD Radeon(TM) Graphics]  subgroup=64(32~64)  ops=1/1/1/1/1/1/1/1/0/0
[22:54:07] [GPU] [1 AMD Radeon(TM) Graphics]  fp16-cm=0  int8-cm=0  bf16-cm=0  fp8-cm=0
[22:54:10] [GPU] R:\_batch_TALL/0036.bmp -> R:\vtf_batch_1_1771368836\output/0036.png done
[22:54:10] [GPU] R:\_batch_TALL/0035.bmp -> R:\vtf_batch_1_1771368836\output/0035.png done
[22:54:10] [GPU] R:\_batch_TALL/0038.bmp -> R:\vtf_batch_1_1771368836\output/0038.png done
[22:54:10] [GPU] R:\_batch_TALL/0037.bmp -> R:\vtf_batch_1_1771368836\output/0037.png done
[22:54:12] [GPU] R:\_batch_TALL/0040.bmp -> R:\vtf_batch_1_1771368836\output/0040.png done
[22:54:12] [GPU] R:\_batch_TALL/0039.bmp -> R:\vtf_batch_1_1771368836\output/0039.png done
[22:54:13] [GPU] R:\_batch_TALL/0041.bmp -> R:\vtf_batch_1_1771368836\output/0041.png done
[22:54:18] ✓ pk02_light01a_c.vtf: 128x64 → 4096x2048 [AI] (10.7MB)
[22:54:19] ✓ pk02_light01b_c.vtf: 128x64 → 4096x2048 [AI] (10.7MB)
[22:54:21] ✓ pk02_switches01b_c.vtf: 128x256 → 2048x4096 [AI] (10.7MB)
[22:54:22] ✓ pk02_switches01c_c.vtf: 128x256 → 2048x4096 [AI] (10.7MB)
[22:54:22] ✓ pk02_floor03_c.vtf: 256x256 → 4096x4096 [AI] (10.7MB)
[22:54:22] ✓ pk02_floor06a_c.vtf: 256x256 → 4096x4096 [AI] (10.7MB)
[22:54:41] ✓ pk02_floor12a_c.vtf: 256x256 → 4096x4096 [AI] (10.7MB)
[22:54:41] ✓ pk02_door02_c.vtf: 256x512 → 2048x4096 [AI] (5.3MB)
[22:54:41] ✓ pk02_light03_c.vtf: 512x128 → 4096x1024 [AI] (5.3MB)
[22:54:41] ✓ pk02_light02a_c.vtf: 256x256 → 4096x4096 [AI] (21.3MB)
[22:54:41] ✓ pk02_ceiling02_c.vtf: 256x512 → 2048x4096 [AI] (10.7MB)
[22:54:41] ✓ pk02_computer01a_c.vtf: 256x512 → 2048x4096 [AI] (10.7MB)
[22:54:41] ✓ pk02_computer01c_c.vtf: 256x512 → 2048x4096 [AI] (10.7MB)
[22:54:41] ✓ pk02_ceiling01_c.vtf: 512x512 → 4096x4096 [AI] (10.7MB)
[22:54:41] ✓ pk02_ceiling03_c.vtf: 512x512 → 4096x4096 [AI] (10.7MB)
[22:54:41] ✓ pk02_door01_c.vtf: 512x512 → 4096x4096 [AI] (10.7MB)
[22:54:41] ✓ pk02_floor01_c.vtf: 512x512 → 4096x4096 [AI] (10.7MB)
[22:54:41] ✓ pk02_floor05_c.vtf: 512x512 → 4096x4096 [AI] (10.7MB)
[22:54:41] ✓ pk02_generic01a_c.vtf: 512x512 → 4096x4096 [AI] (10.7MB)
[22:54:41] ⚠ pk02_generic01b_c.vtf: 512x512 → 4096x4096 [AI] (10.7MB) ⚠️ FLAT
[22:54:41] ✓ pk02_panels01b_c.vtf: 512x512 → 4096x4096 [AI] (10.7MB)
[22:54:41] ✓ pk02_panels01c_c.vtf: 512x512 → 4096x4096 [AI] (10.7MB)
[22:54:41] ✓ pk02_wall01_c.vtf: 512x512 → 4096x4096 [AI] (10.7MB)
[22:54:41] ✓ pk02_wall04a_c.vtf: 512x512 → 4096x4096 [AI] (10.7MB)
[22:54:48] ✓ pk02_wall05a_c.vtf: 512x512 → 4096x4096 [AI] (10.7MB)
[22:54:52] ✓ pk02_wall05b_c.vtf: 512x512 → 4096x4096 [AI] (10.7MB)
[22:54:54] ✓ pk02_wall05c_c.vtf: 512x512 → 4096x4096 [AI] (10.7MB)
[22:54:54] ✓ pk02_wall06a_c.vtf: 512x512 → 4096x4096 [AI] (10.7MB)
[22:54:54] ✓ pk02_wall06b_c.vtf: 512x512 → 4096x4096 [AI] (10.7MB)
[22:54:54] ✓ pk02_wall03a_c.vtf: 1024x512 → 4096x2048 [AI] (5.3MB)
[22:54:54] ✓ pk02_wall08a_c.vtf: 1024x512 → 4096x2048 [AI] (5.3MB)
[22:54:54] ✓ pk02_wall08b_c.vtf: 1024x512 → 4096x2048 [AI] (5.3MB)
[22:54:55] ✓ pk02_pipes01_c.vtf: 512x512 → 4096x4096 [AI] (21.3MB)
[22:54:55] ✓ pk02_wall02a_c.vtf: 512x512 → 4096x4096 [AI] (21.3MB)
[22:54:55] ✓ pk02_wall07b_c.vtf: 512x512 → 4096x4096 [AI] (21.3MB)
[22:55:01] ✓ pk02_floor02_c.vtf: 1024x1024 → 4096x4096 [AI] (10.7MB)
[22:55:01] ✓ pk02_floor09a_c.vtf: 1024x1024 → 4096x4096 [AI] (10.7MB)
[22:55:01] ✓ pk02_wall_big01a_c.vtf: 1024x1024 → 4096x4096 [AI] (10.7MB)
[22:55:01] ⚠ pk02_wall_big01b_c.vtf: 1024x1024 → 4096x4096 [AI] (10.7MB) ⚠️ FLAT
[22:55:05] ✓ pk02_wall_big02b_c.vtf: 1024x1024 → 4096x4096 [AI] (10.7MB)
[22:55:05] ✓ pk02_floor09b_c.vtf: 1024x1024 → 4096x4096 [AI] (21.3MB)
[22:55:05] ✓ pk02_wall_big02a_c.vtf: 1024x1024 → 4096x4096 [AI] (21.3MB)
[22:55:05] ✅ Done in 1.2min (36.4/min) | ✓42 ⊖38 ✗0
[22:55:05] ⚠️ CORRUPTION REPORT: 2 file(s) flagged for review:
[22:55:05]   → pk02_generic01b_c.vtf
[22:55:05]   → pk02_wall_big01b_c.vtf

=== Completed: 42 success, 38 skipped, 0 failed in 1.2min ===
