=== VTF Upscaler 7.0.0 Log — 2026-03-26 20:25:15 ===

[20:25:15] ⚡ Using cached scan for 185 files (instant)...
[20:25:15] ⊖ Skipped 110 files: 59x already 4096x4096, 31x normal map, 10x 4096x2048, 2x 2048x4096, 2x mask texture
[20:25:15] 🔍 Scan done: 75 to upscale (11.6 MB), 110 skipped | batch size: 200
[20:25:15] 📦 Batch 1/1 (75 files)...
[20:25:15] 🔷 LANCZOS bypass: 2 files (particle/blade/effect textures)
[20:25:15] [GPU] [Split] Pass 1: 72 normal images (tile=1024)
[20:25:16] [GPU] [0 NVIDIA GeForce RTX 4080 SUPER]  queueC=2[8]  queueT=1[2]
[20:25:16] [GPU] [0 NVIDIA GeForce RTX 4080 SUPER]  fp16-p/s/u/a=1/1/1/1  int8-p/s/u/a=1/1/1/1  bf16-p/s=1/1
[20:25:16] [GPU] [0 NVIDIA GeForce RTX 4080 SUPER]  subgroup=32(32~32)  ops=1/1/1/1/1/1/1/1/1/1
[20:25:16] [GPU] [0 NVIDIA GeForce RTX 4080 SUPER]  fp16-cm=16x16x16/16x8x16/16x8x8  int8-cm=16x16x32/16x8x32  bf16-cm=16x16x16  fp8-cm=16x16x32
[20:25:16] [GPU] [1 AMD Radeon(TM) Graphics]  queueC=1[4]  queueT=2[1]
[20:25:16] [GPU] [1 AMD Radeon(TM) Graphics]  fp16-p/s/u/a=1/1/1/1  int8-p/s/u/a=1/1/1/1  bf16-p/s=1/0
[20:25:16] [GPU] [1 AMD Radeon(TM) Graphics]  subgroup=64(32~64)  ops=1/1/1/1/1/1/1/1/1/1
[20:25:16] [GPU] [1 AMD Radeon(TM) Graphics]  fp16-cm=16x16x16  int8-cm=16x16x16  bf16-cm=0  fp8-cm=0
[20:25:16] [GPU] G:\_vtf_scratch\_batch_NORMAL/0003.bmp -> G:\_vtf_scratch\vtf_out_1_1774556715\output/0003.png done
[20:25:16] [GPU] G:\_vtf_scratch\_batch_NORMAL/0002.bmp -> G:\_vtf_scratch\vtf_out_1_1774556715\output/0002.png done
[20:25:16] [GPU] G:\_vtf_scratch\_batch_NORMAL/0005.bmp -> G:\_vtf_scratch\vtf_out_1_1774556715\output/0005.png done
[20:25:16] [GPU] G:\_vtf_scratch\_batch_NORMAL/0004.bmp -> G:\_vtf_scratch\vtf_out_1_1774556715\output/0004.png done
[20:25:16] [GPU] G:\_vtf_scratch\_batch_NORMAL/0006.bmp -> G:\_vtf_scratch\vtf_out_1_1774556715\output/0006.png done
[20:25:16] [GPU] G:\_vtf_scratch\_batch_NORMAL/0007.bmp -> G:\_vtf_scratch\vtf_out_1_1774556715\output/0007.png done
[20:25:16] [GPU] G:\_vtf_scratch\_batch_NORMAL/0008.bmp -> G:\_vtf_scratch\vtf_out_1_1774556715\output/0008.png done
[20:25:16] [GPU] G:\_vtf_scratch\_batch_NORMAL/0009.bmp -> G:\_vtf_scratch\vtf_out_1_1774556715\output/0009.png done
[20:25:16] [GPU] G:\_vtf_scratch\_batch_NORMAL/0010.bmp -> G:\_vtf_scratch\vtf_out_1_1774556715\output/0010.png done
[20:25:16] [GPU] G:\_vtf_scratch\_batch_NORMAL/0011.bmp -> G:\_vtf_scratch\vtf_out_1_1774556715\output/0011.png done
[20:25:16] [GPU] G:\_vtf_scratch\_batch_NORMAL/0013.bmp -> G:\_vtf_scratch\vtf_out_1_1774556715\output/0013.png done
[20:25:16] [GPU] G:\_vtf_scratch\_batch_NORMAL/0012.bmp -> G:\_vtf_scratch\vtf_out_1_1774556715\output/0012.png done
[20:25:16] [GPU] G:\_vtf_scratch\_batch_NORMAL/0015.bmp -> G:\_vtf_scratch\vtf_out_1_1774556715\output/0015.png done
[20:25:16] [GPU] G:\_vtf_scratch\_batch_NORMAL/0014.bmp -> G:\_vtf_scratch\vtf_out_1_1774556715\output/0014.png done
[20:25:16] [GPU] G:\_vtf_scratch\_batch_NORMAL/0017.bmp -> G:\_vtf_scratch\vtf_out_1_1774556715\output/0017.png done
[20:25:16] [GPU] G:\_vtf_scratch\_batch_NORMAL/0016.bmp -> G:\_vtf_scratch\vtf_out_1_1774556715\output/0016.png done
[20:25:16] [GPU] G:\_vtf_scratch\_batch_NORMAL/0018.bmp -> G:\_vtf_scratch\vtf_out_1_1774556715\output/0018.png done
[20:25:16] [GPU] G:\_vtf_scratch\_batch_NORMAL/0019.bmp -> G:\_vtf_scratch\vtf_out_1_1774556715\output/0019.png done
[20:25:16] [GPU] G:\_vtf_scratch\_batch_NORMAL/0020.bmp -> G:\_vtf_scratch\vtf_out_1_1774556715\output/0020.png done
[20:25:16] [GPU] G:\_vtf_scratch\_batch_NORMAL/0021.bmp -> G:\_vtf_scratch\vtf_out_1_1774556715\output/0021.png done
[20:25:16] [GPU] G:\_vtf_scratch\_batch_NORMAL/0022.bmp -> G:\_vtf_scratch\vtf_out_1_1774556715\output/0022.png done
[20:25:16] [GPU] G:\_vtf_scratch\_batch_NORMAL/0023.bmp -> G:\_vtf_scratch\vtf_out_1_1774556715\output/0023.png done
[20:25:16] [GPU] G:\_vtf_scratch\_batch_NORMAL/0025.bmp -> G:\_vtf_scratch\vtf_out_1_1774556715\output/0025.png done
[20:25:16] [GPU] G:\_vtf_scratch\_batch_NORMAL/0024.bmp -> G:\_vtf_scratch\vtf_out_1_1774556715\output/0024.png done
[20:25:16] [GPU] G:\_vtf_scratch\_batch_NORMAL/0027.bmp -> G:\_vtf_scratch\vtf_out_1_1774556715\output/0027.png done
[20:25:16] [GPU] G:\_vtf_scratch\_batch_NORMAL/0026.bmp -> G:\_vtf_scratch\vtf_out_1_1774556715\output/0026.png done
[20:25:16] [GPU] G:\_vtf_scratch\_batch_NORMAL/0029.bmp -> G:\_vtf_scratch\vtf_out_1_1774556715\output/0029.png done
[20:25:16] [GPU] G:\_vtf_scratch\_batch_NORMAL/0028.bmp -> G:\_vtf_scratch\vtf_out_1_1774556715\output/0028.png done
[20:25:16] [GPU] G:\_vtf_scratch\_batch_NORMAL/0031.bmp -> G:\_vtf_scratch\vtf_out_1_1774556715\output/0031.png done
[20:25:16] [GPU] G:\_vtf_scratch\_batch_NORMAL/0030.bmp -> G:\_vtf_scratch\vtf_out_1_1774556715\output/0030.png done
[20:25:16] [GPU] G:\_vtf_scratch\_batch_NORMAL/0033.bmp -> G:\_vtf_scratch\vtf_out_1_1774556715\output/0033.png done
[20:25:16] [GPU] G:\_vtf_scratch\_batch_NORMAL/0032.bmp -> G:\_vtf_scratch\vtf_out_1_1774556715\output/0032.png done
[20:25:16] [GPU] G:\_vtf_scratch\_batch_NORMAL/0035.bmp -> G:\_vtf_scratch\vtf_out_1_1774556715\output/0035.png done
[20:25:22] ⚠ GPU: vkAllocateMemory failed -2
[20:25:22] [GPU] G:\_vtf_scratch\_batch_NORMAL/0034.bmp -> G:\_vtf_scratch\vtf_out_1_1774556715\output/0034.png done
[20:25:23] [GPU] G:\_vtf_scratch\_batch_NORMAL/0037.bmp -> G:\_vtf_scratch\vtf_out_1_1774556715\output/0037.png done
[20:25:29] [GPU] G:\_vtf_scratch\_batch_NORMAL/0036.bmp -> G:\_vtf_scratch\vtf_out_1_1774556715\output/0036.png done
[20:25:35] [GPU] G:\_vtf_scratch\_batch_NORMAL/0039.bmp -> G:\_vtf_scratch\vtf_out_1_1774556715\output/0039.png done
[20:25:37] [GPU] G:\_vtf_scratch\_batch_NORMAL/0038.bmp -> G:\_vtf_scratch\vtf_out_1_1774556715\output/0038.png done
[20:25:41] [GPU] G:\_vtf_scratch\_batch_NORMAL/0041.bmp -> G:\_vtf_scratch\vtf_out_1_1774556715\output/0041.png done
[20:25:41] [GPU] G:\_vtf_scratch\_batch_NORMAL/0040.bmp -> G:\_vtf_scratch\vtf_out_1_1774556715\output/0040.png done
[20:25:41] [GPU] G:\_vtf_scratch\_batch_NORMAL/0043.bmp -> G:\_vtf_scratch\vtf_out_1_1774556715\output/0043.png done
[20:25:47] [GPU] G:\_vtf_scratch\_batch_NORMAL/0042.bmp -> G:\_vtf_scratch\vtf_out_1_1774556715\output/0042.png done
[20:25:52] [GPU] G:\_vtf_scratch\_batch_NORMAL/0045.bmp -> G:\_vtf_scratch\vtf_out_1_1774556715\output/0045.png done
[20:25:55] [GPU] G:\_vtf_scratch\_batch_NORMAL/0044.bmp -> G:\_vtf_scratch\vtf_out_1_1774556715\output/0044.png done
[20:26:01] [GPU] G:\_vtf_scratch\_batch_NORMAL/0047.bmp -> G:\_vtf_scratch\vtf_out_1_1774556715\output/0047.png done
[20:26:07] [GPU] G:\_vtf_scratch\_batch_NORMAL/0046.bmp -> G:\_vtf_scratch\vtf_out_1_1774556715\output/0046.png done
[20:26:14] [GPU] G:\_vtf_scratch\_batch_NORMAL/0049.bmp -> G:\_vtf_scratch\vtf_out_1_1774556715\output/0049.png done
[20:26:28] [GPU] G:\_vtf_scratch\_batch_NORMAL/0048.bmp -> G:\_vtf_scratch\vtf_out_1_1774556715\output/0048.png done
[20:26:36] [GPU] G:\_vtf_scratch\_batch_NORMAL/0051.bmp -> G:\_vtf_scratch\vtf_out_1_1774556715\output/0051.png done
[20:26:47] [GPU] G:\_vtf_scratch\_batch_NORMAL/0050.bmp -> G:\_vtf_scratch\vtf_out_1_1774556715\output/0050.png done
