=== VTF Upscaler 7.0.0 Log — 2026-03-26 19:30:45 ===

[19:30:45] ⚡ Using cached scan for 109 files (instant)...
[19:30:45] ⊖ Skipped 34 files: 31x normal map, 1x already 4096x4096
[19:30:45] 🔍 Scan done: 75 to upscale (18.0 MB), 34 skipped | batch size: 200
[19:30:45] 📦 Batch 1/1 (75 files)...
[19:30:45] 🔷 LANCZOS bypass: 1 files (particle/blade/effect textures)
[19:30:45] ⚠ LANCZOS glint.vtf: cannot access local variable 'current_out' where it is not associated with a value
[19:30:45] [GPU] [Split] Pass 1: 65 normal images (tile=1024)
[19:30:45] [GPU] [0 NVIDIA GeForce RTX 4080 SUPER]  queueC=2[8]  queueT=1[2]
[19:30:45] [GPU] [0 NVIDIA GeForce RTX 4080 SUPER]  fp16-p/s/u/a=1/1/1/1  int8-p/s/u/a=1/1/1/1  bf16-p/s=1/1
[19:30:45] [GPU] [0 NVIDIA GeForce RTX 4080 SUPER]  subgroup=32(32~32)  ops=1/1/1/1/1/1/1/1/1/1
[19:30:45] [GPU] [0 NVIDIA GeForce RTX 4080 SUPER]  fp16-cm=16x16x16/16x8x16/16x8x8  int8-cm=16x16x32/16x8x32  bf16-cm=16x16x16  fp8-cm=16x16x32
[19:30:45] [GPU] [1 AMD Radeon(TM) Graphics]  queueC=1[4]  queueT=2[1]
[19:30:45] [GPU] [1 AMD Radeon(TM) Graphics]  fp16-p/s/u/a=1/1/1/1  int8-p/s/u/a=1/1/1/1  bf16-p/s=1/0
[19:30:45] [GPU] [1 AMD Radeon(TM) Graphics]  subgroup=64(32~64)  ops=1/1/1/1/1/1/1/1/1/1
[19:30:45] [GPU] [1 AMD Radeon(TM) Graphics]  fp16-cm=16x16x16  int8-cm=16x16x16  bf16-cm=0  fp8-cm=0
[19:30:46] [GPU] G:\_vtf_scratch\_batch_NORMAL/0000.bmp -> G:\_vtf_scratch\vtf_out_1_1774553445\output/0000.png done
[19:30:46] [GPU] G:\_vtf_scratch\_batch_NORMAL/0001.bmp -> G:\_vtf_scratch\vtf_out_1_1774553445\output/0001.png done
[19:30:46] [GPU] G:\_vtf_scratch\_batch_NORMAL/0002.bmp -> G:\_vtf_scratch\vtf_out_1_1774553445\output/0002.png done
[19:30:46] [GPU] G:\_vtf_scratch\_batch_NORMAL/0003.bmp -> G:\_vtf_scratch\vtf_out_1_1774553445\output/0003.png done
[19:30:46] [GPU] G:\_vtf_scratch\_batch_NORMAL/0004.bmp -> G:\_vtf_scratch\vtf_out_1_1774553445\output/0004.png done
[19:30:46] [GPU] G:\_vtf_scratch\_batch_NORMAL/0005.bmp -> G:\_vtf_scratch\vtf_out_1_1774553445\output/0005.png done
[19:30:46] [GPU] G:\_vtf_scratch\_batch_NORMAL/0006.bmp -> G:\_vtf_scratch\vtf_out_1_1774553445\output/0006.png done
[19:30:46] [GPU] G:\_vtf_scratch\_batch_NORMAL/0007.bmp -> G:\_vtf_scratch\vtf_out_1_1774553445\output/0007.png done
[19:30:46] [GPU] G:\_vtf_scratch\_batch_NORMAL/0008.bmp -> G:\_vtf_scratch\vtf_out_1_1774553445\output/0008.png done
[19:30:47] [GPU] G:\_vtf_scratch\_batch_NORMAL/0010.bmp -> G:\_vtf_scratch\vtf_out_1_1774553445\output/0010.png done
[19:30:53] ⚠ GPU: vkAllocateMemory failed -2
[19:30:53] [GPU] G:\_vtf_scratch\_batch_NORMAL/0009.bmp -> G:\_vtf_scratch\vtf_out_1_1774553445\output/0009.png done
[19:30:54] [GPU] G:\_vtf_scratch\_batch_NORMAL/0011.bmp -> G:\_vtf_scratch\vtf_out_1_1774553445\output/0011.png done
[19:30:59] [GPU] G:\_vtf_scratch\_batch_NORMAL/0012.bmp -> G:\_vtf_scratch\vtf_out_1_1774553445\output/0012.png done
[19:31:06] [GPU] G:\_vtf_scratch\_batch_NORMAL/0013.bmp -> G:\_vtf_scratch\vtf_out_1_1774553445\output/0013.png done
[19:31:13] [GPU] decode image G:\_vtf_scratch\_batch_NORMAL/0050.bmp failed
[19:31:13] [GPU] G:\_vtf_scratch\_batch_NORMAL/0014.bmp -> G:\_vtf_scratch\vtf_out_1_1774553445\output/0014.png done
[19:31:16] [GPU] G:\_vtf_scratch\_batch_NORMAL/0015.bmp -> G:\_vtf_scratch\vtf_out_1_1774553445\output/0015.png done
[19:31:23] [GPU] decode image G:\_vtf_scratch\_batch_NORMAL/0054.bmp failed
[19:31:23] [GPU] G:\_vtf_scratch\_batch_NORMAL/0016.bmp -> G:\_vtf_scratch\vtf_out_1_1774553445\output/0016.png done
