=== VTF Upscaler 7.0.0 Log — 2026-03-26 20:14:01 ===

[20:14:01] ⚡ Using cached scan for 109 files (instant)...
[20:14:01] ⊖ Skipped 43 files: 31x normal map, 7x already 4096x4096, 1x 4096x2048
[20:14:01] 🔍 Scan done: 66 to upscale (16.3 MB), 43 skipped | batch size: 200
[20:14:01] 📦 Batch 1/1 (66 files)...
[20:14:01] 🔷 LANCZOS bypass: 1 files (particle/blade/effect textures)
[20:14:02] ⚠ LANCZOS glint.vtf: cannot access local variable 'current_out' where it is not associated with a value
[20:14:02] [GPU] [Split] Pass 1: 56 normal images (tile=1024)
[20:14:02] [GPU] [0 NVIDIA GeForce RTX 4080 SUPER]  queueC=2[8]  queueT=1[2]
[20:14:02] [GPU] [0 NVIDIA GeForce RTX 4080 SUPER]  fp16-p/s/u/a=1/1/1/1  int8-p/s/u/a=1/1/1/1  bf16-p/s=1/1
[20:14:02] [GPU] [0 NVIDIA GeForce RTX 4080 SUPER]  subgroup=32(32~32)  ops=1/1/1/1/1/1/1/1/1/1
[20:14:02] [GPU] [0 NVIDIA GeForce RTX 4080 SUPER]  fp16-cm=16x16x16/16x8x16/16x8x8  int8-cm=16x16x32/16x8x32  bf16-cm=16x16x16  fp8-cm=16x16x32
[20:14:02] [GPU] [1 AMD Radeon(TM) Graphics]  queueC=1[4]  queueT=2[1]
[20:14:02] [GPU] [1 AMD Radeon(TM) Graphics]  fp16-p/s/u/a=1/1/1/1  int8-p/s/u/a=1/1/1/1  bf16-p/s=1/0
[20:14:02] [GPU] [1 AMD Radeon(TM) Graphics]  subgroup=64(32~64)  ops=1/1/1/1/1/1/1/1/1/1
[20:14:02] [GPU] [1 AMD Radeon(TM) Graphics]  fp16-cm=16x16x16  int8-cm=16x16x16  bf16-cm=0  fp8-cm=0
[20:14:03] [GPU] G:\_vtf_scratch\_batch_NORMAL/0000.bmp -> G:\_vtf_scratch\vtf_out_1_1774556041\output/0000.png done
[20:14:03] [GPU] G:\_vtf_scratch\_batch_NORMAL/0001.bmp -> G:\_vtf_scratch\vtf_out_1_1774556041\output/0001.png done
[20:14:03] [GPU] G:\_vtf_scratch\_batch_NORMAL/0002.bmp -> G:\_vtf_scratch\vtf_out_1_1774556041\output/0002.png done
[20:14:03] [GPU] G:\_vtf_scratch\_batch_NORMAL/0003.bmp -> G:\_vtf_scratch\vtf_out_1_1774556041\output/0003.png done
[20:14:03] [GPU] G:\_vtf_scratch\_batch_NORMAL/0004.bmp -> G:\_vtf_scratch\vtf_out_1_1774556041\output/0004.png done
[20:14:03] [GPU] G:\_vtf_scratch\_batch_NORMAL/0005.bmp -> G:\_vtf_scratch\vtf_out_1_1774556041\output/0005.png done
[20:14:03] [GPU] G:\_vtf_scratch\_batch_NORMAL/0006.bmp -> G:\_vtf_scratch\vtf_out_1_1774556041\output/0006.png done
[20:14:03] [GPU] G:\_vtf_scratch\_batch_NORMAL/0007.bmp -> G:\_vtf_scratch\vtf_out_1_1774556041\output/0007.png done
[20:14:03] [GPU] G:\_vtf_scratch\_batch_NORMAL/0008.bmp -> G:\_vtf_scratch\vtf_out_1_1774556041\output/0008.png done
[20:14:03] [GPU] G:\_vtf_scratch\_batch_NORMAL/0010.bmp -> G:\_vtf_scratch\vtf_out_1_1774556041\output/0010.png done
[20:14:03] [GPU] G:\_vtf_scratch\_batch_NORMAL/0009.bmp -> G:\_vtf_scratch\vtf_out_1_1774556041\output/0009.png done
[20:14:03] [GPU] G:\_vtf_scratch\_batch_NORMAL/0012.bmp -> G:\_vtf_scratch\vtf_out_1_1774556041\output/0012.png done
[20:14:03] [GPU] G:\_vtf_scratch\_batch_NORMAL/0011.bmp -> G:\_vtf_scratch\vtf_out_1_1774556041\output/0011.png done
[20:14:03] [GPU] G:\_vtf_scratch\_batch_NORMAL/0014.bmp -> G:\_vtf_scratch\vtf_out_1_1774556041\output/0014.png done
[20:14:03] [GPU] G:\_vtf_scratch\_batch_NORMAL/0013.bmp -> G:\_vtf_scratch\vtf_out_1_1774556041\output/0013.png done
[20:14:03] [GPU] G:\_vtf_scratch\_batch_NORMAL/0016.bmp -> G:\_vtf_scratch\vtf_out_1_1774556041\output/0016.png done
[20:14:03] [GPU] G:\_vtf_scratch\_batch_NORMAL/0015.bmp -> G:\_vtf_scratch\vtf_out_1_1774556041\output/0015.png done
[20:14:03] [GPU] G:\_vtf_scratch\_batch_NORMAL/0017.bmp -> G:\_vtf_scratch\vtf_out_1_1774556041\output/0017.png done
[20:14:03] [GPU] G:\_vtf_scratch\_batch_NORMAL/0018.bmp -> G:\_vtf_scratch\vtf_out_1_1774556041\output/0018.png done
[20:14:03] [GPU] G:\_vtf_scratch\_batch_NORMAL/0020.bmp -> G:\_vtf_scratch\vtf_out_1_1774556041\output/0020.png done
[20:14:03] [GPU] G:\_vtf_scratch\_batch_NORMAL/0019.bmp -> G:\_vtf_scratch\vtf_out_1_1774556041\output/0019.png done
[20:14:03] [GPU] G:\_vtf_scratch\_batch_NORMAL/0021.bmp -> G:\_vtf_scratch\vtf_out_1_1774556041\output/0021.png done
[20:14:03] [GPU] G:\_vtf_scratch\_batch_NORMAL/0022.bmp -> G:\_vtf_scratch\vtf_out_1_1774556041\output/0022.png done
[20:14:03] [GPU] G:\_vtf_scratch\_batch_NORMAL/0023.bmp -> G:\_vtf_scratch\vtf_out_1_1774556041\output/0023.png done
[20:14:03] [GPU] G:\_vtf_scratch\_batch_NORMAL/0025.bmp -> G:\_vtf_scratch\vtf_out_1_1774556041\output/0025.png done
[20:14:03] [GPU] G:\_vtf_scratch\_batch_NORMAL/0024.bmp -> G:\_vtf_scratch\vtf_out_1_1774556041\output/0024.png done
[20:14:03] [GPU] G:\_vtf_scratch\_batch_NORMAL/0026.bmp -> G:\_vtf_scratch\vtf_out_1_1774556041\output/0026.png done
[20:14:03] [GPU] G:\_vtf_scratch\_batch_NORMAL/0027.bmp -> G:\_vtf_scratch\vtf_out_1_1774556041\output/0027.png done
[20:14:03] [GPU] G:\_vtf_scratch\_batch_NORMAL/0028.bmp -> G:\_vtf_scratch\vtf_out_1_1774556041\output/0028.png done
[20:14:03] [GPU] G:\_vtf_scratch\_batch_NORMAL/0029.bmp -> G:\_vtf_scratch\vtf_out_1_1774556041\output/0029.png done
[20:14:04] [GPU] G:\_vtf_scratch\_batch_NORMAL/0030.bmp -> G:\_vtf_scratch\vtf_out_1_1774556041\output/0030.png done
[20:14:04] [GPU] G:\_vtf_scratch\_batch_NORMAL/0031.bmp -> G:\_vtf_scratch\vtf_out_1_1774556041\output/0031.png done
[20:14:04] [GPU] G:\_vtf_scratch\_batch_NORMAL/0032.bmp -> G:\_vtf_scratch\vtf_out_1_1774556041\output/0032.png done
[20:14:04] [GPU] G:\_vtf_scratch\_batch_NORMAL/0033.bmp -> G:\_vtf_scratch\vtf_out_1_1774556041\output/0033.png done
[20:14:04] [GPU] G:\_vtf_scratch\_batch_NORMAL/0034.bmp -> G:\_vtf_scratch\vtf_out_1_1774556041\output/0034.png done
[20:14:04] [GPU] G:\_vtf_scratch\_batch_NORMAL/0035.bmp -> G:\_vtf_scratch\vtf_out_1_1774556041\output/0035.png done
[20:14:04] [GPU] G:\_vtf_scratch\_batch_NORMAL/0037.bmp -> G:\_vtf_scratch\vtf_out_1_1774556041\output/0037.png done
[20:14:04] [GPU] G:\_vtf_scratch\_batch_NORMAL/0036.bmp -> G:\_vtf_scratch\vtf_out_1_1774556041\output/0036.png done
[20:14:04] [GPU] G:\_vtf_scratch\_batch_NORMAL/0038.bmp -> G:\_vtf_scratch\vtf_out_1_1774556041\output/0038.png done
[20:14:04] [GPU] G:\_vtf_scratch\_batch_NORMAL/0039.bmp -> G:\_vtf_scratch\vtf_out_1_1774556041\output/0039.png done
[20:14:04] [GPU] G:\_vtf_scratch\_batch_NORMAL/0040.bmp -> G:\_vtf_scratch\vtf_out_1_1774556041\output/0040.png done
[20:14:04] [GPU] G:\_vtf_scratch\_batch_NORMAL/0041.bmp -> G:\_vtf_scratch\vtf_out_1_1774556041\output/0041.png done
[20:14:04] [GPU] G:\_vtf_scratch\_batch_NORMAL/0042.bmp -> G:\_vtf_scratch\vtf_out_1_1774556041\output/0042.png done
[20:14:05] [GPU] G:\_vtf_scratch\_batch_NORMAL/0043.bmp -> G:\_vtf_scratch\vtf_out_1_1774556041\output/0043.png done
[20:14:05] [GPU] G:\_vtf_scratch\_batch_NORMAL/0044.bmp -> G:\_vtf_scratch\vtf_out_1_1774556041\output/0044.png done
[20:14:05] [GPU] G:\_vtf_scratch\_batch_NORMAL/0045.bmp -> G:\_vtf_scratch\vtf_out_1_1774556041\output/0045.png done
[20:14:05] [GPU] G:\_vtf_scratch\_batch_NORMAL/0046.bmp -> G:\_vtf_scratch\vtf_out_1_1774556041\output/0046.png done
[20:14:05] [GPU] G:\_vtf_scratch\_batch_NORMAL/0047.bmp -> G:\_vtf_scratch\vtf_out_1_1774556041\output/0047.png done
[20:14:05] [GPU] G:\_vtf_scratch\_batch_NORMAL/0048.bmp -> G:\_vtf_scratch\vtf_out_1_1774556041\output/0048.png done
[20:14:05] [GPU] G:\_vtf_scratch\_batch_NORMAL/0049.bmp -> G:\_vtf_scratch\vtf_out_1_1774556041\output/0049.png done
[20:14:06] [GPU] G:\_vtf_scratch\_batch_NORMAL/0050.bmp -> G:\_vtf_scratch\vtf_out_1_1774556041\output/0050.png done
[20:14:06] [GPU] G:\_vtf_scratch\_batch_NORMAL/0051.bmp -> G:\_vtf_scratch\vtf_out_1_1774556041\output/0051.png done
[20:14:06] [GPU] G:\_vtf_scratch\_batch_NORMAL/0052.bmp -> G:\_vtf_scratch\vtf_out_1_1774556041\output/0052.png done
[20:14:06] [GPU] G:\_vtf_scratch\_batch_NORMAL/0053.bmp -> G:\_vtf_scratch\vtf_out_1_1774556041\output/0053.png done
[20:14:06] [GPU] G:\_vtf_scratch\_batch_NORMAL/0054.bmp -> G:\_vtf_scratch\vtf_out_1_1774556041\output/0054.png done
[20:14:06] [GPU] G:\_vtf_scratch\_batch_NORMAL/0055.bmp -> G:\_vtf_scratch\vtf_out_1_1774556041\output/0055.png done
[20:14:11] [GPU] [Split] Pass 2: 10 tall images (tile=512, height>=1024)
[20:14:12] [GPU] [0 NVIDIA GeForce RTX 4080 SUPER]  queueC=2[8]  queueT=1[2]
[20:14:12] [GPU] [0 NVIDIA GeForce RTX 4080 SUPER]  fp16-p/s/u/a=1/1/1/1  int8-p/s/u/a=1/1/1/1  bf16-p/s=1/1
[20:14:12] [GPU] [0 NVIDIA GeForce RTX 4080 SUPER]  subgroup=32(32~32)  ops=1/1/1/1/1/1/1/1/1/1
[20:14:12] [GPU] [0 NVIDIA GeForce RTX 4080 SUPER]  fp16-cm=16x16x16/16x8x16/16x8x8  int8-cm=16x16x32/16x8x32  bf16-cm=16x16x16  fp8-cm=16x16x32
[20:14:12] [GPU] [1 AMD Radeon(TM) Graphics]  queueC=1[4]  queueT=2[1]
[20:14:12] [GPU] [1 AMD Radeon(TM) Graphics]  fp16-p/s/u/a=1/1/1/1  int8-p/s/u/a=1/1/1/1  bf16-p/s=1/0
[20:14:12] [GPU] [1 AMD Radeon(TM) Graphics]  subgroup=64(32~64)  ops=1/1/1/1/1/1/1/1/1/1
[20:14:12] [GPU] [1 AMD Radeon(TM) Graphics]  fp16-cm=16x16x16  int8-cm=16x16x16  bf16-cm=0  fp8-cm=0
[20:14:14] [GPU] G:\_vtf_scratch\_batch_TALL/0056.bmp -> G:\_vtf_scratch\vtf_out_1_1774556041\output/0056.png done
[20:14:14] [GPU] G:\_vtf_scratch\_batch_TALL/0057.bmp -> G:\_vtf_scratch\vtf_out_1_1774556041\output/0057.png done
[20:14:15] [GPU] G:\_vtf_scratch\_batch_TALL/0059.bmp -> G:\_vtf_scratch\vtf_out_1_1774556041\output/0059.png done
[20:14:15] [GPU] G:\_vtf_scratch\_batch_TALL/0058.bmp -> G:\_vtf_scratch\vtf_out_1_1774556041\output/0058.png done
[20:14:17] [GPU] G:\_vtf_scratch\_batch_TALL/0060.bmp -> G:\_vtf_scratch\vtf_out_1_1774556041\output/0060.png done
[20:14:17] [GPU] G:\_vtf_scratch\_batch_TALL/0061.bmp -> G:\_vtf_scratch\vtf_out_1_1774556041\output/0061.png done
[20:14:17] [GPU] G:\_vtf_scratch\_batch_TALL/0062.bmp -> G:\_vtf_scratch\vtf_out_1_1774556041\output/0062.png done
[20:14:18] [GPU] G:\_vtf_scratch\_batch_TALL/0063.bmp -> G:\_vtf_scratch\vtf_out_1_1774556041\output/0063.png done
[20:14:19] [GPU] G:\_vtf_scratch\_batch_TALL/0065.bmp -> G:\_vtf_scratch\vtf_out_1_1774556041\output/0065.png done
[20:14:19] [GPU] G:\_vtf_scratch\_batch_TALL/0064.bmp -> G:\_vtf_scratch\vtf_out_1_1774556041\output/0064.png done
[20:14:19] ⚡ 8x skip: 10 already at target, 56 need pass 2
[20:14:19] 🔄 GPU batch 1 pass 2/2 (8x multi-pass)...
[20:14:19] [GPU] [Split] Pass 1: 12 normal images (tile=1024)
[20:14:19] [GPU] [0 NVIDIA GeForce RTX 4080 SUPER]  queueC=2[8]  queueT=1[2]
[20:14:19] [GPU] [0 NVIDIA GeForce RTX 4080 SUPER]  fp16-p/s/u/a=1/1/1/1  int8-p/s/u/a=1/1/1/1  bf16-p/s=1/1
[20:14:19] [GPU] [0 NVIDIA GeForce RTX 4080 SUPER]  subgroup=32(32~32)  ops=1/1/1/1/1/1/1/1/1/1
[20:14:19] [GPU] [0 NVIDIA GeForce RTX 4080 SUPER]  fp16-cm=16x16x16/16x8x16/16x8x8  int8-cm=16x16x32/16x8x32  bf16-cm=16x16x16  fp8-cm=16x16x32
[20:14:19] [GPU] [1 AMD Radeon(TM) Graphics]  queueC=1[4]  queueT=2[1]
[20:14:19] [GPU] [1 AMD Radeon(TM) Graphics]  fp16-p/s/u/a=1/1/1/1  int8-p/s/u/a=1/1/1/1  bf16-p/s=1/0
[20:14:19] [GPU] [1 AMD Radeon(TM) Graphics]  subgroup=64(32~64)  ops=1/1/1/1/1/1/1/1/1/1
[20:14:19] [GPU] [1 AMD Radeon(TM) Graphics]  fp16-cm=16x16x16  int8-cm=16x16x16  bf16-cm=0  fp8-cm=0
[20:14:20] [GPU] G:\_vtf_scratch\_batch_NORMAL/0000.png -> G:\_vtf_scratch\vtf_batch_1_1774556041\output_pass2/0000.png done
[20:14:20] [GPU] G:\_vtf_scratch\_batch_NORMAL/0001.png -> G:\_vtf_scratch\vtf_batch_1_1774556041\output_pass2/0001.png done
[20:14:20] [GPU] G:\_vtf_scratch\_batch_NORMAL/0002.png -> G:\_vtf_scratch\vtf_batch_1_1774556041\output_pass2/0002.png done
[20:14:20] [GPU] G:\_vtf_scratch\_batch_NORMAL/0003.png -> G:\_vtf_scratch\vtf_batch_1_1774556041\output_pass2/0003.png done
[20:14:20] [GPU] G:\_vtf_scratch\_batch_NORMAL/0004.png -> G:\_vtf_scratch\vtf_batch_1_1774556041\output_pass2/0004.png done
[20:14:20] [GPU] G:\_vtf_scratch\_batch_NORMAL/0005.png -> G:\_vtf_scratch\vtf_batch_1_1774556041\output_pass2/0005.png done
[20:14:20] [GPU] G:\_vtf_scratch\_batch_NORMAL/0006.png -> G:\_vtf_scratch\vtf_batch_1_1774556041\output_pass2/0006.png done
[20:14:20] [GPU] G:\_vtf_scratch\_batch_NORMAL/0008.png -> G:\_vtf_scratch\vtf_batch_1_1774556041\output_pass2/0008.png done
[20:14:20] [GPU] G:\_vtf_scratch\_batch_NORMAL/0007.png -> G:\_vtf_scratch\vtf_batch_1_1774556041\output_pass2/0007.png done
[20:14:20] [GPU] G:\_vtf_scratch\_batch_NORMAL/0009.png -> G:\_vtf_scratch\vtf_batch_1_1774556041\output_pass2/0009.png done
[20:14:20] ⚠ GPU: vkAllocateMemory failed -2
[20:14:21] [GPU] G:\_vtf_scratch\_batch_NORMAL/0010.png -> G:\_vtf_scratch\vtf_batch_1_1774556041\output_pass2/0010.png done
[20:14:21] [GPU] G:\_vtf_scratch\_batch_NORMAL/0011.png -> G:\_vtf_scratch\vtf_batch_1_1774556041\output_pass2/0011.png done
[20:14:26] [GPU] [Split] Pass 2: 44 tall images (tile=512, height>=1024)
[20:14:26] [GPU] [0 NVIDIA GeForce RTX 4080 SUPER]  queueC=2[8]  queueT=1[2]
[20:14:26] [GPU] [0 NVIDIA GeForce RTX 4080 SUPER]  fp16-p/s/u/a=1/1/1/1  int8-p/s/u/a=1/1/1/1  bf16-p/s=1/1
[20:14:26] [GPU] [0 NVIDIA GeForce RTX 4080 SUPER]  subgroup=32(32~32)  ops=1/1/1/1/1/1/1/1/1/1
[20:14:26] [GPU] [0 NVIDIA GeForce RTX 4080 SUPER]  fp16-cm=16x16x16/16x8x16/16x8x8  int8-cm=16x16x32/16x8x32  bf16-cm=16x16x16  fp8-cm=16x16x32
[20:14:26] [GPU] [1 AMD Radeon(TM) Graphics]  queueC=1[4]  queueT=2[1]
[20:14:26] [GPU] [1 AMD Radeon(TM) Graphics]  fp16-p/s/u/a=1/1/1/1  int8-p/s/u/a=1/1/1/1  bf16-p/s=1/0
[20:14:26] [GPU] [1 AMD Radeon(TM) Graphics]  subgroup=64(32~64)  ops=1/1/1/1/1/1/1/1/1/1
[20:14:26] [GPU] [1 AMD Radeon(TM) Graphics]  fp16-cm=16x16x16  int8-cm=16x16x16  bf16-cm=0  fp8-cm=0
[20:14:27] [GPU] G:\_vtf_scratch\_batch_TALL/0012.png -> G:\_vtf_scratch\vtf_batch_1_1774556041\output_pass2/0012.png done
[20:14:28] [GPU] G:\_vtf_scratch\_batch_TALL/0013.png -> G:\_vtf_scratch\vtf_batch_1_1774556041\output_pass2/0013.png done
[20:14:29] [GPU] G:\_vtf_scratch\_batch_TALL/0014.png -> G:\_vtf_scratch\vtf_batch_1_1774556041\output_pass2/0014.png done
[20:14:29] [GPU] G:\_vtf_scratch\_batch_TALL/0015.png -> G:\_vtf_scratch\vtf_batch_1_1774556041\output_pass2/0015.png done
[20:14:30] [GPU] G:\_vtf_scratch\_batch_TALL/0016.png -> G:\_vtf_scratch\vtf_batch_1_1774556041\output_pass2/0016.png done
[20:14:32] [GPU] G:\_vtf_scratch\_batch_TALL/0017.png -> G:\_vtf_scratch\vtf_batch_1_1774556041\output_pass2/0017.png done
[20:14:33] [GPU] G:\_vtf_scratch\_batch_TALL/0018.png -> G:\_vtf_scratch\vtf_batch_1_1774556041\output_pass2/0018.png done
[20:14:34] [GPU] G:\_vtf_scratch\_batch_TALL/0019.png -> G:\_vtf_scratch\vtf_batch_1_1774556041\output_pass2/0019.png done
[20:14:35] [GPU] G:\_vtf_scratch\_batch_TALL/0020.png -> G:\_vtf_scratch\vtf_batch_1_1774556041\output_pass2/0020.png done
[20:14:37] [GPU] G:\_vtf_scratch\_batch_TALL/0021.png -> G:\_vtf_scratch\vtf_batch_1_1774556041\output_pass2/0021.png done
[20:14:37] [GPU] G:\_vtf_scratch\_batch_TALL/0022.png -> G:\_vtf_scratch\vtf_batch_1_1774556041\output_pass2/0022.png done
[20:14:40] [GPU] G:\_vtf_scratch\_batch_TALL/0024.png -> G:\_vtf_scratch\vtf_batch_1_1774556041\output_pass2/0024.png done
[20:14:40] [GPU] G:\_vtf_scratch\_batch_TALL/0023.png -> G:\_vtf_scratch\vtf_batch_1_1774556041\output_pass2/0023.png done
[20:14:40] [GPU] G:\_vtf_scratch\_batch_TALL/0026.png -> G:\_vtf_scratch\vtf_batch_1_1774556041\output_pass2/0026.png done
[20:14:40] [GPU] G:\_vtf_scratch\_batch_TALL/0025.png -> G:\_vtf_scratch\vtf_batch_1_1774556041\output_pass2/0025.png done
[20:14:41] [GPU] G:\_vtf_scratch\_batch_TALL/0027.png -> G:\_vtf_scratch\vtf_batch_1_1774556041\output_pass2/0027.png done
[20:14:41] [GPU] G:\_vtf_scratch\_batch_TALL/0028.png -> G:\_vtf_scratch\vtf_batch_1_1774556041\output_pass2/0028.png done
[20:14:43] [GPU] G:\_vtf_scratch\_batch_TALL/0030.png -> G:\_vtf_scratch\vtf_batch_1_1774556041\output_pass2/0030.png done
[20:14:43] [GPU] G:\_vtf_scratch\_batch_TALL/0029.png -> G:\_vtf_scratch\vtf_batch_1_1774556041\output_pass2/0029.png done
[20:14:44] [GPU] G:\_vtf_scratch\_batch_TALL/0031.png -> G:\_vtf_scratch\vtf_batch_1_1774556041\output_pass2/0031.png done
[20:14:44] [GPU] G:\_vtf_scratch\_batch_TALL/0032.png -> G:\_vtf_scratch\vtf_batch_1_1774556041\output_pass2/0032.png done
[20:14:45] [GPU] G:\_vtf_scratch\_batch_TALL/0033.png -> G:\_vtf_scratch\vtf_batch_1_1774556041\output_pass2/0033.png done
[20:14:45] [GPU] G:\_vtf_scratch\_batch_TALL/0034.png -> G:\_vtf_scratch\vtf_batch_1_1774556041\output_pass2/0034.png done
[20:14:46] [GPU] G:\_vtf_scratch\_batch_TALL/0037.png -> G:\_vtf_scratch\vtf_batch_1_1774556041\output_pass2/0037.png done
[20:14:46] [GPU] G:\_vtf_scratch\_batch_TALL/0035.png -> G:\_vtf_scratch\vtf_batch_1_1774556041\output_pass2/0035.png done
[20:14:47] [GPU] G:\_vtf_scratch\_batch_TALL/0038.png -> G:\_vtf_scratch\vtf_batch_1_1774556041\output_pass2/0038.png done
[20:14:47] [GPU] G:\_vtf_scratch\_batch_TALL/0036.png -> G:\_vtf_scratch\vtf_batch_1_1774556041\output_pass2/0036.png done
[20:14:50] [GPU] G:\_vtf_scratch\_batch_TALL/0039.png -> G:\_vtf_scratch\vtf_batch_1_1774556041\output_pass2/0039.png done
[20:14:52] [GPU] G:\_vtf_scratch\_batch_TALL/0040.png -> G:\_vtf_scratch\vtf_batch_1_1774556041\output_pass2/0040.png done
[20:14:55] [GPU] G:\_vtf_scratch\_batch_TALL/0041.png -> G:\_vtf_scratch\vtf_batch_1_1774556041\output_pass2/0041.png done
[20:14:58] [GPU] G:\_vtf_scratch\_batch_TALL/0042.png -> G:\_vtf_scratch\vtf_batch_1_1774556041\output_pass2/0042.png done
[20:15:00] [GPU] G:\_vtf_scratch\_batch_TALL/0043.png -> G:\_vtf_scratch\vtf_batch_1_1774556041\output_pass2/0043.png done
[20:15:02] [GPU] G:\_vtf_scratch\_batch_TALL/0044.png -> G:\_vtf_scratch\vtf_batch_1_1774556041\output_pass2/0044.png done
[20:15:06] [GPU] G:\_vtf_scratch\_batch_TALL/0045.png -> G:\_vtf_scratch\vtf_batch_1_1774556041\output_pass2/0045.png done
[20:15:07] [GPU] G:\_vtf_scratch\_batch_TALL/0046.png -> G:\_vtf_scratch\vtf_batch_1_1774556041\output_pass2/0046.png done
[20:15:09] [GPU] G:\_vtf_scratch\_batch_TALL/0047.png -> G:\_vtf_scratch\vtf_batch_1_1774556041\output_pass2/0047.png done
[20:15:11] [GPU] G:\_vtf_scratch\_batch_TALL/0048.png -> G:\_vtf_scratch\vtf_batch_1_1774556041\output_pass2/0048.png done
[20:15:13] [GPU] G:\_vtf_scratch\_batch_TALL/0049.png -> G:\_vtf_scratch\vtf_batch_1_1774556041\output_pass2/0049.png done
[20:15:16] [GPU] G:\_vtf_scratch\_batch_TALL/0050.png -> G:\_vtf_scratch\vtf_batch_1_1774556041\output_pass2/0050.png done
[20:15:18] [GPU] G:\_vtf_scratch\_batch_TALL/0051.png -> G:\_vtf_scratch\vtf_batch_1_1774556041\output_pass2/0051.png done
[20:15:21] [GPU] G:\_vtf_scratch\_batch_TALL/0052.png -> G:\_vtf_scratch\vtf_batch_1_1774556041\output_pass2/0052.png done
[20:15:23] [GPU] G:\_vtf_scratch\_batch_TALL/0053.png -> G:\_vtf_scratch\vtf_batch_1_1774556041\output_pass2/0053.png done
[20:15:25] [GPU] G:\_vtf_scratch\_batch_TALL/0054.png -> G:\_vtf_scratch\vtf_batch_1_1774556041\output_pass2/0054.png done
[20:15:27] [GPU] G:\_vtf_scratch\_batch_TALL/0055.png -> G:\_vtf_scratch\vtf_batch_1_1774556041\output_pass2/0055.png done
[20:15:34] ⚠ GPU batch 1: 8 corrupted outputs detected — re-processing with safe settings...
[20:15:36] [GPU] [0 NVIDIA GeForce RTX 4080 SUPER]  queueC=2[8]  queueT=1[2]
[20:15:36] [GPU] [0 NVIDIA GeForce RTX 4080 SUPER]  fp16-p/s/u/a=1/1/1/1  int8-p/s/u/a=1/1/1/1  bf16-p/s=1/1
[20:15:36] [GPU] [0 NVIDIA GeForce RTX 4080 SUPER]  subgroup=32(32~32)  ops=1/1/1/1/1/1/1/1/1/1
[20:15:36] [GPU] [0 NVIDIA GeForce RTX 4080 SUPER]  fp16-cm=16x16x16/16x8x16/16x8x8  int8-cm=16x16x32/16x8x32  bf16-cm=16x16x16  fp8-cm=16x16x32
[20:15:36] [GPU] [1 AMD Radeon(TM) Graphics]  queueC=1[4]  queueT=2[1]
[20:15:36] [GPU] [1 AMD Radeon(TM) Graphics]  fp16-p/s/u/a=1/1/1/1  int8-p/s/u/a=1/1/1/1  bf16-p/s=1/0
[20:15:36] [GPU] [1 AMD Radeon(TM) Graphics]  subgroup=64(32~64)  ops=1/1/1/1/1/1/1/1/1/1
[20:15:36] [GPU] [1 AMD Radeon(TM) Graphics]  fp16-cm=16x16x16  int8-cm=16x16x16  bf16-cm=0  fp8-cm=0
[20:15:37] [GPU] G:\_vtf_scratch\vtf_batch_1_1774556041\safe_input/0000.png -> G:\_vtf_scratch\vtf_batch_1_1774556041\output_pass2/0000.png done
[20:15:37] [GPU] G:\_vtf_scratch\vtf_batch_1_1774556041\safe_input/0008.png -> G:\_vtf_scratch\vtf_batch_1_1774556041\output_pass2/0008.png done
[20:15:37] [GPU] G:\_vtf_scratch\vtf_batch_1_1774556041\safe_input/0007.png -> G:\_vtf_scratch\vtf_batch_1_1774556041\output_pass2/0007.png done
[20:15:38] [GPU] G:\_vtf_scratch\vtf_batch_1_1774556041\safe_input/0010.png -> G:\_vtf_scratch\vtf_batch_1_1774556041\output_pass2/0010.png done
[20:15:38] [GPU] G:\_vtf_scratch\vtf_batch_1_1774556041\safe_input/0011.png -> G:\_vtf_scratch\vtf_batch_1_1774556041\output_pass2/0011.png done
[20:15:39] [GPU] G:\_vtf_scratch\vtf_batch_1_1774556041\safe_input/0015.png -> G:\_vtf_scratch\vtf_batch_1_1774556041\output_pass2/0015.png done
[20:15:42] [GPU] G:\_vtf_scratch\vtf_batch_1_1774556041\safe_input/0050.png -> G:\_vtf_scratch\vtf_batch_1_1774556041\output_pass2/0050.png done
[20:15:43] [GPU] G:\_vtf_scratch\vtf_batch_1_1774556041\safe_input/0051.png -> G:\_vtf_scratch\vtf_batch_1_1774556041\output_pass2/0051.png done
[20:15:44] ⚠ GPU batch 1: 2 files still dark after safe retry
[20:15:44] ✗ glint.vtf: AI output missing or corrupted
[20:15:45] ✓ dark_eyeball_l.vtf: 64x64 → 4096x4096 [AI] (10.7MB)
[20:15:45] ✓ dark_eyeball_r.vtf: 64x64 → 4096x4096 [AI] (10.7MB)
[20:15:45] ✓ eyeball_l.vtf: 64x64 → 4096x4096 [AI] (10.7MB)
[20:15:46] ✓ eyeball_r.vtf: 64x64 → 4096x4096 [AI] (10.7MB)
[20:15:46] ✓ grn_pupil_l.vtf: 64x64 → 4096x4096 [AI] (21.3MB)
[20:15:46] ✓ grn_pupil_r.vtf: 64x64 → 4096x4096 [AI] (21.3MB)
[20:15:46] ⚠ pupil_l.vtf: 64x64 → 4096x4096 [AI] (21.3MB) ⚠️ DARK
[20:15:46] ⚠ pupil_r.vtf: 64x64 → 4096x4096 [AI] (21.3MB) ⚠️ DARK
[20:15:47] ✓ rahmkotaeyelash_c.vtf: 128x128 → 4096x4096 [AI] (21.3MB)
[20:15:48] ⚠ rahmkotaeye_c.vtf: 128x128 → 4096x4096 [AI] (21.3MB) ⚠️ DARK
[20:15:49] ✓ mouth.vtf: 256x128 → 4096x2048 [AI] (5.3MB)
[20:15:50] ✓ rahmkota_hair_c.vtf: 128x256 → 2048x4096 [AI] (10.7MB)
[20:15:50] ✓ boot_tall_heavy_jk_a09c01_u_d_black.vtf: 256x256 → 4096x4096 [AI] (10.7MB)
[20:15:50] ✓ hand_gauntlet_heavy_jk_a09c01_u_d_black.vtf: 256x256 → 4096x4096 [AI] (10.7MB)
[20:15:50] ⚠ bracer_short_heavy_jk_a09c01_u_v01_d_black.vtf: 256x256 → 4096x4096 [AI] (21.3MB) ⚠️ DARK
[20:15:51] ✓ waist_belt_heavy_jk_a09c01_u_d_black.vtf: 256x256 → 4096x4096 [AI] (21.3MB)
[20:15:51] ✓ art_facemap.vtf: 512x256 → 4096x2048 [AI] (5.3MB)
[20:15:52] ✓ erdim_cylmap.vtf: 512x256 → 4096x2048 [AI] (5.3MB)
[20:15:52] ✓ eric_facemap.vtf: 512x256 → 4096x2048 [AI] (5.3MB)
[20:15:53] ✓ joe_facemap.vtf: 512x256 → 4096x2048 [AI] (5.3MB)
[20:15:54] ✓ sandro_facemap.vtf: 512x256 → 4096x2048 [AI] (5.3MB)
[20:15:55] ✓ ted_facemap.vtf: 512x256 → 4096x2048 [AI] (5.3MB)
[20:15:56] ✓ vance_facemap.vtf: 512x256 → 4096x2048 [AI] (5.3MB)
[20:15:57] ✓ van_facemap.vtf: 512x256 → 4096x2048 [AI] (5.3MB)
[20:15:57] ✓ boot_tall_light_ss_a05c03_u_d.vtf: 256x256 → 4096x4096 [AI] (21.3MB)
[20:15:57] ✓ bracer_short_light_ss_a05c03_u_v02_d.vtf: 256x256 → 4096x4096 [AI] (21.3MB)
[20:15:57] ✓ hand_glove_light_ss_a05c03_u_d.vtf: 256x256 → 4096x4096 [AI] (21.3MB)
[20:15:58] ✓ waist_belt_light_ss_a05c03_u_d.vtf: 256x256 → 4096x4096 [AI] (21.3MB)
[20:15:58] ✓ boot_thigh_med_sw_a04c03_u_d.vtf: 256x256 → 4096x4096 [AI] (21.3MB)
[20:15:58] ✓ hand_gauntlet_med_sw_a04c03_u_d.vtf: 256x256 → 4096x4096 [AI] (21.3MB)
[20:15:59] ✓ waist_belt_med_sw_a04c03_u_d.vtf: 256x256 → 4096x4096 [AI] (21.3MB)
[20:16:02] ✓ boot_tall_heavy_jk_a09c01_u_d.vtf: 256x256 → 4096x4096 [AI] (21.3MB)
[20:16:02] ✓ bracer_short_heavy_jk_a09c01_u_v01_d.vtf: 256x256 → 4096x4096 [AI] (21.3MB)
[20:16:02] ✓ hand_gauntlet_heavy_jk_a09c01_u_d.vtf: 256x256 → 4096x4096 [AI] (21.3MB)
[20:16:06] ✓ waist_belt_heavy_jk_a09c01_u_d.vtf: 256x256 → 4096x4096 [AI] (21.3MB)
[20:16:06] ✓ gloves.vtf: 256x256 → 4096x4096 [AI] (21.3MB)
[20:16:06] ✓ gloves_p.vtf: 256x256 → 4096x4096 [AI] (21.3MB)
[20:16:06] ✓ gloves_d.vtf: 256x256 → 4096x4096 [AI] (21.3MB)
[20:16:06] ✓ rahmkota_robe_c.vtf: 256x512 → 2048x4096 [AI] (10.7MB)
[20:16:06] ⚠ leg_armor02_heavy_jk_a09c01_u_v01_d_black.vtf: 512x512 → 4096x4096 [AI] (10.7MB) ⚠️ SUSPECT
[20:16:06] ✓ a_cadbane_coat_c.vtf: 512x512 → 4096x4096 [AI] (21.3MB)
[20:16:07] ✓ a_cadbane_head_c.vtf: 512x512 → 4096x4096 [AI] (21.3MB)
[20:16:07] ✓ rahmkota_a_c.vtf: 512x512 → 4096x4096 [AI] (21.3MB)
[20:16:07] ✓ rahmkota_b_c.vtf: 512x512 → 4096x4096 [AI] (21.3MB)
[20:16:13] ✓ c_rakghoul01.vtf: 512x512 → 4096x4096 [AI] (21.3MB)
[20:16:13] ✓ face_sshelmet04_light_ss_a05c03_u_d.vtf: 512x512 → 4096x4096 [AI] (21.3MB)
[20:16:13] ✓ leg_skirt_light_ss_a05c03_u_v02_d.vtf: 512x512 → 4096x4096 [AI] (21.3MB)
[20:16:13] ✓ face_swmask03_med_sw_a04c03_u_d.vtf: 512x512 → 4096x4096 [AI] (21.3MB)
[20:16:13] ⚠ leg_pant_med_sw_a04c03_u_v01_d.vtf: 512x512 → 4096x4096 [AI] (21.3MB) ⚠️ SUSPECT
[20:16:13] ⚠ n_darthniha.vtf: 512x512 → 4096x4096 [AI] (21.3MB) ⚠️ DARK
[20:16:13] ⚠ n_darthnihh.vtf: 512x512 → 4096x4096 [AI] (21.3MB) ⚠️ DARK
[20:16:13] ✓ leg_armor02_heavy_jk_a09c01_u_v01_d.vtf: 512x512 → 4096x4096 [AI] (21.3MB)
[20:16:13] ✓ p_discipleb_d.vtf: 512x512 → 4096x4096 [AI] (21.3MB)
[20:16:13] ✓ p_discipleb_p.vtf: 512x512 → 4096x4096 [AI] (21.3MB)
[20:16:16] ✓ kotageneralhead_c.vtf: 512x512 → 4096x4096 [AI] (21.3MB)
[20:16:16] ✓ chest_robe02_heavy_jk_a09c01_u_d_black.vtf: 1024x1024 → 4096x4096 [AI] (10.7MB)
[20:16:18] ✓ gungan_jarjar.vtf: 1024x1024 → 4096x4096 [AI] (10.7MB)
[20:16:19] ✓ gungan_jarjar2.vtf: 1024x1024 → 4096x4096 [AI] (10.7MB)
[20:16:20] ✓ gungan_jarjar3.vtf: 1024x1024 → 4096x4096 [AI] (10.7MB)
[20:16:21] ✓ gungan_jarjar4.vtf: 1024x1024 → 4096x4096 [AI] (10.7MB)
[20:16:23] ✓ a_cadbane_body_c.vtf: 1024x1024 → 4096x4096 [AI] (21.3MB)
[20:16:23] ✓ rahmkotaeyeball_c.vtf: 1024x1024 → 4096x4096 [AI] (21.3MB)
[20:16:23] ✓ chest_tight_light_ss_a05c03_u_d.vtf: 1024x1024 → 4096x4096 [AI] (21.3MB)
[20:16:23] ✓ chest_trenchtight_med_sw_a04c03_u_d.vtf: 1024x1024 → 4096x4096 [AI] (21.3MB)
[20:16:23] ✓ chest_robe02_heavy_jk_a09c01_u_d.vtf: 1024x1024 → 4096x4096 [AI] (21.3MB)
[20:16:23] ✅ Done in 2.4min (27.6/min) | ✓65 ⊖43 ✗1
[20:16:23] ──────────────────────────────────────────────────
[20:16:23] 📊 BATCH STATS
[20:16:23]   ⏱ Total Time:      2.4 min (141s)
[20:16:23]   📁 Files:           65 upscaled, 43 skipped, 1 failed
[20:16:23]   📥 Input Size:      16.3 MB
[20:16:23]   📤 Output Size:     1093.3 MB (67.2x)
[20:16:23]   ⚡ Avg Per File:    2.2s
[20:16:23]   🚀 Processing Rate: 27.6/min
[20:16:23] ──────────────────────────────────────────────────
[20:16:23] ⚠️ CORRUPTION REPORT: 8 file(s) flagged for review:
[20:16:23]   → pupil_l.vtf
[20:16:23]   → pupil_r.vtf
[20:16:23]   → rahmkotaeye_c.vtf
[20:16:23]   → bracer_short_heavy_jk_a09c01_u_v01_d_black.vtf
[20:16:23]   → leg_armor02_heavy_jk_a09c01_u_v01_d_black.vtf
[20:16:23]   → leg_pant_med_sw_a04c03_u_v01_d.vtf
[20:16:23]   → n_darthniha.vtf
[20:16:23]   → n_darthnihh.vtf

=== Completed: 65 success, 43 skipped, 1 failed in 2.4min ===
