=== VTF Upscaler 7.0.0 Log — 2026-02-12 00:04:03 ===

[00:04:03] ⚡ Using cached scan for 13 files (instant)...
[00:04:03] ⊖ Skipped 2 files: 2x already 4096x4096
[00:04:03] 🔍 Scan done: 11 to upscale (2.5 MB), 2 skipped | batch size: 50
[00:04:03] 📦 Batch 1/1 (11 files)...
[00:04:13] ⚠ GPU batch 1: 10 corrupted outputs detected — re-processing with safe settings...
[00:04:24] ✓ GPU batch 1: 10 files re-processed with safe settings
[00:04:25] ✓ enlistedshoulder.vtf: 256x128 → 4096x2048 [AI] (5.3MB)
[00:04:26] ✓ enlistedshoulder5.vtf: 256x128 → 4096x2048 [AI] (5.3MB)
[00:04:30] ✓ evo_face5.vtf: 512x512 → 4096x4096 [AI] (10.7MB)
[00:04:30] ⚠ legs.vtf: 512x512 → 4096x4096 [AI] (10.7MB) ⚠️ FLAT
[00:04:32] ✓ evo_face.vtf: 512x512 → 4096x4096 [AI] (10.7MB)
[00:04:32] ✓ evo_face1.vtf: 512x512 → 4096x4096 [AI] (10.7MB)
[00:04:32] ✓ evo_face2.vtf: 512x512 → 4096x4096 [AI] (10.7MB)
[00:04:32] ✓ evo_face3.vtf: 512x512 → 4096x4096 [AI] (10.7MB)
[00:04:32] ✓ evo_face4.vtf: 512x512 → 4096x4096 [AI] (10.7MB)
[00:04:39] ✓ enlisted.vtf: 1024x1024 → 4096x4096 [AI] (10.7MB)
[00:04:39] ✓ enlisted1.vtf: 1024x1024 → 4096x4096 [AI] (10.7MB)
[00:04:40] ✅ Done in 0.6min (0.3/sec) | ✓11 ⊖2 ✗0
[00:04:40] ⚠️ CORRUPTION REPORT: 1 file(s) flagged for review:

=== Completed: 11 success, 2 skipped, 0 failed in 0.6min ===
