=== VTF Upscaler 7.0.0 Log — 2026-02-17 21:34:01 ===

[21:34:01] ⚡ Using cached scan for 10 files (instant)...
[21:34:01] 🔍 Scan done: 10 to upscale (1.8 MB), 0 skipped | batch size: 200
[21:34:01] 📦 Batch 1/1 (10 files)...
[21:34:01] [GPU] [Split] Pass 1: 8 normal images (tile=1024)
[21:34:01] [GPU] [0 NVIDIA GeForce RTX 4080 SUPER]  queueC=2[8]  queueT=1[2]
[21:34:01] [GPU] [0 NVIDIA GeForce RTX 4080 SUPER]  fp16-p/s/u/a=1/1/1/1  int8-p/s/u/a=1/1/1/1  bf16-p/s=1/1
[21:34:01] [GPU] [0 NVIDIA GeForce RTX 4080 SUPER]  subgroup=32(32~32)  ops=1/1/1/1/1/1/1/1/1/1
[21:34:01] [GPU] [0 NVIDIA GeForce RTX 4080 SUPER]  fp16-cm=16x16x16/16x8x16/16x8x8  int8-cm=16x16x32/16x8x32  bf16-cm=16x16x16  fp8-cm=16x16x32
[21:34:01] [GPU] [1 AMD Radeon(TM) Graphics]  queueC=1[2]  queueT=2[1]
[21:34:01] [GPU] [1 AMD Radeon(TM) Graphics]  fp16-p/s/u/a=1/1/1/1  int8-p/s/u/a=1/1/1/1  bf16-p/s=1/0
[21:34:01] [GPU] [1 AMD Radeon(TM) Graphics]  subgroup=64(32~64)  ops=1/1/1/1/1/1/1/1/0/0
[21:34:01] [GPU] [1 AMD Radeon(TM) Graphics]  fp16-cm=0  int8-cm=0  bf16-cm=0  fp8-cm=0
[21:34:02] [GPU] G:\_vtf_scratch\_batch_NORMAL/0000.bmp -> G:\_vtf_scratch\vtf_batch_1_1771364041\output/0000.png done
[21:34:02] [GPU] G:\_vtf_scratch\_batch_NORMAL/0001.bmp -> G:\_vtf_scratch\vtf_batch_1_1771364041\output/0001.png done
[21:34:02] [GPU] G:\_vtf_scratch\_batch_NORMAL/0002.bmp -> G:\_vtf_scratch\vtf_batch_1_1771364041\output/0002.png done
[21:34:02] [GPU] G:\_vtf_scratch\_batch_NORMAL/0003.bmp -> G:\_vtf_scratch\vtf_batch_1_1771364041\output/0003.png done
[21:34:02] [GPU] G:\_vtf_scratch\_batch_NORMAL/0005.bmp -> G:\_vtf_scratch\vtf_batch_1_1771364041\output/0005.png done
[21:34:02] [GPU] G:\_vtf_scratch\_batch_NORMAL/0004.bmp -> G:\_vtf_scratch\vtf_batch_1_1771364041\output/0004.png done
[21:34:03] ⚠ GPU: vkAllocateMemory failed -2
[21:34:04] [GPU] G:\_vtf_scratch\_batch_NORMAL/0007.bmp -> G:\_vtf_scratch\vtf_batch_1_1771364041\output/0007.png done
[21:34:04] [GPU] G:\_vtf_scratch\_batch_NORMAL/0006.bmp -> G:\_vtf_scratch\vtf_batch_1_1771364041\output/0006.png done
[21:34:04] [GPU] [Split] Pass 2: 2 tall images (tile=512, height>=1024)
[21:34:04] [GPU] [0 NVIDIA GeForce RTX 4080 SUPER]  queueC=2[8]  queueT=1[2]
[21:34:04] [GPU] [0 NVIDIA GeForce RTX 4080 SUPER]  fp16-p/s/u/a=1/1/1/1  int8-p/s/u/a=1/1/1/1  bf16-p/s=1/1
[21:34:04] [GPU] [0 NVIDIA GeForce RTX 4080 SUPER]  subgroup=32(32~32)  ops=1/1/1/1/1/1/1/1/1/1
[21:34:04] [GPU] [0 NVIDIA GeForce RTX 4080 SUPER]  fp16-cm=16x16x16/16x8x16/16x8x8  int8-cm=16x16x32/16x8x32  bf16-cm=16x16x16  fp8-cm=16x16x32
[21:34:04] [GPU] [1 AMD Radeon(TM) Graphics]  queueC=1[2]  queueT=2[1]
[21:34:04] [GPU] [1 AMD Radeon(TM) Graphics]  fp16-p/s/u/a=1/1/1/1  int8-p/s/u/a=1/1/1/1  bf16-p/s=1/0
[21:34:04] [GPU] [1 AMD Radeon(TM) Graphics]  subgroup=64(32~64)  ops=1/1/1/1/1/1/1/1/0/0
[21:34:04] [GPU] [1 AMD Radeon(TM) Graphics]  fp16-cm=0  int8-cm=0  bf16-cm=0  fp8-cm=0
[21:34:06] [GPU] G:\_vtf_scratch\_batch_TALL/0008.bmp -> G:\_vtf_scratch\vtf_batch_1_1771364041\output/0008.png done
[21:34:06] [GPU] G:\_vtf_scratch\_batch_TALL/0009.bmp -> G:\_vtf_scratch\vtf_batch_1_1771364041\output/0009.png done
[21:34:06] ⚠ GPU batch 1: 3 corrupted outputs detected — re-processing with safe settings...
[21:34:08] [GPU] [0 NVIDIA GeForce RTX 4080 SUPER]  queueC=2[8]  queueT=1[2]
[21:34:08] [GPU] [0 NVIDIA GeForce RTX 4080 SUPER]  fp16-p/s/u/a=1/1/1/1  int8-p/s/u/a=1/1/1/1  bf16-p/s=1/1
[21:34:08] [GPU] [0 NVIDIA GeForce RTX 4080 SUPER]  subgroup=32(32~32)  ops=1/1/1/1/1/1/1/1/1/1
[21:34:08] [GPU] [0 NVIDIA GeForce RTX 4080 SUPER]  fp16-cm=16x16x16/16x8x16/16x8x8  int8-cm=16x16x32/16x8x32  bf16-cm=16x16x16  fp8-cm=16x16x32
[21:34:08] [GPU] [1 AMD Radeon(TM) Graphics]  queueC=1[2]  queueT=2[1]
[21:34:08] [GPU] [1 AMD Radeon(TM) Graphics]  fp16-p/s/u/a=1/1/1/1  int8-p/s/u/a=1/1/1/1  bf16-p/s=1/0
[21:34:08] [GPU] [1 AMD Radeon(TM) Graphics]  subgroup=64(32~64)  ops=1/1/1/1/1/1/1/1/0/0
[21:34:08] [GPU] [1 AMD Radeon(TM) Graphics]  fp16-cm=0  int8-cm=0  bf16-cm=0  fp8-cm=0
[21:34:09] [GPU] G:\_vtf_scratch\vtf_batch_1_1771364041\safe_input/0005.bmp -> G:\_vtf_scratch\vtf_batch_1_1771364041\output/0005.png done
[21:34:10] [GPU] G:\_vtf_scratch\vtf_batch_1_1771364041\safe_input/0007.bmp -> G:\_vtf_scratch\vtf_batch_1_1771364041\output/0007.png done
[21:34:10] [GPU] G:\_vtf_scratch\vtf_batch_1_1771364041\safe_input/0009.bmp -> G:\_vtf_scratch\vtf_batch_1_1771364041\output/0009.png done
[21:34:10] ✓ GPU batch 1: 3 files re-processed with safe settings
[21:34:11] ✓ hair.vtf: 256x128 → 4096x2048 [AI] (5.3MB)
[21:34:11] ✓ commanderwolffedc15_d.vtf: 256x256 → 4096x4096 [AI] (10.7MB)
[21:34:14] ✓ phase2gloves.vtf: 256x256 → 4096x4096 [AI] (10.7MB)
[21:34:15] ✓ phase2boots.vtf: 256x256 → 4096x4096 [AI] (21.3MB)
[21:34:15] ✓ phase2helmet.vtf: 512x256 → 4096x2048 [AI] (10.7MB)
[21:34:15] ⚠ pauldron.vtf: 256x512 → 2048x4096 [AI] (10.7MB) ⚠️ FLAT
[21:34:15] ✓ clonehead.vtf: 1024x512 → 4096x2048 [AI] (5.3MB)
[21:34:16] ✓ st_trooper_head.vtf: 512x512 → 4096x4096 [AI] (21.3MB)
[21:34:16] ✓ fabric.vtf: 512x1024 → 2048x4096 [AI] (5.3MB)
[21:34:16] ⚠ phase2armorsep.vtf: 512x1024 → 2048x4096 [AI] (10.7MB) ⚠️ FLAT
[21:34:16] ✅ Done in 0.2min (0.7/sec) | ✓10 ⊖0 ✗0
[21:34:16] ⚠️ CORRUPTION REPORT: 2 file(s) flagged for review:
[21:34:16]   → pauldron.vtf
[21:34:16]   → phase2armorsep.vtf

=== Completed: 10 success, 0 skipped, 0 failed in 0.2min ===
