=== VTF Upscaler 7.0.0 Log — 2026-03-26 17:56:55 ===

[17:56:55] ⚡ Using cached scan for 6 files (instant)...
[17:56:55] 🔍 Scan done: 6 to upscale (2.3 MB), 0 skipped | batch size: 192
[17:56:55] 📦 Batch 1/1 (6 files)...
[17:56:55] [GPU] [Split] Pass 1: 5 normal images (tile=1024)
[17:56:55] [GPU] [0 NVIDIA GeForce RTX 4080 SUPER]  queueC=2[8]  queueT=1[2]
[17:56:55] [GPU] [0 NVIDIA GeForce RTX 4080 SUPER]  fp16-p/s/u/a=1/1/1/1  int8-p/s/u/a=1/1/1/1  bf16-p/s=1/1
[17:56:55] [GPU] [0 NVIDIA GeForce RTX 4080 SUPER]  subgroup=32(32~32)  ops=1/1/1/1/1/1/1/1/1/1
[17:56:55] [GPU] [0 NVIDIA GeForce RTX 4080 SUPER]  fp16-cm=16x16x16/16x8x16/16x8x8  int8-cm=16x16x32/16x8x32  bf16-cm=16x16x16  fp8-cm=16x16x32
[17:56:55] [GPU] [1 AMD Radeon(TM) Graphics]  queueC=1[4]  queueT=2[1]
[17:56:55] [GPU] [1 AMD Radeon(TM) Graphics]  fp16-p/s/u/a=1/1/1/1  int8-p/s/u/a=1/1/1/1  bf16-p/s=1/0
[17:56:55] [GPU] [1 AMD Radeon(TM) Graphics]  subgroup=64(32~64)  ops=1/1/1/1/1/1/1/1/1/1
[17:56:55] [GPU] [1 AMD Radeon(TM) Graphics]  fp16-cm=16x16x16  int8-cm=16x16x16  bf16-cm=0  fp8-cm=0
[17:56:56] [GPU] G:\_vtf_scratch\_batch_NORMAL/0000.bmp -> G:\_vtf_scratch\vtf_out_1_1774547815\output/0000.png done
[17:56:56] [GPU] G:\_vtf_scratch\_batch_NORMAL/0001.bmp -> G:\_vtf_scratch\vtf_out_1_1774547815\output/0001.png done
[17:56:58] [GPU] G:\_vtf_scratch\_batch_NORMAL/0002.bmp -> G:\_vtf_scratch\vtf_out_1_1774547815\output/0002.png done
[17:56:58] [GPU] G:\_vtf_scratch\_batch_NORMAL/0003.bmp -> G:\_vtf_scratch\vtf_out_1_1774547815\output/0003.png done
[17:56:59] [GPU] G:\_vtf_scratch\_batch_NORMAL/0004.bmp -> G:\_vtf_scratch\vtf_out_1_1774547815\output/0004.png done
[17:57:04] [GPU] [Split] Pass 2: 1 tall images (tile=512, height>=1024)
[17:57:04] [GPU] [0 NVIDIA GeForce RTX 4080 SUPER]  queueC=2[8]  queueT=1[2]
[17:57:04] [GPU] [0 NVIDIA GeForce RTX 4080 SUPER]  fp16-p/s/u/a=1/1/1/1  int8-p/s/u/a=1/1/1/1  bf16-p/s=1/1
[17:57:04] [GPU] [0 NVIDIA GeForce RTX 4080 SUPER]  subgroup=32(32~32)  ops=1/1/1/1/1/1/1/1/1/1
[17:57:04] [GPU] [0 NVIDIA GeForce RTX 4080 SUPER]  fp16-cm=16x16x16/16x8x16/16x8x8  int8-cm=16x16x32/16x8x32  bf16-cm=16x16x16  fp8-cm=16x16x32
[17:57:04] [GPU] [1 AMD Radeon(TM) Graphics]  queueC=1[4]  queueT=2[1]
[17:57:04] [GPU] [1 AMD Radeon(TM) Graphics]  fp16-p/s/u/a=1/1/1/1  int8-p/s/u/a=1/1/1/1  bf16-p/s=1/0
[17:57:04] [GPU] [1 AMD Radeon(TM) Graphics]  subgroup=64(32~64)  ops=1/1/1/1/1/1/1/1/1/1
[17:57:04] [GPU] [1 AMD Radeon(TM) Graphics]  fp16-cm=16x16x16  int8-cm=16x16x16  bf16-cm=0  fp8-cm=0
[17:57:10] [GPU] G:\_vtf_scratch\_batch_TALL/0005.bmp -> G:\_vtf_scratch\vtf_out_1_1774547815\output/0005.png done
[17:57:10] ⚡ 8x skip: 1 already at target, 5 need pass 2
[17:57:10] 🔄 GPU batch 1 pass 2/2 (8x multi-pass)...
[17:57:10] [GPU] [Split] Pass 2: 5 tall images (tile=512, height>=1024)
[17:57:10] [GPU] [0 NVIDIA GeForce RTX 4080 SUPER]  queueC=2[8]  queueT=1[2]
[17:57:10] [GPU] [0 NVIDIA GeForce RTX 4080 SUPER]  fp16-p/s/u/a=1/1/1/1  int8-p/s/u/a=1/1/1/1  bf16-p/s=1/1
[17:57:10] [GPU] [0 NVIDIA GeForce RTX 4080 SUPER]  subgroup=32(32~32)  ops=1/1/1/1/1/1/1/1/1/1
[17:57:10] [GPU] [0 NVIDIA GeForce RTX 4080 SUPER]  fp16-cm=16x16x16/16x8x16/16x8x8  int8-cm=16x16x32/16x8x32  bf16-cm=16x16x16  fp8-cm=16x16x32
[17:57:10] [GPU] [1 AMD Radeon(TM) Graphics]  queueC=1[4]  queueT=2[1]
[17:57:10] [GPU] [1 AMD Radeon(TM) Graphics]  fp16-p/s/u/a=1/1/1/1  int8-p/s/u/a=1/1/1/1  bf16-p/s=1/0
[17:57:10] [GPU] [1 AMD Radeon(TM) Graphics]  subgroup=64(32~64)  ops=1/1/1/1/1/1/1/1/1/1
[17:57:10] [GPU] [1 AMD Radeon(TM) Graphics]  fp16-cm=16x16x16  int8-cm=16x16x16  bf16-cm=0  fp8-cm=0
[17:57:20] [GPU] G:\_vtf_scratch\vtf_batch_1_1774547815\input_pass2/0001.png -> G:\_vtf_scratch\vtf_batch_1_1774547815\output_pass2/0001.png done
[17:57:20] [GPU] G:\_vtf_scratch\vtf_batch_1_1774547815\input_pass2/0000.png -> G:\_vtf_scratch\vtf_batch_1_1774547815\output_pass2/0000.png done
[17:57:30] [GPU] G:\_vtf_scratch\vtf_batch_1_1774547815\input_pass2/0002.png -> G:\_vtf_scratch\vtf_batch_1_1774547815\output_pass2/0002.png done
[17:57:58] [GPU] G:\_vtf_scratch\vtf_batch_1_1774547815\input_pass2/0004.png -> G:\_vtf_scratch\vtf_batch_1_1774547815\output_pass2/0004.png done
[17:58:03] [GPU] G:\_vtf_scratch\vtf_batch_1_1774547815\input_pass2/0003.png -> G:\_vtf_scratch\vtf_batch_1_1774547815\output_pass2/0003.png done
[17:58:05] ✓ boot_tall_heavy_ge_zki01c01_u_d.vtf: 256x256 → 4096x4096 [AI] (21.3MB)
[17:58:06] ✓ hand_glove_heavy_ge_zki01c01_u_d.vtf: 256x256 → 4096x4096 [AI] (21.3MB)
[17:58:06] ✓ waist_belt_heavy_ge_zki01c01_u_d.vtf: 256x256 → 4096x4096 [AI] (21.3MB)
[17:58:08] ✓ face_gehelmet69_heavy_ge_zki01c01_u_d.vtf: 512x512 → 4096x4096 [AI] (21.3MB)
[17:58:08] ✓ leg_pant_heavy_ge_zki01c01_u_d.vtf: 512x512 → 4096x4096 [AI] (21.3MB)
[17:58:08] ✓ chest_tight_heavy_ge_zki01c01_u_d.vtf: 1024x1024 → 4096x4096 [AI] (21.3MB)

=== Completed: 6 success, 0 skipped, 0 failed in 1.2min ===
