=== VTF Upscaler 7.0.0 Log — 2026-02-17 21:38:48 ===

[21:38:48] ⚡ Using cached scan for 60 files (instant)...
[21:38:48] ⊖ Skipped 27 files: 14x already 4096x4096, 4x mask texture, 2x 2048x4096, 1x 4096x2048
[21:38:48] 🔍 Scan done: 33 to upscale (5.4 MB), 27 skipped | batch size: 200
[21:38:48] 📦 Batch 1/1 (33 files)...
[21:38:48] [GPU] [Split] Pass 1: 29 normal images (tile=1024)
[21:38:48] [GPU] [0 NVIDIA GeForce RTX 4080 SUPER]  queueC=2[8]  queueT=1[2]
[21:38:48] [GPU] [0 NVIDIA GeForce RTX 4080 SUPER]  fp16-p/s/u/a=1/1/1/1  int8-p/s/u/a=1/1/1/1  bf16-p/s=1/1
[21:38:48] [GPU] [0 NVIDIA GeForce RTX 4080 SUPER]  subgroup=32(32~32)  ops=1/1/1/1/1/1/1/1/1/1
[21:38:48] [GPU] [0 NVIDIA GeForce RTX 4080 SUPER]  fp16-cm=16x16x16/16x8x16/16x8x8  int8-cm=16x16x32/16x8x32  bf16-cm=16x16x16  fp8-cm=16x16x32
[21:38:48] [GPU] [1 AMD Radeon(TM) Graphics]  queueC=1[2]  queueT=2[1]
[21:38:48] [GPU] [1 AMD Radeon(TM) Graphics]  fp16-p/s/u/a=1/1/1/1  int8-p/s/u/a=1/1/1/1  bf16-p/s=1/0
[21:38:48] [GPU] [1 AMD Radeon(TM) Graphics]  subgroup=64(32~64)  ops=1/1/1/1/1/1/1/1/0/0
[21:38:48] [GPU] [1 AMD Radeon(TM) Graphics]  fp16-cm=0  int8-cm=0  bf16-cm=0  fp8-cm=0
[21:38:49] [GPU] G:\_vtf_scratch\_batch_NORMAL/0001.bmp -> G:\_vtf_scratch\vtf_batch_1_1771364328\output/0001.png done
[21:38:49] [GPU] G:\_vtf_scratch\_batch_NORMAL/0000.bmp -> G:\_vtf_scratch\vtf_batch_1_1771364328\output/0000.png done
[21:38:49] [GPU] G:\_vtf_scratch\_batch_NORMAL/0003.bmp -> G:\_vtf_scratch\vtf_batch_1_1771364328\output/0003.png done
[21:38:49] [GPU] G:\_vtf_scratch\_batch_NORMAL/0002.bmp -> G:\_vtf_scratch\vtf_batch_1_1771364328\output/0002.png done
[21:38:49] [GPU] G:\_vtf_scratch\_batch_NORMAL/0004.bmp -> G:\_vtf_scratch\vtf_batch_1_1771364328\output/0004.png done
[21:38:49] [GPU] G:\_vtf_scratch\_batch_NORMAL/0005.bmp -> G:\_vtf_scratch\vtf_batch_1_1771364328\output/0005.png done
[21:38:49] [GPU] G:\_vtf_scratch\_batch_NORMAL/0006.bmp -> G:\_vtf_scratch\vtf_batch_1_1771364328\output/0006.png done
[21:38:49] [GPU] G:\_vtf_scratch\_batch_NORMAL/0007.bmp -> G:\_vtf_scratch\vtf_batch_1_1771364328\output/0007.png done
[21:38:49] [GPU] G:\_vtf_scratch\_batch_NORMAL/0008.bmp -> G:\_vtf_scratch\vtf_batch_1_1771364328\output/0008.png done
[21:38:49] [GPU] G:\_vtf_scratch\_batch_NORMAL/0009.bmp -> G:\_vtf_scratch\vtf_batch_1_1771364328\output/0009.png done
[21:38:49] [GPU] G:\_vtf_scratch\_batch_NORMAL/0010.bmp -> G:\_vtf_scratch\vtf_batch_1_1771364328\output/0010.png done
[21:38:49] [GPU] G:\_vtf_scratch\_batch_NORMAL/0011.bmp -> G:\_vtf_scratch\vtf_batch_1_1771364328\output/0011.png done
[21:38:49] [GPU] G:\_vtf_scratch\_batch_NORMAL/0012.bmp -> G:\_vtf_scratch\vtf_batch_1_1771364328\output/0012.png done
[21:38:49] [GPU] G:\_vtf_scratch\_batch_NORMAL/0013.bmp -> G:\_vtf_scratch\vtf_batch_1_1771364328\output/0013.png done
[21:38:49] [GPU] G:\_vtf_scratch\_batch_NORMAL/0014.bmp -> G:\_vtf_scratch\vtf_batch_1_1771364328\output/0014.png done
[21:38:49] [GPU] G:\_vtf_scratch\_batch_NORMAL/0015.bmp -> G:\_vtf_scratch\vtf_batch_1_1771364328\output/0015.png done
[21:38:50] [GPU] G:\_vtf_scratch\_batch_NORMAL/0017.bmp -> G:\_vtf_scratch\vtf_batch_1_1771364328\output/0017.png done
[21:38:50] [GPU] G:\_vtf_scratch\_batch_NORMAL/0016.bmp -> G:\_vtf_scratch\vtf_batch_1_1771364328\output/0016.png done
[21:38:50] [GPU] G:\_vtf_scratch\_batch_NORMAL/0019.bmp -> G:\_vtf_scratch\vtf_batch_1_1771364328\output/0019.png done
[21:38:50] [GPU] G:\_vtf_scratch\_batch_NORMAL/0018.bmp -> G:\_vtf_scratch\vtf_batch_1_1771364328\output/0018.png done
[21:38:50] [GPU] G:\_vtf_scratch\_batch_NORMAL/0021.bmp -> G:\_vtf_scratch\vtf_batch_1_1771364328\output/0021.png done
[21:38:50] [GPU] G:\_vtf_scratch\_batch_NORMAL/0020.bmp -> G:\_vtf_scratch\vtf_batch_1_1771364328\output/0020.png done
[21:38:50] [GPU] G:\_vtf_scratch\_batch_NORMAL/0023.bmp -> G:\_vtf_scratch\vtf_batch_1_1771364328\output/0023.png done
[21:38:51] [GPU] G:\_vtf_scratch\_batch_NORMAL/0022.bmp -> G:\_vtf_scratch\vtf_batch_1_1771364328\output/0022.png done
[21:38:51] [GPU] G:\_vtf_scratch\_batch_NORMAL/0025.bmp -> G:\_vtf_scratch\vtf_batch_1_1771364328\output/0025.png done
[21:38:51] [GPU] G:\_vtf_scratch\_batch_NORMAL/0024.bmp -> G:\_vtf_scratch\vtf_batch_1_1771364328\output/0024.png done
[21:38:51] [GPU] G:\_vtf_scratch\_batch_NORMAL/0027.bmp -> G:\_vtf_scratch\vtf_batch_1_1771364328\output/0027.png done
[21:38:51] [GPU] G:\_vtf_scratch\_batch_NORMAL/0026.bmp -> G:\_vtf_scratch\vtf_batch_1_1771364328\output/0026.png done
[21:38:51] [GPU] G:\_vtf_scratch\_batch_NORMAL/0028.bmp -> G:\_vtf_scratch\vtf_batch_1_1771364328\output/0028.png done
[21:38:52] [GPU] [Split] Pass 2: 4 tall images (tile=512, height>=1024)
[21:38:52] [GPU] [0 NVIDIA GeForce RTX 4080 SUPER]  queueC=2[8]  queueT=1[2]
[21:38:52] [GPU] [0 NVIDIA GeForce RTX 4080 SUPER]  fp16-p/s/u/a=1/1/1/1  int8-p/s/u/a=1/1/1/1  bf16-p/s=1/1
[21:38:52] [GPU] [0 NVIDIA GeForce RTX 4080 SUPER]  subgroup=32(32~32)  ops=1/1/1/1/1/1/1/1/1/1
[21:38:52] [GPU] [0 NVIDIA GeForce RTX 4080 SUPER]  fp16-cm=16x16x16/16x8x16/16x8x8  int8-cm=16x16x32/16x8x32  bf16-cm=16x16x16  fp8-cm=16x16x32
[21:38:52] [GPU] [1 AMD Radeon(TM) Graphics]  queueC=1[2]  queueT=2[1]
[21:38:52] [GPU] [1 AMD Radeon(TM) Graphics]  fp16-p/s/u/a=1/1/1/1  int8-p/s/u/a=1/1/1/1  bf16-p/s=1/0
[21:38:52] [GPU] [1 AMD Radeon(TM) Graphics]  subgroup=64(32~64)  ops=1/1/1/1/1/1/1/1/0/0
[21:38:52] [GPU] [1 AMD Radeon(TM) Graphics]  fp16-cm=0  int8-cm=0  bf16-cm=0  fp8-cm=0
[21:38:53] ⚠ GPU: vkAllocateMemory failed -2
[21:38:55] [GPU] G:\_vtf_scratch\_batch_TALL/0030.bmp -> G:\_vtf_scratch\vtf_batch_1_1771364328\output/0030.png done
[21:38:55] [GPU] G:\_vtf_scratch\_batch_TALL/0031.bmp -> G:\_vtf_scratch\vtf_batch_1_1771364328\output/0031.png done
[21:38:55] [GPU] G:\_vtf_scratch\_batch_TALL/0032.bmp -> G:\_vtf_scratch\vtf_batch_1_1771364328\output/0032.png done
[21:38:56] [GPU] G:\_vtf_scratch\_batch_TALL/0029.bmp -> G:\_vtf_scratch\vtf_batch_1_1771364328\output/0029.png done
[21:38:57] ⚠ GPU batch 1: 2 corrupted outputs detected — re-processing with safe settings...
[21:38:59] [GPU] [0 NVIDIA GeForce RTX 4080 SUPER]  queueC=2[8]  queueT=1[2]
[21:38:59] [GPU] [0 NVIDIA GeForce RTX 4080 SUPER]  fp16-p/s/u/a=1/1/1/1  int8-p/s/u/a=1/1/1/1  bf16-p/s=1/1
[21:38:59] [GPU] [0 NVIDIA GeForce RTX 4080 SUPER]  subgroup=32(32~32)  ops=1/1/1/1/1/1/1/1/1/1
[21:38:59] [GPU] [0 NVIDIA GeForce RTX 4080 SUPER]  fp16-cm=16x16x16/16x8x16/16x8x8  int8-cm=16x16x32/16x8x32  bf16-cm=16x16x16  fp8-cm=16x16x32
[21:38:59] [GPU] [1 AMD Radeon(TM) Graphics]  queueC=1[2]  queueT=2[1]
[21:38:59] [GPU] [1 AMD Radeon(TM) Graphics]  fp16-p/s/u/a=1/1/1/1  int8-p/s/u/a=1/1/1/1  bf16-p/s=1/0
[21:38:59] [GPU] [1 AMD Radeon(TM) Graphics]  subgroup=64(32~64)  ops=1/1/1/1/1/1/1/1/0/0
[21:38:59] [GPU] [1 AMD Radeon(TM) Graphics]  fp16-cm=0  int8-cm=0  bf16-cm=0  fp8-cm=0
[21:39:01] [GPU] G:\_vtf_scratch\vtf_batch_1_1771364328\safe_input/0032.bmp -> G:\_vtf_scratch\vtf_batch_1_1771364328\output/0032.png done
[21:39:01] [GPU] G:\_vtf_scratch\vtf_batch_1_1771364328\safe_input/0031.bmp -> G:\_vtf_scratch\vtf_batch_1_1771364328\output/0031.png done
[21:39:02] ✓ GPU batch 1: 2 files re-processed with safe settings
[21:39:07] ✓ droid_pack.vtf: 256x256 → 4096x4096 [AI] (10.7MB)
[21:39:07] ✓ droid_pack3.vtf: 256x256 → 4096x4096 [AI] (10.7MB)
[21:39:09] ✓ phase2bootalt.vtf: 256x256 → 4096x4096 [AI] (10.7MB)
[21:39:09] ✓ phase2bootaltg.vtf: 256x256 → 4096x4096 [AI] (10.7MB)
[21:39:09] ✓ phase2boots.vtf: 256x256 → 4096x4096 [AI] (10.7MB)
[21:39:09] ✓ phase2bootsg.vtf: 256x256 → 4096x4096 [AI] (10.7MB)
[21:39:09] ✓ phase2gloves.vtf: 256x256 → 4096x4096 [AI] (10.7MB)
[21:39:09] ✓ phase2glovesg.vtf: 256x256 → 4096x4096 [AI] (10.7MB)
[21:39:14] ✓ phase2bootalt.vtf: 256x256 → 4096x4096 [AI] (10.7MB)
[21:39:14] ✓ phase2bootaltg.vtf: 256x256 → 4096x4096 [AI] (10.7MB)
[21:39:15] ✓ phase2boots.vtf: 256x256 → 4096x4096 [AI] (10.7MB)
[21:39:15] ✓ phase2bootsg.vtf: 256x256 → 4096x4096 [AI] (10.7MB)
[21:39:16] ✓ phase2gloves.vtf: 256x256 → 4096x4096 [AI] (10.7MB)
[21:39:16] ✓ phase2glovesg.vtf: 256x256 → 4096x4096 [AI] (10.7MB)
[21:39:16] ✓ phase2helmet.vtf: 512x256 → 4096x2048 [AI] (5.3MB)
[21:39:16] ✓ phase2helmetg.vtf: 512x256 → 4096x2048 [AI] (5.3MB)
[21:39:19] ✓ phase2helmet.vtf: 512x256 → 4096x2048 [AI] (5.3MB)
[21:39:20] ✓ phase2helmetg.vtf: 512x256 → 4096x2048 [AI] (5.3MB)
[21:39:26] ✓ droid_b2.vtf: 512x512 → 4096x4096 [AI] (10.7MB)
[21:39:26] ✓ droid_b3.vtf: 512x512 → 4096x4096 [AI] (10.7MB)
[21:39:26] ✓ droid_b4.vtf: 512x512 → 4096x4096 [AI] (10.7MB)
[21:39:26] ✓ droid.vtf: 512x512 → 4096x4096 [AI] (10.7MB)
[21:39:26] ✓ droid2.vtf: 512x512 → 4096x4096 [AI] (10.7MB)
[21:39:26] ✓ droid3.vtf: 512x512 → 4096x4096 [AI] (10.7MB)
[21:39:26] ✓ droid4.vtf: 512x512 → 4096x4096 [AI] (10.7MB)
[21:39:29] ✓ fungal.vtf: 512x512 → 4096x4096 [AI] (10.7MB)
[21:39:29] ✓ fungalg.vtf: 512x512 → 4096x4096 [AI] (10.7MB)
[21:39:30] ✓ fungal.vtf: 512x512 → 4096x4096 [AI] (10.7MB)
[21:39:30] ✓ fungalg.vtf: 512x512 → 4096x4096 [AI] (10.7MB)
[21:39:36] ✓ phase2armorsep.vtf: 1024x1024 → 4096x4096 [AI] (10.7MB)
[21:39:37] ✓ phase2armorsepg.vtf: 1024x1024 → 4096x4096 [AI] (10.7MB)
[21:39:37] ✓ phase2armorsep.vtf: 1024x1024 → 4096x4096 [AI] (10.7MB)
[21:39:37] ✓ phase2armorsepg.vtf: 1024x1024 → 4096x4096 [AI] (10.7MB)

=== Completed: 33 success, 27 skipped, 0 failed in 0.8min ===
