=== VTF Upscaler 7.0.0 Log — 2026-03-30 17:33:52 ===

[17:33:52] ⚡ Using cached scan for 10 files (instant)...
[17:33:52] ⊖ Skipped 2 files: 2x normal map
[17:33:52] 🔍 Scan done: 8 to upscale (0.7 MB), 2 skipped | batch size: 200
[17:33:52] 📦 Batch 1/1 (8 files)...
[17:33:53] [GPU] G:\_vtf_scratch\vtf_batch_1_1774888432\input/0001.bmp -> G:\_vtf_scratch\vtf_out_1_1774888432\output/0001.png done
[17:33:53] [GPU] G:\_vtf_scratch\vtf_batch_1_1774888432\input/0000.bmp -> G:\_vtf_scratch\vtf_out_1_1774888432\output/0000.png done
[17:33:53] [GPU] G:\_vtf_scratch\vtf_batch_1_1774888432\input/0002.bmp -> G:\_vtf_scratch\vtf_out_1_1774888432\output/0002.png done
[17:33:53] [GPU] G:\_vtf_scratch\vtf_batch_1_1774888432\input/0004.bmp -> G:\_vtf_scratch\vtf_out_1_1774888432\output/0004.png done
[17:33:53] [GPU] G:\_vtf_scratch\vtf_batch_1_1774888432\input/0003.bmp -> G:\_vtf_scratch\vtf_out_1_1774888432\output/0003.png done
[17:33:54] [GPU] G:\_vtf_scratch\vtf_batch_1_1774888432\input/0006.bmp -> G:\_vtf_scratch\vtf_out_1_1774888432\output/0006.png done
[17:33:55] [GPU] G:\_vtf_scratch\vtf_batch_1_1774888432\input/0005.bmp -> G:\_vtf_scratch\vtf_out_1_1774888432\output/0005.png done
[17:33:55] [GPU] G:\_vtf_scratch\vtf_batch_1_1774888432\input/0007.bmp -> G:\_vtf_scratch\vtf_out_1_1774888432\output/0007.png done
[17:33:55] 🔄 GPU batch 1 pass 2/2 (8x multi-pass)...
[17:33:55] [GPU] [Split] Pass 1: 3 normal images (tile=1024)
[17:33:58] [GPU] G:\_vtf_scratch\_batch_NORMAL/0000.png -> G:\_vtf_scratch\vtf_batch_1_1774888432\output_pass2/0000.png done
[17:33:58] [GPU] G:\_vtf_scratch\_batch_NORMAL/0001.png -> G:\_vtf_scratch\vtf_batch_1_1774888432\output_pass2/0001.png done
[17:33:59] [GPU] G:\_vtf_scratch\_batch_NORMAL/0002.png -> G:\_vtf_scratch\vtf_batch_1_1774888432\output_pass2/0002.png done
[17:34:04] [GPU] [Split] Pass 2: 5 tall images (tile=512, height>=1024)
[17:34:11] [GPU] G:\_vtf_scratch\_batch_TALL/0004.png -> G:\_vtf_scratch\vtf_batch_1_1774888432\output_pass2/0004.png done
[17:34:16] [GPU] G:\_vtf_scratch\_batch_TALL/0003.png -> G:\_vtf_scratch\vtf_batch_1_1774888432\output_pass2/0003.png done
[17:34:28] [GPU] G:\_vtf_scratch\_batch_TALL/0005.png -> G:\_vtf_scratch\vtf_batch_1_1774888432\output_pass2/0005.png done
[17:34:33] [GPU] G:\_vtf_scratch\_batch_TALL/0006.png -> G:\_vtf_scratch\vtf_batch_1_1774888432\output_pass2/0006.png done
[17:34:38] [GPU] G:\_vtf_scratch\_batch_TALL/0007.png -> G:\_vtf_scratch\vtf_batch_1_1774888432\output_pass2/0007.png done
[17:34:48] ✓ metalvent005a.vtf: 128x128 → 4096x4096 [AI] (10.7MB)
[17:34:48] ✓ metalwall010d.vtf: 128x128 → 4096x4096 [AI] (10.7MB)
[17:34:48] ✓ metalarch004b.vtf: 512x64 → 4096x512 [AI] (2.7MB)
[17:34:48] ✓ metaldoor024b.vtf: 256x512 → 2048x4096 [AI] (5.3MB)
[17:34:48] ✓ metalgrate013b.vtf: 256x256 → 4096x4096 [AI] (21.3MB)
[17:35:03] ✓ metaldoor004a.vtf: 512x512 → 4096x4096 [AI] (10.7MB)
[17:35:11] ✓ metaldoor059a.vtf: 512x512 → 4096x4096 [AI] (10.7MB)
[17:35:11] ✓ metalhull013a.vtf: 512x512 → 4096x4096 [AI] (10.7MB)
[17:35:11] ✅ Done in 1.3min (6.1/min) | ✓8 ⊖2 ✗0
[17:35:11] ──────────────────────────────────────────────────
[17:35:11] 📊 BATCH STATS
[17:35:11]   ⏱ Total Time:      1.3 min (79s)
[17:35:11]   📁 Files:           8 upscaled, 2 skipped, 0 failed
[17:35:11]   📥 Input Size:      0.7 MB
[17:35:11]   📤 Output Size:     82.7 MB (113.1x)
[17:35:11]   ⚡ Avg Per File:    9.9s
[17:35:11]   🚀 Processing Rate: 6.1/min
[17:35:11] ──────────────────────────────────────────────────

=== Completed: 8 success, 2 skipped, 0 failed in 1.3min ===
