=== VTF Upscaler 7.0.0 Log — 2026-02-17 23:02:28 ===

[23:02:28] ⚡ Using cached scan for 7 files (instant)...
[23:02:28] ⊖ Skipped 1 files: 1x bump map
[23:02:28] 🔍 Scan done: 6 to upscale (3.6 MB), 1 skipped | batch size: 200
[23:02:28] 📦 Batch 1/1 (6 files)...
[23:02:28] [GPU] [Split] Pass 1: 5 normal images (tile=1024)
[23:02:28] [GPU] [0 NVIDIA GeForce RTX 4080 SUPER]  queueC=2[8]  queueT=1[2]
[23:02:28] [GPU] [0 NVIDIA GeForce RTX 4080 SUPER]  fp16-p/s/u/a=1/1/1/1  int8-p/s/u/a=1/1/1/1  bf16-p/s=1/1
[23:02:28] [GPU] [0 NVIDIA GeForce RTX 4080 SUPER]  subgroup=32(32~32)  ops=1/1/1/1/1/1/1/1/1/1
[23:02:28] [GPU] [0 NVIDIA GeForce RTX 4080 SUPER]  fp16-cm=16x16x16/16x8x16/16x8x8  int8-cm=16x16x32/16x8x32  bf16-cm=16x16x16  fp8-cm=16x16x32
[23:02:28] [GPU] [1 AMD Radeon(TM) Graphics]  queueC=1[2]  queueT=2[1]
[23:02:28] [GPU] [1 AMD Radeon(TM) Graphics]  fp16-p/s/u/a=1/1/1/1  int8-p/s/u/a=1/1/1/1  bf16-p/s=1/0
[23:02:28] [GPU] [1 AMD Radeon(TM) Graphics]  subgroup=64(32~64)  ops=1/1/1/1/1/1/1/1/0/0
[23:02:28] [GPU] [1 AMD Radeon(TM) Graphics]  fp16-cm=0  int8-cm=0  bf16-cm=0  fp8-cm=0
[23:02:29] [GPU] R:\_batch_NORMAL/0000.bmp -> R:\vtf_batch_1_1771369348\output/0000.png done
[23:02:29] [GPU] R:\_batch_NORMAL/0001.bmp -> R:\vtf_batch_1_1771369348\output/0001.png done
[23:02:29] [GPU] R:\_batch_NORMAL/0002.bmp -> R:\vtf_batch_1_1771369348\output/0002.png done
[23:02:30] [GPU] R:\_batch_NORMAL/0003.bmp -> R:\vtf_batch_1_1771369348\output/0003.png done
[23:02:30] [GPU] R:\_batch_NORMAL/0004.bmp -> R:\vtf_batch_1_1771369348\output/0004.png done
[23:02:35] [GPU] [Split] Pass 2: 1 tall images (tile=512, height>=1024)
[23:02:35] [GPU] [0 NVIDIA GeForce RTX 4080 SUPER]  queueC=2[8]  queueT=1[2]
[23:02:35] [GPU] [0 NVIDIA GeForce RTX 4080 SUPER]  fp16-p/s/u/a=1/1/1/1  int8-p/s/u/a=1/1/1/1  bf16-p/s=1/1
[23:02:35] [GPU] [0 NVIDIA GeForce RTX 4080 SUPER]  subgroup=32(32~32)  ops=1/1/1/1/1/1/1/1/1/1
[23:02:35] [GPU] [0 NVIDIA GeForce RTX 4080 SUPER]  fp16-cm=16x16x16/16x8x16/16x8x8  int8-cm=16x16x32/16x8x32  bf16-cm=16x16x16  fp8-cm=16x16x32
[23:02:35] [GPU] [1 AMD Radeon(TM) Graphics]  queueC=1[2]  queueT=2[1]
[23:02:35] [GPU] [1 AMD Radeon(TM) Graphics]  fp16-p/s/u/a=1/1/1/1  int8-p/s/u/a=1/1/1/1  bf16-p/s=1/0
[23:02:35] [GPU] [1 AMD Radeon(TM) Graphics]  subgroup=64(32~64)  ops=1/1/1/1/1/1/1/1/0/0
[23:02:35] [GPU] [1 AMD Radeon(TM) Graphics]  fp16-cm=0  int8-cm=0  bf16-cm=0  fp8-cm=0
[23:02:39] [GPU] R:\_batch_TALL/0005.bmp -> R:\vtf_batch_1_1771369348\output/0005.png done
[23:02:40] ✓ jedibutton.vtf: 128x256 → 2048x4096 [AI] (42.7MB)
[23:02:40] ✓ grid.vtf: 256x256 → 4096x4096 [AI] (85.3MB)
[23:02:40] ✓ gridbase_a.vtf: 512x512 → 4096x4096 [AI] (85.3MB)
[23:02:40] ✓ force_field.vtf: 512x512 → 4096x4096 [AI] (85.3MB)
[23:02:40] ✓ force_fieldb.vtf: 512x512 → 4096x4096 [AI] (85.3MB)
[23:02:41] ✓ jedicouncil.vtf: 2048x2048 → 4096x4096 [AI] (85.3MB)

=== Completed: 6 success, 1 skipped, 0 failed in 0.2min ===
