=== VTF Upscaler 7.0.0 Log — 2026-03-30 17:11:06 ===

[17:11:06] ⚡ Using cached scan for 3 files (instant)...
[17:11:06] 🔍 Scan done: 3 to upscale (0.7 MB), 0 skipped | batch size: 200
[17:11:06] 📦 Batch 1/1 (3 files)...
[17:11:09] [GPU] G:\_vtf_scratch\vtf_batch_1_1774887066\input/0000.bmp -> G:\_vtf_scratch\vtf_out_1_1774887066\output/0000.png done
[17:11:09] [GPU] G:\_vtf_scratch\vtf_batch_1_1774887066\input/0001.bmp -> G:\_vtf_scratch\vtf_out_1_1774887066\output/0001.png done
[17:11:10] [GPU] G:\_vtf_scratch\vtf_batch_1_1774887066\input/0002.bmp -> G:\_vtf_scratch\vtf_out_1_1774887066\output/0002.png done
[17:11:10] 🔄 GPU batch 1 pass 2/2 (8x multi-pass)...
[17:11:10] [GPU] [Split] Pass 2: 3 tall images (tile=512, height>=1024)
[17:11:30] [GPU] G:\_vtf_scratch\vtf_batch_1_1774887066\input_pass2/0000.png -> G:\_vtf_scratch\vtf_batch_1_1774887066\output_pass2/0000.png done
[17:11:31] [GPU] G:\_vtf_scratch\vtf_batch_1_1774887066\input_pass2/0001.png -> G:\_vtf_scratch\vtf_batch_1_1774887066\output_pass2/0001.png done
[17:11:37] [GPU] G:\_vtf_scratch\vtf_batch_1_1774887066\input_pass2/0002.png -> G:\_vtf_scratch\vtf_batch_1_1774887066\output_pass2/0002.png done
[17:12:13] ✓ train_dirt_floor_01.vtf: 512x512 → 4096x4096 [AI] (10.7MB)
[17:12:16] ✓ train_gravel_floor_01.vtf: 512x512 → 4096x4096 [AI] (10.7MB)
[17:12:16] ✓ train_oldwindows_01.vtf: 512x512 → 4096x4096 [AI] (21.3MB)
[17:12:16] ✅ Done in 1.2min (2.6/min) | ✓3 ⊖0 ✗0
[17:12:16] ──────────────────────────────────────────────────
[17:12:16] 📊 BATCH STATS
[17:12:16]   ⏱ Total Time:      1.2 min (70s)
[17:12:16]   📁 Files:           3 upscaled, 0 skipped, 0 failed
[17:12:16]   📥 Input Size:      0.7 MB
[17:12:16]   📤 Output Size:     42.7 MB (63.9x)
[17:12:16]   ⚡ Avg Per File:    23.2s
[17:12:16]   🚀 Processing Rate: 2.6/min
[17:12:16] ──────────────────────────────────────────────────

=== Completed: 3 success, 0 skipped, 0 failed in 1.2min ===
