=== VTF Upscaler 7.0.0 Log — 2026-03-26 17:58:48 ===

[17:58:48] ⚡ Using cached scan for 84 files (instant)...
[17:58:48] 🔍 Scan done: 84 to upscale (27.3 MB), 0 skipped | batch size: 200
[17:58:48] 📦 Batch 1/1 (84 files)...
[17:58:48] [GPU] [Split] Pass 1: 67 normal images (tile=1024)
[17:58:48] [GPU] [0 NVIDIA GeForce RTX 4080 SUPER]  queueC=2[8]  queueT=1[2]
[17:58:48] [GPU] [0 NVIDIA GeForce RTX 4080 SUPER]  fp16-p/s/u/a=1/1/1/1  int8-p/s/u/a=1/1/1/1  bf16-p/s=1/1
[17:58:48] [GPU] [0 NVIDIA GeForce RTX 4080 SUPER]  subgroup=32(32~32)  ops=1/1/1/1/1/1/1/1/1/1
[17:58:48] [GPU] [0 NVIDIA GeForce RTX 4080 SUPER]  fp16-cm=16x16x16/16x8x16/16x8x8  int8-cm=16x16x32/16x8x32  bf16-cm=16x16x16  fp8-cm=16x16x32
[17:58:48] [GPU] [1 AMD Radeon(TM) Graphics]  queueC=1[4]  queueT=2[1]
[17:58:48] [GPU] [1 AMD Radeon(TM) Graphics]  fp16-p/s/u/a=1/1/1/1  int8-p/s/u/a=1/1/1/1  bf16-p/s=1/0
[17:58:48] [GPU] [1 AMD Radeon(TM) Graphics]  subgroup=64(32~64)  ops=1/1/1/1/1/1/1/1/1/1
[17:58:48] [GPU] [1 AMD Radeon(TM) Graphics]  fp16-cm=16x16x16  int8-cm=16x16x16  bf16-cm=0  fp8-cm=0
[17:58:49] [GPU] G:\_vtf_scratch\_batch_NORMAL/0000.bmp -> G:\_vtf_scratch\vtf_out_1_1774547928\output/0000.png done
[17:58:49] [GPU] G:\_vtf_scratch\_batch_NORMAL/0001.bmp -> G:\_vtf_scratch\vtf_out_1_1774547928\output/0001.png done
[17:58:49] [GPU] G:\_vtf_scratch\_batch_NORMAL/0003.bmp -> G:\_vtf_scratch\vtf_out_1_1774547928\output/0003.png done
[17:58:49] [GPU] G:\_vtf_scratch\_batch_NORMAL/0002.bmp -> G:\_vtf_scratch\vtf_out_1_1774547928\output/0002.png done
[17:58:49] [GPU] G:\_vtf_scratch\_batch_NORMAL/0005.bmp -> G:\_vtf_scratch\vtf_out_1_1774547928\output/0005.png done
[17:58:49] [GPU] G:\_vtf_scratch\_batch_NORMAL/0004.bmp -> G:\_vtf_scratch\vtf_out_1_1774547928\output/0004.png done
[17:58:49] [GPU] G:\_vtf_scratch\_batch_NORMAL/0006.bmp -> G:\_vtf_scratch\vtf_out_1_1774547928\output/0006.png done
[17:58:49] [GPU] G:\_vtf_scratch\_batch_NORMAL/0007.bmp -> G:\_vtf_scratch\vtf_out_1_1774547928\output/0007.png done
[17:58:49] [GPU] G:\_vtf_scratch\_batch_NORMAL/0008.bmp -> G:\_vtf_scratch\vtf_out_1_1774547928\output/0008.png done
[17:58:49] [GPU] G:\_vtf_scratch\_batch_NORMAL/0009.bmp -> G:\_vtf_scratch\vtf_out_1_1774547928\output/0009.png done
[17:58:50] [GPU] G:\_vtf_scratch\_batch_NORMAL/0010.bmp -> G:\_vtf_scratch\vtf_out_1_1774547928\output/0010.png done
[17:58:50] [GPU] G:\_vtf_scratch\_batch_NORMAL/0011.bmp -> G:\_vtf_scratch\vtf_out_1_1774547928\output/0011.png done
[17:58:50] [GPU] G:\_vtf_scratch\_batch_NORMAL/0012.bmp -> G:\_vtf_scratch\vtf_out_1_1774547928\output/0012.png done
[17:58:50] [GPU] G:\_vtf_scratch\_batch_NORMAL/0013.bmp -> G:\_vtf_scratch\vtf_out_1_1774547928\output/0013.png done
[17:58:50] [GPU] G:\_vtf_scratch\_batch_NORMAL/0014.bmp -> G:\_vtf_scratch\vtf_out_1_1774547928\output/0014.png done
[17:58:50] [GPU] G:\_vtf_scratch\_batch_NORMAL/0015.bmp -> G:\_vtf_scratch\vtf_out_1_1774547928\output/0015.png done
[17:58:50] [GPU] G:\_vtf_scratch\_batch_NORMAL/0016.bmp -> G:\_vtf_scratch\vtf_out_1_1774547928\output/0016.png done
[17:58:50] [GPU] G:\_vtf_scratch\_batch_NORMAL/0017.bmp -> G:\_vtf_scratch\vtf_out_1_1774547928\output/0017.png done
[17:58:51] [GPU] G:\_vtf_scratch\_batch_NORMAL/0019.bmp -> G:\_vtf_scratch\vtf_out_1_1774547928\output/0019.png done
[17:58:51] [GPU] G:\_vtf_scratch\_batch_NORMAL/0018.bmp -> G:\_vtf_scratch\vtf_out_1_1774547928\output/0018.png done
[17:58:51] [GPU] G:\_vtf_scratch\_batch_NORMAL/0020.bmp -> G:\_vtf_scratch\vtf_out_1_1774547928\output/0020.png done
[17:58:51] [GPU] G:\_vtf_scratch\_batch_NORMAL/0021.bmp -> G:\_vtf_scratch\vtf_out_1_1774547928\output/0021.png done
[17:58:58] ⚠ GPU: vkAllocateMemory failed -2
[17:58:59] [GPU] G:\_vtf_scratch\_batch_NORMAL/0022.bmp -> G:\_vtf_scratch\vtf_out_1_1774547928\output/0022.png done
[17:58:59] [GPU] G:\_vtf_scratch\_batch_NORMAL/0023.bmp -> G:\_vtf_scratch\vtf_out_1_1774547928\output/0023.png done
[17:59:05] [GPU] G:\_vtf_scratch\_batch_NORMAL/0024.bmp -> G:\_vtf_scratch\vtf_out_1_1774547928\output/0024.png done
[17:59:05] [GPU] G:\_vtf_scratch\_batch_NORMAL/0025.bmp -> G:\_vtf_scratch\vtf_out_1_1774547928\output/0025.png done
[17:59:12] [GPU] G:\_vtf_scratch\_batch_NORMAL/0027.bmp -> G:\_vtf_scratch\vtf_out_1_1774547928\output/0027.png done
[17:59:12] [GPU] G:\_vtf_scratch\_batch_NORMAL/0026.bmp -> G:\_vtf_scratch\vtf_out_1_1774547928\output/0026.png done
[17:59:22] [GPU] G:\_vtf_scratch\_batch_NORMAL/0029.bmp -> G:\_vtf_scratch\vtf_out_1_1774547928\output/0029.png done
[17:59:22] [GPU] G:\_vtf_scratch\_batch_NORMAL/0028.bmp -> G:\_vtf_scratch\vtf_out_1_1774547928\output/0028.png done
[17:59:29] [GPU] G:\_vtf_scratch\_batch_NORMAL/0030.bmp -> G:\_vtf_scratch\vtf_out_1_1774547928\output/0030.png done
[17:59:29] [GPU] G:\_vtf_scratch\_batch_NORMAL/0031.bmp -> G:\_vtf_scratch\vtf_out_1_1774547928\output/0031.png done
