=== VTF Upscaler 7.0.0 Log — 2026-03-26 18:29:56 ===

[18:29:56] ⚡ Using cached scan for 12 files (instant)...
[18:29:56] 🔍 Scan done: 12 to upscale (0.8 MB), 0 skipped | batch size: 200
[18:29:56] 📦 Batch 1/1 (12 files)...
[18:29:56] [GPU] [0 NVIDIA GeForce RTX 4080 SUPER]  queueC=2[8]  queueT=1[2]
[18:29:56] [GPU] [0 NVIDIA GeForce RTX 4080 SUPER]  fp16-p/s/u/a=1/1/1/1  int8-p/s/u/a=1/1/1/1  bf16-p/s=1/1
[18:29:56] [GPU] [0 NVIDIA GeForce RTX 4080 SUPER]  subgroup=32(32~32)  ops=1/1/1/1/1/1/1/1/1/1
[18:29:56] [GPU] [0 NVIDIA GeForce RTX 4080 SUPER]  fp16-cm=16x16x16/16x8x16/16x8x8  int8-cm=16x16x32/16x8x32  bf16-cm=16x16x16  fp8-cm=16x16x32
[18:29:56] [GPU] [1 AMD Radeon(TM) Graphics]  queueC=1[4]  queueT=2[1]
[18:29:56] [GPU] [1 AMD Radeon(TM) Graphics]  fp16-p/s/u/a=1/1/1/1  int8-p/s/u/a=1/1/1/1  bf16-p/s=1/0
[18:29:56] [GPU] [1 AMD Radeon(TM) Graphics]  subgroup=64(32~64)  ops=1/1/1/1/1/1/1/1/1/1
[18:29:56] [GPU] [1 AMD Radeon(TM) Graphics]  fp16-cm=16x16x16  int8-cm=16x16x16  bf16-cm=0  fp8-cm=0
[18:29:57] [GPU] G:\_vtf_scratch\vtf_batch_1_1774549796\input/0001.bmp -> G:\_vtf_scratch\vtf_out_1_1774549796\output/0001.png done
[18:29:57] [GPU] G:\_vtf_scratch\vtf_batch_1_1774549796\input/0000.bmp -> G:\_vtf_scratch\vtf_out_1_1774549796\output/0000.png done
[18:29:58] [GPU] G:\_vtf_scratch\vtf_batch_1_1774549796\input/0003.bmp -> G:\_vtf_scratch\vtf_out_1_1774549796\output/0003.png done
[18:29:58] [GPU] G:\_vtf_scratch\vtf_batch_1_1774549796\input/0002.bmp -> G:\_vtf_scratch\vtf_out_1_1774549796\output/0002.png done
[18:29:59] [GPU] G:\_vtf_scratch\vtf_batch_1_1774549796\input/0005.bmp -> G:\_vtf_scratch\vtf_out_1_1774549796\output/0005.png done
[18:29:59] [GPU] G:\_vtf_scratch\vtf_batch_1_1774549796\input/0004.bmp -> G:\_vtf_scratch\vtf_out_1_1774549796\output/0004.png done
[18:30:01] [GPU] G:\_vtf_scratch\vtf_batch_1_1774549796\input/0006.bmp -> G:\_vtf_scratch\vtf_out_1_1774549796\output/0006.png done
[18:30:01] [GPU] G:\_vtf_scratch\vtf_batch_1_1774549796\input/0008.bmp -> G:\_vtf_scratch\vtf_out_1_1774549796\output/0008.png done
[18:30:04] [GPU] G:\_vtf_scratch\vtf_batch_1_1774549796\input/0007.bmp -> G:\_vtf_scratch\vtf_out_1_1774549796\output/0007.png done
[18:30:04] [GPU] G:\_vtf_scratch\vtf_batch_1_1774549796\input/0009.bmp -> G:\_vtf_scratch\vtf_out_1_1774549796\output/0009.png done
[18:30:12] [GPU] G:\_vtf_scratch\vtf_batch_1_1774549796\input/0011.bmp -> G:\_vtf_scratch\vtf_out_1_1774549796\output/0011.png done
[18:30:12] [GPU] G:\_vtf_scratch\vtf_batch_1_1774549796\input/0010.bmp -> G:\_vtf_scratch\vtf_out_1_1774549796\output/0010.png done
[18:30:12] 🔄 GPU batch 1 pass 2/2 (8x multi-pass)...
[18:30:12] [GPU] [Split] Pass 1: 4 normal images (tile=1024)
[18:30:12] [GPU] [0 NVIDIA GeForce RTX 4080 SUPER]  queueC=2[8]  queueT=1[2]
[18:30:12] [GPU] [0 NVIDIA GeForce RTX 4080 SUPER]  fp16-p/s/u/a=1/1/1/1  int8-p/s/u/a=1/1/1/1  bf16-p/s=1/1
[18:30:12] [GPU] [0 NVIDIA GeForce RTX 4080 SUPER]  subgroup=32(32~32)  ops=1/1/1/1/1/1/1/1/1/1
[18:30:12] [GPU] [0 NVIDIA GeForce RTX 4080 SUPER]  fp16-cm=16x16x16/16x8x16/16x8x8  int8-cm=16x16x32/16x8x32  bf16-cm=16x16x16  fp8-cm=16x16x32
[18:30:12] [GPU] [1 AMD Radeon(TM) Graphics]  queueC=1[4]  queueT=2[1]
[18:30:12] [GPU] [1 AMD Radeon(TM) Graphics]  fp16-p/s/u/a=1/1/1/1  int8-p/s/u/a=1/1/1/1  bf16-p/s=1/0
[18:30:12] [GPU] [1 AMD Radeon(TM) Graphics]  subgroup=64(32~64)  ops=1/1/1/1/1/1/1/1/1/1
[18:30:12] [GPU] [1 AMD Radeon(TM) Graphics]  fp16-cm=16x16x16  int8-cm=16x16x16  bf16-cm=0  fp8-cm=0
[18:30:21] ⚠ GPU: vkAllocateMemory failed -2
[18:30:28] [GPU] G:\_vtf_scratch\_batch_NORMAL/0001.png -> G:\_vtf_scratch\vtf_batch_1_1774549796\output_pass2/0001.png done
[18:30:28] [GPU] G:\_vtf_scratch\_batch_NORMAL/0000.png -> G:\_vtf_scratch\vtf_batch_1_1774549796\output_pass2/0000.png done
[18:30:41] [GPU] G:\_vtf_scratch\_batch_NORMAL/0002.png -> G:\_vtf_scratch\vtf_batch_1_1774549796\output_pass2/0002.png done
[18:30:41] [GPU] G:\_vtf_scratch\_batch_NORMAL/0003.png -> G:\_vtf_scratch\vtf_batch_1_1774549796\output_pass2/0003.png done
[18:30:46] [GPU] [Split] Pass 2: 8 tall images (tile=512, height>=1024)
[18:30:46] [GPU] [0 NVIDIA GeForce RTX 4080 SUPER]  queueC=2[8]  queueT=1[2]
[18:30:46] [GPU] [0 NVIDIA GeForce RTX 4080 SUPER]  fp16-p/s/u/a=1/1/1/1  int8-p/s/u/a=1/1/1/1  bf16-p/s=1/1
[18:30:46] [GPU] [0 NVIDIA GeForce RTX 4080 SUPER]  subgroup=32(32~32)  ops=1/1/1/1/1/1/1/1/1/1
[18:30:46] [GPU] [0 NVIDIA GeForce RTX 4080 SUPER]  fp16-cm=16x16x16/16x8x16/16x8x8  int8-cm=16x16x32/16x8x32  bf16-cm=16x16x16  fp8-cm=16x16x32
[18:30:46] [GPU] [1 AMD Radeon(TM) Graphics]  queueC=1[4]  queueT=2[1]
[18:30:46] [GPU] [1 AMD Radeon(TM) Graphics]  fp16-p/s/u/a=1/1/1/1  int8-p/s/u/a=1/1/1/1  bf16-p/s=1/0
[18:30:46] [GPU] [1 AMD Radeon(TM) Graphics]  subgroup=64(32~64)  ops=1/1/1/1/1/1/1/1/1/1
[18:30:46] [GPU] [1 AMD Radeon(TM) Graphics]  fp16-cm=16x16x16  int8-cm=16x16x16  bf16-cm=0  fp8-cm=0
[18:30:58] ⚠ GPU batch 1: VRAM failed — retrying with safe settings (threads=1:1:1)...
[18:31:00] [GPU] [0 NVIDIA GeForce RTX 4080 SUPER]  queueC=2[8]  queueT=1[2]
[18:31:00] [GPU] [0 NVIDIA GeForce RTX 4080 SUPER]  fp16-p/s/u/a=1/1/1/1  int8-p/s/u/a=1/1/1/1  bf16-p/s=1/1
[18:31:00] [GPU] [0 NVIDIA GeForce RTX 4080 SUPER]  subgroup=32(32~32)  ops=1/1/1/1/1/1/1/1/1/1
[18:31:00] [GPU] [0 NVIDIA GeForce RTX 4080 SUPER]  fp16-cm=16x16x16/16x8x16/16x8x8  int8-cm=16x16x32/16x8x32  bf16-cm=16x16x16  fp8-cm=16x16x32
[18:31:00] [GPU] [1 AMD Radeon(TM) Graphics]  queueC=1[4]  queueT=2[1]
[18:31:00] [GPU] [1 AMD Radeon(TM) Graphics]  fp16-p/s/u/a=1/1/1/1  int8-p/s/u/a=1/1/1/1  bf16-p/s=1/0
[18:31:00] [GPU] [1 AMD Radeon(TM) Graphics]  subgroup=64(32~64)  ops=1/1/1/1/1/1/1/1/1/1
[18:31:00] [GPU] [1 AMD Radeon(TM) Graphics]  fp16-cm=16x16x16  int8-cm=16x16x16  bf16-cm=0  fp8-cm=0
[18:31:05] [GPU] decode image G:\_vtf_scratch\vtf_batch_1_1774549796\input_pass2/0010.png failed
[18:31:05] [GPU] decode image G:\_vtf_scratch\vtf_batch_1_1774549796\input_pass2/0009.png failed
[18:31:16] ⚠ GPU: vkQueueSubmit failed -4
[18:31:32] [GPU] G:\_vtf_scratch\vtf_batch_1_1774549796\input_pass2/0000.png -> G:\_vtf_scratch\vtf_batch_1_1774549796\output_pass2/0000.png done
[18:31:32] [GPU] G:\_vtf_scratch\vtf_batch_1_1774549796\input_pass2/0002.png -> G:\_vtf_scratch\vtf_batch_1_1774549796\output_pass2/0002.png done
[18:31:32] [GPU] G:\_vtf_scratch\vtf_batch_1_1774549796\input_pass2/0001.png -> G:\_vtf_scratch\vtf_batch_1_1774549796\output_pass2/0001.png done
[18:31:33] ✗ GPU batch 1: failed even with safe settings!

=== Completed: 0 success, 0 skipped, 12 failed in 1.6min ===
