=== VTF Upscaler 7.0.0 Log — 2026-03-30 16:50:05 ===

[16:50:05] ⚡ Using cached scan for 7 files (instant)...
[16:50:05] ⊖ Skipped 1 files: 1x already 4096x4096
[16:50:05] 🔍 Scan done: 6 to upscale (1.2 MB), 1 skipped | batch size: 200
[16:50:05] 📦 Batch 1/1 (6 files)...
[16:50:05] 🔷 LANCZOS bypass: 1 files (particle/blade/effect textures)
[16:50:08] [GPU] G:\_vtf_scratch\vtf_batch_1_1774885805\input/0001.bmp -> G:\_vtf_scratch\vtf_out_1_1774885805\output/0001.png done
[16:50:08] [GPU] G:\_vtf_scratch\vtf_batch_1_1774885805\input/0002.bmp -> G:\_vtf_scratch\vtf_out_1_1774885805\output/0002.png done
[16:50:09] [GPU] G:\_vtf_scratch\vtf_batch_1_1774885805\input/0003.bmp -> G:\_vtf_scratch\vtf_out_1_1774885805\output/0003.png done
[16:50:09] [GPU] G:\_vtf_scratch\vtf_batch_1_1774885805\input/0004.bmp -> G:\_vtf_scratch\vtf_out_1_1774885805\output/0004.png done
[16:50:10] [GPU] G:\_vtf_scratch\vtf_batch_1_1774885805\input/0005.bmp -> G:\_vtf_scratch\vtf_out_1_1774885805\output/0005.png done
[16:50:10] ⚡ 8x skip: 1 already at target, 5 need pass 2
[16:50:10] 🔄 GPU batch 1 pass 2/2 (8x multi-pass)...
[16:50:10] [GPU] [Split] Pass 2: 5 tall images (tile=512, height>=1024)
[16:50:30] [GPU] G:\_vtf_scratch\vtf_batch_1_1774885805\input_pass2/0002.png -> G:\_vtf_scratch\vtf_batch_1_1774885805\output_pass2/0002.png done
[16:50:30] [GPU] G:\_vtf_scratch\vtf_batch_1_1774885805\input_pass2/0001.png -> G:\_vtf_scratch\vtf_batch_1_1774885805\output_pass2/0001.png done
[16:50:45] [GPU] G:\_vtf_scratch\vtf_batch_1_1774885805\input_pass2/0004.png -> G:\_vtf_scratch\vtf_batch_1_1774885805\output_pass2/0004.png done
[16:50:45] [GPU] G:\_vtf_scratch\vtf_batch_1_1774885805\input_pass2/0003.png -> G:\_vtf_scratch\vtf_batch_1_1774885805\output_pass2/0003.png done
[16:50:52] [GPU] G:\_vtf_scratch\vtf_batch_1_1774885805\input_pass2/0005.png -> G:\_vtf_scratch\vtf_batch_1_1774885805\output_pass2/0005.png done
[16:50:53] ✓ green.vtf: 32x32 → 4096x4096 [AI] (10.7MB)
[16:51:19] ✓ plasterwall01.vtf: 512x512 → 4096x4096 [AI] (10.7MB)
[16:51:19] ✓ gridbase_c.vtf: 512x512 → 4096x4096 [AI] (10.7MB)
[16:51:22] ✓ venator_gray.vtf: 512x512 → 4096x4096 [AI] (10.7MB)
[16:51:22] ✓ starspeed2.vtf: 512x512 → 4096x4096 [AI] (21.3MB)
[16:51:22] ✓ gravitycore.vtf: 512x512 → 4096x4096 [AI] (21.3MB)
[16:51:22] ✅ Done in 1.3min (4.7/min) | ✓6 ⊖1 ✗0
[16:51:22] ──────────────────────────────────────────────────
[16:51:22] 📊 BATCH STATS
[16:51:22]   ⏱ Total Time:      1.3 min (77s)
[16:51:22]   📁 Files:           6 upscaled, 1 skipped, 0 failed
[16:51:22]   📥 Input Size:      1.2 MB
[16:51:22]   📤 Output Size:     85.3 MB (73.0x)
[16:51:22]   ⚡ Avg Per File:    12.8s
[16:51:22]   🚀 Processing Rate: 4.7/min
[16:51:22] ──────────────────────────────────────────────────

=== Completed: 6 success, 1 skipped, 0 failed in 1.3min ===
