=== VTF Upscaler 7.0.0 Log — 2026-02-11 20:24:14 ===

[20:24:14] 🔍 Pre-flight scanning 13 files...
[20:24:14] ⊖ Skipped 2 files: 2x already 4096x4096
[20:24:14] 🔍 Scan done: 11 to upscale (2.5 MB), 2 skipped | batch size: 200
[20:24:14] 📦 Batch 1/1 (11 files)...
[20:24:26] ⚠ enlisted.vtf: 1024x1024 → 4096x4096 [AI] (21.3MB) ⚠️ DARK
[20:24:27] ⚠ enlisted1.vtf: 1024x1024 → 4096x4096 [AI] (21.3MB) ⚠️ DARK
[20:24:27] ⚠ enlistedshoulder.vtf: 256x128 → 4096x2048 [AI] (10.7MB) ⚠️ DARK
[20:24:27] ⚠ enlistedshoulder5.vtf: 256x128 → 4096x2048 [AI] (10.7MB) ⚠️ DARK
[20:24:27] ⚠ evo_face.vtf: 512x512 → 4096x4096 [AI] (21.3MB) ⚠️ DARK
[20:24:27] ⚠ evo_face1.vtf: 512x512 → 4096x4096 [AI] (21.3MB) ⚠️ DARK
[20:24:27] ⚠ evo_face2.vtf: 512x512 → 4096x4096 [AI] (21.3MB) ⚠️ DARK
[20:24:27] ⚠ evo_face3.vtf: 512x512 → 4096x4096 [AI] (21.3MB) ⚠️ DARK
[20:24:27] ⚠ evo_face4.vtf: 512x512 → 4096x4096 [AI] (21.3MB) ⚠️ DARK
[20:24:27] ⚠ evo_face5.vtf: 512x512 → 4096x4096 [AI] (21.3MB) ⚠️ DARK
[20:24:27] ⚠ legs.vtf: 512x512 → 4096x4096 [AI] (21.3MB) ⚠️ DARK
[20:24:27] ✅ Done in 0.2min (0.8/sec) | ✓11 ⊖2 ✗0
[20:24:27] ⚠️ CORRUPTION REPORT: 11 file(s) flagged for review:
[20:24:27]   → enlisted.vtf
[20:24:27]   → enlisted1.vtf
[20:24:27]   → enlistedshoulder.vtf
[20:24:27]   → enlistedshoulder5.vtf
[20:24:27]   → evo_face.vtf
[20:24:27]   → evo_face1.vtf
[20:24:27]   → evo_face2.vtf
[20:24:27]   → evo_face3.vtf
[20:24:27]   → evo_face4.vtf
[20:24:27]   → evo_face5.vtf
[20:24:27]   → legs.vtf

=== Completed: 11 success, 2 skipped, 0 failed in 0.2min ===
