=== VTF Upscaler 7.0.0 Log — 2026-02-17 23:00:34 ===

[23:00:34] ⚡ Using cached scan for 14 files (instant)...
[23:00:34] 🔍 Scan done: 14 to upscale (3.9 MB), 0 skipped | batch size: 200
[23:00:34] 📦 Batch 1/1 (14 files)...
[23:00:34] [GPU] [0 NVIDIA GeForce RTX 4080 SUPER]  queueC=2[8]  queueT=1[2]
[23:00:34] [GPU] [0 NVIDIA GeForce RTX 4080 SUPER]  fp16-p/s/u/a=1/1/1/1  int8-p/s/u/a=1/1/1/1  bf16-p/s=1/1
[23:00:34] [GPU] [0 NVIDIA GeForce RTX 4080 SUPER]  subgroup=32(32~32)  ops=1/1/1/1/1/1/1/1/1/1
[23:00:34] [GPU] [0 NVIDIA GeForce RTX 4080 SUPER]  fp16-cm=16x16x16/16x8x16/16x8x8  int8-cm=16x16x32/16x8x32  bf16-cm=16x16x16  fp8-cm=16x16x32
[23:00:34] [GPU] [1 AMD Radeon(TM) Graphics]  queueC=1[2]  queueT=2[1]
[23:00:34] [GPU] [1 AMD Radeon(TM) Graphics]  fp16-p/s/u/a=1/1/1/1  int8-p/s/u/a=1/1/1/1  bf16-p/s=1/0
[23:00:34] [GPU] [1 AMD Radeon(TM) Graphics]  subgroup=64(32~64)  ops=1/1/1/1/1/1/1/1/0/0
[23:00:34] [GPU] [1 AMD Radeon(TM) Graphics]  fp16-cm=0  int8-cm=0  bf16-cm=0  fp8-cm=0
[23:00:34] [GPU] R:\vtf_batch_1_1771369234\input/0000.bmp -> R:\vtf_batch_1_1771369234\output/0000.png done
[23:00:34] [GPU] R:\vtf_batch_1_1771369234\input/0001.bmp -> R:\vtf_batch_1_1771369234\output/0001.png done
[23:00:35] [GPU] R:\vtf_batch_1_1771369234\input/0002.bmp -> R:\vtf_batch_1_1771369234\output/0002.png done
[23:00:35] [GPU] R:\vtf_batch_1_1771369234\input/0004.bmp -> R:\vtf_batch_1_1771369234\output/0004.png done
[23:00:35] [GPU] R:\vtf_batch_1_1771369234\input/0003.bmp -> R:\vtf_batch_1_1771369234\output/0003.png done
[23:00:35] [GPU] R:\vtf_batch_1_1771369234\input/0006.bmp -> R:\vtf_batch_1_1771369234\output/0006.png done
[23:00:35] [GPU] R:\vtf_batch_1_1771369234\input/0005.bmp -> R:\vtf_batch_1_1771369234\output/0005.png done
[23:00:35] [GPU] R:\vtf_batch_1_1771369234\input/0007.bmp -> R:\vtf_batch_1_1771369234\output/0007.png done
[23:00:36] [GPU] R:\vtf_batch_1_1771369234\input/0008.bmp -> R:\vtf_batch_1_1771369234\output/0008.png done
[23:00:36] [GPU] R:\vtf_batch_1_1771369234\input/0009.bmp -> R:\vtf_batch_1_1771369234\output/0009.png done
[23:00:36] [GPU] R:\vtf_batch_1_1771369234\input/0010.bmp -> R:\vtf_batch_1_1771369234\output/0010.png done
[23:00:36] [GPU] R:\vtf_batch_1_1771369234\input/0011.bmp -> R:\vtf_batch_1_1771369234\output/0011.png done
[23:00:36] [GPU] R:\vtf_batch_1_1771369234\input/0012.bmp -> R:\vtf_batch_1_1771369234\output/0012.png done
[23:00:36] [GPU] R:\vtf_batch_1_1771369234\input/0013.bmp -> R:\vtf_batch_1_1771369234\output/0013.png done
[23:00:37] ✓ walltext7.vtf: 128x128 → 4096x4096 [AI] (85.3MB)
[23:00:37] ✓ atctext.vtf: 256x256 → 4096x4096 [AI] (85.3MB)
[23:00:37] ✓ holoedge.vtf: 256x256 → 4096x4096 [AI] (85.3MB)
[23:00:37] ✓ eventcontrolroom.vtf: 512x512 → 4096x4096 [AI] (85.3MB)
[23:00:37] ✓ planettext.vtf: 512x512 → 4096x4096 [AI] (85.3MB)
[23:00:37] ✓ swsign_barracks.vtf: 512x512 → 4096x4096 [AI] (85.3MB)
[23:00:37] ✓ swsign_briefingroom.vtf: 512x512 → 4096x4096 [AI] (85.3MB)
[23:00:37] ✓ swsign_brig.vtf: 512x512 → 4096x4096 [AI] (85.3MB)
[23:00:38] ✓ swsign_citadel.vtf: 512x512 → 4096x4096 [AI] (85.3MB)
[23:00:38] ✓ swsign_emptysimroom.vtf: 512x512 → 4096x4096 [AI] (85.3MB)
[23:00:38] ✓ swsign_engineroom.vtf: 512x512 → 4096x4096 [AI] (85.3MB)
[23:00:38] ✓ swsign_hangara.vtf: 512x512 → 4096x4096 [AI] (85.3MB)
[23:00:38] ✓ swsign_hangarb.vtf: 512x512 → 4096x4096 [AI] (85.3MB)
[23:00:38] ✓ swsign_spawn.vtf: 512x512 → 4096x4096 [AI] (85.3MB)

=== Completed: 14 success, 0 skipped, 0 failed in 0.1min ===
