=== VTF Upscaler 7.0.0 Log — 2026-02-11 23:43:59 ===

[23:43:59] ⚡ Using cached scan for 13 files (instant)...
[23:43:59] ⊖ Skipped 1 files: 1x already 4096x4096
[23:43:59] 🔍 Scan done: 12 to upscale (2.6 MB), 1 skipped | batch size: 50
[23:43:59] 📦 Batch 1/1 (12 files)...
[23:44:14] ⚠ GPU batch 1: 8 corrupted outputs detected — re-processing with safe settings...
[23:44:28] ✓ GPU batch 1: 8 files re-processed with safe settings
[23:44:29] ✓ enlistedshoulder.vtf: 256x128 → 4096x2048 [AI] (5.3MB)
[23:44:31] ✓ enlistedshoulder5.vtf: 256x128 → 4096x2048 [AI] (5.3MB)
[23:44:39] ✓ commanderwolffedc15_d.vtf: 512x512 → 4096x4096 [AI] (10.7MB)
[23:44:39] ✓ evo_face5.vtf: 512x512 → 4096x4096 [AI] (10.7MB)
[23:44:39] ⚠ legs.vtf: 512x512 → 4096x4096 [AI] (10.7MB) ⚠️ FLAT
[23:44:39] ✓ evo_face.vtf: 512x512 → 4096x4096 [AI] (10.7MB)
[23:44:39] ✓ evo_face1.vtf: 512x512 → 4096x4096 [AI] (10.7MB)
[23:44:39] ✓ evo_face2.vtf: 512x512 → 4096x4096 [AI] (10.7MB)
[23:44:39] ✓ evo_face3.vtf: 512x512 → 4096x4096 [AI] (10.7MB)
[23:44:39] ✓ evo_face4.vtf: 512x512 → 4096x4096 [AI] (10.7MB)
[23:44:39] ⚠ enlisted.vtf: 1024x1024 → 4096x4096 [AI] (10.7MB) ⚠️ DARK
[23:44:39] ⚠ enlisted1.vtf: 1024x1024 → 4096x4096 [AI] (10.7MB) ⚠️ DARK
[23:44:39] ✅ Done in 0.7min (0.3/sec) | ✓12 ⊖1 ✗0
[23:44:39] ⚠️ CORRUPTION REPORT: 3 file(s) flagged for review:
[23:44:39]   → legs.vtf
[23:44:39]   → enlisted.vtf
[23:44:39]   → enlisted1.vtf

=== Completed: 12 success, 1 skipped, 0 failed in 0.7min ===
