=== VTF Upscaler 7.0.0 Log — 2026-02-17 22:52:14 ===

[22:52:14] ⚡ Using cached scan for 40 files (instant)...
[22:52:14] ⊖ Skipped 2 files: 2x bump map
[22:52:14] 🔍 Scan done: 38 to upscale (13.7 MB), 2 skipped | batch size: 200
[22:52:14] 📦 Batch 1/1 (38 files)...
[22:52:14] [GPU] [Split] Pass 1: 30 normal images (tile=1024)
[22:52:14] [GPU] [0 NVIDIA GeForce RTX 4080 SUPER]  queueC=2[8]  queueT=1[2]
[22:52:14] [GPU] [0 NVIDIA GeForce RTX 4080 SUPER]  fp16-p/s/u/a=1/1/1/1  int8-p/s/u/a=1/1/1/1  bf16-p/s=1/1
[22:52:14] [GPU] [0 NVIDIA GeForce RTX 4080 SUPER]  subgroup=32(32~32)  ops=1/1/1/1/1/1/1/1/1/1
[22:52:14] [GPU] [0 NVIDIA GeForce RTX 4080 SUPER]  fp16-cm=16x16x16/16x8x16/16x8x8  int8-cm=16x16x32/16x8x32  bf16-cm=16x16x16  fp8-cm=16x16x32
[22:52:14] [GPU] [1 AMD Radeon(TM) Graphics]  queueC=1[2]  queueT=2[1]
[22:52:14] [GPU] [1 AMD Radeon(TM) Graphics]  fp16-p/s/u/a=1/1/1/1  int8-p/s/u/a=1/1/1/1  bf16-p/s=1/0
[22:52:14] [GPU] [1 AMD Radeon(TM) Graphics]  subgroup=64(32~64)  ops=1/1/1/1/1/1/1/1/0/0
[22:52:14] [GPU] [1 AMD Radeon(TM) Graphics]  fp16-cm=0  int8-cm=0  bf16-cm=0  fp8-cm=0
[22:52:15] [GPU] R:\_batch_NORMAL/0001.bmp -> R:\vtf_batch_1_1771368734\output/0001.png done
[22:52:15] [GPU] R:\_batch_NORMAL/0000.bmp -> R:\vtf_batch_1_1771368734\output/0000.png done
[22:52:15] [GPU] R:\_batch_NORMAL/0003.bmp -> R:\vtf_batch_1_1771368734\output/0003.png done
[22:52:15] [GPU] R:\_batch_NORMAL/0002.bmp -> R:\vtf_batch_1_1771368734\output/0002.png done
[22:52:15] [GPU] R:\_batch_NORMAL/0005.bmp -> R:\vtf_batch_1_1771368734\output/0005.png done
[22:52:15] [GPU] R:\_batch_NORMAL/0004.bmp -> R:\vtf_batch_1_1771368734\output/0004.png done
[22:52:15] [GPU] R:\_batch_NORMAL/0007.bmp -> R:\vtf_batch_1_1771368734\output/0007.png done
[22:52:15] [GPU] R:\_batch_NORMAL/0008.bmp -> R:\vtf_batch_1_1771368734\output/0008.png done
[22:52:15] [GPU] R:\_batch_NORMAL/0006.bmp -> R:\vtf_batch_1_1771368734\output/0006.png done
[22:52:16] [GPU] R:\_batch_NORMAL/0009.bmp -> R:\vtf_batch_1_1771368734\output/0009.png done
[22:52:16] [GPU] R:\_batch_NORMAL/0010.bmp -> R:\vtf_batch_1_1771368734\output/0010.png done
[22:52:16] [GPU] R:\_batch_NORMAL/0011.bmp -> R:\vtf_batch_1_1771368734\output/0011.png done
[22:52:16] [GPU] R:\_batch_NORMAL/0012.bmp -> R:\vtf_batch_1_1771368734\output/0012.png done
[22:52:16] [GPU] R:\_batch_NORMAL/0013.bmp -> R:\vtf_batch_1_1771368734\output/0013.png done
[22:52:16] [GPU] R:\_batch_NORMAL/0014.bmp -> R:\vtf_batch_1_1771368734\output/0014.png done
[22:52:17] [GPU] R:\_batch_NORMAL/0015.bmp -> R:\vtf_batch_1_1771368734\output/0015.png done
[22:52:17] [GPU] R:\_batch_NORMAL/0016.bmp -> R:\vtf_batch_1_1771368734\output/0016.png done
[22:52:17] [GPU] R:\_batch_NORMAL/0017.bmp -> R:\vtf_batch_1_1771368734\output/0017.png done
[22:52:17] [GPU] R:\_batch_NORMAL/0018.bmp -> R:\vtf_batch_1_1771368734\output/0018.png done
[22:52:17] [GPU] R:\_batch_NORMAL/0019.bmp -> R:\vtf_batch_1_1771368734\output/0019.png done
[22:52:17] [GPU] R:\_batch_NORMAL/0020.bmp -> R:\vtf_batch_1_1771368734\output/0020.png done
[22:52:17] [GPU] R:\_batch_NORMAL/0021.bmp -> R:\vtf_batch_1_1771368734\output/0021.png done
[22:52:18] [GPU] R:\_batch_NORMAL/0022.bmp -> R:\vtf_batch_1_1771368734\output/0022.png done
[22:52:18] [GPU] R:\_batch_NORMAL/0023.bmp -> R:\vtf_batch_1_1771368734\output/0023.png done
[22:52:18] [GPU] R:\_batch_NORMAL/0024.bmp -> R:\vtf_batch_1_1771368734\output/0024.png done
[22:52:18] [GPU] R:\_batch_NORMAL/0025.bmp -> R:\vtf_batch_1_1771368734\output/0025.png done
[22:52:18] [GPU] R:\_batch_NORMAL/0026.bmp -> R:\vtf_batch_1_1771368734\output/0026.png done
[22:52:18] [GPU] R:\_batch_NORMAL/0027.bmp -> R:\vtf_batch_1_1771368734\output/0027.png done
[22:52:19] [GPU] R:\_batch_NORMAL/0028.bmp -> R:\vtf_batch_1_1771368734\output/0028.png done
[22:52:19] [GPU] R:\_batch_NORMAL/0029.bmp -> R:\vtf_batch_1_1771368734\output/0029.png done
[22:52:24] [GPU] [Split] Pass 2: 8 tall images (tile=512, height>=1024)
[22:52:24] [GPU] [0 NVIDIA GeForce RTX 4080 SUPER]  queueC=2[8]  queueT=1[2]
[22:52:24] [GPU] [0 NVIDIA GeForce RTX 4080 SUPER]  fp16-p/s/u/a=1/1/1/1  int8-p/s/u/a=1/1/1/1  bf16-p/s=1/1
[22:52:24] [GPU] [0 NVIDIA GeForce RTX 4080 SUPER]  subgroup=32(32~32)  ops=1/1/1/1/1/1/1/1/1/1
[22:52:24] [GPU] [0 NVIDIA GeForce RTX 4080 SUPER]  fp16-cm=16x16x16/16x8x16/16x8x8  int8-cm=16x16x32/16x8x32  bf16-cm=16x16x16  fp8-cm=16x16x32
[22:52:24] [GPU] [1 AMD Radeon(TM) Graphics]  queueC=1[2]  queueT=2[1]
[22:52:24] [GPU] [1 AMD Radeon(TM) Graphics]  fp16-p/s/u/a=1/1/1/1  int8-p/s/u/a=1/1/1/1  bf16-p/s=1/0
[22:52:24] [GPU] [1 AMD Radeon(TM) Graphics]  subgroup=64(32~64)  ops=1/1/1/1/1/1/1/1/0/0
[22:52:24] [GPU] [1 AMD Radeon(TM) Graphics]  fp16-cm=0  int8-cm=0  bf16-cm=0  fp8-cm=0
[22:52:26] [GPU] R:\_batch_TALL/0030.bmp -> R:\vtf_batch_1_1771368734\output/0030.png done
[22:52:26] [GPU] R:\_batch_TALL/0031.bmp -> R:\vtf_batch_1_1771368734\output/0031.png done
[22:52:28] [GPU] R:\_batch_TALL/0032.bmp -> R:\vtf_batch_1_1771368734\output/0032.png done
[22:52:28] [GPU] R:\_batch_TALL/0033.bmp -> R:\vtf_batch_1_1771368734\output/0033.png done
[22:52:29] [GPU] R:\_batch_TALL/0034.bmp -> R:\vtf_batch_1_1771368734\output/0034.png done
[22:52:30] [GPU] R:\_batch_TALL/0035.bmp -> R:\vtf_batch_1_1771368734\output/0035.png done
[22:52:30] [GPU] R:\_batch_TALL/0036.bmp -> R:\vtf_batch_1_1771368734\output/0036.png done
[22:52:33] [GPU] R:\_batch_TALL/0037.bmp -> R:\vtf_batch_1_1771368734\output/0037.png done
[22:52:38] ✓ rp_anaxes_concrete_10_red.vtf: 256x256 → 4096x4096 [AI] (10.7MB)
[22:52:38] ✓ rp_anaxes_concrete_18.vtf: 256x256 → 4096x4096 [AI] (10.7MB)
[22:52:38] ✓ rp_anaxes_concrete_19_red.vtf: 256x256 → 4096x4096 [AI] (10.7MB)
[22:52:38] ✓ rp_anaxes_concrete_7_red.vtf: 256x256 → 4096x4096 [AI] (10.7MB)
[22:52:38] ✓ rp_anaxes_metaldoor1.vtf: 256x256 → 4096x4096 [AI] (10.7MB)
[22:52:38] ✓ rp_anaxes_metal_accentpiece1.vtf: 256x256 → 4096x4096 [AI] (10.7MB)
[22:52:38] ✓ rp_anaxes_datawall1.vtf: 512x256 → 4096x2048 [AI] (5.3MB)
[22:52:39] ✓ rp_anaxes_jedilogo.vtf: 256x256 → 4096x4096 [AI] (21.3MB)
[22:52:39] ⚠ rp_anaxes_metal_floor16.vtf: 256x256 → 4096x4096 [AI] (21.3MB) ⚠️ FLAT
[22:52:45] ✓ rp_anaxes_ceiling1.vtf: 512x512 → 4096x4096 [AI] (10.7MB)
[22:52:45] ✓ rp_anaxes_concrete_1.vtf: 512x512 → 4096x4096 [AI] (10.7MB)
[22:52:45] ✓ rp_anaxes_concrete_11_red.vtf: 512x512 → 4096x4096 [AI] (10.7MB)
[22:52:45] ✓ rp_anaxes_concrete_13.vtf: 512x512 → 4096x4096 [AI] (10.7MB)
[22:52:45] ✓ rp_anaxes_concrete_14.vtf: 512x512 → 4096x4096 [AI] (10.7MB)
[22:52:45] ✓ rp_anaxes_concrete_15.vtf: 512x512 → 4096x4096 [AI] (10.7MB)
[22:52:45] ✓ rp_anaxes_concrete_16_red.vtf: 512x512 → 4096x4096 [AI] (10.7MB)
[22:52:45] ✓ rp_anaxes_concrete_20.vtf: 512x512 → 4096x4096 [AI] (10.7MB)
[22:52:45] ✓ rp_anaxes_concrete_21.vtf: 512x512 → 4096x4096 [AI] (10.7MB)
[22:52:45] ✓ rp_anaxes_concrete_22_red.vtf: 512x512 → 4096x4096 [AI] (10.7MB)
[22:52:45] ✓ rp_anaxes_concrete_6_red.vtf: 512x512 → 4096x4096 [AI] (10.7MB)
[22:52:45] ✓ rp_anaxes_concrete_8_red.vtf: 512x512 → 4096x4096 [AI] (10.7MB)
[22:52:45] ⚠ rp_anaxes_concrete_floor3.vtf: 512x512 → 4096x4096 [AI] (10.7MB) ⚠️ FLAT
[22:52:48] ✓ rp_anaxes_jedi_libr.vtf: 512x512 → 4096x4096 [AI] (10.7MB)
[22:52:48] ✓ rp_anaxes_metalfloor3.vtf: 512x512 → 4096x4096 [AI] (10.7MB)
[22:52:48] ✓ rp_anaxes_beams_overlay1.vtf: 512x512 → 4096x4096 [AI] (21.3MB)
[22:52:48] ⚠ rp_anaxes_concrete_floor11.vtf: 512x512 → 4096x4096 [AI] (21.3MB) ⚠️ FLAT
[22:52:48] ⚠ rp_anaxes_concrete_floor15.vtf: 512x512 → 4096x4096 [AI] (21.3MB) ⚠️ FLAT
[22:52:48] ✓ rp_anaxes_metalpanel4.vtf: 512x512 → 4096x4096 [AI] (21.3MB)
[22:52:48] ✓ rp_anaxes_metalpanel4_nolight.vtf: 512x512 → 4096x4096 [AI] (21.3MB)
[22:52:48] ✓ rp_anaxes_metal_wall_white2.vtf: 512x512 → 4096x4096 [AI] (21.3MB)
[22:52:48] ✓ rp_anaxes_concrete4.vtf: 1024x1024 → 4096x4096 [AI] (10.7MB)
[22:52:48] ✓ rp_anaxes_concrete_floor10.vtf: 1024x1024 → 4096x4096 [AI] (10.7MB)
[22:52:48] ✓ rp_anaxes_concrete_floor4.vtf: 1024x1024 → 4096x4096 [AI] (10.7MB)
[22:52:51] ✓ rp_anaxes_metal_wall25_framed.vtf: 1024x1024 → 4096x4096 [AI] (10.7MB)
[22:52:59] ✓ rp_anaxes_rockface1.vtf: 1024x1024 → 4096x4096 [AI] (10.7MB)
[22:52:59] ⚠ rp_anaxes_hallway_floor3.vtf: 2048x1024 → 4096x2048 [AI] (5.3MB) ⚠️ FLAT
[22:52:59] ✓ rp_metal_wall_pinkrepub.vtf: 1024x1024 → 4096x4096 [AI] (21.3MB)
[22:52:59] ⚠ rp_anaxes_metal_darkgrey_floor.vtf: 2048x2048 → 4096x4096 [AI] (10.7MB) ⚠️ DARK
[22:52:59] ✅ Done in 0.8min (0.8/sec) | ✓38 ⊖2 ✗0
[22:53:00] ⚠️ CORRUPTION REPORT: 6 file(s) flagged for review:
[22:53:00]   → rp_anaxes_metal_floor16.vtf
[22:53:00]   → rp_anaxes_concrete_floor3.vtf
[22:53:00]   → rp_anaxes_concrete_floor11.vtf
[22:53:00]   → rp_anaxes_concrete_floor15.vtf
[22:53:00]   → rp_anaxes_hallway_floor3.vtf
[22:53:00]   → rp_anaxes_metal_darkgrey_floor.vtf

=== Completed: 38 success, 2 skipped, 0 failed in 0.8min ===
