=== VTF Upscaler 7.0.0 Log — 2026-02-17 23:34:56 ===

[23:34:56] ⚡ Using cached scan for 736 files (instant)...
[23:34:56] ⊖ Skipped 408 files: 145x already 4096x4096, 34x 4096x2048, 9x mask texture, 3x 2048x4096, 2x 1024x4096
[23:34:56] 🔍 Scan done: 328 to upscale (119.7 MB), 408 skipped | batch size: 200
[23:34:56] 📦 Batch 1/2 (200 files)...
[23:34:57] [GPU] [Split] Pass 1: 194 normal images (tile=1024)
[23:34:57] [GPU] [0 NVIDIA GeForce RTX 4080 SUPER]  queueC=2[8]  queueT=1[2]
[23:34:57] [GPU] [0 NVIDIA GeForce RTX 4080 SUPER]  fp16-p/s/u/a=1/1/1/1  int8-p/s/u/a=1/1/1/1  bf16-p/s=1/1
[23:34:57] [GPU] [0 NVIDIA GeForce RTX 4080 SUPER]  subgroup=32(32~32)  ops=1/1/1/1/1/1/1/1/1/1
[23:34:57] [GPU] [0 NVIDIA GeForce RTX 4080 SUPER]  fp16-cm=16x16x16/16x8x16/16x8x8  int8-cm=16x16x32/16x8x32  bf16-cm=16x16x16  fp8-cm=16x16x32
[23:34:57] [GPU] [1 AMD Radeon(TM) Graphics]  queueC=1[2]  queueT=2[1]
[23:34:57] [GPU] [1 AMD Radeon(TM) Graphics]  fp16-p/s/u/a=1/1/1/1  int8-p/s/u/a=1/1/1/1  bf16-p/s=1/0
[23:34:57] [GPU] [1 AMD Radeon(TM) Graphics]  subgroup=64(32~64)  ops=1/1/1/1/1/1/1/1/0/0
[23:34:57] [GPU] [1 AMD Radeon(TM) Graphics]  fp16-cm=0  int8-cm=0  bf16-cm=0  fp8-cm=0
[23:34:58] [GPU] R:\_batch_NORMAL/0000.bmp -> G:\_vtf_scratch\vtf_out_1_1771371296\output/0000.png done
[23:34:58] [GPU] R:\_batch_NORMAL/0001.bmp -> G:\_vtf_scratch\vtf_out_1_1771371296\output/0001.png done
[23:34:58] [GPU] R:\_batch_NORMAL/0002.bmp -> G:\_vtf_scratch\vtf_out_1_1771371296\output/0002.png done
[23:34:58] [GPU] R:\_batch_NORMAL/0003.bmp -> G:\_vtf_scratch\vtf_out_1_1771371296\output/0003.png done
[23:34:58] [GPU] R:\_batch_NORMAL/0004.bmp -> G:\_vtf_scratch\vtf_out_1_1771371296\output/0004.png done
[23:34:58] [GPU] R:\_batch_NORMAL/0005.bmp -> G:\_vtf_scratch\vtf_out_1_1771371296\output/0005.png done
[23:34:59] [GPU] R:\_batch_NORMAL/0006.bmp -> G:\_vtf_scratch\vtf_out_1_1771371296\output/0006.png done
[23:34:59] [GPU] R:\_batch_NORMAL/0007.bmp -> G:\_vtf_scratch\vtf_out_1_1771371296\output/0007.png done
[23:34:59] [GPU] R:\_batch_NORMAL/0008.bmp -> G:\_vtf_scratch\vtf_out_1_1771371296\output/0008.png done
[23:34:59] [GPU] R:\_batch_NORMAL/0009.bmp -> G:\_vtf_scratch\vtf_out_1_1771371296\output/0009.png done
[23:34:59] [GPU] R:\_batch_NORMAL/0010.bmp -> G:\_vtf_scratch\vtf_out_1_1771371296\output/0010.png done
[23:34:59] [GPU] R:\_batch_NORMAL/0011.bmp -> G:\_vtf_scratch\vtf_out_1_1771371296\output/0011.png done
[23:34:59] [GPU] R:\_batch_NORMAL/0013.bmp -> G:\_vtf_scratch\vtf_out_1_1771371296\output/0013.png done
[23:35:00] [GPU] R:\_batch_NORMAL/0012.bmp -> G:\_vtf_scratch\vtf_out_1_1771371296\output/0012.png done
[23:35:00] [GPU] R:\_batch_NORMAL/0015.bmp -> G:\_vtf_scratch\vtf_out_1_1771371296\output/0015.png done
[23:35:00] [GPU] R:\_batch_NORMAL/0014.bmp -> G:\_vtf_scratch\vtf_out_1_1771371296\output/0014.png done
[23:35:00] [GPU] R:\_batch_NORMAL/0017.bmp -> G:\_vtf_scratch\vtf_out_1_1771371296\output/0017.png done
[23:35:00] [GPU] R:\_batch_NORMAL/0016.bmp -> G:\_vtf_scratch\vtf_out_1_1771371296\output/0016.png done
[23:35:00] [GPU] R:\_batch_NORMAL/0018.bmp -> G:\_vtf_scratch\vtf_out_1_1771371296\output/0018.png done
[23:35:00] [GPU] R:\_batch_NORMAL/0019.bmp -> G:\_vtf_scratch\vtf_out_1_1771371296\output/0019.png done
[23:35:01] [GPU] R:\_batch_NORMAL/0020.bmp -> G:\_vtf_scratch\vtf_out_1_1771371296\output/0020.png done
[23:35:01] [GPU] R:\_batch_NORMAL/0021.bmp -> G:\_vtf_scratch\vtf_out_1_1771371296\output/0021.png done
[23:35:01] [GPU] R:\_batch_NORMAL/0022.bmp -> G:\_vtf_scratch\vtf_out_1_1771371296\output/0022.png done
[23:35:01] [GPU] R:\_batch_NORMAL/0023.bmp -> G:\_vtf_scratch\vtf_out_1_1771371296\output/0023.png done
[23:35:01] [GPU] R:\_batch_NORMAL/0025.bmp -> G:\_vtf_scratch\vtf_out_1_1771371296\output/0025.png done
[23:35:01] [GPU] R:\_batch_NORMAL/0024.bmp -> G:\_vtf_scratch\vtf_out_1_1771371296\output/0024.png done
[23:35:02] [GPU] R:\_batch_NORMAL/0027.bmp -> G:\_vtf_scratch\vtf_out_1_1771371296\output/0027.png done
[23:35:02] [GPU] R:\_batch_NORMAL/0026.bmp -> G:\_vtf_scratch\vtf_out_1_1771371296\output/0026.png done
[23:35:02] [GPU] R:\_batch_NORMAL/0029.bmp -> G:\_vtf_scratch\vtf_out_1_1771371296\output/0029.png done
[23:35:02] [GPU] R:\_batch_NORMAL/0028.bmp -> G:\_vtf_scratch\vtf_out_1_1771371296\output/0028.png done
[23:35:02] [GPU] R:\_batch_NORMAL/0031.bmp -> G:\_vtf_scratch\vtf_out_1_1771371296\output/0031.png done
[23:35:02] [GPU] R:\_batch_NORMAL/0030.bmp -> G:\_vtf_scratch\vtf_out_1_1771371296\output/0030.png done
[23:35:03] [GPU] R:\_batch_NORMAL/0033.bmp -> G:\_vtf_scratch\vtf_out_1_1771371296\output/0033.png done
[23:35:03] [GPU] R:\_batch_NORMAL/0034.bmp -> G:\_vtf_scratch\vtf_out_1_1771371296\output/0034.png done
[23:35:03] [GPU] R:\_batch_NORMAL/0035.bmp -> G:\_vtf_scratch\vtf_out_1_1771371296\output/0035.png done
[23:35:03] [GPU] R:\_batch_NORMAL/0032.bmp -> G:\_vtf_scratch\vtf_out_1_1771371296\output/0032.png done
[23:35:03] [GPU] R:\_batch_NORMAL/0036.bmp -> G:\_vtf_scratch\vtf_out_1_1771371296\output/0036.png done
[23:35:03] [GPU] R:\_batch_NORMAL/0037.bmp -> G:\_vtf_scratch\vtf_out_1_1771371296\output/0037.png done
[23:35:03] [GPU] R:\_batch_NORMAL/0038.bmp -> G:\_vtf_scratch\vtf_out_1_1771371296\output/0038.png done
[23:35:03] [GPU] R:\_batch_NORMAL/0039.bmp -> G:\_vtf_scratch\vtf_out_1_1771371296\output/0039.png done
[23:35:03] [GPU] R:\_batch_NORMAL/0040.bmp -> G:\_vtf_scratch\vtf_out_1_1771371296\output/0040.png done
[23:35:04] [GPU] R:\_batch_NORMAL/0041.bmp -> G:\_vtf_scratch\vtf_out_1_1771371296\output/0041.png done
[23:35:04] [GPU] R:\_batch_NORMAL/0042.bmp -> G:\_vtf_scratch\vtf_out_1_1771371296\output/0042.png done
[23:35:04] [GPU] R:\_batch_NORMAL/0043.bmp -> G:\_vtf_scratch\vtf_out_1_1771371296\output/0043.png done
[23:35:04] [GPU] R:\_batch_NORMAL/0044.bmp -> G:\_vtf_scratch\vtf_out_1_1771371296\output/0044.png done
[23:35:04] [GPU] R:\_batch_NORMAL/0045.bmp -> G:\_vtf_scratch\vtf_out_1_1771371296\output/0045.png done
[23:35:04] [GPU] R:\_batch_NORMAL/0046.bmp -> G:\_vtf_scratch\vtf_out_1_1771371296\output/0046.png done
[23:35:05] [GPU] R:\_batch_NORMAL/0047.bmp -> G:\_vtf_scratch\vtf_out_1_1771371296\output/0047.png done
[23:35:05] [GPU] R:\_batch_NORMAL/0048.bmp -> G:\_vtf_scratch\vtf_out_1_1771371296\output/0048.png done
[23:35:05] [GPU] R:\_batch_NORMAL/0049.bmp -> G:\_vtf_scratch\vtf_out_1_1771371296\output/0049.png done
[23:35:05] [GPU] R:\_batch_NORMAL/0050.bmp -> G:\_vtf_scratch\vtf_out_1_1771371296\output/0050.png done
[23:35:05] [GPU] R:\_batch_NORMAL/0051.bmp -> G:\_vtf_scratch\vtf_out_1_1771371296\output/0051.png done
[23:35:05] [GPU] R:\_batch_NORMAL/0052.bmp -> G:\_vtf_scratch\vtf_out_1_1771371296\output/0052.png done
[23:35:05] [GPU] R:\_batch_NORMAL/0053.bmp -> G:\_vtf_scratch\vtf_out_1_1771371296\output/0053.png done
[23:35:05] [GPU] R:\_batch_NORMAL/0054.bmp -> G:\_vtf_scratch\vtf_out_1_1771371296\output/0054.png done
[23:35:06] [GPU] R:\_batch_NORMAL/0055.bmp -> G:\_vtf_scratch\vtf_out_1_1771371296\output/0055.png done
[23:35:06] [GPU] R:\_batch_NORMAL/0056.bmp -> G:\_vtf_scratch\vtf_out_1_1771371296\output/0056.png done
[23:35:06] [GPU] R:\_batch_NORMAL/0057.bmp -> G:\_vtf_scratch\vtf_out_1_1771371296\output/0057.png done
[23:35:06] [GPU] R:\_batch_NORMAL/0058.bmp -> G:\_vtf_scratch\vtf_out_1_1771371296\output/0058.png done
[23:35:06] [GPU] R:\_batch_NORMAL/0059.bmp -> G:\_vtf_scratch\vtf_out_1_1771371296\output/0059.png done
[23:35:06] [GPU] R:\_batch_NORMAL/0060.bmp -> G:\_vtf_scratch\vtf_out_1_1771371296\output/0060.png done
[23:35:07] [GPU] R:\_batch_NORMAL/0061.bmp -> G:\_vtf_scratch\vtf_out_1_1771371296\output/0061.png done
[23:35:07] [GPU] R:\_batch_NORMAL/0062.bmp -> G:\_vtf_scratch\vtf_out_1_1771371296\output/0062.png done
[23:35:07] [GPU] R:\_batch_NORMAL/0063.bmp -> G:\_vtf_scratch\vtf_out_1_1771371296\output/0063.png done
[23:35:07] [GPU] R:\_batch_NORMAL/0064.bmp -> G:\_vtf_scratch\vtf_out_1_1771371296\output/0064.png done
[23:35:07] [GPU] R:\_batch_NORMAL/0065.bmp -> G:\_vtf_scratch\vtf_out_1_1771371296\output/0065.png done
[23:35:07] [GPU] R:\_batch_NORMAL/0066.bmp -> G:\_vtf_scratch\vtf_out_1_1771371296\output/0066.png done
[23:35:07] [GPU] R:\_batch_NORMAL/0067.bmp -> G:\_vtf_scratch\vtf_out_1_1771371296\output/0067.png done
[23:35:08] [GPU] R:\_batch_NORMAL/0068.bmp -> G:\_vtf_scratch\vtf_out_1_1771371296\output/0068.png done
[23:35:08] [GPU] R:\_batch_NORMAL/0069.bmp -> G:\_vtf_scratch\vtf_out_1_1771371296\output/0069.png done
[23:35:08] [GPU] R:\_batch_NORMAL/0070.bmp -> G:\_vtf_scratch\vtf_out_1_1771371296\output/0070.png done
[23:35:08] [GPU] R:\_batch_NORMAL/0071.bmp -> G:\_vtf_scratch\vtf_out_1_1771371296\output/0071.png done
[23:35:08] [GPU] R:\_batch_NORMAL/0072.bmp -> G:\_vtf_scratch\vtf_out_1_1771371296\output/0072.png done
[23:35:08] [GPU] R:\_batch_NORMAL/0073.bmp -> G:\_vtf_scratch\vtf_out_1_1771371296\output/0073.png done
[23:35:08] [GPU] R:\_batch_NORMAL/0074.bmp -> G:\_vtf_scratch\vtf_out_1_1771371296\output/0074.png done
[23:35:09] [GPU] R:\_batch_NORMAL/0075.bmp -> G:\_vtf_scratch\vtf_out_1_1771371296\output/0075.png done
[23:35:09] [GPU] R:\_batch_NORMAL/0076.bmp -> G:\_vtf_scratch\vtf_out_1_1771371296\output/0076.png done
[23:35:09] [GPU] R:\_batch_NORMAL/0077.bmp -> G:\_vtf_scratch\vtf_out_1_1771371296\output/0077.png done
[23:35:09] [GPU] R:\_batch_NORMAL/0078.bmp -> G:\_vtf_scratch\vtf_out_1_1771371296\output/0078.png done
[23:35:09] [GPU] R:\_batch_NORMAL/0079.bmp -> G:\_vtf_scratch\vtf_out_1_1771371296\output/0079.png done
[23:35:09] [GPU] R:\_batch_NORMAL/0080.bmp -> G:\_vtf_scratch\vtf_out_1_1771371296\output/0080.png done
[23:35:10] [GPU] R:\_batch_NORMAL/0081.bmp -> G:\_vtf_scratch\vtf_out_1_1771371296\output/0081.png done
[23:35:10] [GPU] R:\_batch_NORMAL/0082.bmp -> G:\_vtf_scratch\vtf_out_1_1771371296\output/0082.png done
[23:35:10] [GPU] R:\_batch_NORMAL/0083.bmp -> G:\_vtf_scratch\vtf_out_1_1771371296\output/0083.png done
[23:35:10] [GPU] R:\_batch_NORMAL/0084.bmp -> G:\_vtf_scratch\vtf_out_1_1771371296\output/0084.png done
[23:35:10] [GPU] R:\_batch_NORMAL/0085.bmp -> G:\_vtf_scratch\vtf_out_1_1771371296\output/0085.png done
[23:35:10] [GPU] R:\_batch_NORMAL/0086.bmp -> G:\_vtf_scratch\vtf_out_1_1771371296\output/0086.png done
[23:35:10] [GPU] R:\_batch_NORMAL/0087.bmp -> G:\_vtf_scratch\vtf_out_1_1771371296\output/0087.png done
[23:35:11] [GPU] R:\_batch_NORMAL/0088.bmp -> G:\_vtf_scratch\vtf_out_1_1771371296\output/0088.png done
[23:35:11] [GPU] R:\_batch_NORMAL/0089.bmp -> G:\_vtf_scratch\vtf_out_1_1771371296\output/0089.png done
[23:35:11] [GPU] R:\_batch_NORMAL/0090.bmp -> G:\_vtf_scratch\vtf_out_1_1771371296\output/0090.png done
[23:35:11] [GPU] R:\_batch_NORMAL/0091.bmp -> G:\_vtf_scratch\vtf_out_1_1771371296\output/0091.png done
[23:35:11] [GPU] R:\_batch_NORMAL/0092.bmp -> G:\_vtf_scratch\vtf_out_1_1771371296\output/0092.png done
[23:35:11] [GPU] R:\_batch_NORMAL/0093.bmp -> G:\_vtf_scratch\vtf_out_1_1771371296\output/0093.png done
[23:35:11] [GPU] R:\_batch_NORMAL/0094.bmp -> G:\_vtf_scratch\vtf_out_1_1771371296\output/0094.png done
[23:35:12] [GPU] R:\_batch_NORMAL/0095.bmp -> G:\_vtf_scratch\vtf_out_1_1771371296\output/0095.png done
[23:35:12] [GPU] R:\_batch_NORMAL/0096.bmp -> G:\_vtf_scratch\vtf_out_1_1771371296\output/0096.png done
[23:35:12] [GPU] R:\_batch_NORMAL/0097.bmp -> G:\_vtf_scratch\vtf_out_1_1771371296\output/0097.png done
[23:35:12] [GPU] R:\_batch_NORMAL/0098.bmp -> G:\_vtf_scratch\vtf_out_1_1771371296\output/0098.png done
[23:35:12] [GPU] R:\_batch_NORMAL/0099.bmp -> G:\_vtf_scratch\vtf_out_1_1771371296\output/0099.png done
[23:35:12] [GPU] R:\_batch_NORMAL/0100.bmp -> G:\_vtf_scratch\vtf_out_1_1771371296\output/0100.png done
[23:35:12] [GPU] R:\_batch_NORMAL/0101.bmp -> G:\_vtf_scratch\vtf_out_1_1771371296\output/0101.png done
[23:35:12] [GPU] R:\_batch_NORMAL/0102.bmp -> G:\_vtf_scratch\vtf_out_1_1771371296\output/0102.png done
[23:35:13] [GPU] R:\_batch_NORMAL/0103.bmp -> G:\_vtf_scratch\vtf_out_1_1771371296\output/0103.png done
[23:35:13] [GPU] R:\_batch_NORMAL/0104.bmp -> G:\_vtf_scratch\vtf_out_1_1771371296\output/0104.png done
[23:35:13] [GPU] R:\_batch_NORMAL/0105.bmp -> G:\_vtf_scratch\vtf_out_1_1771371296\output/0105.png done
[23:35:13] [GPU] R:\_batch_NORMAL/0106.bmp -> G:\_vtf_scratch\vtf_out_1_1771371296\output/0106.png done
[23:35:13] [GPU] R:\_batch_NORMAL/0107.bmp -> G:\_vtf_scratch\vtf_out_1_1771371296\output/0107.png done
[23:35:13] [GPU] R:\_batch_NORMAL/0108.bmp -> G:\_vtf_scratch\vtf_out_1_1771371296\output/0108.png done
[23:35:14] [GPU] R:\_batch_NORMAL/0109.bmp -> G:\_vtf_scratch\vtf_out_1_1771371296\output/0109.png done
[23:35:14] [GPU] R:\_batch_NORMAL/0110.bmp -> G:\_vtf_scratch\vtf_out_1_1771371296\output/0110.png done
[23:35:14] [GPU] R:\_batch_NORMAL/0111.bmp -> G:\_vtf_scratch\vtf_out_1_1771371296\output/0111.png done
[23:35:14] [GPU] R:\_batch_NORMAL/0112.bmp -> G:\_vtf_scratch\vtf_out_1_1771371296\output/0112.png done
[23:35:14] [GPU] R:\_batch_NORMAL/0113.bmp -> G:\_vtf_scratch\vtf_out_1_1771371296\output/0113.png done
[23:35:14] [GPU] R:\_batch_NORMAL/0114.bmp -> G:\_vtf_scratch\vtf_out_1_1771371296\output/0114.png done
[23:35:14] [GPU] R:\_batch_NORMAL/0115.bmp -> G:\_vtf_scratch\vtf_out_1_1771371296\output/0115.png done
[23:35:15] [GPU] R:\_batch_NORMAL/0116.bmp -> G:\_vtf_scratch\vtf_out_1_1771371296\output/0116.png done
[23:35:15] [GPU] R:\_batch_NORMAL/0117.bmp -> G:\_vtf_scratch\vtf_out_1_1771371296\output/0117.png done
[23:35:15] [GPU] R:\_batch_NORMAL/0118.bmp -> G:\_vtf_scratch\vtf_out_1_1771371296\output/0118.png done
[23:35:15] [GPU] R:\_batch_NORMAL/0119.bmp -> G:\_vtf_scratch\vtf_out_1_1771371296\output/0119.png done
[23:35:15] [GPU] R:\_batch_NORMAL/0120.bmp -> G:\_vtf_scratch\vtf_out_1_1771371296\output/0120.png done
[23:35:15] [GPU] R:\_batch_NORMAL/0121.bmp -> G:\_vtf_scratch\vtf_out_1_1771371296\output/0121.png done
[23:35:16] [GPU] R:\_batch_NORMAL/0122.bmp -> G:\_vtf_scratch\vtf_out_1_1771371296\output/0122.png done
[23:35:16] [GPU] R:\_batch_NORMAL/0123.bmp -> G:\_vtf_scratch\vtf_out_1_1771371296\output/0123.png done
[23:35:16] [GPU] R:\_batch_NORMAL/0124.bmp -> G:\_vtf_scratch\vtf_out_1_1771371296\output/0124.png done
[23:35:16] [GPU] R:\_batch_NORMAL/0125.bmp -> G:\_vtf_scratch\vtf_out_1_1771371296\output/0125.png done
[23:35:16] [GPU] R:\_batch_NORMAL/0126.bmp -> G:\_vtf_scratch\vtf_out_1_1771371296\output/0126.png done
[23:35:16] [GPU] R:\_batch_NORMAL/0127.bmp -> G:\_vtf_scratch\vtf_out_1_1771371296\output/0127.png done
[23:35:16] [GPU] R:\_batch_NORMAL/0128.bmp -> G:\_vtf_scratch\vtf_out_1_1771371296\output/0128.png done
[23:35:17] [GPU] R:\_batch_NORMAL/0129.bmp -> G:\_vtf_scratch\vtf_out_1_1771371296\output/0129.png done
[23:35:17] [GPU] R:\_batch_NORMAL/0130.bmp -> G:\_vtf_scratch\vtf_out_1_1771371296\output/0130.png done
[23:35:17] [GPU] R:\_batch_NORMAL/0131.bmp -> G:\_vtf_scratch\vtf_out_1_1771371296\output/0131.png done
[23:35:17] [GPU] R:\_batch_NORMAL/0132.bmp -> G:\_vtf_scratch\vtf_out_1_1771371296\output/0132.png done
[23:35:17] [GPU] R:\_batch_NORMAL/0133.bmp -> G:\_vtf_scratch\vtf_out_1_1771371296\output/0133.png done
[23:35:17] [GPU] R:\_batch_NORMAL/0134.bmp -> G:\_vtf_scratch\vtf_out_1_1771371296\output/0134.png done
[23:35:17] [GPU] R:\_batch_NORMAL/0135.bmp -> G:\_vtf_scratch\vtf_out_1_1771371296\output/0135.png done
[23:35:17] [GPU] R:\_batch_NORMAL/0136.bmp -> G:\_vtf_scratch\vtf_out_1_1771371296\output/0136.png done
[23:35:18] [GPU] R:\_batch_NORMAL/0137.bmp -> G:\_vtf_scratch\vtf_out_1_1771371296\output/0137.png done
[23:35:18] [GPU] R:\_batch_NORMAL/0138.bmp -> G:\_vtf_scratch\vtf_out_1_1771371296\output/0138.png done
[23:35:18] [GPU] R:\_batch_NORMAL/0139.bmp -> G:\_vtf_scratch\vtf_out_1_1771371296\output/0139.png done
[23:35:18] [GPU] R:\_batch_NORMAL/0140.bmp -> G:\_vtf_scratch\vtf_out_1_1771371296\output/0140.png done
[23:35:18] [GPU] R:\_batch_NORMAL/0141.bmp -> G:\_vtf_scratch\vtf_out_1_1771371296\output/0141.png done
[23:35:18] [GPU] R:\_batch_NORMAL/0142.bmp -> G:\_vtf_scratch\vtf_out_1_1771371296\output/0142.png done
[23:35:19] [GPU] R:\_batch_NORMAL/0143.bmp -> G:\_vtf_scratch\vtf_out_1_1771371296\output/0143.png done
[23:35:19] [GPU] R:\_batch_NORMAL/0144.bmp -> G:\_vtf_scratch\vtf_out_1_1771371296\output/0144.png done
[23:35:19] [GPU] R:\_batch_NORMAL/0145.bmp -> G:\_vtf_scratch\vtf_out_1_1771371296\output/0145.png done
[23:35:19] [GPU] R:\_batch_NORMAL/0146.bmp -> G:\_vtf_scratch\vtf_out_1_1771371296\output/0146.png done
[23:35:19] [GPU] R:\_batch_NORMAL/0147.bmp -> G:\_vtf_scratch\vtf_out_1_1771371296\output/0147.png done
[23:35:19] [GPU] R:\_batch_NORMAL/0148.bmp -> G:\_vtf_scratch\vtf_out_1_1771371296\output/0148.png done
[23:35:19] [GPU] R:\_batch_NORMAL/0149.bmp -> G:\_vtf_scratch\vtf_out_1_1771371296\output/0149.png done
[23:35:19] [GPU] R:\_batch_NORMAL/0150.bmp -> G:\_vtf_scratch\vtf_out_1_1771371296\output/0150.png done
[23:35:20] [GPU] R:\_batch_NORMAL/0151.bmp -> G:\_vtf_scratch\vtf_out_1_1771371296\output/0151.png done
[23:35:20] [GPU] R:\_batch_NORMAL/0152.bmp -> G:\_vtf_scratch\vtf_out_1_1771371296\output/0152.png done
[23:35:20] ⚠ GPU: vkAllocateMemory failed -2
[23:35:20] [GPU] R:\_batch_NORMAL/0153.bmp -> G:\_vtf_scratch\vtf_out_1_1771371296\output/0153.png done
[23:35:20] [GPU] R:\_batch_NORMAL/0154.bmp -> G:\_vtf_scratch\vtf_out_1_1771371296\output/0154.png done
[23:35:20] [GPU] R:\_batch_NORMAL/0155.bmp -> G:\_vtf_scratch\vtf_out_1_1771371296\output/0155.png done
[23:35:21] [GPU] R:\_batch_NORMAL/0156.bmp -> G:\_vtf_scratch\vtf_out_1_1771371296\output/0156.png done
[23:35:21] [GPU] R:\_batch_NORMAL/0157.bmp -> G:\_vtf_scratch\vtf_out_1_1771371296\output/0157.png done
[23:35:21] [GPU] R:\_batch_NORMAL/0158.bmp -> G:\_vtf_scratch\vtf_out_1_1771371296\output/0158.png done
[23:35:21] [GPU] R:\_batch_NORMAL/0159.bmp -> G:\_vtf_scratch\vtf_out_1_1771371296\output/0159.png done
[23:35:22] [GPU] R:\_batch_NORMAL/0160.bmp -> G:\_vtf_scratch\vtf_out_1_1771371296\output/0160.png done
[23:35:22] [GPU] R:\_batch_NORMAL/0161.bmp -> G:\_vtf_scratch\vtf_out_1_1771371296\output/0161.png done
[23:35:22] [GPU] R:\_batch_NORMAL/0162.bmp -> G:\_vtf_scratch\vtf_out_1_1771371296\output/0162.png done
[23:35:22] [GPU] R:\_batch_NORMAL/0163.bmp -> G:\_vtf_scratch\vtf_out_1_1771371296\output/0163.png done
[23:35:23] [GPU] R:\_batch_NORMAL/0164.bmp -> G:\_vtf_scratch\vtf_out_1_1771371296\output/0164.png done
[23:35:23] [GPU] R:\_batch_NORMAL/0165.bmp -> G:\_vtf_scratch\vtf_out_1_1771371296\output/0165.png done
[23:35:23] [GPU] R:\_batch_NORMAL/0166.bmp -> G:\_vtf_scratch\vtf_out_1_1771371296\output/0166.png done
[23:35:23] [GPU] R:\_batch_NORMAL/0167.bmp -> G:\_vtf_scratch\vtf_out_1_1771371296\output/0167.png done
[23:35:23] [GPU] R:\_batch_NORMAL/0168.bmp -> G:\_vtf_scratch\vtf_out_1_1771371296\output/0168.png done
[23:35:24] [GPU] R:\_batch_NORMAL/0169.bmp -> G:\_vtf_scratch\vtf_out_1_1771371296\output/0169.png done
[23:35:24] [GPU] R:\_batch_NORMAL/0170.bmp -> G:\_vtf_scratch\vtf_out_1_1771371296\output/0170.png done
[23:35:24] [GPU] R:\_batch_NORMAL/0171.bmp -> G:\_vtf_scratch\vtf_out_1_1771371296\output/0171.png done
[23:35:24] [GPU] R:\_batch_NORMAL/0172.bmp -> G:\_vtf_scratch\vtf_out_1_1771371296\output/0172.png done
[23:35:25] [GPU] R:\_batch_NORMAL/0173.bmp -> G:\_vtf_scratch\vtf_out_1_1771371296\output/0173.png done
[23:35:25] [GPU] R:\_batch_NORMAL/0174.bmp -> G:\_vtf_scratch\vtf_out_1_1771371296\output/0174.png done
[23:35:25] [GPU] R:\_batch_NORMAL/0175.bmp -> G:\_vtf_scratch\vtf_out_1_1771371296\output/0175.png done
[23:35:25] [GPU] R:\_batch_NORMAL/0176.bmp -> G:\_vtf_scratch\vtf_out_1_1771371296\output/0176.png done
[23:35:26] [GPU] R:\_batch_NORMAL/0177.bmp -> G:\_vtf_scratch\vtf_out_1_1771371296\output/0177.png done
[23:35:26] [GPU] R:\_batch_NORMAL/0178.bmp -> G:\_vtf_scratch\vtf_out_1_1771371296\output/0178.png done
[23:35:26] [GPU] R:\_batch_NORMAL/0179.bmp -> G:\_vtf_scratch\vtf_out_1_1771371296\output/0179.png done
[23:35:26] [GPU] R:\_batch_NORMAL/0180.bmp -> G:\_vtf_scratch\vtf_out_1_1771371296\output/0180.png done
[23:35:27] [GPU] R:\_batch_NORMAL/0181.bmp -> G:\_vtf_scratch\vtf_out_1_1771371296\output/0181.png done
[23:35:27] [GPU] R:\_batch_NORMAL/0182.bmp -> G:\_vtf_scratch\vtf_out_1_1771371296\output/0182.png done
[23:35:27] [GPU] R:\_batch_NORMAL/0183.bmp -> G:\_vtf_scratch\vtf_out_1_1771371296\output/0183.png done
[23:35:28] [GPU] R:\_batch_NORMAL/0184.bmp -> G:\_vtf_scratch\vtf_out_1_1771371296\output/0184.png done
[23:35:28] [GPU] R:\_batch_NORMAL/0185.bmp -> G:\_vtf_scratch\vtf_out_1_1771371296\output/0185.png done
[23:35:28] [GPU] R:\_batch_NORMAL/0186.bmp -> G:\_vtf_scratch\vtf_out_1_1771371296\output/0186.png done
[23:35:28] [GPU] R:\_batch_NORMAL/0187.bmp -> G:\_vtf_scratch\vtf_out_1_1771371296\output/0187.png done
[23:35:28] [GPU] R:\_batch_NORMAL/0189.bmp -> G:\_vtf_scratch\vtf_out_1_1771371296\output/0189.png done
[23:35:28] [GPU] R:\_batch_NORMAL/0190.bmp -> G:\_vtf_scratch\vtf_out_1_1771371296\output/0190.png done
[23:35:28] [GPU] R:\_batch_NORMAL/0191.bmp -> G:\_vtf_scratch\vtf_out_1_1771371296\output/0191.png done
[23:35:29] [GPU] R:\_batch_NORMAL/0188.bmp -> G:\_vtf_scratch\vtf_out_1_1771371296\output/0188.png done
[23:35:29] [GPU] R:\_batch_NORMAL/0193.bmp -> G:\_vtf_scratch\vtf_out_1_1771371296\output/0193.png done
[23:35:29] [GPU] R:\_batch_NORMAL/0199.bmp -> G:\_vtf_scratch\vtf_out_1_1771371296\output/0199.png done
[23:35:34] [GPU] [Split] Pass 2: 6 tall images (tile=512, height>=1024)
[23:35:34] [GPU] [0 NVIDIA GeForce RTX 4080 SUPER]  queueC=2[8]  queueT=1[2]
[23:35:34] [GPU] [0 NVIDIA GeForce RTX 4080 SUPER]  fp16-p/s/u/a=1/1/1/1  int8-p/s/u/a=1/1/1/1  bf16-p/s=1/1
[23:35:34] [GPU] [0 NVIDIA GeForce RTX 4080 SUPER]  subgroup=32(32~32)  ops=1/1/1/1/1/1/1/1/1/1
[23:35:34] [GPU] [0 NVIDIA GeForce RTX 4080 SUPER]  fp16-cm=16x16x16/16x8x16/16x8x8  int8-cm=16x16x32/16x8x32  bf16-cm=16x16x16  fp8-cm=16x16x32
[23:35:34] [GPU] [1 AMD Radeon(TM) Graphics]  queueC=1[2]  queueT=2[1]
[23:35:34] [GPU] [1 AMD Radeon(TM) Graphics]  fp16-p/s/u/a=1/1/1/1  int8-p/s/u/a=1/1/1/1  bf16-p/s=1/0
[23:35:34] [GPU] [1 AMD Radeon(TM) Graphics]  subgroup=64(32~64)  ops=1/1/1/1/1/1/1/1/0/0
[23:35:34] [GPU] [1 AMD Radeon(TM) Graphics]  fp16-cm=0  int8-cm=0  bf16-cm=0  fp8-cm=0
[23:35:36] [GPU] R:\_batch_TALL/0192.bmp -> G:\_vtf_scratch\vtf_out_1_1771371296\output/0192.png done
[23:35:36] [GPU] R:\_batch_TALL/0194.bmp -> G:\_vtf_scratch\vtf_out_1_1771371296\output/0194.png done
[23:35:37] [GPU] R:\_batch_TALL/0195.bmp -> G:\_vtf_scratch\vtf_out_1_1771371296\output/0195.png done
[23:35:37] [GPU] R:\_batch_TALL/0196.bmp -> G:\_vtf_scratch\vtf_out_1_1771371296\output/0196.png done
[23:35:37] [GPU] R:\_batch_TALL/0197.bmp -> G:\_vtf_scratch\vtf_out_1_1771371296\output/0197.png done
[23:35:37] [GPU] R:\_batch_TALL/0198.bmp -> G:\_vtf_scratch\vtf_out_1_1771371296\output/0198.png done
[23:35:41] ⚠ GPU batch 1: 42 corrupted outputs detected — re-processing with safe settings...
[23:35:44] [GPU] [0 NVIDIA GeForce RTX 4080 SUPER]  queueC=2[8]  queueT=1[2]
[23:35:44] [GPU] [0 NVIDIA GeForce RTX 4080 SUPER]  fp16-p/s/u/a=1/1/1/1  int8-p/s/u/a=1/1/1/1  bf16-p/s=1/1
[23:35:44] [GPU] [0 NVIDIA GeForce RTX 4080 SUPER]  subgroup=32(32~32)  ops=1/1/1/1/1/1/1/1/1/1
[23:35:44] [GPU] [0 NVIDIA GeForce RTX 4080 SUPER]  fp16-cm=16x16x16/16x8x16/16x8x8  int8-cm=16x16x32/16x8x32  bf16-cm=16x16x16  fp8-cm=16x16x32
[23:35:44] [GPU] [1 AMD Radeon(TM) Graphics]  queueC=1[2]  queueT=2[1]
[23:35:44] [GPU] [1 AMD Radeon(TM) Graphics]  fp16-p/s/u/a=1/1/1/1  int8-p/s/u/a=1/1/1/1  bf16-p/s=1/0
[23:35:44] [GPU] [1 AMD Radeon(TM) Graphics]  subgroup=64(32~64)  ops=1/1/1/1/1/1/1/1/0/0
[23:35:44] [GPU] [1 AMD Radeon(TM) Graphics]  fp16-cm=0  int8-cm=0  bf16-cm=0  fp8-cm=0
[23:35:44] [GPU] R:\vtf_batch_1_1771371296\safe_input/0001.bmp -> G:\_vtf_scratch\vtf_out_1_1771371296\output/0001.png done
[23:35:45] [GPU] R:\vtf_batch_1_1771371296\safe_input/0036.bmp -> G:\_vtf_scratch\vtf_out_1_1771371296\output/0036.png done
[23:35:45] [GPU] R:\vtf_batch_1_1771371296\safe_input/0017.bmp -> G:\_vtf_scratch\vtf_out_1_1771371296\output/0017.png done
[23:35:45] [GPU] R:\vtf_batch_1_1771371296\safe_input/0024.bmp -> G:\_vtf_scratch\vtf_out_1_1771371296\output/0024.png done
[23:35:45] [GPU] R:\vtf_batch_1_1771371296\safe_input/0079.bmp -> G:\_vtf_scratch\vtf_out_1_1771371296\output/0079.png done
[23:35:45] [GPU] R:\vtf_batch_1_1771371296\safe_input/0111.bmp -> G:\_vtf_scratch\vtf_out_1_1771371296\output/0111.png done
[23:35:45] [GPU] R:\vtf_batch_1_1771371296\safe_input/0141.bmp -> G:\_vtf_scratch\vtf_out_1_1771371296\output/0141.png done
[23:35:45] [GPU] R:\vtf_batch_1_1771371296\safe_input/0150.bmp -> G:\_vtf_scratch\vtf_out_1_1771371296\output/0150.png done
[23:35:46] [GPU] R:\vtf_batch_1_1771371296\safe_input/0155.bmp -> G:\_vtf_scratch\vtf_out_1_1771371296\output/0155.png done
[23:35:46] [GPU] R:\vtf_batch_1_1771371296\safe_input/0156.bmp -> G:\_vtf_scratch\vtf_out_1_1771371296\output/0156.png done
[23:35:46] [GPU] R:\vtf_batch_1_1771371296\safe_input/0157.bmp -> G:\_vtf_scratch\vtf_out_1_1771371296\output/0157.png done
[23:35:46] [GPU] R:\vtf_batch_1_1771371296\safe_input/0158.bmp -> G:\_vtf_scratch\vtf_out_1_1771371296\output/0158.png done
[23:35:47] [GPU] R:\vtf_batch_1_1771371296\safe_input/0159.bmp -> G:\_vtf_scratch\vtf_out_1_1771371296\output/0159.png done
[23:35:47] [GPU] R:\vtf_batch_1_1771371296\safe_input/0160.bmp -> G:\_vtf_scratch\vtf_out_1_1771371296\output/0160.png done
[23:35:47] [GPU] R:\vtf_batch_1_1771371296\safe_input/0161.bmp -> G:\_vtf_scratch\vtf_out_1_1771371296\output/0161.png done
[23:35:47] [GPU] R:\vtf_batch_1_1771371296\safe_input/0162.bmp -> G:\_vtf_scratch\vtf_out_1_1771371296\output/0162.png done
[23:35:48] [GPU] R:\vtf_batch_1_1771371296\safe_input/0164.bmp -> G:\_vtf_scratch\vtf_out_1_1771371296\output/0164.png done
[23:35:48] [GPU] R:\vtf_batch_1_1771371296\safe_input/0163.bmp -> G:\_vtf_scratch\vtf_out_1_1771371296\output/0163.png done
[23:35:48] [GPU] R:\vtf_batch_1_1771371296\safe_input/0166.bmp -> G:\_vtf_scratch\vtf_out_1_1771371296\output/0166.png done
[23:35:48] [GPU] R:\vtf_batch_1_1771371296\safe_input/0165.bmp -> G:\_vtf_scratch\vtf_out_1_1771371296\output/0165.png done
[23:35:49] [GPU] R:\vtf_batch_1_1771371296\safe_input/0168.bmp -> G:\_vtf_scratch\vtf_out_1_1771371296\output/0168.png done
[23:35:49] [GPU] R:\vtf_batch_1_1771371296\safe_input/0167.bmp -> G:\_vtf_scratch\vtf_out_1_1771371296\output/0167.png done
[23:35:49] [GPU] R:\vtf_batch_1_1771371296\safe_input/0170.bmp -> G:\_vtf_scratch\vtf_out_1_1771371296\output/0170.png done
[23:35:49] [GPU] R:\vtf_batch_1_1771371296\safe_input/0169.bmp -> G:\_vtf_scratch\vtf_out_1_1771371296\output/0169.png done
[23:35:50] [GPU] R:\vtf_batch_1_1771371296\safe_input/0171.bmp -> G:\_vtf_scratch\vtf_out_1_1771371296\output/0171.png done
[23:35:50] [GPU] R:\vtf_batch_1_1771371296\safe_input/0172.bmp -> G:\_vtf_scratch\vtf_out_1_1771371296\output/0172.png done
[23:35:50] [GPU] R:\vtf_batch_1_1771371296\safe_input/0174.bmp -> G:\_vtf_scratch\vtf_out_1_1771371296\output/0174.png done
[23:35:50] [GPU] R:\vtf_batch_1_1771371296\safe_input/0173.bmp -> G:\_vtf_scratch\vtf_out_1_1771371296\output/0173.png done
[23:35:51] [GPU] R:\vtf_batch_1_1771371296\safe_input/0175.bmp -> G:\_vtf_scratch\vtf_out_1_1771371296\output/0175.png done
[23:35:51] [GPU] R:\vtf_batch_1_1771371296\safe_input/0176.bmp -> G:\_vtf_scratch\vtf_out_1_1771371296\output/0176.png done
[23:35:51] [GPU] R:\vtf_batch_1_1771371296\safe_input/0178.bmp -> G:\_vtf_scratch\vtf_out_1_1771371296\output/0178.png done
[23:35:51] [GPU] R:\vtf_batch_1_1771371296\safe_input/0177.bmp -> G:\_vtf_scratch\vtf_out_1_1771371296\output/0177.png done
[23:35:52] [GPU] R:\vtf_batch_1_1771371296\safe_input/0179.bmp -> G:\_vtf_scratch\vtf_out_1_1771371296\output/0179.png done
[23:35:52] [GPU] R:\vtf_batch_1_1771371296\safe_input/0180.bmp -> G:\_vtf_scratch\vtf_out_1_1771371296\output/0180.png done
[23:35:52] [GPU] R:\vtf_batch_1_1771371296\safe_input/0182.bmp -> G:\_vtf_scratch\vtf_out_1_1771371296\output/0182.png done
[23:35:52] [GPU] R:\vtf_batch_1_1771371296\safe_input/0181.bmp -> G:\_vtf_scratch\vtf_out_1_1771371296\output/0181.png done
[23:35:53] [GPU] R:\vtf_batch_1_1771371296\safe_input/0184.bmp -> G:\_vtf_scratch\vtf_out_1_1771371296\output/0184.png done
[23:35:53] [GPU] R:\vtf_batch_1_1771371296\safe_input/0183.bmp -> G:\_vtf_scratch\vtf_out_1_1771371296\output/0183.png done
[23:35:53] [GPU] R:\vtf_batch_1_1771371296\safe_input/0186.bmp -> G:\_vtf_scratch\vtf_out_1_1771371296\output/0186.png done
[23:35:53] [GPU] R:\vtf_batch_1_1771371296\safe_input/0185.bmp -> G:\_vtf_scratch\vtf_out_1_1771371296\output/0185.png done
[23:35:53] [GPU] R:\vtf_batch_1_1771371296\safe_input/0193.bmp -> G:\_vtf_scratch\vtf_out_1_1771371296\output/0193.png done
[23:35:53] [GPU] R:\vtf_batch_1_1771371296\safe_input/0187.bmp -> G:\_vtf_scratch\vtf_out_1_1771371296\output/0187.png done
[23:35:56] ⚠ GPU batch 1: 1 files still dark after safe retry
[23:35:56] ✗ normal_8x8.vtf: AI output missing or corrupted
[23:35:56] ✗ visor.vtf: AI output missing or corrupted
[23:36:02] ✓ 2ab_helm.vtf: 512x512 → 4096x4096 [AI] (10.7MB)
[23:36:02] ✓ bacta_shell.vtf: 512x512 → 4096x4096 [AI] (10.7MB)
[23:36:03] ✓ gmbackpack.vtf: 512x512 → 4096x4096 [AI] (10.7MB)
[23:36:03] ✓ helmet.vtf: 512x512 → 4096x4096 [AI] (10.7MB)
[23:36:03] ✓ gmbackpack.vtf: 512x512 → 4096x4096 [AI] (10.7MB)
[23:36:03] ✓ helmet.vtf: 512x512 → 4096x4096 [AI] (10.7MB)
[23:36:03] ✓ helmet.vtf: 512x512 → 4096x4096 [AI] (10.7MB)
[23:36:03] ✓ p1facec.vtf: 512x512 → 4096x4096 [AI] (10.7MB)
[23:36:05] ✓ legs.vtf: 512x512 → 4096x4096 [AI] (10.7MB)
[23:36:07] ✓ p3pilot.vtf: 512x512 → 4096x4096 [AI] (10.7MB)
[23:36:07] ✓ p3pilot2.vtf: 512x512 → 4096x4096 [AI] (10.7MB)
[23:36:07] ✓ arc_enlisted_gear1.vtf: 512x512 → 4096x4096 [AI] (10.7MB)
[23:36:07] ✓ commanderwolffedc15.vtf: 512x512 → 4096x4096 [AI] (10.7MB)
[23:36:07] ✓ helmet.vtf: 512x512 → 4096x4096 [AI] (10.7MB)
[23:36:08] ✓ helmet332.vtf: 512x512 → 4096x4096 [AI] (10.7MB)
[23:36:08] ⚠ pauldron.vtf: 512x512 → 4096x4096 [AI] (10.7MB) ⚠️ FLAT
[23:36:11] ✓ phase2helmet.vtf: 512x512 → 4096x4096 [AI] (10.7MB)
[23:36:11] ✓ body.vtf: 512x512 → 4096x4096 [AI] (10.7MB)
[23:36:11] ⚠ commanderwolffedc15_d.vtf: 512x512 → 4096x4096 [AI] (10.7MB) ⚠️ SUSPECT
[23:36:11] ⚠ commanderwolffedc15_d2.vtf: 512x512 → 4096x4096 [AI] (10.7MB) ⚠️ SUSPECT
[23:36:11] ✓ demopack.vtf: 512x512 → 4096x4096 [AI] (10.7MB)
[23:36:12] ✓ e22_lowres.vtf: 512x512 → 4096x4096 [AI] (10.7MB)
[23:36:12] ⚠ helm12.vtf: 512x512 → 4096x4096 [AI] (10.7MB) ⚠️ FLAT
[23:36:12] ✓ helm2.vtf: 512x512 → 4096x4096 [AI] (10.7MB)
[23:36:12] ✓ helm22.vtf: 512x512 → 4096x4096 [AI] (10.7MB)
[23:36:13] ✓ arf1.vtf: 512x512 → 4096x4096 [AI] (10.7MB)
[23:36:13] ✓ arf2.vtf: 512x512 → 4096x4096 [AI] (10.7MB)
[23:36:13] ✓ arf3.vtf: 512x512 → 4096x4096 [AI] (10.7MB)
[23:36:17] ✓ phase2helmet.vtf: 512x512 → 4096x4096 [AI] (10.7MB)
[23:36:17] ✓ skirt.vtf: 512x512 → 4096x4096 [AI] (10.7MB)
[23:36:17] ✓ flamethrower.vtf: 512x512 → 4096x4096 [AI] (10.7MB)
[23:36:17] ✓ barrettsaber.vtf: 512x512 → 4096x4096 [AI] (10.7MB)
[23:36:17] ✓ visor.vtf: 128x64 → 4096x2048 [AI] (10.7MB)
[23:36:17] ✓ p1_helmet.vtf: 512x256 → 4096x2048 [AI] (10.7MB)
[23:36:17] ⚠ pauldron.vtf: 256x512 → 2048x4096 [AI] (10.7MB) ⚠️ FLAT
[23:36:17] ✓ evo_face.vtf: 512x512 → 4096x4096 [AI] (10.7MB)
[23:36:17] ✓ evo_face1.vtf: 512x512 → 4096x4096 [AI] (10.7MB)
[23:36:17] ✓ evo_face2.vtf: 512x512 → 4096x4096 [AI] (10.7MB)
[23:36:18] ✓ evo_face3.vtf: 512x512 → 4096x4096 [AI] (10.7MB)
[23:36:18] ✓ evo_face4.vtf: 512x512 → 4096x4096 [AI] (10.7MB)
[23:36:21] ✓ 2abhelm.vtf: 512x512 → 4096x4096 [AI] (10.7MB)
[23:36:21] ✓ skirt.vtf: 512x512 → 4096x4096 [AI] (10.7MB)
[23:36:24] ✓ 2abhelm.vtf: 512x512 → 4096x4096 [AI] (10.7MB)
[23:36:24] ✓ enlleg.vtf: 512x512 → 4096x4096 [AI] (10.7MB)
[23:36:24] ✓ skirt.vtf: 512x512 → 4096x4096 [AI] (10.7MB)
[23:36:29] ✓ 2abhelm.vtf: 512x512 → 4096x4096 [AI] (10.7MB)
[23:36:29] ✓ 2abhelm.vtf: 512x512 → 4096x4096 [AI] (10.7MB)
[23:36:29] ✓ 2abhelm1.vtf: 512x512 → 4096x4096 [AI] (10.7MB)
[23:36:29] ✓ 2abhelm2.vtf: 512x512 → 4096x4096 [AI] (10.7MB)
[23:36:30] Generating AI preview with realesrgan-x4plus-anime...
[23:36:32] ✓ AI preview: AI (realesrgan-x4plus-anime)
[23:36:32] ✓ 2abhelm3.vtf: 512x512 → 4096x4096 [AI] (10.7MB)
[23:36:32] ✓ enlleg3.vtf: 512x512 → 4096x4096 [AI] (10.7MB)
[23:36:32] ✓ arf1.vtf: 512x512 → 4096x4096 [AI] (10.7MB)
[23:36:32] ✓ arf11.vtf: 512x512 → 4096x4096 [AI] (10.7MB)
[23:36:32] ✓ arf1.vtf: 512x512 → 4096x4096 [AI] (10.7MB)
[23:36:32] ✓ enlisted2.vtf: 512x512 → 4096x4096 [AI] (10.7MB)
[23:36:32] ✓ skirt.vtf: 512x512 → 4096x4096 [AI] (10.7MB)
[23:36:32] ✓ coat.vtf: 512x512 → 4096x4096 [AI] (10.7MB)
[23:36:32] ✓ engineer.vtf: 512x512 → 4096x4096 [AI] (10.7MB)
[23:36:32] ✓ ct_fbi_upperbody.vtf: 512x512 → 4096x4096 [AI] (10.7MB)
[23:36:37] ✓ shoulder.vtf: 512x512 → 4096x4096 [AI] (10.7MB)
[23:36:37] ✓ arc_enlisted_gear1.vtf: 512x512 → 4096x4096 [AI] (10.7MB)
[23:36:37] ✓ skirt.vtf: 512x512 → 4096x4096 [AI] (10.7MB)
[23:36:37] ✓ arc_enlisted_gear11.vtf: 512x512 → 4096x4096 [AI] (10.7MB)
[23:36:37] ✓ arf1.vtf: 512x512 → 4096x4096 [AI] (10.7MB)
[23:36:37] ✓ arf1.vtf: 512x512 → 4096x4096 [AI] (10.7MB)
[23:36:37] ✓ skirt.vtf: 512x512 → 4096x4096 [AI] (10.7MB)
[23:36:37] ✓ arc_enlisted_gear1.vtf: 512x512 → 4096x4096 [AI] (10.7MB)
[23:36:37] ✓ p15_helm.vtf: 512x512 → 4096x4096 [AI] (10.7MB)
[23:36:37] ✓ skirt.vtf: 512x512 → 4096x4096 [AI] (10.7MB)
[23:36:37] ✓ skirt.vtf: 512x512 → 4096x4096 [AI] (10.7MB)
[23:36:37] ✓ skirt.vtf: 512x512 → 4096x4096 [AI] (10.7MB)
[23:36:37] ✓ skirt.vtf: 512x512 → 4096x4096 [AI] (10.7MB)
[23:36:42] ✓ p1backpack.vtf: 512x512 → 4096x4096 [AI] (10.7MB)
[23:36:42] ✓ 327th shoulder.vtf: 512x512 → 4096x4096 [AI] (10.7MB)
[23:36:42] ✓ arcforearm.vtf: 512x512 → 4096x4096 [AI] (10.7MB)
[23:36:42] ✓ enlisted2.vtf: 512x512 → 4096x4096 [AI] (10.7MB)
[23:36:42] ✓ neyostrap.vtf: 512x512 → 4096x4096 [AI] (10.7MB)
[23:36:42] ⚠ pauldron.vtf: 512x512 → 4096x4096 [AI] (10.7MB) ⚠️ DARK
[23:36:44] ✓ p15_helm.vtf: 512x512 → 4096x4096 [AI] (10.7MB)
[23:36:45] ✓ p15_helm1.vtf: 512x512 → 4096x4096 [AI] (10.7MB)
[23:36:46] ✓ p15_helm2.vtf: 512x512 → 4096x4096 [AI] (10.7MB)
[23:36:46] ✓ p15_helm3.vtf: 512x512 → 4096x4096 [AI] (10.7MB)
[23:36:46] ✓ skirt.vtf: 512x512 → 4096x4096 [AI] (10.7MB)
[23:36:46] ✓ arc_enlisted_gear1.vtf: 512x512 → 4096x4096 [AI] (10.7MB)
[23:36:46] ✓ arc_enlisted_gear11.vtf: 512x512 → 4096x4096 [AI] (10.7MB)
[23:36:46] ✓ arc_enlisted_gear13.vtf: 512x512 → 4096x4096 [AI] (10.7MB)
[23:36:47] ✓ arc_enlisted_gear15.vtf: 512x512 → 4096x4096 [AI] (10.7MB)
[23:36:49] ✓ arc_enlisted_gear16.vtf: 512x512 → 4096x4096 [AI] (10.7MB)
[23:36:49] ✓ skirt1.vtf: 512x512 → 4096x4096 [AI] (10.7MB)
[23:36:49] ✓ skirt4.vtf: 512x512 → 4096x4096 [AI] (10.7MB)
[23:36:49] ✓ skirt6.vtf: 512x512 → 4096x4096 [AI] (10.7MB)
[23:36:51] ✓ arc_enlisted_gear1.vtf: 512x512 → 4096x4096 [AI] (10.7MB)
[23:36:51] ✓ arc_enlisted_gear11.vtf: 512x512 → 4096x4096 [AI] (10.7MB)
[23:36:51] ✓ arc_enlisted_gear12.vtf: 512x512 → 4096x4096 [AI] (10.7MB)
[23:36:53] ✓ p15_helm.vtf: 512x512 → 4096x4096 [AI] (10.7MB)
[23:36:54] ✓ p15_helm1.vtf: 512x512 → 4096x4096 [AI] (10.7MB)
[23:36:54] ✓ p15_helm2.vtf: 512x512 → 4096x4096 [AI] (10.7MB)
[23:36:55] ✓ p15_helm3.vtf: 512x512 → 4096x4096 [AI] (10.7MB)
[23:36:55] ✓ skirt.vtf: 512x512 → 4096x4096 [AI] (10.7MB)
[23:36:55] ✓ skirt1.vtf: 512x512 → 4096x4096 [AI] (10.7MB)
[23:36:55] ✓ skirt2.vtf: 512x512 → 4096x4096 [AI] (10.7MB)
[23:36:55] ✓ backpack.vtf: 512x512 → 4096x4096 [AI] (10.7MB)
[23:36:55] ✓ cloak.vtf: 512x512 → 4096x4096 [AI] (10.7MB)
[23:36:55] ✓ extra_pieces-2.vtf: 512x512 → 4096x4096 [AI] (10.7MB)
[23:36:55] ✓ skirt.vtf: 512x512 → 4096x4096 [AI] (10.7MB)
[23:37:00] ✓ 2abhelm.vtf: 512x512 → 4096x4096 [AI] (10.7MB)
[23:37:00] ✓ beehead.vtf: 512x512 → 4096x4096 [AI] (10.7MB)
[23:37:00] ✓ robotlegs.vtf: 512x512 → 4096x4096 [AI] (10.7MB)
[23:37:00] ✓ skirt.vtf: 512x512 → 4096x4096 [AI] (10.7MB)
[23:37:00] ⚠ 327th shoulder.vtf: 512x512 → 4096x4096 [AI] (10.7MB) ⚠️ FLAT
[23:37:00] ✓ 327th shoulder2.vtf: 512x512 → 4096x4096 [AI] (10.7MB)
[23:37:00] ✓ arc_enlisted_gear2.vtf: 512x512 → 4096x4096 [AI] (10.7MB)
[23:37:00] ✓ ct_fbi_upperbody.vtf: 512x512 → 4096x4096 [AI] (10.7MB)
[23:37:00] ✓ emiss.vtf: 512x512 → 4096x4096 [AI] (10.7MB)
[23:37:00] ✓ emiss1.vtf: 512x512 → 4096x4096 [AI] (10.7MB)
[23:37:00] ✓ limbs.vtf: 512x512 → 4096x4096 [AI] (10.7MB)
[23:37:00] ⚠ body2.vtf: 512x512 → 4096x4096 [AI] (10.7MB) ⚠️ SUSPECT
[23:37:00] ✓ f_face.vtf: 512x512 → 4096x4096 [AI] (10.7MB)
[23:37:00] ✓ hair.vtf: 512x512 → 4096x4096 [AI] (10.7MB)
[23:37:12] ✓ droid_b2.vtf: 512x512 → 4096x4096 [AI] (10.7MB)
[23:37:12] ✓ droid_b3.vtf: 512x512 → 4096x4096 [AI] (10.7MB)
[23:37:12] ✓ droid_b4.vtf: 512x512 → 4096x4096 [AI] (10.7MB)
[23:37:12] ✓ b2_body2.vtf: 512x512 → 4096x4096 [AI] (10.7MB)
[23:37:12] ✓ b2_body3.vtf: 512x512 → 4096x4096 [AI] (10.7MB)
[23:37:12] ✓ droid.vtf: 512x512 → 4096x4096 [AI] (10.7MB)
[23:37:12] ✓ droid2.vtf: 512x512 → 4096x4096 [AI] (10.7MB)
[23:37:12] ✓ droid3.vtf: 512x512 → 4096x4096 [AI] (10.7MB)
[23:37:14] ✓ droid4.vtf: 512x512 → 4096x4096 [AI] (10.7MB)
[23:37:19] ✓ fungal.vtf: 512x512 → 4096x4096 [AI] (10.7MB)
[23:37:19] ✓ fungalg.vtf: 512x512 → 4096x4096 [AI] (10.7MB)
[23:37:20] ✓ fungal.vtf: 512x512 → 4096x4096 [AI] (10.7MB)
[23:37:20] ✓ fungalg.vtf: 512x512 → 4096x4096 [AI] (10.7MB)
[23:37:22] ✓ phase2helmet.vtf: 512x512 → 4096x4096 [AI] (10.7MB)
[23:37:22] ✓ zomb.vtf: 512x512 → 4096x4096 [AI] (10.7MB)
[23:37:22] ✓ chestplate.vtf: 512x512 → 4096x4096 [AI] (10.7MB)
[23:37:22] ✓ chestplate1.vtf: 512x512 → 4096x4096 [AI] (10.7MB)
[23:37:22] ✓ evo_face.vtf: 512x512 → 4096x4096 [AI] (10.7MB)
[23:37:22] ✓ evo_face1.vtf: 512x512 → 4096x4096 [AI] (10.7MB)
[23:37:25] ✓ eweb_backpack.vtf: 512x512 → 4096x4096 [AI] (10.7MB)
[23:37:25] ⚠ legs.vtf: 512x512 → 4096x4096 [AI] (10.7MB) ⚠️ DARK
[23:37:25] ⚠ legs1.vtf: 512x512 → 4096x4096 [AI] (10.7MB) ⚠️ SUSPECT
[23:37:25] ✓ survivalbag.vtf: 512x512 → 4096x4096 [AI] (10.7MB)
[23:37:27] ✓ hair.vtf: 512x512 → 4096x4096 [AI] (10.7MB)
[23:37:27] ✓ coat.vtf: 512x512 → 4096x4096 [AI] (10.7MB)
[23:37:27] ✓ helmet.vtf: 512x512 → 4096x4096 [AI] (10.7MB)
[23:37:30] ✓ chagrian.vtf: 512x512 → 4096x4096 [AI] (10.7MB)
[23:37:30] ✓ mask.vtf: 512x512 → 4096x4096 [AI] (10.7MB)
[23:37:30] ✓ survivalbag.vtf: 512x512 → 4096x4096 [AI] (10.7MB)
[23:37:30] ⚠ wear_human_male_head_cloneseason4codyhelm_cody_c.vtf: 512x512 → 4096x4096 [AI] (10.7MB) ⚠️ DARK
[23:37:32] ✓ k16_bryar.vtf: 512x512 → 4096x4096 [AI] (10.7MB)
[23:37:32] ✓ vibroblade.vtf: 512x512 → 4096x4096 [AI] (10.7MB)
[23:37:32] ✓ arc_enlisted_gear1.vtf: 512x512 → 4096x4096 [AI] (10.7MB)
[23:37:32] ✓ skirt.vtf: 512x512 → 4096x4096 [AI] (10.7MB)
[23:37:32] ✓ helmet_pilot.vtf: 1024x512 → 4096x2048 [AI] (5.3MB)
[23:37:32] ✓ helmet_pilot1.vtf: 1024x512 → 4096x2048 [AI] (5.3MB)
[23:37:32] ✓ helmet_pilot2.vtf: 1024x512 → 4096x2048 [AI] (5.3MB)
[23:37:32] ✓ helmet_pilot3.vtf: 1024x512 → 4096x2048 [AI] (5.3MB)
[23:37:32] ✓ helmet_pilot4.vtf: 1024x512 → 4096x2048 [AI] (5.3MB)
[23:37:32] ✓ helmet_pilot.vtf: 1024x512 → 4096x2048 [AI] (5.3MB)
[23:37:33] ✓ helmet_pilot1.vtf: 1024x512 → 4096x2048 [AI] (5.3MB)
[23:37:33] ✓ helmet_pilot2.vtf: 1024x512 → 4096x2048 [AI] (5.3MB)
[23:37:33] ✓ helmet_pilot3.vtf: 1024x512 → 4096x2048 [AI] (5.3MB)
[23:37:33] ✓ helmet_pilot4.vtf: 1024x512 → 4096x2048 [AI] (5.3MB)
[23:37:33] ✓ helmet_pilot5.vtf: 1024x512 → 4096x2048 [AI] (5.3MB)
[23:37:33] ✓ helmet_pilot.vtf: 1024x512 → 4096x2048 [AI] (5.3MB)
[23:37:35] ✓ helmet_pilot.vtf: 1024x512 → 4096x2048 [AI] (5.3MB)
[23:37:35] ✓ helmet_pilot.vtf: 1024x512 → 4096x2048 [AI] (5.3MB)
[23:37:36] ✓ helmet_pilot1.vtf: 1024x512 → 4096x2048 [AI] (5.3MB)
[23:37:36] ⚠ helmet_pilot2.vtf: 1024x512 → 4096x2048 [AI] (5.3MB) ⚠️ FLAT
[23:37:36] ✓ helmet_pilot.vtf: 1024x512 → 4096x2048 [AI] (5.3MB)
[23:37:36] ✓ helmet_pilot1.vtf: 1024x512 → 4096x2048 [AI] (5.3MB)
[23:37:39] ✓ helmet_pilot2.vtf: 1024x512 → 4096x2048 [AI] (5.3MB)
[23:37:39] ✓ helmet_pilot.vtf: 1024x512 → 4096x2048 [AI] (5.3MB)
[23:37:39] ✓ helmet_pilot1.vtf: 1024x512 → 4096x2048 [AI] (5.3MB)
[23:37:39] ✓ helmet_pilot2.vtf: 1024x512 → 4096x2048 [AI] (5.3MB)
[23:37:39] ✓ helmet_pilot3.vtf: 1024x512 → 4096x2048 [AI] (5.3MB)
[23:37:39] ✓ helmet_pilot4.vtf: 1024x512 → 4096x2048 [AI] (5.3MB)
[23:37:39] ✓ helmet_pilot6.vtf: 1024x512 → 4096x2048 [AI] (5.3MB)
[23:37:39] ✓ helmet_pilot7.vtf: 1024x512 → 4096x2048 [AI] (5.3MB)
[23:37:39] ✓ helmet_pilot.vtf: 1024x512 → 4096x2048 [AI] (5.3MB)
[23:37:39] ✓ helmet_pilot1.vtf: 1024x512 → 4096x2048 [AI] (5.3MB)
[23:37:39] ✓ helmet_pilot2.vtf: 1024x512 → 4096x2048 [AI] (5.3MB)
[23:37:39] ✓ helmet_pilot3.vtf: 1024x512 → 4096x2048 [AI] (5.3MB)
[23:37:39] ✓ helmet_pilot4.vtf: 1024x512 → 4096x2048 [AI] (5.3MB)
[23:37:39] ✓ helmet_pilot5.vtf: 1024x512 → 4096x2048 [AI] (5.3MB)
[23:37:41] ✓ clonehead.vtf: 1024x512 → 4096x2048 [AI] (5.3MB)
[23:37:43] ✓ st_trooper_head.vtf: 512x512 → 4096x4096 [AI] (21.3MB)
[23:37:43] ✓ bacta.vtf: 128x128 → 4096x4096 [AI] (10.7MB)
[23:37:43] ✓ bacta.vtf: 128x128 → 4096x4096 [AI] (10.7MB)
[23:37:43] ✓ bacta.vtf: 128x128 → 4096x4096 [AI] (10.7MB)
[23:37:43] ✓ arc_enlisted_gear.vtf: 512x1024 → 2048x4096 [AI] (5.3MB)
[23:37:43] ✓ tex_0010_0.vtf: 1024x512 → 4096x2048 [AI] (5.3MB)
[23:37:43] ✓ phase2armorsep.vtf: 512x1024 → 2048x4096 [AI] (5.3MB)
[23:37:43] ⚠ commanderwolffe.vtf: 512x1024 → 2048x4096 [AI] (5.3MB) ⚠️ SUSPECT
[23:37:44] ✓ fabric.vtf: 512x1024 → 2048x4096 [AI] (5.3MB)
[23:37:44] ⚠ commanderwolffedc15.vtf: 512x1024 → 2048x4096 [AI] (5.3MB) ⚠️ SUSPECT
[23:37:44] ✓ phase1trooperbackpack1.vtf: 512x1024 → 2048x4096 [AI] (5.3MB)
[23:37:44] ✓ arc_enlisted_gear1.vtf: 512x512 → 4096x4096 [AI] (21.3MB)
[23:37:45] 📦 Batch 2/2 (128 files)...
[23:37:45] [GPU] [Split] Pass 1: 10 normal images (tile=1024)
[23:37:45] [GPU] [0 NVIDIA GeForce RTX 4080 SUPER]  queueC=2[8]  queueT=1[2]
[23:37:45] [GPU] [0 NVIDIA GeForce RTX 4080 SUPER]  fp16-p/s/u/a=1/1/1/1  int8-p/s/u/a=1/1/1/1  bf16-p/s=1/1
[23:37:45] [GPU] [0 NVIDIA GeForce RTX 4080 SUPER]  subgroup=32(32~32)  ops=1/1/1/1/1/1/1/1/1/1
[23:37:45] [GPU] [0 NVIDIA GeForce RTX 4080 SUPER]  fp16-cm=16x16x16/16x8x16/16x8x8  int8-cm=16x16x32/16x8x32  bf16-cm=16x16x16  fp8-cm=16x16x32
[23:37:45] [GPU] [1 AMD Radeon(TM) Graphics]  queueC=1[2]  queueT=2[1]
[23:37:45] [GPU] [1 AMD Radeon(TM) Graphics]  fp16-p/s/u/a=1/1/1/1  int8-p/s/u/a=1/1/1/1  bf16-p/s=1/0
[23:37:45] [GPU] [1 AMD Radeon(TM) Graphics]  subgroup=64(32~64)  ops=1/1/1/1/1/1/1/1/0/0
[23:37:45] [GPU] [1 AMD Radeon(TM) Graphics]  fp16-cm=0  int8-cm=0  bf16-cm=0  fp8-cm=0
[23:37:47] [GPU] R:\_batch_NORMAL/0000.bmp -> G:\_vtf_scratch\vtf_out_2_1771371465\output/0000.png done
[23:37:47] [GPU] R:\_batch_NORMAL/0001.bmp -> G:\_vtf_scratch\vtf_out_2_1771371465\output/0001.png done
[23:37:47] [GPU] R:\_batch_NORMAL/0002.bmp -> G:\_vtf_scratch\vtf_out_2_1771371465\output/0002.png done
[23:37:47] [GPU] R:\_batch_NORMAL/0003.bmp -> G:\_vtf_scratch\vtf_out_2_1771371465\output/0003.png done
[23:37:47] [GPU] R:\_batch_NORMAL/0005.bmp -> G:\_vtf_scratch\vtf_out_2_1771371465\output/0005.png done
[23:37:47] [GPU] R:\_batch_NORMAL/0004.bmp -> G:\_vtf_scratch\vtf_out_2_1771371465\output/0004.png done
[23:37:47] ⚠ GPU: vkAllocateMemory failed -2
[23:37:47] [GPU] R:\_batch_NORMAL/0006.bmp -> G:\_vtf_scratch\vtf_out_2_1771371465\output/0006.png done
[23:37:47] [GPU] R:\_batch_NORMAL/0007.bmp -> G:\_vtf_scratch\vtf_out_2_1771371465\output/0007.png done
[23:37:47] [GPU] R:\_batch_NORMAL/0008.bmp -> G:\_vtf_scratch\vtf_out_2_1771371465\output/0008.png done
[23:37:47] [GPU] R:\_batch_NORMAL/0047.bmp -> G:\_vtf_scratch\vtf_out_2_1771371465\output/0047.png done
[23:37:53] [GPU] [Split] Pass 2: 118 tall images (tile=512, height>=1024)
[23:37:53] [GPU] [0 NVIDIA GeForce RTX 4080 SUPER]  queueC=2[8]  queueT=1[2]
[23:37:53] [GPU] [0 NVIDIA GeForce RTX 4080 SUPER]  fp16-p/s/u/a=1/1/1/1  int8-p/s/u/a=1/1/1/1  bf16-p/s=1/1
[23:37:53] [GPU] [0 NVIDIA GeForce RTX 4080 SUPER]  subgroup=32(32~32)  ops=1/1/1/1/1/1/1/1/1/1
[23:37:53] [GPU] [0 NVIDIA GeForce RTX 4080 SUPER]  fp16-cm=16x16x16/16x8x16/16x8x8  int8-cm=16x16x32/16x8x32  bf16-cm=16x16x16  fp8-cm=16x16x32
[23:37:53] [GPU] [1 AMD Radeon(TM) Graphics]  queueC=1[2]  queueT=2[1]
[23:37:53] [GPU] [1 AMD Radeon(TM) Graphics]  fp16-p/s/u/a=1/1/1/1  int8-p/s/u/a=1/1/1/1  bf16-p/s=1/0
[23:37:53] [GPU] [1 AMD Radeon(TM) Graphics]  subgroup=64(32~64)  ops=1/1/1/1/1/1/1/1/0/0
[23:37:53] [GPU] [1 AMD Radeon(TM) Graphics]  fp16-cm=0  int8-cm=0  bf16-cm=0  fp8-cm=0
[23:37:54] [GPU] R:\_batch_TALL/0009.bmp -> G:\_vtf_scratch\vtf_out_2_1771371465\output/0009.png done
[23:37:56] [GPU] R:\_batch_TALL/0010.bmp -> G:\_vtf_scratch\vtf_out_2_1771371465\output/0010.png done
[23:37:56] [GPU] R:\_batch_TALL/0012.bmp -> G:\_vtf_scratch\vtf_out_2_1771371465\output/0012.png done
[23:37:57] [GPU] R:\_batch_TALL/0014.bmp -> G:\_vtf_scratch\vtf_out_2_1771371465\output/0014.png done
[23:37:57] [GPU] R:\_batch_TALL/0011.bmp -> G:\_vtf_scratch\vtf_out_2_1771371465\output/0011.png done
[23:37:58] [GPU] R:\_batch_TALL/0016.bmp -> G:\_vtf_scratch\vtf_out_2_1771371465\output/0016.png done
[23:37:58] [GPU] R:\_batch_TALL/0013.bmp -> G:\_vtf_scratch\vtf_out_2_1771371465\output/0013.png done
[23:37:59] [GPU] R:\_batch_TALL/0015.bmp -> G:\_vtf_scratch\vtf_out_2_1771371465\output/0015.png done
[23:37:59] [GPU] R:\_batch_TALL/0018.bmp -> G:\_vtf_scratch\vtf_out_2_1771371465\output/0018.png done
[23:38:00] [GPU] R:\_batch_TALL/0020.bmp -> G:\_vtf_scratch\vtf_out_2_1771371465\output/0020.png done
[23:38:00] [GPU] R:\_batch_TALL/0017.bmp -> G:\_vtf_scratch\vtf_out_2_1771371465\output/0017.png done
[23:38:01] [GPU] R:\_batch_TALL/0019.bmp -> G:\_vtf_scratch\vtf_out_2_1771371465\output/0019.png done
[23:38:02] [GPU] R:\_batch_TALL/0022.bmp -> G:\_vtf_scratch\vtf_out_2_1771371465\output/0022.png done
[23:38:03] [GPU] R:\_batch_TALL/0024.bmp -> G:\_vtf_scratch\vtf_out_2_1771371465\output/0024.png done
[23:38:03] [GPU] R:\_batch_TALL/0021.bmp -> G:\_vtf_scratch\vtf_out_2_1771371465\output/0021.png done
[23:38:04] [GPU] R:\_batch_TALL/0026.bmp -> G:\_vtf_scratch\vtf_out_2_1771371465\output/0026.png done
[23:38:04] [GPU] R:\_batch_TALL/0023.bmp -> G:\_vtf_scratch\vtf_out_2_1771371465\output/0023.png done
[23:38:05] [GPU] R:\_batch_TALL/0025.bmp -> G:\_vtf_scratch\vtf_out_2_1771371465\output/0025.png done
[23:38:05] [GPU] R:\_batch_TALL/0028.bmp -> G:\_vtf_scratch\vtf_out_2_1771371465\output/0028.png done
[23:38:06] [GPU] R:\_batch_TALL/0027.bmp -> G:\_vtf_scratch\vtf_out_2_1771371465\output/0027.png done
[23:38:06] [GPU] R:\_batch_TALL/0030.bmp -> G:\_vtf_scratch\vtf_out_2_1771371465\output/0030.png done
[23:38:07] [GPU] R:\_batch_TALL/0029.bmp -> G:\_vtf_scratch\vtf_out_2_1771371465\output/0029.png done
[23:38:07] [GPU] R:\_batch_TALL/0032.bmp -> G:\_vtf_scratch\vtf_out_2_1771371465\output/0032.png done
[23:38:09] [GPU] R:\_batch_TALL/0034.bmp -> G:\_vtf_scratch\vtf_out_2_1771371465\output/0034.png done
[23:38:09] [GPU] R:\_batch_TALL/0031.bmp -> G:\_vtf_scratch\vtf_out_2_1771371465\output/0031.png done
[23:38:10] [GPU] R:\_batch_TALL/0036.bmp -> G:\_vtf_scratch\vtf_out_2_1771371465\output/0036.png done
[23:38:10] [GPU] R:\_batch_TALL/0033.bmp -> G:\_vtf_scratch\vtf_out_2_1771371465\output/0033.png done
[23:38:11] [GPU] R:\_batch_TALL/0038.bmp -> G:\_vtf_scratch\vtf_out_2_1771371465\output/0038.png done
[23:38:11] [GPU] R:\_batch_TALL/0035.bmp -> G:\_vtf_scratch\vtf_out_2_1771371465\output/0035.png done
[23:38:12] [GPU] R:\_batch_TALL/0037.bmp -> G:\_vtf_scratch\vtf_out_2_1771371465\output/0037.png done
[23:38:12] [GPU] R:\_batch_TALL/0040.bmp -> G:\_vtf_scratch\vtf_out_2_1771371465\output/0040.png done
[23:38:13] [GPU] R:\_batch_TALL/0042.bmp -> G:\_vtf_scratch\vtf_out_2_1771371465\output/0042.png done
[23:38:13] [GPU] R:\_batch_TALL/0039.bmp -> G:\_vtf_scratch\vtf_out_2_1771371465\output/0039.png done
[23:38:14] [GPU] R:\_batch_TALL/0041.bmp -> G:\_vtf_scratch\vtf_out_2_1771371465\output/0041.png done
[23:38:15] [GPU] R:\_batch_TALL/0044.bmp -> G:\_vtf_scratch\vtf_out_2_1771371465\output/0044.png done
[23:38:16] [GPU] R:\_batch_TALL/0043.bmp -> G:\_vtf_scratch\vtf_out_2_1771371465\output/0043.png done
[23:38:16] [GPU] R:\_batch_TALL/0046.bmp -> G:\_vtf_scratch\vtf_out_2_1771371465\output/0046.png done
[23:38:17] [GPU] R:\_batch_TALL/0049.bmp -> G:\_vtf_scratch\vtf_out_2_1771371465\output/0049.png done
[23:38:17] [GPU] R:\_batch_TALL/0045.bmp -> G:\_vtf_scratch\vtf_out_2_1771371465\output/0045.png done
[23:38:18] [GPU] R:\_batch_TALL/0048.bmp -> G:\_vtf_scratch\vtf_out_2_1771371465\output/0048.png done
[23:38:18] [GPU] R:\_batch_TALL/0051.bmp -> G:\_vtf_scratch\vtf_out_2_1771371465\output/0051.png done
[23:38:19] [GPU] R:\_batch_TALL/0050.bmp -> G:\_vtf_scratch\vtf_out_2_1771371465\output/0050.png done
[23:38:19] [GPU] R:\_batch_TALL/0053.bmp -> G:\_vtf_scratch\vtf_out_2_1771371465\output/0053.png done
[23:38:20] [GPU] R:\_batch_TALL/0055.bmp -> G:\_vtf_scratch\vtf_out_2_1771371465\output/0055.png done
[23:38:21] [GPU] R:\_batch_TALL/0052.bmp -> G:\_vtf_scratch\vtf_out_2_1771371465\output/0052.png done
[23:38:22] [GPU] R:\_batch_TALL/0057.bmp -> G:\_vtf_scratch\vtf_out_2_1771371465\output/0057.png done
[23:38:22] [GPU] R:\_batch_TALL/0054.bmp -> G:\_vtf_scratch\vtf_out_2_1771371465\output/0054.png done
[23:38:23] [GPU] R:\_batch_TALL/0056.bmp -> G:\_vtf_scratch\vtf_out_2_1771371465\output/0056.png done
[23:38:23] [GPU] R:\_batch_TALL/0059.bmp -> G:\_vtf_scratch\vtf_out_2_1771371465\output/0059.png done
[23:38:24] [GPU] R:\_batch_TALL/0061.bmp -> G:\_vtf_scratch\vtf_out_2_1771371465\output/0061.png done
[23:38:24] [GPU] R:\_batch_TALL/0058.bmp -> G:\_vtf_scratch\vtf_out_2_1771371465\output/0058.png done
[23:38:25] [GPU] R:\_batch_TALL/0060.bmp -> G:\_vtf_scratch\vtf_out_2_1771371465\output/0060.png done
[23:38:25] [GPU] R:\_batch_TALL/0063.bmp -> G:\_vtf_scratch\vtf_out_2_1771371465\output/0063.png done
[23:38:26] [GPU] R:\_batch_TALL/0065.bmp -> G:\_vtf_scratch\vtf_out_2_1771371465\output/0065.png done
[23:38:26] [GPU] R:\_batch_TALL/0062.bmp -> G:\_vtf_scratch\vtf_out_2_1771371465\output/0062.png done
[23:38:27] [GPU] R:\_batch_TALL/0067.bmp -> G:\_vtf_scratch\vtf_out_2_1771371465\output/0067.png done
[23:38:27] [GPU] R:\_batch_TALL/0064.bmp -> G:\_vtf_scratch\vtf_out_2_1771371465\output/0064.png done
[23:38:29] [GPU] R:\_batch_TALL/0066.bmp -> G:\_vtf_scratch\vtf_out_2_1771371465\output/0066.png done
[23:38:29] [GPU] R:\_batch_TALL/0069.bmp -> G:\_vtf_scratch\vtf_out_2_1771371465\output/0069.png done
[23:38:30] [GPU] R:\_batch_TALL/0068.bmp -> G:\_vtf_scratch\vtf_out_2_1771371465\output/0068.png done
[23:38:30] [GPU] R:\_batch_TALL/0071.bmp -> G:\_vtf_scratch\vtf_out_2_1771371465\output/0071.png done
[23:38:31] [GPU] R:\_batch_TALL/0073.bmp -> G:\_vtf_scratch\vtf_out_2_1771371465\output/0073.png done
[23:38:31] [GPU] R:\_batch_TALL/0070.bmp -> G:\_vtf_scratch\vtf_out_2_1771371465\output/0070.png done
[23:38:32] [GPU] R:\_batch_TALL/0075.bmp -> G:\_vtf_scratch\vtf_out_2_1771371465\output/0075.png done
[23:38:32] [GPU] R:\_batch_TALL/0072.bmp -> G:\_vtf_scratch\vtf_out_2_1771371465\output/0072.png done
[23:38:33] [GPU] R:\_batch_TALL/0077.bmp -> G:\_vtf_scratch\vtf_out_2_1771371465\output/0077.png done
[23:38:33] [GPU] R:\_batch_TALL/0074.bmp -> G:\_vtf_scratch\vtf_out_2_1771371465\output/0074.png done
[23:38:34] [GPU] R:\_batch_TALL/0079.bmp -> G:\_vtf_scratch\vtf_out_2_1771371465\output/0079.png done
[23:38:34] [GPU] R:\_batch_TALL/0076.bmp -> G:\_vtf_scratch\vtf_out_2_1771371465\output/0076.png done
[23:38:36] [GPU] R:\_batch_TALL/0078.bmp -> G:\_vtf_scratch\vtf_out_2_1771371465\output/0078.png done
[23:38:36] [GPU] R:\_batch_TALL/0081.bmp -> G:\_vtf_scratch\vtf_out_2_1771371465\output/0081.png done
[23:38:37] [GPU] R:\_batch_TALL/0080.bmp -> G:\_vtf_scratch\vtf_out_2_1771371465\output/0080.png done
[23:38:37] [GPU] R:\_batch_TALL/0083.bmp -> G:\_vtf_scratch\vtf_out_2_1771371465\output/0083.png done
[23:38:38] [GPU] R:\_batch_TALL/0082.bmp -> G:\_vtf_scratch\vtf_out_2_1771371465\output/0082.png done
[23:38:38] [GPU] R:\_batch_TALL/0085.bmp -> G:\_vtf_scratch\vtf_out_2_1771371465\output/0085.png done
[23:38:39] [GPU] R:\_batch_TALL/0084.bmp -> G:\_vtf_scratch\vtf_out_2_1771371465\output/0084.png done
[23:38:39] [GPU] R:\_batch_TALL/0087.bmp -> G:\_vtf_scratch\vtf_out_2_1771371465\output/0087.png done
[23:38:40] [GPU] R:\_batch_TALL/0086.bmp -> G:\_vtf_scratch\vtf_out_2_1771371465\output/0086.png done
[23:38:40] [GPU] R:\_batch_TALL/0089.bmp -> G:\_vtf_scratch\vtf_out_2_1771371465\output/0089.png done
[23:38:42] [GPU] R:\_batch_TALL/0091.bmp -> G:\_vtf_scratch\vtf_out_2_1771371465\output/0091.png done
[23:38:42] [GPU] R:\_batch_TALL/0088.bmp -> G:\_vtf_scratch\vtf_out_2_1771371465\output/0088.png done
[23:38:43] [GPU] R:\_batch_TALL/0093.bmp -> G:\_vtf_scratch\vtf_out_2_1771371465\output/0093.png done
[23:38:43] [GPU] R:\_batch_TALL/0090.bmp -> G:\_vtf_scratch\vtf_out_2_1771371465\output/0090.png done
[23:38:44] [GPU] R:\_batch_TALL/0095.bmp -> G:\_vtf_scratch\vtf_out_2_1771371465\output/0095.png done
[23:38:44] [GPU] R:\_batch_TALL/0092.bmp -> G:\_vtf_scratch\vtf_out_2_1771371465\output/0092.png done
[23:38:45] [GPU] R:\_batch_TALL/0094.bmp -> G:\_vtf_scratch\vtf_out_2_1771371465\output/0094.png done
[23:38:45] [GPU] R:\_batch_TALL/0097.bmp -> G:\_vtf_scratch\vtf_out_2_1771371465\output/0097.png done
[23:38:46] [GPU] R:\_batch_TALL/0096.bmp -> G:\_vtf_scratch\vtf_out_2_1771371465\output/0096.png done
[23:38:46] [GPU] R:\_batch_TALL/0099.bmp -> G:\_vtf_scratch\vtf_out_2_1771371465\output/0099.png done
[23:38:47] [GPU] R:\_batch_TALL/0101.bmp -> G:\_vtf_scratch\vtf_out_2_1771371465\output/0101.png done
[23:38:47] [GPU] R:\_batch_TALL/0098.bmp -> G:\_vtf_scratch\vtf_out_2_1771371465\output/0098.png done
[23:38:48] [GPU] R:\_batch_TALL/0103.bmp -> G:\_vtf_scratch\vtf_out_2_1771371465\output/0103.png done
[23:38:49] [GPU] R:\_batch_TALL/0100.bmp -> G:\_vtf_scratch\vtf_out_2_1771371465\output/0100.png done
[23:38:49] [GPU] R:\_batch_TALL/0102.bmp -> G:\_vtf_scratch\vtf_out_2_1771371465\output/0102.png done
[23:38:50] [GPU] R:\_batch_TALL/0105.bmp -> G:\_vtf_scratch\vtf_out_2_1771371465\output/0105.png done
[23:38:50] [GPU] R:\_batch_TALL/0104.bmp -> G:\_vtf_scratch\vtf_out_2_1771371465\output/0104.png done
[23:38:51] [GPU] R:\_batch_TALL/0107.bmp -> G:\_vtf_scratch\vtf_out_2_1771371465\output/0107.png done
[23:38:52] [GPU] R:\_batch_TALL/0106.bmp -> G:\_vtf_scratch\vtf_out_2_1771371465\output/0106.png done
[23:38:52] [GPU] R:\_batch_TALL/0109.bmp -> G:\_vtf_scratch\vtf_out_2_1771371465\output/0109.png done
[23:38:53] [GPU] R:\_batch_TALL/0108.bmp -> G:\_vtf_scratch\vtf_out_2_1771371465\output/0108.png done
[23:38:53] [GPU] R:\_batch_TALL/0111.bmp -> G:\_vtf_scratch\vtf_out_2_1771371465\output/0111.png done
[23:38:54] [GPU] R:\_batch_TALL/0113.bmp -> G:\_vtf_scratch\vtf_out_2_1771371465\output/0113.png done
[23:38:54] [GPU] R:\_batch_TALL/0110.bmp -> G:\_vtf_scratch\vtf_out_2_1771371465\output/0110.png done
[23:38:56] [GPU] R:\_batch_TALL/0115.bmp -> G:\_vtf_scratch\vtf_out_2_1771371465\output/0115.png done
[23:38:56] [GPU] R:\_batch_TALL/0112.bmp -> G:\_vtf_scratch\vtf_out_2_1771371465\output/0112.png done
[23:38:57] [GPU] R:\_batch_TALL/0114.bmp -> G:\_vtf_scratch\vtf_out_2_1771371465\output/0114.png done
[23:38:57] [GPU] R:\_batch_TALL/0117.bmp -> G:\_vtf_scratch\vtf_out_2_1771371465\output/0117.png done
[23:38:58] [GPU] R:\_batch_TALL/0116.bmp -> G:\_vtf_scratch\vtf_out_2_1771371465\output/0116.png done
[23:38:58] [GPU] R:\_batch_TALL/0119.bmp -> G:\_vtf_scratch\vtf_out_2_1771371465\output/0119.png done
[23:38:59] [GPU] R:\_batch_TALL/0118.bmp -> G:\_vtf_scratch\vtf_out_2_1771371465\output/0118.png done
[23:38:59] [GPU] R:\_batch_TALL/0121.bmp -> G:\_vtf_scratch\vtf_out_2_1771371465\output/0121.png done
[23:39:00] [GPU] R:\_batch_TALL/0123.bmp -> G:\_vtf_scratch\vtf_out_2_1771371465\output/0123.png done
[23:39:00] [GPU] R:\_batch_TALL/0120.bmp -> G:\_vtf_scratch\vtf_out_2_1771371465\output/0120.png done
[23:39:01] [GPU] R:\_batch_TALL/0125.bmp -> G:\_vtf_scratch\vtf_out_2_1771371465\output/0125.png done
[23:39:02] [GPU] R:\_batch_TALL/0122.bmp -> G:\_vtf_scratch\vtf_out_2_1771371465\output/0122.png done
[23:39:03] [GPU] R:\_batch_TALL/0124.bmp -> G:\_vtf_scratch\vtf_out_2_1771371465\output/0124.png done
[23:39:03] [GPU] R:\_batch_TALL/0127.bmp -> G:\_vtf_scratch\vtf_out_2_1771371465\output/0127.png done
[23:39:03] [GPU] R:\_batch_TALL/0126.bmp -> G:\_vtf_scratch\vtf_out_2_1771371465\output/0126.png done
[23:39:14] ⚠ GPU batch 2: 5 corrupted outputs detected — re-processing with safe settings...
[23:39:16] [GPU] [0 NVIDIA GeForce RTX 4080 SUPER]  queueC=2[8]  queueT=1[2]
[23:39:16] [GPU] [0 NVIDIA GeForce RTX 4080 SUPER]  fp16-p/s/u/a=1/1/1/1  int8-p/s/u/a=1/1/1/1  bf16-p/s=1/1
[23:39:16] [GPU] [0 NVIDIA GeForce RTX 4080 SUPER]  subgroup=32(32~32)  ops=1/1/1/1/1/1/1/1/1/1
[23:39:16] [GPU] [0 NVIDIA GeForce RTX 4080 SUPER]  fp16-cm=16x16x16/16x8x16/16x8x8  int8-cm=16x16x32/16x8x32  bf16-cm=16x16x16  fp8-cm=16x16x32
[23:39:16] [GPU] [1 AMD Radeon(TM) Graphics]  queueC=1[2]  queueT=2[1]
[23:39:16] [GPU] [1 AMD Radeon(TM) Graphics]  fp16-p/s/u/a=1/1/1/1  int8-p/s/u/a=1/1/1/1  bf16-p/s=1/0
[23:39:16] [GPU] [1 AMD Radeon(TM) Graphics]  subgroup=64(32~64)  ops=1/1/1/1/1/1/1/1/0/0
[23:39:16] [GPU] [1 AMD Radeon(TM) Graphics]  fp16-cm=0  int8-cm=0  bf16-cm=0  fp8-cm=0
[23:39:18] [GPU] R:\vtf_batch_2_1771371296\safe_input/0003.bmp -> G:\_vtf_scratch\vtf_out_2_1771371465\output/0003.png done
[23:39:18] [GPU] R:\vtf_batch_2_1771371296\safe_input/0008.bmp -> G:\_vtf_scratch\vtf_out_2_1771371465\output/0008.png done
[23:39:18] [GPU] R:\vtf_batch_2_1771371296\safe_input/0009.bmp -> G:\_vtf_scratch\vtf_out_2_1771371465\output/0009.png done
[23:39:18] [GPU] R:\vtf_batch_2_1771371296\safe_input/0047.bmp -> G:\_vtf_scratch\vtf_out_2_1771371465\output/0047.png done
[23:39:19] [GPU] R:\vtf_batch_2_1771371296\safe_input/0101.bmp -> G:\_vtf_scratch\vtf_out_2_1771371465\output/0101.png done
[23:39:20] ✓ GPU batch 2: 5 files re-processed with safe settings
[23:39:25] ✓ p15_helm.vtf: 512x512 → 4096x4096 [AI] (21.3MB)
[23:39:25] ✓ arc_enlisted_helmet.vtf: 512x512 → 4096x4096 [AI] (21.3MB)
[23:39:25] ✓ helmet2.vtf: 512x512 → 4096x4096 [AI] (21.3MB)
[23:39:25] ⚠ pauldron2.vtf: 512x512 → 4096x4096 [AI] (21.3MB) ⚠️ FLAT
[23:39:27] ✓ phase2helmet2.vtf: 512x512 → 4096x4096 [AI] (21.3MB)
[23:39:27] ✓ innie_scarf.vtf: 512x512 → 4096x4096 [AI] (21.3MB)
[23:39:27] ✓ cape.vtf: 512x512 → 4096x4096 [AI] (21.3MB)
[23:39:27] ✓ helm.vtf: 512x512 → 4096x4096 [AI] (21.3MB)
[23:39:27] ✓ tex_0010_0.vtf: 1024x512 → 4096x2048 [AI] (10.7MB)
[23:39:27] ⚠ phase2armorsep.vtf: 512x1024 → 2048x4096 [AI] (10.7MB) ⚠️ FLAT
[23:39:34] ✓ enlisted2.vtf: 1024x1024 → 4096x4096 [AI] (10.7MB)
[23:39:35] ✓ enlisted3.vtf: 1024x1024 → 4096x4096 [AI] (10.7MB)
[23:39:35] ✓ enlisted.vtf: 1024x1024 → 4096x4096 [AI] (10.7MB)
[23:39:38] ✓ enlisted.vtf: 1024x1024 → 4096x4096 [AI] (10.7MB)
[23:39:38] ✓ enlisted.vtf: 1024x1024 → 4096x4096 [AI] (10.7MB)
[23:39:38] ✓ enlisted.vtf: 1024x1024 → 4096x4096 [AI] (10.7MB)
[23:39:38] ✓ enlisted.vtf: 1024x1024 → 4096x4096 [AI] (10.7MB)
[23:39:38] ✓ enlisted2.vtf: 1024x1024 → 4096x4096 [AI] (10.7MB)
[23:39:48] ✓ enlisted.vtf: 1024x1024 → 4096x4096 [AI] (10.7MB)
[23:39:48] ✓ enlisted.vtf: 1024x1024 → 4096x4096 [AI] (10.7MB)
[23:39:48] ✓ enlisted2.vtf: 1024x1024 → 4096x4096 [AI] (10.7MB)
[23:39:48] ✓ enlisted.vtf: 1024x1024 → 4096x4096 [AI] (10.7MB)
[23:39:48] ✓ enlisted.vtf: 1024x1024 → 4096x4096 [AI] (10.7MB)
[23:39:48] ✓ enlisted.vtf: 1024x1024 → 4096x4096 [AI] (10.7MB)
[23:39:48] ✓ enlisted.vtf: 1024x1024 → 4096x4096 [AI] (10.7MB)
[23:39:48] ✓ enlisted.vtf: 1024x1024 → 4096x4096 [AI] (10.7MB)
[23:39:48] ✓ enlisted.vtf: 1024x1024 → 4096x4096 [AI] (10.7MB)
[23:39:49] ✓ enlisted.vtf: 1024x1024 → 4096x4096 [AI] (10.7MB)
[23:39:52] ✓ enlisted.vtf: 1024x1024 → 4096x4096 [AI] (10.7MB)
[23:39:52] ✓ enlisted1.vtf: 1024x1024 → 4096x4096 [AI] (10.7MB)
[23:39:57] ✓ enlisted.vtf: 1024x1024 → 4096x4096 [AI] (10.7MB)
[23:39:58] ✓ officer.vtf: 1024x1024 → 4096x4096 [AI] (10.7MB)
[23:39:58] ✓ enlisted.vtf: 1024x1024 → 4096x4096 [AI] (10.7MB)
[23:40:02] ✓ enlisted.vtf: 1024x1024 → 4096x4096 [AI] (10.7MB)
[23:40:02] ✓ enlisted.vtf: 1024x1024 → 4096x4096 [AI] (10.7MB)
[23:40:02] ✓ enlisted1.vtf: 1024x1024 → 4096x4096 [AI] (10.7MB)
[23:40:02] ✓ enlisted2.vtf: 1024x1024 → 4096x4096 [AI] (10.7MB)
[23:40:02] ✓ enlisted.vtf: 1024x1024 → 4096x4096 [AI] (10.7MB)
[23:40:04] ✓ enlisted.vtf: 1024x1024 → 4096x4096 [AI] (10.7MB)
[23:40:11] ✓ enlisted2.vtf: 1024x1024 → 4096x4096 [AI] (10.7MB)
[23:40:11] ✓ enlisted.vtf: 1024x1024 → 4096x4096 [AI] (10.7MB)
[23:40:11] ✓ officer.vtf: 1024x1024 → 4096x4096 [AI] (10.7MB)
[23:40:11] ✓ officer.vtf: 1024x1024 → 4096x4096 [AI] (10.7MB)
[23:40:11] ✓ phase2armorsep.vtf: 1024x1024 → 4096x4096 [AI] (10.7MB)
[23:40:13] ✓ enlisted.vtf: 1024x1024 → 4096x4096 [AI] (10.7MB)
[23:40:13] ✓ officer.vtf: 1024x1024 → 4096x4096 [AI] (10.7MB)
[23:40:18] ✓ enlisted.vtf: 1024x1024 → 4096x4096 [AI] (10.7MB)
[23:40:18] ✓ clonehead.vtf: 1024x512 → 4096x2048 [AI] (10.7MB)
[23:40:18] ✓ enlisted.vtf: 1024x1024 → 4096x4096 [AI] (10.7MB)
[23:40:19] ✓ enlisted1.vtf: 1024x1024 → 4096x4096 [AI] (10.7MB)
[23:40:20] ✓ enlisted.vtf: 1024x1024 → 4096x4096 [AI] (10.7MB)
[23:40:27] ✓ enlisted.vtf: 1024x1024 → 4096x4096 [AI] (10.7MB)
[23:40:34] ✓ enlisted.vtf: 1024x1024 → 4096x4096 [AI] (10.7MB)
[23:40:34] ✓ enlisted.vtf: 1024x1024 → 4096x4096 [AI] (10.7MB)
[23:40:38] ✓ enlisted3.vtf: 1024x1024 → 4096x4096 [AI] (10.7MB)
[23:40:38] ✓ 2abhelm.vtf: 1024x1024 → 4096x4096 [AI] (10.7MB)
[23:40:38] ✓ enlisted.vtf: 1024x1024 → 4096x4096 [AI] (10.7MB)
[23:40:38] ✓ enlisted1.vtf: 1024x1024 → 4096x4096 [AI] (10.7MB)
[23:40:38] ✓ enlisted.vtf: 1024x1024 → 4096x4096 [AI] (10.7MB)
[23:40:48] ✓ enlisted.vtf: 1024x1024 → 4096x4096 [AI] (10.7MB)
[23:40:48] ✓ enlisted.vtf: 1024x1024 → 4096x4096 [AI] (10.7MB)
[23:40:48] ✓ enlisted.vtf: 1024x1024 → 4096x4096 [AI] (10.7MB)
[23:40:55] ✓ enlisted.vtf: 1024x1024 → 4096x4096 [AI] (10.7MB)
[23:40:55] ✓ enlisted.vtf: 1024x1024 → 4096x4096 [AI] (10.7MB)
[23:40:55] ✓ enlisted1.vtf: 1024x1024 → 4096x4096 [AI] (10.7MB)
[23:40:55] ✓ enlisted2.vtf: 1024x1024 → 4096x4096 [AI] (10.7MB)
[23:40:57] ✓ enlisted3.vtf: 1024x1024 → 4096x4096 [AI] (10.7MB)
[23:41:03] ✓ enlisted5.vtf: 1024x1024 → 4096x4096 [AI] (10.7MB)
[23:41:05] ✓ enlisted6.vtf: 1024x1024 → 4096x4096 [AI] (10.7MB)
[23:41:05] ✓ enlisted.vtf: 1024x1024 → 4096x4096 [AI] (10.7MB)
[23:41:05] Generating AI preview with realesrgan-x4plus-anime...
[23:41:06] ✓ enlisted.vtf: 1024x1024 → 4096x4096 [AI] (10.7MB)
[23:41:07] ✓ AI preview: AI (realesrgan-x4plus-anime)
[23:41:07] ✓ enlisted.vtf: 1024x1024 → 4096x4096 [AI] (10.7MB)
[23:41:07] ✓ enlisted1.vtf: 1024x1024 → 4096x4096 [AI] (10.7MB)
[23:41:07] ✓ enlisted.vtf: 1024x1024 → 4096x4096 [AI] (10.7MB)
[23:41:12] ✓ enlisted.vtf: 1024x1024 → 4096x4096 [AI] (10.7MB)
[23:41:14] ✓ enlisted.vtf: 1024x1024 → 4096x4096 [AI] (10.7MB)
[23:41:15] ✓ enlisted1.vtf: 1024x1024 → 4096x4096 [AI] (10.7MB)
[23:41:16] ✓ enlisted.vtf: 1024x1024 → 4096x4096 [AI] (10.7MB)
[23:41:17] ✓ enlisted.vtf: 1024x1024 → 4096x4096 [AI] (10.7MB)
[23:41:17] ✓ enlisted.vtf: 1024x1024 → 4096x4096 [AI] (10.7MB)
[23:41:17] ✓ enlisted1.vtf: 1024x1024 → 4096x4096 [AI] (10.7MB)
[23:41:22] ✓ enlisted.vtf: 1024x1024 → 4096x4096 [AI] (10.7MB)
[23:41:27] ✓ enlisted.vtf: 1024x1024 → 4096x4096 [AI] (10.7MB)
[23:41:27] ✓ enlisted.vtf: 1024x1024 → 4096x4096 [AI] (10.7MB)
[23:41:27] ✓ enlisted1.vtf: 1024x1024 → 4096x4096 [AI] (10.7MB)
[23:41:30] ✓ enlisted2.vtf: 1024x1024 → 4096x4096 [AI] (10.7MB)
[23:41:30] ✓ enlisted3.vtf: 1024x1024 → 4096x4096 [AI] (10.7MB)
[23:41:30] ✓ enlisted4.vtf: 1024x1024 → 4096x4096 [AI] (10.7MB)
[23:41:31] ✓ enlisted5.vtf: 1024x1024 → 4096x4096 [AI] (10.7MB)
[23:41:33] ✓ enlisted6.vtf: 1024x1024 → 4096x4096 [AI] (10.7MB)
[23:41:33] ✓ enlisted.vtf: 1024x1024 → 4096x4096 [AI] (10.7MB)
[23:41:36] ✓ enlisted1.vtf: 1024x1024 → 4096x4096 [AI] (10.7MB)
[23:41:42] ✓ enlisted2.vtf: 1024x1024 → 4096x4096 [AI] (10.7MB)
[23:41:42] ✓ enlisted3.vtf: 1024x1024 → 4096x4096 [AI] (10.7MB)
[23:41:42] ✓ enlisted.vtf: 1024x1024 → 4096x4096 [AI] (10.7MB)
[23:41:42] ✓ robe.vtf: 1024x1024 → 4096x4096 [AI] (10.7MB)
[23:41:42] ✓ robe1.vtf: 1024x1024 → 4096x4096 [AI] (10.7MB)
[23:41:51] ✓ phase2armorsep.vtf: 1024x1024 → 4096x4096 [AI] (10.7MB)
[23:41:51] ✓ phase2armorsepg.vtf: 1024x1024 → 4096x4096 [AI] (10.7MB)
[23:41:52] ✓ phase2armorsep.vtf: 1024x1024 → 4096x4096 [AI] (10.7MB)
[23:41:52] ✓ phase2armorsepg.vtf: 1024x1024 → 4096x4096 [AI] (10.7MB)
[23:41:52] ⚠ phase2armorsep.vtf: 1024x1024 → 4096x4096 [AI] (10.7MB) ⚠️ FLAT
[23:41:52] ✓ enlisted.vtf: 1024x1024 → 4096x4096 [AI] (10.7MB)
[23:41:54] ✓ enlisted1.vtf: 1024x1024 → 4096x4096 [AI] (10.7MB)
[23:41:54] ✓ skin.vtf: 1024x1024 → 4096x4096 [AI] (10.7MB)
[23:41:54] ✓ coat.vtf: 1024x1024 → 4096x4096 [AI] (10.7MB)
[23:41:54] ✓ cape.vtf: 1024x1024 → 4096x4096 [AI] (10.7MB)
[23:41:54] ⚠ robes.vtf: 1024x1024 → 4096x4096 [AI] (10.7MB) ⚠️ SUSPECT
[23:41:54] ⚠ robes1.vtf: 1024x1024 → 4096x4096 [AI] (10.7MB) ⚠️ SUSPECT
[23:41:56] ⚠ robes2.vtf: 1024x1024 → 4096x4096 [AI] (10.7MB) ⚠️ SUSPECT
[23:42:02] ✓ metal_base_grey.vtf: 1024x1024 → 4096x4096 [AI] (10.7MB)
[23:42:08] ✓ enlisted.vtf: 1024x1024 → 4096x4096 [AI] (10.7MB)
[23:42:08] ✓ enlisted2.vtf: 1024x1024 → 4096x4096 [AI] (10.7MB)
[23:42:08] ✓ assasinbowcaster.vtf: 1024x1024 → 4096x4096 [AI] (10.7MB)
[23:42:08] ✓ firepuncher.vtf: 1024x1024 → 4096x4096 [AI] (10.7MB)
[23:42:08] ✓ enlisted.vtf: 1024x1024 → 4096x4096 [AI] (10.7MB)
[23:42:08] ✓ enlisted1.vtf: 1024x1024 → 4096x4096 [AI] (10.7MB)
[23:42:08] ✓ enlisted.vtf: 1024x1024 → 4096x4096 [AI] (21.3MB)
[23:42:11] ✓ enlisted.vtf: 1024x1024 → 4096x4096 [AI] (21.3MB)
[23:42:15] ✓ enlisted.vtf: 1024x1024 → 4096x4096 [AI] (21.3MB)
[23:42:17] ✓ enlisted.vtf: 1024x1024 → 4096x4096 [AI] (21.3MB)
[23:42:20] ✓ enlisted.vtf: 1024x1024 → 4096x4096 [AI] (21.3MB)
[23:42:20] ✓ enlisted.vtf: 1024x1024 → 4096x4096 [AI] (21.3MB)
[23:42:20] ✓ enlisted.vtf: 1024x1024 → 4096x4096 [AI] (21.3MB)
[23:42:20] ✓ enlisted3.vtf: 1024x1024 → 4096x4096 [AI] (21.3MB)
[23:42:20] ✓ phase2armorsep2.vtf: 1024x1024 → 4096x4096 [AI] (21.3MB)
[23:42:20] ⚠ robe.vtf: 1024x1024 → 4096x4096 [AI] (21.3MB) ⚠️ SUSPECT
[23:42:20] ✓ enlisted.vtf: 1024x1024 → 4096x4096 [AI] (21.3MB)
[23:42:20] ✅ Done in 7.4min (44.0/min) | ✓326 ⊖408 ✗2
[23:42:20] ⚠️ CORRUPTION REPORT: 21 file(s) flagged for review:
[23:42:20]   → pauldron.vtf
[23:42:20]   → commanderwolffedc15_d.vtf
[23:42:20]   → commanderwolffedc15_d2.vtf
[23:42:20]   → helm12.vtf
[23:42:20]   → pauldron.vtf
[23:42:20]   → pauldron.vtf
[23:42:20]   → 327th shoulder.vtf
[23:42:20]   → body2.vtf
[23:42:20]   → legs.vtf
[23:42:20]   → legs1.vtf
[23:42:20]   → wear_human_male_head_cloneseason4codyhelm_cody_c.vtf
[23:42:20]   → helmet_pilot2.vtf
[23:42:20]   → commanderwolffe.vtf
[23:42:20]   → commanderwolffedc15.vtf
[23:42:20]   → pauldron2.vtf
[23:42:20]   → phase2armorsep.vtf
[23:42:20]   → phase2armorsep.vtf
[23:42:20]   → robes.vtf
[23:42:20]   → robes1.vtf
[23:42:20]   → robes2.vtf
[23:42:20]   → robe.vtf

=== Completed: 326 success, 408 skipped, 2 failed in 7.4min ===
