=== VTF Upscaler 7.0.0 Log — 2026-03-30 16:43:26 ===

[16:43:26] ⚡ Using cached scan for 8 files (instant)...
[16:43:26] ⊖ Skipped 1 files: 1x already 4096x4096
[16:43:26] 🔍 Scan done: 7 to upscale (5.4 MB), 1 skipped | batch size: 79
[16:43:26] 📦 Batch 1/1 (7 files)...
[16:43:26] [GPU] [Split] Pass 1: 3 normal images (tile=1024)
[16:43:27] [GPU] G:\_vtf_scratch\_batch_NORMAL/0000.bmp -> G:\_vtf_scratch\vtf_out_1_1774885406\output/0000.png done
[16:43:27] ⚠ GPU: vkAllocateMemory failed -2
[16:43:28] [GPU] G:\_vtf_scratch\_batch_NORMAL/0002.bmp -> G:\_vtf_scratch\vtf_out_1_1774885406\output/0002.png done
[16:43:29] [GPU] G:\_vtf_scratch\_batch_NORMAL/0001.bmp -> G:\_vtf_scratch\vtf_out_1_1774885406\output/0001.png done
[16:43:34] [GPU] [Split] Pass 2: 4 tall images (tile=512, height>=1024)
[16:43:40] [GPU] G:\_vtf_scratch\_batch_TALL/0004.bmp -> G:\_vtf_scratch\vtf_out_1_1774885406\output/0004.png done
[16:43:40] [GPU] G:\_vtf_scratch\_batch_TALL/0003.bmp -> G:\_vtf_scratch\vtf_out_1_1774885406\output/0003.png done
[16:43:43] [GPU] G:\_vtf_scratch\_batch_TALL/0005.bmp -> G:\_vtf_scratch\vtf_out_1_1774885406\output/0005.png done
[16:43:44] [GPU] G:\_vtf_scratch\_batch_TALL/0006.bmp -> G:\_vtf_scratch\vtf_out_1_1774885406\output/0006.png done
[16:43:44] ⚡ 8x skip: 6 already at target, 1 need pass 2
[16:43:44] 🔄 GPU batch 1 pass 2/2 (8x multi-pass)...
[16:43:47] [GPU] G:\_vtf_scratch\vtf_batch_1_1774885406\input_pass2/0000.png -> G:\_vtf_scratch\vtf_batch_1_1774885406\output_pass2/0000.png done
[16:43:53] ✓ metal.vtf: 256x128 → 4096x2048 [AI] (10.7MB)
[16:43:53] ⚠ dsmat1.vtf: 1024x512 → 4096x2048 [AI] (5.3MB) ⚠️ DARK
[16:43:53] ✓ venwindow1.vtf: 1024x256 → 4096x1024 [AI] (5.3MB)
[16:44:18] ✓ dsmat3.vtf: 1024x1024 → 4096x4096 [AI] (10.7MB)
[16:44:18] ✓ ven1.vtf: 1024x1024 → 4096x4096 [AI] (21.3MB)
[16:44:18] ⚠ ven2.vtf: 1024x1024 → 4096x4096 [AI] (21.3MB) ⚠️ FLAT
[16:44:18] ✓ ven3.vtf: 1024x1024 → 4096x4096 [AI] (21.3MB)
[16:44:18] ✅ Done in 0.9min (0.1/sec) | ✓7 ⊖1 ✗0
[16:44:18] ──────────────────────────────────────────────────
[16:44:18] 📊 BATCH STATS
[16:44:18]   ⏱ Total Time:      0.9 min (52s)
[16:44:18]   📁 Files:           7 upscaled, 1 skipped, 0 failed
[16:44:18]   📥 Input Size:      5.4 MB
[16:44:18]   📤 Output Size:     96.0 MB (17.9x)
[16:44:18]   ⚡ Avg Per File:    7.4s
[16:44:18]   🚀 Processing Rate: 0.1/sec
[16:44:18] ──────────────────────────────────────────────────
[16:44:18] ⚠️ CORRUPTION REPORT: 2 file(s) flagged for review:
[16:44:18]   → dsmat1.vtf
[16:44:18]   → ven2.vtf

=== Completed: 7 success, 1 skipped, 0 failed in 0.9min ===
