=== VTF Upscaler 7.0.0 Log — 2026-02-17 23:01:55 ===

[23:01:55] ⚡ Using cached scan for 10 files (instant)...
[23:01:55] ⊖ Skipped 2 files: 2x normal map
[23:01:55] 🔍 Scan done: 8 to upscale (0.7 MB), 2 skipped | batch size: 200
[23:01:55] 📦 Batch 1/1 (8 files)...
[23:01:55] [GPU] [0 NVIDIA GeForce RTX 4080 SUPER]  queueC=2[8]  queueT=1[2]
[23:01:55] [GPU] [0 NVIDIA GeForce RTX 4080 SUPER]  fp16-p/s/u/a=1/1/1/1  int8-p/s/u/a=1/1/1/1  bf16-p/s=1/1
[23:01:55] [GPU] [0 NVIDIA GeForce RTX 4080 SUPER]  subgroup=32(32~32)  ops=1/1/1/1/1/1/1/1/1/1
[23:01:55] [GPU] [0 NVIDIA GeForce RTX 4080 SUPER]  fp16-cm=16x16x16/16x8x16/16x8x8  int8-cm=16x16x32/16x8x32  bf16-cm=16x16x16  fp8-cm=16x16x32
[23:01:55] [GPU] [1 AMD Radeon(TM) Graphics]  queueC=1[2]  queueT=2[1]
[23:01:55] [GPU] [1 AMD Radeon(TM) Graphics]  fp16-p/s/u/a=1/1/1/1  int8-p/s/u/a=1/1/1/1  bf16-p/s=1/0
[23:01:55] [GPU] [1 AMD Radeon(TM) Graphics]  subgroup=64(32~64)  ops=1/1/1/1/1/1/1/1/0/0
[23:01:55] [GPU] [1 AMD Radeon(TM) Graphics]  fp16-cm=0  int8-cm=0  bf16-cm=0  fp8-cm=0
[23:01:56] [GPU] R:\vtf_batch_1_1771369315\input/0001.bmp -> R:\vtf_batch_1_1771369315\output/0001.png done
[23:01:56] [GPU] R:\vtf_batch_1_1771369315\input/0000.bmp -> R:\vtf_batch_1_1771369315\output/0000.png done
[23:01:56] [GPU] R:\vtf_batch_1_1771369315\input/0002.bmp -> R:\vtf_batch_1_1771369315\output/0002.png done
[23:01:56] [GPU] R:\vtf_batch_1_1771369315\input/0004.bmp -> R:\vtf_batch_1_1771369315\output/0004.png done
[23:01:56] [GPU] R:\vtf_batch_1_1771369315\input/0003.bmp -> R:\vtf_batch_1_1771369315\output/0003.png done
[23:01:57] [GPU] R:\vtf_batch_1_1771369315\input/0006.bmp -> R:\vtf_batch_1_1771369315\output/0006.png done
[23:01:57] [GPU] R:\vtf_batch_1_1771369315\input/0005.bmp -> R:\vtf_batch_1_1771369315\output/0005.png done
[23:01:57] [GPU] R:\vtf_batch_1_1771369315\input/0007.bmp -> R:\vtf_batch_1_1771369315\output/0007.png done
[23:01:58] ✓ metalvent005a.vtf: 128x128 → 4096x4096 [AI] (85.3MB)
[23:01:58] ✓ metalwall010d.vtf: 128x128 → 4096x4096 [AI] (85.3MB)
[23:01:58] ✓ metalarch004b.vtf: 512x64 → 4096x512 [AI] (10.7MB)
[23:01:58] ✓ metaldoor024b.vtf: 256x512 → 2048x4096 [AI] (42.7MB)
[23:01:58] ✓ metalgrate013b.vtf: 256x256 → 4096x4096 [AI] (85.3MB)
[23:01:58] ✓ metaldoor004a.vtf: 512x512 → 4096x4096 [AI] (85.3MB)
[23:01:58] ✓ metaldoor059a.vtf: 512x512 → 4096x4096 [AI] (85.3MB)
[23:01:58] ✓ metalhull013a.vtf: 512x512 → 4096x4096 [AI] (85.3MB)

=== Completed: 8 success, 2 skipped, 0 failed in 0.0min ===
