=== VTF Upscaler 7.0.0 Log — 2026-02-17 22:32:58 ===

[22:32:58] ⚡ Using cached scan for 10 files (instant)...
[22:32:58] 🔍 Scan done: 10 to upscale (3.5 MB), 0 skipped | batch size: 200
[22:32:58] 📦 Batch 1/1 (10 files)...
[22:32:58] [GPU] [Split] Pass 1: 5 normal images (tile=1024)
[22:32:58] [GPU] [0 NVIDIA GeForce RTX 4080 SUPER]  queueC=2[8]  queueT=1[2]
[22:32:58] [GPU] [0 NVIDIA GeForce RTX 4080 SUPER]  fp16-p/s/u/a=1/1/1/1  int8-p/s/u/a=1/1/1/1  bf16-p/s=1/1
[22:32:58] [GPU] [0 NVIDIA GeForce RTX 4080 SUPER]  subgroup=32(32~32)  ops=1/1/1/1/1/1/1/1/1/1
[22:32:58] [GPU] [0 NVIDIA GeForce RTX 4080 SUPER]  fp16-cm=16x16x16/16x8x16/16x8x8  int8-cm=16x16x32/16x8x32  bf16-cm=16x16x16  fp8-cm=16x16x32
[22:32:58] [GPU] [1 AMD Radeon(TM) Graphics]  queueC=1[2]  queueT=2[1]
[22:32:58] [GPU] [1 AMD Radeon(TM) Graphics]  fp16-p/s/u/a=1/1/1/1  int8-p/s/u/a=1/1/1/1  bf16-p/s=1/0
[22:32:58] [GPU] [1 AMD Radeon(TM) Graphics]  subgroup=64(32~64)  ops=1/1/1/1/1/1/1/1/0/0
[22:32:58] [GPU] [1 AMD Radeon(TM) Graphics]  fp16-cm=0  int8-cm=0  bf16-cm=0  fp8-cm=0
[22:32:59] [GPU] R:\_batch_NORMAL/0000.bmp -> R:\vtf_batch_1_1771367578\output/0000.png done
[22:32:59] [GPU] R:\_batch_NORMAL/0001.bmp -> R:\vtf_batch_1_1771367578\output/0001.png done
[22:32:59] [GPU] R:\_batch_NORMAL/0002.bmp -> R:\vtf_batch_1_1771367578\output/0002.png done
[22:32:59] [GPU] R:\_batch_NORMAL/0003.bmp -> R:\vtf_batch_1_1771367578\output/0003.png done
[22:32:59] [GPU] R:\_batch_NORMAL/0004.bmp -> R:\vtf_batch_1_1771367578\output/0004.png done
[22:33:04] [GPU] [Split] Pass 2: 5 tall images (tile=512, height>=1024)
[22:33:05] [GPU] [0 NVIDIA GeForce RTX 4080 SUPER]  queueC=2[8]  queueT=1[2]
[22:33:05] [GPU] [0 NVIDIA GeForce RTX 4080 SUPER]  fp16-p/s/u/a=1/1/1/1  int8-p/s/u/a=1/1/1/1  bf16-p/s=1/1
[22:33:05] [GPU] [0 NVIDIA GeForce RTX 4080 SUPER]  subgroup=32(32~32)  ops=1/1/1/1/1/1/1/1/1/1
[22:33:05] [GPU] [0 NVIDIA GeForce RTX 4080 SUPER]  fp16-cm=16x16x16/16x8x16/16x8x8  int8-cm=16x16x32/16x8x32  bf16-cm=16x16x16  fp8-cm=16x16x32
[22:33:05] [GPU] [1 AMD Radeon(TM) Graphics]  queueC=1[2]  queueT=2[1]
[22:33:05] [GPU] [1 AMD Radeon(TM) Graphics]  fp16-p/s/u/a=1/1/1/1  int8-p/s/u/a=1/1/1/1  bf16-p/s=1/0
[22:33:05] [GPU] [1 AMD Radeon(TM) Graphics]  subgroup=64(32~64)  ops=1/1/1/1/1/1/1/1/0/0
[22:33:05] [GPU] [1 AMD Radeon(TM) Graphics]  fp16-cm=0  int8-cm=0  bf16-cm=0  fp8-cm=0
[22:33:09] [GPU] R:\_batch_TALL/0005.bmp -> R:\vtf_batch_1_1771367578\output/0005.png done
[22:33:09] [GPU] R:\_batch_TALL/0006.bmp -> R:\vtf_batch_1_1771367578\output/0006.png done
[22:33:10] [GPU] R:\_batch_TALL/0008.bmp -> R:\vtf_batch_1_1771367578\output/0008.png done
[22:33:10] [GPU] R:\_batch_TALL/0007.bmp -> R:\vtf_batch_1_1771367578\output/0007.png done
[22:33:11] [GPU] R:\_batch_TALL/0009.bmp -> R:\vtf_batch_1_1771367578\output/0009.png done
[22:33:11] ✗ fexp.vtf: AI output missing or corrupted
[22:33:11] ✗ darkmask.vtf: AI output missing or corrupted
[22:33:17] ✓ mouth_eyes.vtf: 256x256 → 4096x4096 [AI] (10.7MB)
[22:33:19] ✓ senateghelm.vtf: 512x512 → 4096x4096 [AI] (10.7MB)
[22:33:19] ⚠ detail_skin.vtf: 512x512 → 4096x4096 [AI] (10.7MB) ⚠️ FLAT
[22:33:23] ✓ anakinskywalkerbody.vtf: 1024x1024 → 4096x4096 [AI] (10.7MB)
[22:33:23] ✓ body_d.vtf: 1024x1024 → 4096x4096 [AI] (10.7MB)
[22:33:30] ✓ head.vtf: 1024x1024 → 4096x4096 [AI] (10.7MB)
[22:33:30] ✓ head_2.vtf: 1024x1024 → 4096x4096 [AI] (10.7MB)
[22:33:30] ✓ horns.vtf: 1024x1024 → 4096x4096 [AI] (10.7MB)
[22:33:30] ✅ Done in 0.5min (0.3/sec) | ✓8 ⊖0 ✗2
[22:33:30] ⚠️ CORRUPTION REPORT: 1 file(s) flagged for review:
[22:33:30]   → detail_skin.vtf

=== Completed: 8 success, 0 skipped, 2 failed in 0.5min ===
