=== VTF Upscaler 7.0.0 Log — 2026-03-26 20:16:58 ===

[20:16:58] ⚡ Using cached scan for 185 files (instant)...
[20:16:58] ⊖ Skipped 110 files: 59x already 4096x4096, 31x normal map, 10x 4096x2048, 2x 2048x4096, 2x mask texture
[20:16:58] 🔍 Scan done: 75 to upscale (11.6 MB), 110 skipped | batch size: 200
[20:16:58] 📦 Batch 1/1 (75 files)...
[20:16:58] 🔷 LANCZOS bypass: 2 files (particle/blade/effect textures)
[20:16:59] ⚠ LANCZOS glint.vtf: cannot access local variable 'current_out' where it is not associated with a value
[20:16:59] ⚠ LANCZOS headshadow.vtf: cannot access local variable 'current_out' where it is not associated with a value
[20:16:59] [GPU] [Split] Pass 1: 74 normal images (tile=1024)
[20:16:59] [GPU] [0 NVIDIA GeForce RTX 4080 SUPER]  queueC=2[8]  queueT=1[2]
[20:16:59] [GPU] [0 NVIDIA GeForce RTX 4080 SUPER]  fp16-p/s/u/a=1/1/1/1  int8-p/s/u/a=1/1/1/1  bf16-p/s=1/1
[20:16:59] [GPU] [0 NVIDIA GeForce RTX 4080 SUPER]  subgroup=32(32~32)  ops=1/1/1/1/1/1/1/1/1/1
[20:16:59] [GPU] [0 NVIDIA GeForce RTX 4080 SUPER]  fp16-cm=16x16x16/16x8x16/16x8x8  int8-cm=16x16x32/16x8x32  bf16-cm=16x16x16  fp8-cm=16x16x32
[20:16:59] [GPU] [1 AMD Radeon(TM) Graphics]  queueC=1[4]  queueT=2[1]
[20:16:59] [GPU] [1 AMD Radeon(TM) Graphics]  fp16-p/s/u/a=1/1/1/1  int8-p/s/u/a=1/1/1/1  bf16-p/s=1/0
[20:16:59] [GPU] [1 AMD Radeon(TM) Graphics]  subgroup=64(32~64)  ops=1/1/1/1/1/1/1/1/1/1
[20:16:59] [GPU] [1 AMD Radeon(TM) Graphics]  fp16-cm=16x16x16  int8-cm=16x16x16  bf16-cm=0  fp8-cm=0
[20:17:00] [GPU] G:\_vtf_scratch\_batch_NORMAL/0001.bmp -> G:\_vtf_scratch\vtf_out_1_1774556218\output/0001.png done
[20:17:00] [GPU] G:\_vtf_scratch\_batch_NORMAL/0000.bmp -> G:\_vtf_scratch\vtf_out_1_1774556218\output/0000.png done
[20:17:00] [GPU] G:\_vtf_scratch\_batch_NORMAL/0003.bmp -> G:\_vtf_scratch\vtf_out_1_1774556218\output/0003.png done
[20:17:00] [GPU] G:\_vtf_scratch\_batch_NORMAL/0002.bmp -> G:\_vtf_scratch\vtf_out_1_1774556218\output/0002.png done
[20:17:00] [GPU] G:\_vtf_scratch\_batch_NORMAL/0004.bmp -> G:\_vtf_scratch\vtf_out_1_1774556218\output/0004.png done
[20:17:00] [GPU] G:\_vtf_scratch\_batch_NORMAL/0005.bmp -> G:\_vtf_scratch\vtf_out_1_1774556218\output/0005.png done
[20:17:00] [GPU] G:\_vtf_scratch\_batch_NORMAL/0007.bmp -> G:\_vtf_scratch\vtf_out_1_1774556218\output/0007.png done
[20:17:00] [GPU] G:\_vtf_scratch\_batch_NORMAL/0006.bmp -> G:\_vtf_scratch\vtf_out_1_1774556218\output/0006.png done
[20:17:00] [GPU] G:\_vtf_scratch\_batch_NORMAL/0009.bmp -> G:\_vtf_scratch\vtf_out_1_1774556218\output/0009.png done
[20:17:00] [GPU] G:\_vtf_scratch\_batch_NORMAL/0008.bmp -> G:\_vtf_scratch\vtf_out_1_1774556218\output/0008.png done
[20:17:00] [GPU] G:\_vtf_scratch\_batch_NORMAL/0011.bmp -> G:\_vtf_scratch\vtf_out_1_1774556218\output/0011.png done
[20:17:00] [GPU] G:\_vtf_scratch\_batch_NORMAL/0010.bmp -> G:\_vtf_scratch\vtf_out_1_1774556218\output/0010.png done
[20:17:00] [GPU] G:\_vtf_scratch\_batch_NORMAL/0012.bmp -> G:\_vtf_scratch\vtf_out_1_1774556218\output/0012.png done
[20:17:00] [GPU] G:\_vtf_scratch\_batch_NORMAL/0013.bmp -> G:\_vtf_scratch\vtf_out_1_1774556218\output/0013.png done
[20:17:00] [GPU] G:\_vtf_scratch\_batch_NORMAL/0014.bmp -> G:\_vtf_scratch\vtf_out_1_1774556218\output/0014.png done
[20:17:00] [GPU] G:\_vtf_scratch\_batch_NORMAL/0015.bmp -> G:\_vtf_scratch\vtf_out_1_1774556218\output/0015.png done
[20:17:00] [GPU] G:\_vtf_scratch\_batch_NORMAL/0016.bmp -> G:\_vtf_scratch\vtf_out_1_1774556218\output/0016.png done
[20:17:00] [GPU] G:\_vtf_scratch\_batch_NORMAL/0017.bmp -> G:\_vtf_scratch\vtf_out_1_1774556218\output/0017.png done
[20:17:00] [GPU] G:\_vtf_scratch\_batch_NORMAL/0019.bmp -> G:\_vtf_scratch\vtf_out_1_1774556218\output/0019.png done
[20:17:00] [GPU] G:\_vtf_scratch\_batch_NORMAL/0018.bmp -> G:\_vtf_scratch\vtf_out_1_1774556218\output/0018.png done
[20:17:00] [GPU] G:\_vtf_scratch\_batch_NORMAL/0021.bmp -> G:\_vtf_scratch\vtf_out_1_1774556218\output/0021.png done
[20:17:00] [GPU] G:\_vtf_scratch\_batch_NORMAL/0020.bmp -> G:\_vtf_scratch\vtf_out_1_1774556218\output/0020.png done
[20:17:00] [GPU] G:\_vtf_scratch\_batch_NORMAL/0023.bmp -> G:\_vtf_scratch\vtf_out_1_1774556218\output/0023.png done
[20:17:00] [GPU] G:\_vtf_scratch\_batch_NORMAL/0022.bmp -> G:\_vtf_scratch\vtf_out_1_1774556218\output/0022.png done
[20:17:00] [GPU] G:\_vtf_scratch\_batch_NORMAL/0025.bmp -> G:\_vtf_scratch\vtf_out_1_1774556218\output/0025.png done
[20:17:00] [GPU] G:\_vtf_scratch\_batch_NORMAL/0024.bmp -> G:\_vtf_scratch\vtf_out_1_1774556218\output/0024.png done
[20:17:00] [GPU] G:\_vtf_scratch\_batch_NORMAL/0027.bmp -> G:\_vtf_scratch\vtf_out_1_1774556218\output/0027.png done
[20:17:00] [GPU] G:\_vtf_scratch\_batch_NORMAL/0026.bmp -> G:\_vtf_scratch\vtf_out_1_1774556218\output/0026.png done
[20:17:00] [GPU] G:\_vtf_scratch\_batch_NORMAL/0029.bmp -> G:\_vtf_scratch\vtf_out_1_1774556218\output/0029.png done
[20:17:00] [GPU] G:\_vtf_scratch\_batch_NORMAL/0028.bmp -> G:\_vtf_scratch\vtf_out_1_1774556218\output/0028.png done
[20:17:00] [GPU] G:\_vtf_scratch\_batch_NORMAL/0031.bmp -> G:\_vtf_scratch\vtf_out_1_1774556218\output/0031.png done
[20:17:00] [GPU] G:\_vtf_scratch\_batch_NORMAL/0030.bmp -> G:\_vtf_scratch\vtf_out_1_1774556218\output/0030.png done
[20:17:00] [GPU] G:\_vtf_scratch\_batch_NORMAL/0033.bmp -> G:\_vtf_scratch\vtf_out_1_1774556218\output/0033.png done
[20:17:00] [GPU] G:\_vtf_scratch\_batch_NORMAL/0032.bmp -> G:\_vtf_scratch\vtf_out_1_1774556218\output/0032.png done
[20:17:00] [GPU] G:\_vtf_scratch\_batch_NORMAL/0035.bmp -> G:\_vtf_scratch\vtf_out_1_1774556218\output/0035.png done
[20:17:00] [GPU] G:\_vtf_scratch\_batch_NORMAL/0034.bmp -> G:\_vtf_scratch\vtf_out_1_1774556218\output/0034.png done
[20:17:00] [GPU] G:\_vtf_scratch\_batch_NORMAL/0036.bmp -> G:\_vtf_scratch\vtf_out_1_1774556218\output/0036.png done
[20:17:00] [GPU] G:\_vtf_scratch\_batch_NORMAL/0037.bmp -> G:\_vtf_scratch\vtf_out_1_1774556218\output/0037.png done
[20:17:00] [GPU] G:\_vtf_scratch\_batch_NORMAL/0039.bmp -> G:\_vtf_scratch\vtf_out_1_1774556218\output/0039.png done
[20:17:00] [GPU] G:\_vtf_scratch\_batch_NORMAL/0038.bmp -> G:\_vtf_scratch\vtf_out_1_1774556218\output/0038.png done
[20:17:00] [GPU] G:\_vtf_scratch\_batch_NORMAL/0041.bmp -> G:\_vtf_scratch\vtf_out_1_1774556218\output/0041.png done
[20:17:00] [GPU] G:\_vtf_scratch\_batch_NORMAL/0040.bmp -> G:\_vtf_scratch\vtf_out_1_1774556218\output/0040.png done
[20:17:00] [GPU] G:\_vtf_scratch\_batch_NORMAL/0043.bmp -> G:\_vtf_scratch\vtf_out_1_1774556218\output/0043.png done
[20:17:00] [GPU] G:\_vtf_scratch\_batch_NORMAL/0042.bmp -> G:\_vtf_scratch\vtf_out_1_1774556218\output/0042.png done
[20:17:00] [GPU] G:\_vtf_scratch\_batch_NORMAL/0045.bmp -> G:\_vtf_scratch\vtf_out_1_1774556218\output/0045.png done
[20:17:00] [GPU] G:\_vtf_scratch\_batch_NORMAL/0044.bmp -> G:\_vtf_scratch\vtf_out_1_1774556218\output/0044.png done
[20:17:00] [GPU] G:\_vtf_scratch\_batch_NORMAL/0047.bmp -> G:\_vtf_scratch\vtf_out_1_1774556218\output/0047.png done
[20:17:00] [GPU] G:\_vtf_scratch\_batch_NORMAL/0046.bmp -> G:\_vtf_scratch\vtf_out_1_1774556218\output/0046.png done
[20:17:01] [GPU] G:\_vtf_scratch\_batch_NORMAL/0049.bmp -> G:\_vtf_scratch\vtf_out_1_1774556218\output/0049.png done
[20:17:01] [GPU] G:\_vtf_scratch\_batch_NORMAL/0048.bmp -> G:\_vtf_scratch\vtf_out_1_1774556218\output/0048.png done
[20:17:01] [GPU] G:\_vtf_scratch\_batch_NORMAL/0051.bmp -> G:\_vtf_scratch\vtf_out_1_1774556218\output/0051.png done
[20:17:01] [GPU] G:\_vtf_scratch\_batch_NORMAL/0050.bmp -> G:\_vtf_scratch\vtf_out_1_1774556218\output/0050.png done
[20:17:01] [GPU] G:\_vtf_scratch\_batch_NORMAL/0053.bmp -> G:\_vtf_scratch\vtf_out_1_1774556218\output/0053.png done
[20:17:01] [GPU] G:\_vtf_scratch\_batch_NORMAL/0052.bmp -> G:\_vtf_scratch\vtf_out_1_1774556218\output/0052.png done
[20:17:02] [GPU] G:\_vtf_scratch\_batch_NORMAL/0055.bmp -> G:\_vtf_scratch\vtf_out_1_1774556218\output/0055.png done
[20:17:02] [GPU] G:\_vtf_scratch\_batch_NORMAL/0054.bmp -> G:\_vtf_scratch\vtf_out_1_1774556218\output/0054.png done
[20:17:02] [GPU] G:\_vtf_scratch\_batch_NORMAL/0057.bmp -> G:\_vtf_scratch\vtf_out_1_1774556218\output/0057.png done
[20:17:02] [GPU] G:\_vtf_scratch\_batch_NORMAL/0056.bmp -> G:\_vtf_scratch\vtf_out_1_1774556218\output/0056.png done
[20:17:02] [GPU] G:\_vtf_scratch\_batch_NORMAL/0059.bmp -> G:\_vtf_scratch\vtf_out_1_1774556218\output/0059.png done
[20:17:02] [GPU] G:\_vtf_scratch\_batch_NORMAL/0058.bmp -> G:\_vtf_scratch\vtf_out_1_1774556218\output/0058.png done
[20:17:02] [GPU] G:\_vtf_scratch\_batch_NORMAL/0061.bmp -> G:\_vtf_scratch\vtf_out_1_1774556218\output/0061.png done
[20:17:02] [GPU] G:\_vtf_scratch\_batch_NORMAL/0060.bmp -> G:\_vtf_scratch\vtf_out_1_1774556218\output/0060.png done
[20:17:03] [GPU] G:\_vtf_scratch\_batch_NORMAL/0062.bmp -> G:\_vtf_scratch\vtf_out_1_1774556218\output/0062.png done
[20:17:03] [GPU] G:\_vtf_scratch\_batch_NORMAL/0063.bmp -> G:\_vtf_scratch\vtf_out_1_1774556218\output/0063.png done
[20:17:03] [GPU] G:\_vtf_scratch\_batch_NORMAL/0065.bmp -> G:\_vtf_scratch\vtf_out_1_1774556218\output/0065.png done
[20:17:03] [GPU] G:\_vtf_scratch\_batch_NORMAL/0067.bmp -> G:\_vtf_scratch\vtf_out_1_1774556218\output/0067.png done
[20:17:03] [GPU] G:\_vtf_scratch\_batch_NORMAL/0064.bmp -> G:\_vtf_scratch\vtf_out_1_1774556218\output/0064.png done
[20:17:03] [GPU] G:\_vtf_scratch\_batch_NORMAL/0066.bmp -> G:\_vtf_scratch\vtf_out_1_1774556218\output/0066.png done
[20:17:04] [GPU] G:\_vtf_scratch\_batch_NORMAL/0069.bmp -> G:\_vtf_scratch\vtf_out_1_1774556218\output/0069.png done
[20:17:04] [GPU] G:\_vtf_scratch\_batch_NORMAL/0068.bmp -> G:\_vtf_scratch\vtf_out_1_1774556218\output/0068.png done
[20:17:04] [GPU] G:\_vtf_scratch\_batch_NORMAL/0070.bmp -> G:\_vtf_scratch\vtf_out_1_1774556218\output/0070.png done
[20:17:04] [GPU] G:\_vtf_scratch\_batch_NORMAL/0071.bmp -> G:\_vtf_scratch\vtf_out_1_1774556218\output/0071.png done
[20:17:04] [GPU] G:\_vtf_scratch\_batch_NORMAL/0073.bmp -> G:\_vtf_scratch\vtf_out_1_1774556218\output/0073.png done
[20:17:04] [GPU] G:\_vtf_scratch\_batch_NORMAL/0072.bmp -> G:\_vtf_scratch\vtf_out_1_1774556218\output/0072.png done
[20:17:10] [GPU] [Split] Pass 2: 1 tall images (tile=512, height>=1024)
[20:17:10] [GPU] [0 NVIDIA GeForce RTX 4080 SUPER]  queueC=2[8]  queueT=1[2]
[20:17:10] [GPU] [0 NVIDIA GeForce RTX 4080 SUPER]  fp16-p/s/u/a=1/1/1/1  int8-p/s/u/a=1/1/1/1  bf16-p/s=1/1
[20:17:10] [GPU] [0 NVIDIA GeForce RTX 4080 SUPER]  subgroup=32(32~32)  ops=1/1/1/1/1/1/1/1/1/1
[20:17:10] [GPU] [0 NVIDIA GeForce RTX 4080 SUPER]  fp16-cm=16x16x16/16x8x16/16x8x8  int8-cm=16x16x32/16x8x32  bf16-cm=16x16x16  fp8-cm=16x16x32
[20:17:10] [GPU] [1 AMD Radeon(TM) Graphics]  queueC=1[4]  queueT=2[1]
[20:17:10] [GPU] [1 AMD Radeon(TM) Graphics]  fp16-p/s/u/a=1/1/1/1  int8-p/s/u/a=1/1/1/1  bf16-p/s=1/0
[20:17:10] [GPU] [1 AMD Radeon(TM) Graphics]  subgroup=64(32~64)  ops=1/1/1/1/1/1/1/1/1/1
[20:17:10] [GPU] [1 AMD Radeon(TM) Graphics]  fp16-cm=16x16x16  int8-cm=16x16x16  bf16-cm=0  fp8-cm=0
[20:17:11] [GPU] G:\_vtf_scratch\_batch_TALL/0074.bmp -> G:\_vtf_scratch\vtf_out_1_1774556218\output/0074.png done
[20:17:11] ⚡ 8x skip: 1 already at target, 74 need pass 2
[20:17:11] 🔄 GPU batch 1 pass 2/2 (8x multi-pass)...
[20:17:11] [GPU] [Split] Pass 1: 37 normal images (tile=1024)
[20:17:11] [GPU] [0 NVIDIA GeForce RTX 4080 SUPER]  queueC=2[8]  queueT=1[2]
[20:17:11] [GPU] [0 NVIDIA GeForce RTX 4080 SUPER]  fp16-p/s/u/a=1/1/1/1  int8-p/s/u/a=1/1/1/1  bf16-p/s=1/1
[20:17:11] [GPU] [0 NVIDIA GeForce RTX 4080 SUPER]  subgroup=32(32~32)  ops=1/1/1/1/1/1/1/1/1/1
[20:17:11] [GPU] [0 NVIDIA GeForce RTX 4080 SUPER]  fp16-cm=16x16x16/16x8x16/16x8x8  int8-cm=16x16x32/16x8x32  bf16-cm=16x16x16  fp8-cm=16x16x32
[20:17:11] [GPU] [1 AMD Radeon(TM) Graphics]  queueC=1[4]  queueT=2[1]
[20:17:11] [GPU] [1 AMD Radeon(TM) Graphics]  fp16-p/s/u/a=1/1/1/1  int8-p/s/u/a=1/1/1/1  bf16-p/s=1/0
[20:17:11] [GPU] [1 AMD Radeon(TM) Graphics]  subgroup=64(32~64)  ops=1/1/1/1/1/1/1/1/1/1
[20:17:11] [GPU] [1 AMD Radeon(TM) Graphics]  fp16-cm=16x16x16  int8-cm=16x16x16  bf16-cm=0  fp8-cm=0
[20:17:12] [GPU] G:\_vtf_scratch\_batch_NORMAL/0001.png -> G:\_vtf_scratch\vtf_batch_1_1774556218\output_pass2/0001.png done
[20:17:12] [GPU] G:\_vtf_scratch\_batch_NORMAL/0000.png -> G:\_vtf_scratch\vtf_batch_1_1774556218\output_pass2/0000.png done
[20:17:12] [GPU] G:\_vtf_scratch\_batch_NORMAL/0003.png -> G:\_vtf_scratch\vtf_batch_1_1774556218\output_pass2/0003.png done
[20:17:12] [GPU] G:\_vtf_scratch\_batch_NORMAL/0002.png -> G:\_vtf_scratch\vtf_batch_1_1774556218\output_pass2/0002.png done
[20:17:12] [GPU] G:\_vtf_scratch\_batch_NORMAL/0005.png -> G:\_vtf_scratch\vtf_batch_1_1774556218\output_pass2/0005.png done
[20:17:12] [GPU] G:\_vtf_scratch\_batch_NORMAL/0004.png -> G:\_vtf_scratch\vtf_batch_1_1774556218\output_pass2/0004.png done
[20:17:12] [GPU] G:\_vtf_scratch\_batch_NORMAL/0007.png -> G:\_vtf_scratch\vtf_batch_1_1774556218\output_pass2/0007.png done
[20:17:12] [GPU] G:\_vtf_scratch\_batch_NORMAL/0009.png -> G:\_vtf_scratch\vtf_batch_1_1774556218\output_pass2/0009.png done
[20:17:12] [GPU] G:\_vtf_scratch\_batch_NORMAL/0006.png -> G:\_vtf_scratch\vtf_batch_1_1774556218\output_pass2/0006.png done
[20:17:12] [GPU] G:\_vtf_scratch\_batch_NORMAL/0011.png -> G:\_vtf_scratch\vtf_batch_1_1774556218\output_pass2/0011.png done
[20:17:12] [GPU] G:\_vtf_scratch\_batch_NORMAL/0008.png -> G:\_vtf_scratch\vtf_batch_1_1774556218\output_pass2/0008.png done
[20:17:12] [GPU] G:\_vtf_scratch\_batch_NORMAL/0013.png -> G:\_vtf_scratch\vtf_batch_1_1774556218\output_pass2/0013.png done
[20:17:12] [GPU] G:\_vtf_scratch\_batch_NORMAL/0010.png -> G:\_vtf_scratch\vtf_batch_1_1774556218\output_pass2/0010.png done
[20:17:12] [GPU] G:\_vtf_scratch\_batch_NORMAL/0015.png -> G:\_vtf_scratch\vtf_batch_1_1774556218\output_pass2/0015.png done
[20:17:12] [GPU] G:\_vtf_scratch\_batch_NORMAL/0012.png -> G:\_vtf_scratch\vtf_batch_1_1774556218\output_pass2/0012.png done
[20:17:13] [GPU] G:\_vtf_scratch\_batch_NORMAL/0017.png -> G:\_vtf_scratch\vtf_batch_1_1774556218\output_pass2/0017.png done
[20:17:13] [GPU] G:\_vtf_scratch\_batch_NORMAL/0014.png -> G:\_vtf_scratch\vtf_batch_1_1774556218\output_pass2/0014.png done
[20:17:13] [GPU] G:\_vtf_scratch\_batch_NORMAL/0019.png -> G:\_vtf_scratch\vtf_batch_1_1774556218\output_pass2/0019.png done
[20:17:13] [GPU] G:\_vtf_scratch\_batch_NORMAL/0016.png -> G:\_vtf_scratch\vtf_batch_1_1774556218\output_pass2/0016.png done
[20:17:13] [GPU] G:\_vtf_scratch\_batch_NORMAL/0021.png -> G:\_vtf_scratch\vtf_batch_1_1774556218\output_pass2/0021.png done
[20:17:13] [GPU] G:\_vtf_scratch\_batch_NORMAL/0018.png -> G:\_vtf_scratch\vtf_batch_1_1774556218\output_pass2/0018.png done
[20:17:13] [GPU] G:\_vtf_scratch\_batch_NORMAL/0023.png -> G:\_vtf_scratch\vtf_batch_1_1774556218\output_pass2/0023.png done
[20:17:13] [GPU] G:\_vtf_scratch\_batch_NORMAL/0020.png -> G:\_vtf_scratch\vtf_batch_1_1774556218\output_pass2/0020.png done
[20:17:13] [GPU] G:\_vtf_scratch\_batch_NORMAL/0022.png -> G:\_vtf_scratch\vtf_batch_1_1774556218\output_pass2/0022.png done
[20:17:13] [GPU] G:\_vtf_scratch\_batch_NORMAL/0025.png -> G:\_vtf_scratch\vtf_batch_1_1774556218\output_pass2/0025.png done
[20:17:13] [GPU] G:\_vtf_scratch\_batch_NORMAL/0024.png -> G:\_vtf_scratch\vtf_batch_1_1774556218\output_pass2/0024.png done
[20:17:13] [GPU] G:\_vtf_scratch\_batch_NORMAL/0027.png -> G:\_vtf_scratch\vtf_batch_1_1774556218\output_pass2/0027.png done
[20:17:13] [GPU] G:\_vtf_scratch\_batch_NORMAL/0026.png -> G:\_vtf_scratch\vtf_batch_1_1774556218\output_pass2/0026.png done
[20:17:14] [GPU] G:\_vtf_scratch\_batch_NORMAL/0029.png -> G:\_vtf_scratch\vtf_batch_1_1774556218\output_pass2/0029.png done
[20:17:14] [GPU] G:\_vtf_scratch\_batch_NORMAL/0028.png -> G:\_vtf_scratch\vtf_batch_1_1774556218\output_pass2/0028.png done
[20:17:14] [GPU] G:\_vtf_scratch\_batch_NORMAL/0031.png -> G:\_vtf_scratch\vtf_batch_1_1774556218\output_pass2/0031.png done
[20:17:14] [GPU] G:\_vtf_scratch\_batch_NORMAL/0030.png -> G:\_vtf_scratch\vtf_batch_1_1774556218\output_pass2/0030.png done
[20:17:14] [GPU] G:\_vtf_scratch\_batch_NORMAL/0033.png -> G:\_vtf_scratch\vtf_batch_1_1774556218\output_pass2/0033.png done
[20:17:15] [GPU] G:\_vtf_scratch\_batch_NORMAL/0032.png -> G:\_vtf_scratch\vtf_batch_1_1774556218\output_pass2/0032.png done
[20:17:15] [GPU] G:\_vtf_scratch\_batch_NORMAL/0035.png -> G:\_vtf_scratch\vtf_batch_1_1774556218\output_pass2/0035.png done
[20:17:15] [GPU] G:\_vtf_scratch\_batch_NORMAL/0034.png -> G:\_vtf_scratch\vtf_batch_1_1774556218\output_pass2/0034.png done
[20:17:15] [GPU] G:\_vtf_scratch\_batch_NORMAL/0036.png -> G:\_vtf_scratch\vtf_batch_1_1774556218\output_pass2/0036.png done
[20:17:20] [GPU] [Split] Pass 2: 37 tall images (tile=512, height>=1024)
[20:17:20] [GPU] [0 NVIDIA GeForce RTX 4080 SUPER]  queueC=2[8]  queueT=1[2]
[20:17:20] [GPU] [0 NVIDIA GeForce RTX 4080 SUPER]  fp16-p/s/u/a=1/1/1/1  int8-p/s/u/a=1/1/1/1  bf16-p/s=1/1
[20:17:20] [GPU] [0 NVIDIA GeForce RTX 4080 SUPER]  subgroup=32(32~32)  ops=1/1/1/1/1/1/1/1/1/1
[20:17:20] [GPU] [0 NVIDIA GeForce RTX 4080 SUPER]  fp16-cm=16x16x16/16x8x16/16x8x8  int8-cm=16x16x32/16x8x32  bf16-cm=16x16x16  fp8-cm=16x16x32
[20:17:20] [GPU] [1 AMD Radeon(TM) Graphics]  queueC=1[4]  queueT=2[1]
[20:17:20] [GPU] [1 AMD Radeon(TM) Graphics]  fp16-p/s/u/a=1/1/1/1  int8-p/s/u/a=1/1/1/1  bf16-p/s=1/0
[20:17:20] [GPU] [1 AMD Radeon(TM) Graphics]  subgroup=64(32~64)  ops=1/1/1/1/1/1/1/1/1/1
[20:17:20] [GPU] [1 AMD Radeon(TM) Graphics]  fp16-cm=16x16x16  int8-cm=16x16x16  bf16-cm=0  fp8-cm=0
[20:17:27] [GPU] G:\_vtf_scratch\_batch_TALL/0038.png -> G:\_vtf_scratch\vtf_batch_1_1774556218\output_pass2/0038.png done
[20:17:27] [GPU] G:\_vtf_scratch\_batch_TALL/0037.png -> G:\_vtf_scratch\vtf_batch_1_1774556218\output_pass2/0037.png done
[20:17:31] [GPU] G:\_vtf_scratch\_batch_TALL/0042.png -> G:\_vtf_scratch\vtf_batch_1_1774556218\output_pass2/0042.png done
[20:17:31] [GPU] G:\_vtf_scratch\_batch_TALL/0040.png -> G:\_vtf_scratch\vtf_batch_1_1774556218\output_pass2/0040.png done
[20:17:35] [GPU] decode image G:\_vtf_scratch\_batch_TALL/0071.png failed
[20:17:35] [GPU] G:\_vtf_scratch\_batch_TALL/0044.png -> G:\_vtf_scratch\vtf_batch_1_1774556218\output_pass2/0044.png done
[20:17:35] [GPU] G:\_vtf_scratch\_batch_TALL/0046.png -> G:\_vtf_scratch\vtf_batch_1_1774556218\output_pass2/0046.png done
[20:17:37] [GPU] G:\_vtf_scratch\_batch_TALL/0041.png -> G:\_vtf_scratch\vtf_batch_1_1774556218\output_pass2/0041.png done
[20:17:37] [GPU] G:\_vtf_scratch\_batch_TALL/0039.png -> G:\_vtf_scratch\vtf_batch_1_1774556218\output_pass2/0039.png done
[20:17:38] [GPU] G:\_vtf_scratch\_batch_TALL/0045.png -> G:\_vtf_scratch\vtf_batch_1_1774556218\output_pass2/0045.png done
[20:17:38] [GPU] G:\_vtf_scratch\_batch_TALL/0043.png -> G:\_vtf_scratch\vtf_batch_1_1774556218\output_pass2/0043.png done
[20:17:43] [GPU] G:\_vtf_scratch\_batch_TALL/0047.png -> G:\_vtf_scratch\vtf_batch_1_1774556218\output_pass2/0047.png done
[20:17:44] [GPU] G:\_vtf_scratch\_batch_TALL/0048.png -> G:\_vtf_scratch\vtf_batch_1_1774556218\output_pass2/0048.png done
[20:17:48] [GPU] G:\_vtf_scratch\_batch_TALL/0050.png -> G:\_vtf_scratch\vtf_batch_1_1774556218\output_pass2/0050.png done
[20:17:48] [GPU] G:\_vtf_scratch\_batch_TALL/0049.png -> G:\_vtf_scratch\vtf_batch_1_1774556218\output_pass2/0049.png done
[20:17:52] [GPU] G:\_vtf_scratch\_batch_TALL/0051.png -> G:\_vtf_scratch\vtf_batch_1_1774556218\output_pass2/0051.png done
[20:17:54] [GPU] G:\_vtf_scratch\_batch_TALL/0052.png -> G:\_vtf_scratch\vtf_batch_1_1774556218\output_pass2/0052.png done
[20:17:58] [GPU] G:\_vtf_scratch\_batch_TALL/0054.png -> G:\_vtf_scratch\vtf_batch_1_1774556218\output_pass2/0054.png done
[20:17:59] [GPU] G:\_vtf_scratch\_batch_TALL/0053.png -> G:\_vtf_scratch\vtf_batch_1_1774556218\output_pass2/0053.png done
[20:18:03] [GPU] G:\_vtf_scratch\_batch_TALL/0055.png -> G:\_vtf_scratch\vtf_batch_1_1774556218\output_pass2/0055.png done
[20:18:03] [GPU] G:\_vtf_scratch\_batch_TALL/0056.png -> G:\_vtf_scratch\vtf_batch_1_1774556218\output_pass2/0056.png done
[20:18:04] ✗ GPU batch 1 failed!
[20:18:04] ✅ Done in 1.1min (0.0/min) | ✓0 ⊖110 ✗75

=== Completed: 0 success, 110 skipped, 75 failed in 1.1min ===
