=== VTF Upscaler 7.0.0 Log — 2026-03-26 19:25:25 ===

[19:25:25] ⚡ Using cached scan for 12 files (instant)...
[19:25:25] 🔍 Scan done: 12 to upscale (0.8 MB), 0 skipped | batch size: 200
[19:25:25] 📦 Batch 1/1 (12 files)...
[19:25:26] [GPU] [0 NVIDIA GeForce RTX 4080 SUPER]  queueC=2[8]  queueT=1[2]
[19:25:26] [GPU] [0 NVIDIA GeForce RTX 4080 SUPER]  fp16-p/s/u/a=1/1/1/1  int8-p/s/u/a=1/1/1/1  bf16-p/s=1/1
[19:25:26] [GPU] [0 NVIDIA GeForce RTX 4080 SUPER]  subgroup=32(32~32)  ops=1/1/1/1/1/1/1/1/1/1
[19:25:26] [GPU] [0 NVIDIA GeForce RTX 4080 SUPER]  fp16-cm=16x16x16/16x8x16/16x8x8  int8-cm=16x16x32/16x8x32  bf16-cm=16x16x16  fp8-cm=16x16x32
[19:25:26] [GPU] [1 AMD Radeon(TM) Graphics]  queueC=1[4]  queueT=2[1]
[19:25:26] [GPU] [1 AMD Radeon(TM) Graphics]  fp16-p/s/u/a=1/1/1/1  int8-p/s/u/a=1/1/1/1  bf16-p/s=1/0
[19:25:26] [GPU] [1 AMD Radeon(TM) Graphics]  subgroup=64(32~64)  ops=1/1/1/1/1/1/1/1/1/1
[19:25:26] [GPU] [1 AMD Radeon(TM) Graphics]  fp16-cm=16x16x16  int8-cm=16x16x16  bf16-cm=0  fp8-cm=0
[19:25:27] [GPU] G:\_vtf_scratch\vtf_batch_1_1774553126\input/0000.bmp -> G:\_vtf_scratch\vtf_out_1_1774553126\output/0000.png done
[19:25:27] [GPU] G:\_vtf_scratch\vtf_batch_1_1774553126\input/0001.bmp -> G:\_vtf_scratch\vtf_out_1_1774553126\output/0001.png done
[19:25:27] [GPU] G:\_vtf_scratch\vtf_batch_1_1774553126\input/0003.bmp -> G:\_vtf_scratch\vtf_out_1_1774553126\output/0003.png done
[19:25:27] [GPU] G:\_vtf_scratch\vtf_batch_1_1774553126\input/0002.bmp -> G:\_vtf_scratch\vtf_out_1_1774553126\output/0002.png done
[19:25:27] [GPU] G:\_vtf_scratch\vtf_batch_1_1774553126\input/0005.bmp -> G:\_vtf_scratch\vtf_out_1_1774553126\output/0005.png done
[19:25:27] [GPU] G:\_vtf_scratch\vtf_batch_1_1774553126\input/0004.bmp -> G:\_vtf_scratch\vtf_out_1_1774553126\output/0004.png done
[19:25:27] [GPU] G:\_vtf_scratch\vtf_batch_1_1774553126\input/0006.bmp -> G:\_vtf_scratch\vtf_out_1_1774553126\output/0006.png done
[19:25:27] [GPU] G:\_vtf_scratch\vtf_batch_1_1774553126\input/0007.bmp -> G:\_vtf_scratch\vtf_out_1_1774553126\output/0007.png done
[19:25:27] [GPU] G:\_vtf_scratch\vtf_batch_1_1774553126\input/0008.bmp -> G:\_vtf_scratch\vtf_out_1_1774553126\output/0008.png done
[19:25:27] [GPU] G:\_vtf_scratch\vtf_batch_1_1774553126\input/0009.bmp -> G:\_vtf_scratch\vtf_out_1_1774553126\output/0009.png done
[19:25:28] [GPU] G:\_vtf_scratch\vtf_batch_1_1774553126\input/0010.bmp -> G:\_vtf_scratch\vtf_out_1_1774553126\output/0010.png done
[19:25:28] [GPU] G:\_vtf_scratch\vtf_batch_1_1774553126\input/0011.bmp -> G:\_vtf_scratch\vtf_out_1_1774553126\output/0011.png done
[19:25:28] 🔄 GPU batch 1 pass 2/2 (8x multi-pass)...
[19:25:28] [GPU] [Split] Pass 1: 4 normal images (tile=1024)
[19:25:28] [GPU] [0 NVIDIA GeForce RTX 4080 SUPER]  queueC=2[8]  queueT=1[2]
[19:25:28] [GPU] [0 NVIDIA GeForce RTX 4080 SUPER]  fp16-p/s/u/a=1/1/1/1  int8-p/s/u/a=1/1/1/1  bf16-p/s=1/1
[19:25:28] [GPU] [0 NVIDIA GeForce RTX 4080 SUPER]  subgroup=32(32~32)  ops=1/1/1/1/1/1/1/1/1/1
[19:25:28] [GPU] [0 NVIDIA GeForce RTX 4080 SUPER]  fp16-cm=16x16x16/16x8x16/16x8x8  int8-cm=16x16x32/16x8x32  bf16-cm=16x16x16  fp8-cm=16x16x32
[19:25:28] [GPU] [1 AMD Radeon(TM) Graphics]  queueC=1[4]  queueT=2[1]
[19:25:28] [GPU] [1 AMD Radeon(TM) Graphics]  fp16-p/s/u/a=1/1/1/1  int8-p/s/u/a=1/1/1/1  bf16-p/s=1/0
[19:25:28] [GPU] [1 AMD Radeon(TM) Graphics]  subgroup=64(32~64)  ops=1/1/1/1/1/1/1/1/1/1
[19:25:28] [GPU] [1 AMD Radeon(TM) Graphics]  fp16-cm=16x16x16  int8-cm=16x16x16  bf16-cm=0  fp8-cm=0
[19:25:29] [GPU] G:\_vtf_scratch\_batch_NORMAL/0000.png -> G:\_vtf_scratch\vtf_batch_1_1774553126\output_pass2/0000.png done
[19:25:29] [GPU] G:\_vtf_scratch\_batch_NORMAL/0001.png -> G:\_vtf_scratch\vtf_batch_1_1774553126\output_pass2/0001.png done
[19:25:29] [GPU] G:\_vtf_scratch\_batch_NORMAL/0003.png -> G:\_vtf_scratch\vtf_batch_1_1774553126\output_pass2/0003.png done
[19:25:30] [GPU] G:\_vtf_scratch\_batch_NORMAL/0002.png -> G:\_vtf_scratch\vtf_batch_1_1774553126\output_pass2/0002.png done
[19:25:35] [GPU] [Split] Pass 2: 8 tall images (tile=512, height>=1024)
[19:25:35] [GPU] [0 NVIDIA GeForce RTX 4080 SUPER]  queueC=2[8]  queueT=1[2]
[19:25:35] [GPU] [0 NVIDIA GeForce RTX 4080 SUPER]  fp16-p/s/u/a=1/1/1/1  int8-p/s/u/a=1/1/1/1  bf16-p/s=1/1
[19:25:35] [GPU] [0 NVIDIA GeForce RTX 4080 SUPER]  subgroup=32(32~32)  ops=1/1/1/1/1/1/1/1/1/1
[19:25:35] [GPU] [0 NVIDIA GeForce RTX 4080 SUPER]  fp16-cm=16x16x16/16x8x16/16x8x8  int8-cm=16x16x32/16x8x32  bf16-cm=16x16x16  fp8-cm=16x16x32
[19:25:35] [GPU] [1 AMD Radeon(TM) Graphics]  queueC=1[4]  queueT=2[1]
[19:25:35] [GPU] [1 AMD Radeon(TM) Graphics]  fp16-p/s/u/a=1/1/1/1  int8-p/s/u/a=1/1/1/1  bf16-p/s=1/0
[19:25:35] [GPU] [1 AMD Radeon(TM) Graphics]  subgroup=64(32~64)  ops=1/1/1/1/1/1/1/1/1/1
[19:25:35] [GPU] [1 AMD Radeon(TM) Graphics]  fp16-cm=16x16x16  int8-cm=16x16x16  bf16-cm=0  fp8-cm=0
[19:25:37] [GPU] G:\_vtf_scratch\_batch_TALL/0005.png -> G:\_vtf_scratch\vtf_batch_1_1774553126\output_pass2/0005.png done
[19:25:37] [GPU] G:\_vtf_scratch\_batch_TALL/0004.png -> G:\_vtf_scratch\vtf_batch_1_1774553126\output_pass2/0004.png done
[19:25:38] [GPU] G:\_vtf_scratch\_batch_TALL/0006.png -> G:\_vtf_scratch\vtf_batch_1_1774553126\output_pass2/0006.png done
[19:25:39] [GPU] G:\_vtf_scratch\_batch_TALL/0008.png -> G:\_vtf_scratch\vtf_batch_1_1774553126\output_pass2/0008.png done
[19:25:40] [GPU] G:\_vtf_scratch\_batch_TALL/0007.png -> G:\_vtf_scratch\vtf_batch_1_1774553126\output_pass2/0007.png done
[19:25:42] [GPU] G:\_vtf_scratch\_batch_TALL/0009.png -> G:\_vtf_scratch\vtf_batch_1_1774553126\output_pass2/0009.png done
[19:25:45] [GPU] G:\_vtf_scratch\_batch_TALL/0010.png -> G:\_vtf_scratch\vtf_batch_1_1774553126\output_pass2/0010.png done
[19:25:46] [GPU] G:\_vtf_scratch\_batch_TALL/0011.png -> G:\_vtf_scratch\vtf_batch_1_1774553126\output_pass2/0011.png done
[19:25:51] ✓ simboots.vtf: 128x128 → 4096x4096 [AI] (10.7MB)
[19:25:51] ✓ simbootsn.vtf: 128x128 → 4096x4096 [AI] (10.7MB)
[19:25:51] ✓ simgloves.vtf: 128x128 → 4096x4096 [AI] (10.7MB)
[19:25:51] ✓ simglovesn.vtf: 128x128 → 4096x4096 [AI] (10.7MB)
[19:25:51] ✓ simhelmet.vtf: 256x256 → 4096x4096 [AI] (10.7MB)
[19:25:51] ✓ simhelmetn.vtf: 256x256 → 4096x4096 [AI] (10.7MB)
[19:25:51] ✓ simvisorn.vtf: 256x256 → 4096x4096 [AI] (10.7MB)
[19:25:51] ✓ simarmorn.vtf: 256x512 → 2048x4096 [AI] (5.3MB)
[19:25:51] ✓ simvisor.vtf: 256x256 → 4096x4096 [AI] (21.3MB)
[19:25:52] ✓ simarmor.vtf: 256x512 → 2048x4096 [AI] (10.7MB)
[19:25:52] ✓ swequipmentlockern.vtf: 512x512 → 4096x4096 [AI] (10.7MB)
[19:25:53] ✓ swequipmentlocker.vtf: 512x512 → 4096x4096 [AI] (21.3MB)
[19:25:53] ✅ Done in 0.5min (0.4/sec) | ✓12 ⊖0 ✗0
[19:25:53] ──────────────────────────────────────────────────
[19:25:53] 📊 BATCH STATS
[19:25:53]   ⏱ Total Time:      0.5 min (28s)
[19:25:53]   📁 Files:           12 upscaled, 0 skipped, 0 failed
[19:25:53]   📥 Input Size:      0.8 MB
[19:25:53]   📤 Output Size:     144.0 MB (191.4x)
[19:25:53]   ⚡ Avg Per File:    2.3s
[19:25:53]   🚀 Processing Rate: 0.4/sec
[19:25:53] ──────────────────────────────────────────────────

=== Completed: 12 success, 0 skipped, 0 failed in 0.5min ===
