=== VTF Upscaler 7.0.0 Log — 2026-02-17 22:03:19 ===

[22:03:19] ⚡ Using cached scan for 112 files (instant)...
[22:03:19] ⊖ Skipped 1 files: 1x bump map
[22:03:19] 🔍 Scan done: 111 to upscale (21.2 MB), 1 skipped | batch size: 200
[22:03:19] 📦 Batch 1/1 (111 files)...
[22:03:19] [GPU] [Split] Pass 1: 99 normal images (tile=1024)
[22:03:20] [GPU] [0 NVIDIA GeForce RTX 4080 SUPER]  queueC=2[8]  queueT=1[2]
[22:03:20] [GPU] [0 NVIDIA GeForce RTX 4080 SUPER]  fp16-p/s/u/a=1/1/1/1  int8-p/s/u/a=1/1/1/1  bf16-p/s=1/1
[22:03:20] [GPU] [0 NVIDIA GeForce RTX 4080 SUPER]  subgroup=32(32~32)  ops=1/1/1/1/1/1/1/1/1/1
[22:03:20] [GPU] [0 NVIDIA GeForce RTX 4080 SUPER]  fp16-cm=16x16x16/16x8x16/16x8x8  int8-cm=16x16x32/16x8x32  bf16-cm=16x16x16  fp8-cm=16x16x32
[22:03:20] [GPU] [1 AMD Radeon(TM) Graphics]  queueC=1[2]  queueT=2[1]
[22:03:20] [GPU] [1 AMD Radeon(TM) Graphics]  fp16-p/s/u/a=1/1/1/1  int8-p/s/u/a=1/1/1/1  bf16-p/s=1/0
[22:03:20] [GPU] [1 AMD Radeon(TM) Graphics]  subgroup=64(32~64)  ops=1/1/1/1/1/1/1/1/0/0
[22:03:20] [GPU] [1 AMD Radeon(TM) Graphics]  fp16-cm=0  int8-cm=0  bf16-cm=0  fp8-cm=0
[22:03:20] [GPU] R:\_batch_NORMAL/0001.bmp -> R:\vtf_batch_1_1771365799\output/0001.png done
[22:03:20] [GPU] R:\_batch_NORMAL/0000.bmp -> R:\vtf_batch_1_1771365799\output/0000.png done
[22:03:20] [GPU] R:\_batch_NORMAL/0003.bmp -> R:\vtf_batch_1_1771365799\output/0003.png done
[22:03:20] [GPU] R:\_batch_NORMAL/0002.bmp -> R:\vtf_batch_1_1771365799\output/0002.png done
[22:03:20] [GPU] R:\_batch_NORMAL/0004.bmp -> R:\vtf_batch_1_1771365799\output/0004.png done
[22:03:20] [GPU] R:\_batch_NORMAL/0005.bmp -> R:\vtf_batch_1_1771365799\output/0005.png done
[22:03:20] [GPU] R:\_batch_NORMAL/0006.bmp -> R:\vtf_batch_1_1771365799\output/0006.png done
[22:03:20] [GPU] R:\_batch_NORMAL/0007.bmp -> R:\vtf_batch_1_1771365799\output/0007.png done
[22:03:20] [GPU] R:\_batch_NORMAL/0008.bmp -> R:\vtf_batch_1_1771365799\output/0008.png done
[22:03:20] [GPU] R:\_batch_NORMAL/0009.bmp -> R:\vtf_batch_1_1771365799\output/0009.png done
[22:03:20] [GPU] R:\_batch_NORMAL/0010.bmp -> R:\vtf_batch_1_1771365799\output/0010.png done
[22:03:20] [GPU] R:\_batch_NORMAL/0011.bmp -> R:\vtf_batch_1_1771365799\output/0011.png done
[22:03:20] [GPU] R:\_batch_NORMAL/0012.bmp -> R:\vtf_batch_1_1771365799\output/0012.png done
[22:03:20] [GPU] R:\_batch_NORMAL/0013.bmp -> R:\vtf_batch_1_1771365799\output/0013.png done
[22:03:20] [GPU] R:\_batch_NORMAL/0014.bmp -> R:\vtf_batch_1_1771365799\output/0014.png done
[22:03:20] [GPU] R:\_batch_NORMAL/0015.bmp -> R:\vtf_batch_1_1771365799\output/0015.png done
[22:03:20] [GPU] R:\_batch_NORMAL/0016.bmp -> R:\vtf_batch_1_1771365799\output/0016.png done
[22:03:20] [GPU] R:\_batch_NORMAL/0017.bmp -> R:\vtf_batch_1_1771365799\output/0017.png done
[22:03:20] [GPU] R:\_batch_NORMAL/0018.bmp -> R:\vtf_batch_1_1771365799\output/0018.png done
[22:03:20] [GPU] R:\_batch_NORMAL/0019.bmp -> R:\vtf_batch_1_1771365799\output/0019.png done
[22:03:20] [GPU] R:\_batch_NORMAL/0021.bmp -> R:\vtf_batch_1_1771365799\output/0021.png done
[22:03:20] [GPU] R:\_batch_NORMAL/0020.bmp -> R:\vtf_batch_1_1771365799\output/0020.png done
[22:03:20] [GPU] R:\_batch_NORMAL/0022.bmp -> R:\vtf_batch_1_1771365799\output/0022.png done
[22:03:20] [GPU] R:\_batch_NORMAL/0023.bmp -> R:\vtf_batch_1_1771365799\output/0023.png done
[22:03:20] [GPU] R:\_batch_NORMAL/0024.bmp -> R:\vtf_batch_1_1771365799\output/0024.png done
[22:03:21] [GPU] R:\_batch_NORMAL/0025.bmp -> R:\vtf_batch_1_1771365799\output/0025.png done
[22:03:21] [GPU] R:\_batch_NORMAL/0026.bmp -> R:\vtf_batch_1_1771365799\output/0026.png done
[22:03:21] [GPU] R:\_batch_NORMAL/0028.bmp -> R:\vtf_batch_1_1771365799\output/0028.png done
[22:03:21] [GPU] R:\_batch_NORMAL/0027.bmp -> R:\vtf_batch_1_1771365799\output/0027.png done
[22:03:21] [GPU] R:\_batch_NORMAL/0030.bmp -> R:\vtf_batch_1_1771365799\output/0030.png done
[22:03:21] [GPU] R:\_batch_NORMAL/0029.bmp -> R:\vtf_batch_1_1771365799\output/0029.png done
[22:03:21] [GPU] R:\_batch_NORMAL/0032.bmp -> R:\vtf_batch_1_1771365799\output/0032.png done
[22:03:21] [GPU] R:\_batch_NORMAL/0031.bmp -> R:\vtf_batch_1_1771365799\output/0031.png done
[22:03:21] [GPU] R:\_batch_NORMAL/0034.bmp -> R:\vtf_batch_1_1771365799\output/0034.png done
[22:03:21] [GPU] R:\_batch_NORMAL/0036.bmp -> R:\vtf_batch_1_1771365799\output/0036.png done
[22:03:21] [GPU] R:\_batch_NORMAL/0038.bmp -> R:\vtf_batch_1_1771365799\output/0038.png done
[22:03:21] [GPU] R:\_batch_NORMAL/0033.bmp -> R:\vtf_batch_1_1771365799\output/0033.png done
[22:03:21] [GPU] R:\_batch_NORMAL/0040.bmp -> R:\vtf_batch_1_1771365799\output/0040.png done
[22:03:21] [GPU] R:\_batch_NORMAL/0035.bmp -> R:\vtf_batch_1_1771365799\output/0035.png done
[22:03:21] [GPU] R:\_batch_NORMAL/0037.bmp -> R:\vtf_batch_1_1771365799\output/0037.png done
[22:03:21] [GPU] R:\_batch_NORMAL/0042.bmp -> R:\vtf_batch_1_1771365799\output/0042.png done
[22:03:21] [GPU] R:\_batch_NORMAL/0044.bmp -> R:\vtf_batch_1_1771365799\output/0044.png done
[22:03:21] [GPU] R:\_batch_NORMAL/0039.bmp -> R:\vtf_batch_1_1771365799\output/0039.png done
[22:03:22] [GPU] R:\_batch_NORMAL/0041.bmp -> R:\vtf_batch_1_1771365799\output/0041.png done
[22:03:22] [GPU] R:\_batch_NORMAL/0046.bmp -> R:\vtf_batch_1_1771365799\output/0046.png done
[22:03:22] [GPU] R:\_batch_NORMAL/0043.bmp -> R:\vtf_batch_1_1771365799\output/0043.png done
[22:03:22] [GPU] R:\_batch_NORMAL/0048.bmp -> R:\vtf_batch_1_1771365799\output/0048.png done
[22:03:22] [GPU] R:\_batch_NORMAL/0045.bmp -> R:\vtf_batch_1_1771365799\output/0045.png done
[22:03:22] [GPU] R:\_batch_NORMAL/0050.bmp -> R:\vtf_batch_1_1771365799\output/0050.png done
[22:03:22] [GPU] R:\_batch_NORMAL/0047.bmp -> R:\vtf_batch_1_1771365799\output/0047.png done
[22:03:22] [GPU] R:\_batch_NORMAL/0052.bmp -> R:\vtf_batch_1_1771365799\output/0052.png done
[22:03:22] [GPU] R:\_batch_NORMAL/0049.bmp -> R:\vtf_batch_1_1771365799\output/0049.png done
[22:03:22] [GPU] R:\_batch_NORMAL/0054.bmp -> R:\vtf_batch_1_1771365799\output/0054.png done
[22:03:22] [GPU] R:\_batch_NORMAL/0051.bmp -> R:\vtf_batch_1_1771365799\output/0051.png done
[22:03:22] [GPU] R:\_batch_NORMAL/0056.bmp -> R:\vtf_batch_1_1771365799\output/0056.png done
[22:03:22] [GPU] R:\_batch_NORMAL/0053.bmp -> R:\vtf_batch_1_1771365799\output/0053.png done
[22:03:22] [GPU] R:\_batch_NORMAL/0058.bmp -> R:\vtf_batch_1_1771365799\output/0058.png done
[22:03:22] [GPU] R:\_batch_NORMAL/0055.bmp -> R:\vtf_batch_1_1771365799\output/0055.png done
[22:03:22] [GPU] R:\_batch_NORMAL/0060.bmp -> R:\vtf_batch_1_1771365799\output/0060.png done
[22:03:22] [GPU] R:\_batch_NORMAL/0062.bmp -> R:\vtf_batch_1_1771365799\output/0062.png done
[22:03:22] [GPU] R:\_batch_NORMAL/0057.bmp -> R:\vtf_batch_1_1771365799\output/0057.png done
[22:03:22] [GPU] R:\_batch_NORMAL/0059.bmp -> R:\vtf_batch_1_1771365799\output/0059.png done
[22:03:22] [GPU] R:\_batch_NORMAL/0061.bmp -> R:\vtf_batch_1_1771365799\output/0061.png done
[22:03:22] [GPU] R:\_batch_NORMAL/0064.bmp -> R:\vtf_batch_1_1771365799\output/0064.png done
[22:03:22] [GPU] R:\_batch_NORMAL/0066.bmp -> R:\vtf_batch_1_1771365799\output/0066.png done
[22:03:23] [GPU] R:\_batch_NORMAL/0063.bmp -> R:\vtf_batch_1_1771365799\output/0063.png done
[22:03:23] [GPU] R:\_batch_NORMAL/0068.bmp -> R:\vtf_batch_1_1771365799\output/0068.png done
[22:03:23] [GPU] R:\_batch_NORMAL/0065.bmp -> R:\vtf_batch_1_1771365799\output/0065.png done
[22:03:23] [GPU] R:\_batch_NORMAL/0070.bmp -> R:\vtf_batch_1_1771365799\output/0070.png done
[22:03:23] [GPU] R:\_batch_NORMAL/0067.bmp -> R:\vtf_batch_1_1771365799\output/0067.png done
[22:03:23] [GPU] R:\_batch_NORMAL/0072.bmp -> R:\vtf_batch_1_1771365799\output/0072.png done
[22:03:24] [GPU] R:\_batch_NORMAL/0074.bmp -> R:\vtf_batch_1_1771365799\output/0074.png done
[22:03:24] [GPU] R:\_batch_NORMAL/0069.bmp -> R:\vtf_batch_1_1771365799\output/0069.png done
[22:03:24] [GPU] R:\_batch_NORMAL/0071.bmp -> R:\vtf_batch_1_1771365799\output/0071.png done
[22:03:24] [GPU] R:\_batch_NORMAL/0076.bmp -> R:\vtf_batch_1_1771365799\output/0076.png done
[22:03:24] [GPU] R:\_batch_NORMAL/0073.bmp -> R:\vtf_batch_1_1771365799\output/0073.png done
[22:03:24] [GPU] R:\_batch_NORMAL/0078.bmp -> R:\vtf_batch_1_1771365799\output/0078.png done
[22:03:24] [GPU] R:\_batch_NORMAL/0075.bmp -> R:\vtf_batch_1_1771365799\output/0075.png done
[22:03:25] [GPU] R:\_batch_NORMAL/0080.bmp -> R:\vtf_batch_1_1771365799\output/0080.png done
[22:03:25] [GPU] R:\_batch_NORMAL/0077.bmp -> R:\vtf_batch_1_1771365799\output/0077.png done
[22:03:25] [GPU] R:\_batch_NORMAL/0082.bmp -> R:\vtf_batch_1_1771365799\output/0082.png done
[22:03:25] [GPU] R:\_batch_NORMAL/0079.bmp -> R:\vtf_batch_1_1771365799\output/0079.png done
[22:03:25] [GPU] R:\_batch_NORMAL/0081.bmp -> R:\vtf_batch_1_1771365799\output/0081.png done
[22:03:25] [GPU] R:\_batch_NORMAL/0084.bmp -> R:\vtf_batch_1_1771365799\output/0084.png done
[22:03:26] [GPU] R:\_batch_NORMAL/0086.bmp -> R:\vtf_batch_1_1771365799\output/0086.png done
[22:03:26] [GPU] R:\_batch_NORMAL/0083.bmp -> R:\vtf_batch_1_1771365799\output/0083.png done
[22:03:26] [GPU] R:\_batch_NORMAL/0088.bmp -> R:\vtf_batch_1_1771365799\output/0088.png done
[22:03:26] [GPU] R:\_batch_NORMAL/0085.bmp -> R:\vtf_batch_1_1771365799\output/0085.png done
[22:03:26] [GPU] R:\_batch_NORMAL/0090.bmp -> R:\vtf_batch_1_1771365799\output/0090.png done
[22:03:26] [GPU] R:\_batch_NORMAL/0087.bmp -> R:\vtf_batch_1_1771365799\output/0087.png done
[22:03:26] [GPU] R:\_batch_NORMAL/0092.bmp -> R:\vtf_batch_1_1771365799\output/0092.png done
[22:03:27] [GPU] R:\_batch_NORMAL/0089.bmp -> R:\vtf_batch_1_1771365799\output/0089.png done
[22:03:27] [GPU] R:\_batch_NORMAL/0094.bmp -> R:\vtf_batch_1_1771365799\output/0094.png done
[22:03:27] [GPU] R:\_batch_NORMAL/0091.bmp -> R:\vtf_batch_1_1771365799\output/0091.png done
[22:03:27] [GPU] R:\_batch_NORMAL/0096.bmp -> R:\vtf_batch_1_1771365799\output/0096.png done
[22:03:27] [GPU] R:\_batch_NORMAL/0110.bmp -> R:\vtf_batch_1_1771365799\output/0110.png done
[22:03:27] [GPU] R:\_batch_NORMAL/0093.bmp -> R:\vtf_batch_1_1771365799\output/0093.png done
[22:03:27] [GPU] R:\_batch_NORMAL/0095.bmp -> R:\vtf_batch_1_1771365799\output/0095.png done
[22:03:27] [GPU] R:\_batch_NORMAL/0097.bmp -> R:\vtf_batch_1_1771365799\output/0097.png done
[22:03:32] [GPU] [Split] Pass 2: 12 tall images (tile=512, height>=1024)
[22:03:33] [GPU] [0 NVIDIA GeForce RTX 4080 SUPER]  queueC=2[8]  queueT=1[2]
[22:03:33] [GPU] [0 NVIDIA GeForce RTX 4080 SUPER]  fp16-p/s/u/a=1/1/1/1  int8-p/s/u/a=1/1/1/1  bf16-p/s=1/1
[22:03:33] [GPU] [0 NVIDIA GeForce RTX 4080 SUPER]  subgroup=32(32~32)  ops=1/1/1/1/1/1/1/1/1/1
[22:03:33] [GPU] [0 NVIDIA GeForce RTX 4080 SUPER]  fp16-cm=16x16x16/16x8x16/16x8x8  int8-cm=16x16x32/16x8x32  bf16-cm=16x16x16  fp8-cm=16x16x32
[22:03:33] [GPU] [1 AMD Radeon(TM) Graphics]  queueC=1[2]  queueT=2[1]
[22:03:33] [GPU] [1 AMD Radeon(TM) Graphics]  fp16-p/s/u/a=1/1/1/1  int8-p/s/u/a=1/1/1/1  bf16-p/s=1/0
[22:03:33] [GPU] [1 AMD Radeon(TM) Graphics]  subgroup=64(32~64)  ops=1/1/1/1/1/1/1/1/0/0
[22:03:33] [GPU] [1 AMD Radeon(TM) Graphics]  fp16-cm=0  int8-cm=0  bf16-cm=0  fp8-cm=0
[22:03:34] ⚠ GPU: vkAllocateMemory failed -2
[22:03:36] [GPU] R:\_batch_TALL/0098.bmp -> R:\vtf_batch_1_1771365799\output/0098.png done
[22:03:36] [GPU] R:\_batch_TALL/0100.bmp -> R:\vtf_batch_1_1771365799\output/0100.png done
[22:03:36] [GPU] R:\_batch_TALL/0101.bmp -> R:\vtf_batch_1_1771365799\output/0101.png done
[22:03:36] [GPU] R:\_batch_TALL/0099.bmp -> R:\vtf_batch_1_1771365799\output/0099.png done
[22:03:38] [GPU] R:\_batch_TALL/0102.bmp -> R:\vtf_batch_1_1771365799\output/0102.png done
[22:03:38] [GPU] R:\_batch_TALL/0103.bmp -> R:\vtf_batch_1_1771365799\output/0103.png done
[22:03:38] [GPU] R:\_batch_TALL/0105.bmp -> R:\vtf_batch_1_1771365799\output/0105.png done
[22:03:38] [GPU] R:\_batch_TALL/0104.bmp -> R:\vtf_batch_1_1771365799\output/0104.png done
[22:03:41] [GPU] R:\_batch_TALL/0106.bmp -> R:\vtf_batch_1_1771365799\output/0106.png done
[22:03:41] [GPU] R:\_batch_TALL/0107.bmp -> R:\vtf_batch_1_1771365799\output/0107.png done
[22:03:41] [GPU] R:\_batch_TALL/0109.bmp -> R:\vtf_batch_1_1771365799\output/0109.png done
[22:03:42] [GPU] R:\_batch_TALL/0108.bmp -> R:\vtf_batch_1_1771365799\output/0108.png done
[22:03:43] ⚠ GPU batch 1: 15 corrupted outputs detected — re-processing with safe settings...
[22:03:46] [GPU] [0 NVIDIA GeForce RTX 4080 SUPER]  queueC=2[8]  queueT=1[2]
[22:03:46] [GPU] [0 NVIDIA GeForce RTX 4080 SUPER]  fp16-p/s/u/a=1/1/1/1  int8-p/s/u/a=1/1/1/1  bf16-p/s=1/1
[22:03:46] [GPU] [0 NVIDIA GeForce RTX 4080 SUPER]  subgroup=32(32~32)  ops=1/1/1/1/1/1/1/1/1/1
[22:03:46] [GPU] [0 NVIDIA GeForce RTX 4080 SUPER]  fp16-cm=16x16x16/16x8x16/16x8x8  int8-cm=16x16x32/16x8x32  bf16-cm=16x16x16  fp8-cm=16x16x32
[22:03:46] [GPU] [1 AMD Radeon(TM) Graphics]  queueC=1[2]  queueT=2[1]
[22:03:46] [GPU] [1 AMD Radeon(TM) Graphics]  fp16-p/s/u/a=1/1/1/1  int8-p/s/u/a=1/1/1/1  bf16-p/s=1/0
[22:03:46] [GPU] [1 AMD Radeon(TM) Graphics]  subgroup=64(32~64)  ops=1/1/1/1/1/1/1/1/0/0
[22:03:46] [GPU] [1 AMD Radeon(TM) Graphics]  fp16-cm=0  int8-cm=0  bf16-cm=0  fp8-cm=0
[22:03:46] [GPU] R:\vtf_batch_1_1771365799\safe_input/0001.bmp -> R:\vtf_batch_1_1771365799\output/0001.png done
[22:03:46] [GPU] R:\vtf_batch_1_1771365799\safe_input/0018.bmp -> R:\vtf_batch_1_1771365799\output/0018.png done
[22:03:46] [GPU] R:\vtf_batch_1_1771365799\safe_input/0007.bmp -> R:\vtf_batch_1_1771365799\output/0007.png done
[22:03:46] [GPU] R:\vtf_batch_1_1771365799\safe_input/0021.bmp -> R:\vtf_batch_1_1771365799\output/0021.png done
[22:03:47] [GPU] R:\vtf_batch_1_1771365799\safe_input/0097.bmp -> R:\vtf_batch_1_1771365799\output/0097.png done
[22:03:47] [GPU] R:\vtf_batch_1_1771365799\safe_input/0074.bmp -> R:\vtf_batch_1_1771365799\output/0074.png done
[22:03:47] [GPU] R:\vtf_batch_1_1771365799\safe_input/0068.bmp -> R:\vtf_batch_1_1771365799\output/0068.png done
[22:03:48] [GPU] R:\vtf_batch_1_1771365799\safe_input/0100.bmp -> R:\vtf_batch_1_1771365799\output/0100.png done
[22:03:49] [GPU] R:\vtf_batch_1_1771365799\safe_input/0102.bmp -> R:\vtf_batch_1_1771365799\output/0102.png done
[22:03:49] [GPU] R:\vtf_batch_1_1771365799\safe_input/0103.bmp -> R:\vtf_batch_1_1771365799\output/0103.png done
[22:03:49] [GPU] R:\vtf_batch_1_1771365799\safe_input/0101.bmp -> R:\vtf_batch_1_1771365799\output/0101.png done
[22:03:50] [GPU] R:\vtf_batch_1_1771365799\safe_input/0104.bmp -> R:\vtf_batch_1_1771365799\output/0104.png done
[22:03:51] [GPU] R:\vtf_batch_1_1771365799\safe_input/0105.bmp -> R:\vtf_batch_1_1771365799\output/0105.png done
[22:03:51] [GPU] R:\vtf_batch_1_1771365799\safe_input/0107.bmp -> R:\vtf_batch_1_1771365799\output/0107.png done
[22:03:51] [GPU] R:\vtf_batch_1_1771365799\safe_input/0109.bmp -> R:\vtf_batch_1_1771365799\output/0109.png done
[22:03:52] ⚠ GPU batch 1: 2 files still dark after safe retry
[22:03:57] ✓ ebo_sky801dro.vtf: 16x16 → 4096x4096 [AI] (21.3MB)
[22:03:57] ✗ leh_hyper02.vtf: Upscaled output not found
[22:03:57] ✓ ebo_npip.vtf: 64x64 → 4096x4096 [AI] (21.3MB)
[22:03:58] ✓ leh_greysmall.vtf: 64x64 → 4096x4096 [AI] (21.3MB)
[22:03:58] ✓ leh_light01.vtf: 64x64 → 4096x4096 [AI] (21.3MB)
[22:03:58] ✓ leh_pipe04.vtf: 64x64 → 4096x4096 [AI] (21.3MB)
[22:04:00] ✓ keyport.vtf: 128x128 → 4096x4096 [AI] (10.7MB)
[22:04:00] ⚠ tracklight3.vtf: 128x128 → 4096x4096 [AI] (10.7MB) ⚠️ FLAT
[22:04:00] ✓ comp_panel_11.vtf: 256x128 → 4096x2048 [AI] (5.3MB)
[22:04:00] ✓ comp_panel_new_2.vtf: 256x128 → 4096x2048 [AI] (5.3MB)
[22:04:00] ✓ comp_panel_new_3.vtf: 256x128 → 4096x2048 [AI] (5.3MB)
[22:04:00] ✓ comp_panel_up.vtf: 256x128 → 4096x2048 [AI] (5.3MB)
[22:04:00] ✓ comp_panel_up_3.vtf: 256x128 → 4096x2048 [AI] (5.3MB)
[22:04:00] ✓ elcon01.vtf: 128x256 → 2048x4096 [AI] (5.3MB)
[22:04:01] ✓ leh_light06.vtf: 128x128 → 4096x4096 [AI] (21.3MB)
[22:04:04] ✓ nar_lit0.vtf: 128x128 → 4096x4096 [AI] (21.3MB)
[22:04:04] ✓ nih_tk02.vtf: 128x128 → 4096x4096 [AI] (21.3MB)
[22:04:04] ✓ tel_holo.vtf: 128x128 → 4096x4096 [AI] (21.3MB)
[22:04:04] ⚠ ebo_npip2.vtf: 128x128 → 4096x4096 [AI] (21.3MB) ⚠️ FLAT
[22:04:04] ✓ ebo_npip3.vtf: 128x128 → 4096x4096 [AI] (21.3MB)
[22:04:11] ✓ leh_blwall04.vtf: 128x128 → 4096x4096 [AI] (21.3MB)
[22:04:11] ⚠ leh_glass01.vtf: 128x128 → 4096x4096 [AI] (21.3MB) ⚠️ FLAT
[22:04:11] ✓ leh_light02.vtf: 128x128 → 4096x4096 [AI] (21.3MB)
[22:04:11] ✓ leh_light03.vtf: 128x128 → 4096x4096 [AI] (21.3MB)
[22:04:11] ✓ leh_light04.vtf: 128x128 → 4096x4096 [AI] (21.3MB)
[22:04:11] ✓ leh_light05.vtf: 128x128 → 4096x4096 [AI] (21.3MB)
[22:04:11] ✓ leh_scre03.vtf: 128x128 → 4096x4096 [AI] (21.3MB)
[22:04:11] ✓ mp_r_pipe06.vtf: 128x512 → 1024x4096 [AI] (2.7MB)
[22:04:11] ✓ light01.vtf: 256x256 → 4096x4096 [AI] (10.7MB)
[22:04:11] ✓ crateswitch.vtf: 256x256 → 4096x4096 [AI] (10.7MB)
[22:04:11] ✓ innertrim.vtf: 512x256 → 4096x2048 [AI] (5.3MB)
[22:04:11] ✓ labwell_common.vtf: 256x512 → 2048x4096 [AI] (5.3MB)
[22:04:11] ✓ redlightsd.vtf: 256x512 → 2048x4096 [AI] (5.3MB)
[22:04:12] ✓ support3.vtf: 256x512 → 2048x4096 [AI] (5.3MB)
[22:04:12] ✓ doom_display1.vtf: 512x256 → 4096x2048 [AI] (5.3MB)
[22:04:12] ✓ metalpanel1c.vtf: 256x512 → 2048x4096 [AI] (5.3MB)
[22:04:12] ✓ ns_screen_red.vtf: 512x256 → 4096x2048 [AI] (5.3MB)
[22:04:12] ✓ screen2.vtf: 256x512 → 2048x4096 [AI] (5.3MB)
[22:04:12] ✓ screen_vator.vtf: 256x512 → 2048x4096 [AI] (5.3MB)
[22:04:13] ✓ crate1.vtf: 256x512 → 2048x4096 [AI] (5.3MB)
[22:04:18] ✓ ond_wn03.vtf: 256x256 → 4096x4096 [AI] (21.3MB)
[22:04:18] ✓ dan_bkc1.vtf: 256x256 → 4096x4096 [AI] (21.3MB)
[22:04:23] ✓ dxn_crt.vtf: 256x256 → 4096x4096 [AI] (21.3MB)
[22:04:23] ✓ nar_lit2.vtf: 256x256 → 4096x4096 [AI] (21.3MB)
[22:04:23] ✓ nar_lit3.vtf: 256x256 → 4096x4096 [AI] (21.3MB)
[22:04:23] ✓ nar_lit4.vtf: 256x256 → 4096x4096 [AI] (21.3MB)
[22:04:23] ✓ nar_lite.vtf: 256x256 → 4096x4096 [AI] (21.3MB)
[22:04:23] ✓ onh_wn03.vtf: 256x256 → 4096x4096 [AI] (21.3MB)
[22:04:23] ✓ ebo_ptch.vtf: 256x256 → 4096x4096 [AI] (21.3MB)
[22:04:23] ✓ ebo_ptch2.vtf: 256x256 → 4096x4096 [AI] (21.3MB)
[22:04:23] ✓ ebo_scaf.vtf: 256x256 → 4096x4096 [AI] (21.3MB)
[22:04:29] ✓ leh_blwall01.vtf: 256x256 → 4096x4096 [AI] (21.3MB)
[22:04:29] ✓ leh_blwall05.vtf: 256x256 → 4096x4096 [AI] (21.3MB)
[22:04:32] ✓ leh_brwall03.vtf: 256x256 → 4096x4096 [AI] (21.3MB)
[22:04:32] ✓ leh_floor05.vtf: 256x256 → 4096x4096 [AI] (21.3MB)
[22:04:32] ✓ leh_grwall01.vtf: 256x256 → 4096x4096 [AI] (21.3MB)
[22:04:32] ✓ leh_hyper01.vtf: 256x256 → 4096x4096 [AI] (21.3MB)
[22:04:32] ✓ leh_net01.vtf: 256x256 → 4096x4096 [AI] (21.3MB)
[22:04:41] ✓ leh_panel01.vtf: 256x256 → 4096x4096 [AI] (21.3MB)
[22:04:41] ✓ leh_scre01.vtf: 256x256 → 4096x4096 [AI] (21.3MB)
[22:04:41] ✓ leh_scre02.vtf: 256x256 → 4096x4096 [AI] (21.3MB)
[22:04:41] ✓ leh_wall01.vtf: 256x256 → 4096x4096 [AI] (21.3MB)
[22:04:41] ✓ lmi_bed01.vtf: 256x256 → 4096x4096 [AI] (21.3MB)
[22:04:41] ✓ isd_metal01_nrm.vtf: 512x512 → 4096x4096 [AI] (10.7MB)
[22:04:43] ✓ alcove01.vtf: 512x512 → 4096x4096 [AI] (10.7MB)
[22:04:43] ✓ basefloor2.vtf: 512x512 → 4096x4096 [AI] (10.7MB)
[22:04:43] ✓ basic.vtf: 512x512 → 4096x4096 [AI] (10.7MB)
[22:04:43] ✓ booth_outside.vtf: 512x512 → 4096x4096 [AI] (10.7MB)
[22:04:43] ⚠ floor6.vtf: 512x512 → 4096x4096 [AI] (10.7MB) ⚠️ FLAT
[22:04:43] ✓ floortrack.vtf: 512x512 → 4096x4096 [AI] (10.7MB)
[22:04:43] ✓ foormetal2.vtf: 512x512 → 4096x4096 [AI] (10.7MB)
[22:04:45] ✓ grate3.vtf: 512x512 → 4096x4096 [AI] (10.7MB)
[22:04:45] ✓ metal.vtf: 512x512 → 4096x4096 [AI] (10.7MB)
[22:04:45] ✓ new8.vtf: 512x512 → 4096x4096 [AI] (10.7MB)
[22:04:45] ⚠ tilefloor01.vtf: 512x512 → 4096x4096 [AI] (10.7MB) ⚠️ FLAT
[22:04:45] ✓ trim_floor.vtf: 512x512 → 4096x4096 [AI] (10.7MB)
[22:04:45] ✓ wallnew2.vtf: 512x512 → 4096x4096 [AI] (10.7MB)
[22:04:45] ✓ floor2.vtf: 512x512 → 4096x4096 [AI] (10.7MB)
[22:04:45] ✓ metal.vtf: 512x512 → 4096x4096 [AI] (10.7MB)
[22:04:50] ✓ new3.vtf: 512x512 → 4096x4096 [AI] (10.7MB)
[22:04:50] ✓ new5.vtf: 512x512 → 4096x4096 [AI] (10.7MB)
[22:04:50] ✓ n_floor01.vtf: 512x512 → 4096x4096 [AI] (10.7MB)
[22:04:50] ✓ n_floor02.vtf: 512x512 → 4096x4096 [AI] (10.7MB)
[22:04:50] ✓ panwall1.vtf: 512x512 → 4096x4096 [AI] (10.7MB)
[22:04:57] ✓ sand_1_01.vtf: 512x512 → 4096x4096 [AI] (10.7MB)
[22:04:57] ✓ u_metalgreenrib.vtf: 512x512 → 4096x4096 [AI] (10.7MB)
[22:04:57] ✓ crate01.vtf: 512x512 → 4096x4096 [AI] (10.7MB)
[22:04:57] ✓ crate02.vtf: 512x512 → 4096x4096 [AI] (10.7MB)
[22:04:57] ✓ crate1top.vtf: 512x512 → 4096x4096 [AI] (10.7MB)
[22:04:57] ✓ crate7.vtf: 512x512 → 4096x4096 [AI] (10.7MB)
[22:04:57] ✓ c_crate.vtf: 512x512 → 4096x4096 [AI] (10.7MB)
[22:04:57] ✓ c_crate2.vtf: 512x512 → 4096x4096 [AI] (10.7MB)
[22:05:01] ✓ ns_newcrate.vtf: 512x512 → 4096x4096 [AI] (10.7MB)
[22:05:01] ✓ csrev_infstains.vtf: 512x512 → 4096x4096 [AI] (21.3MB)
[22:05:01] ✓ ds_wall.vtf: 512x512 → 4096x4096 [AI] (21.3MB)
[22:05:01] ✓ u_grate.vtf: 512x512 → 4096x4096 [AI] (21.3MB)
[22:05:01] ✓ leh_ehawk02.vtf: 512x512 → 4096x4096 [AI] (21.3MB)
[22:05:01] ⚠ per_stars.vtf: 512x512 → 4096x4096 [AI] (21.3MB) ⚠️ DARK
[22:05:01] ✓ isd_metal01.vtf: 1024x1024 → 4096x4096 [AI] (10.7MB)
[22:05:01] ✓ landingbay02.vtf: 1024x1024 → 4096x4096 [AI] (10.7MB)
[22:05:01] ⚠ frontcannons.vtf: 1024x1024 → 4096x4096 [AI] (10.7MB) ⚠️ FLAT
[22:05:01] ✓ frontinstruments.vtf: 1024x1024 → 4096x4096 [AI] (10.7MB)
[22:05:01] ⚠ hull.vtf: 1024x1024 → 4096x4096 [AI] (10.7MB) ⚠️ FLAT
[22:05:01] ⚠ interior.vtf: 1024x1024 → 4096x4096 [AI] (10.7MB) ⚠️ FLAT
[22:05:01] ⚠ rearguns.vtf: 1024x1024 → 4096x4096 [AI] (10.7MB) ⚠️ FLAT
[22:05:01] ✓ rearinstruments.vtf: 1024x1024 → 4096x4096 [AI] (10.7MB)
[22:05:01] ✓ seating.vtf: 1024x1024 → 4096x4096 [AI] (10.7MB)
[22:05:01] ⚠ window.vtf: 1024x1024 → 4096x4096 [AI] (10.7MB) ⚠️ FLAT
[22:05:07] ✓ ebo_sky01.vtf: 1024x1024 → 4096x4096 [AI] (21.3MB)
[22:05:09] ✓ ebo_sky02.vtf: 1024x1024 → 4096x4096 [AI] (21.3MB)
[22:05:09] ✓ blue_lava.vtf: 256x256 → 4096x4096 [AI] (21.3MB)
[22:05:09] ✅ Done in 1.8min (60.1/min) | ✓110 ⊖1 ✗1
[22:05:09] ⚠️ CORRUPTION REPORT: 11 file(s) flagged for review:
[22:05:09]   → tracklight3.vtf
[22:05:09]   → ebo_npip2.vtf
[22:05:09]   → leh_glass01.vtf
[22:05:09]   → floor6.vtf
[22:05:09]   → tilefloor01.vtf
[22:05:09]   → per_stars.vtf
[22:05:09]   → frontcannons.vtf
[22:05:09]   → hull.vtf
[22:05:09]   → interior.vtf
[22:05:09]   → rearguns.vtf
[22:05:09]   → window.vtf

=== Completed: 110 success, 1 skipped, 1 failed in 1.8min ===
