=== VTF Upscaler 7.0.0 Log — 2026-02-17 21:22:33 ===

[21:22:33] ⚡ Using cached scan for 137 files (instant)...
[21:22:33] ⊖ Skipped 2 files: 2x mask texture
[21:22:33] 🔍 Scan done: 135 to upscale (21.1 MB), 2 skipped | batch size: 100
[21:22:33] 📦 Batch 1/2 (100 files)...
[21:22:33] [GPU] [0 NVIDIA GeForce RTX 4080 SUPER]  queueC=2[8]  queueT=1[2]
[21:22:33] [GPU] [0 NVIDIA GeForce RTX 4080 SUPER]  fp16-p/s/u/a=1/1/1/1  int8-p/s/u/a=1/1/1/1  bf16-p/s=1/1
[21:22:33] [GPU] [0 NVIDIA GeForce RTX 4080 SUPER]  subgroup=32(32~32)  ops=1/1/1/1/1/1/1/1/1/1
[21:22:33] [GPU] [0 NVIDIA GeForce RTX 4080 SUPER]  fp16-cm=16x16x16/16x8x16/16x8x8  int8-cm=16x16x32/16x8x32  bf16-cm=16x16x16  fp8-cm=16x16x32
[21:22:33] [GPU] [1 AMD Radeon(TM) Graphics]  queueC=1[2]  queueT=2[1]
[21:22:33] [GPU] [1 AMD Radeon(TM) Graphics]  fp16-p/s/u/a=1/1/1/1  int8-p/s/u/a=1/1/1/1  bf16-p/s=1/0
[21:22:33] [GPU] [1 AMD Radeon(TM) Graphics]  subgroup=64(32~64)  ops=1/1/1/1/1/1/1/1/0/0
[21:22:33] [GPU] [1 AMD Radeon(TM) Graphics]  fp16-cm=0  int8-cm=0  bf16-cm=0  fp8-cm=0
[21:22:34] [GPU] G:\_vtf_scratch\vtf_batch_1_1771363353\input/0001.bmp -> G:\_vtf_scratch\vtf_batch_1_1771363353\output/0001.png done
[21:22:34] [GPU] G:\_vtf_scratch\vtf_batch_1_1771363353\input/0000.bmp -> G:\_vtf_scratch\vtf_batch_1_1771363353\output/0000.png done
[21:22:34] [GPU] G:\_vtf_scratch\vtf_batch_1_1771363353\input/0003.bmp -> G:\_vtf_scratch\vtf_batch_1_1771363353\output/0003.png done
[21:22:34] [GPU] G:\_vtf_scratch\vtf_batch_1_1771363353\input/0002.bmp -> G:\_vtf_scratch\vtf_batch_1_1771363353\output/0002.png done
[21:22:34] [GPU] G:\_vtf_scratch\vtf_batch_1_1771363353\input/0004.bmp -> G:\_vtf_scratch\vtf_batch_1_1771363353\output/0004.png done
[21:22:34] [GPU] G:\_vtf_scratch\vtf_batch_1_1771363353\input/0005.bmp -> G:\_vtf_scratch\vtf_batch_1_1771363353\output/0005.png done
[21:22:34] [GPU] G:\_vtf_scratch\vtf_batch_1_1771363353\input/0006.bmp -> G:\_vtf_scratch\vtf_batch_1_1771363353\output/0006.png done
[21:22:34] [GPU] G:\_vtf_scratch\vtf_batch_1_1771363353\input/0007.bmp -> G:\_vtf_scratch\vtf_batch_1_1771363353\output/0007.png done
[21:22:34] [GPU] G:\_vtf_scratch\vtf_batch_1_1771363353\input/0009.bmp -> G:\_vtf_scratch\vtf_batch_1_1771363353\output/0009.png done
[21:22:34] [GPU] G:\_vtf_scratch\vtf_batch_1_1771363353\input/0008.bmp -> G:\_vtf_scratch\vtf_batch_1_1771363353\output/0008.png done
[21:22:34] [GPU] G:\_vtf_scratch\vtf_batch_1_1771363353\input/0011.bmp -> G:\_vtf_scratch\vtf_batch_1_1771363353\output/0011.png done
[21:22:34] [GPU] G:\_vtf_scratch\vtf_batch_1_1771363353\input/0010.bmp -> G:\_vtf_scratch\vtf_batch_1_1771363353\output/0010.png done
[21:22:34] [GPU] G:\_vtf_scratch\vtf_batch_1_1771363353\input/0013.bmp -> G:\_vtf_scratch\vtf_batch_1_1771363353\output/0013.png done
[21:22:34] [GPU] G:\_vtf_scratch\vtf_batch_1_1771363353\input/0012.bmp -> G:\_vtf_scratch\vtf_batch_1_1771363353\output/0012.png done
[21:22:34] [GPU] G:\_vtf_scratch\vtf_batch_1_1771363353\input/0015.bmp -> G:\_vtf_scratch\vtf_batch_1_1771363353\output/0015.png done
[21:22:34] [GPU] G:\_vtf_scratch\vtf_batch_1_1771363353\input/0014.bmp -> G:\_vtf_scratch\vtf_batch_1_1771363353\output/0014.png done
[21:22:34] [GPU] G:\_vtf_scratch\vtf_batch_1_1771363353\input/0017.bmp -> G:\_vtf_scratch\vtf_batch_1_1771363353\output/0017.png done
[21:22:34] [GPU] G:\_vtf_scratch\vtf_batch_1_1771363353\input/0019.bmp -> G:\_vtf_scratch\vtf_batch_1_1771363353\output/0019.png done
[21:22:34] [GPU] G:\_vtf_scratch\vtf_batch_1_1771363353\input/0016.bmp -> G:\_vtf_scratch\vtf_batch_1_1771363353\output/0016.png done
[21:22:34] [GPU] G:\_vtf_scratch\vtf_batch_1_1771363353\input/0021.bmp -> G:\_vtf_scratch\vtf_batch_1_1771363353\output/0021.png done
[21:22:34] [GPU] G:\_vtf_scratch\vtf_batch_1_1771363353\input/0018.bmp -> G:\_vtf_scratch\vtf_batch_1_1771363353\output/0018.png done
[21:22:35] [GPU] G:\_vtf_scratch\vtf_batch_1_1771363353\input/0023.bmp -> G:\_vtf_scratch\vtf_batch_1_1771363353\output/0023.png done
[21:22:35] [GPU] G:\_vtf_scratch\vtf_batch_1_1771363353\input/0020.bmp -> G:\_vtf_scratch\vtf_batch_1_1771363353\output/0020.png done
[21:22:35] [GPU] G:\_vtf_scratch\vtf_batch_1_1771363353\input/0025.bmp -> G:\_vtf_scratch\vtf_batch_1_1771363353\output/0025.png done
[21:22:35] [GPU] G:\_vtf_scratch\vtf_batch_1_1771363353\input/0022.bmp -> G:\_vtf_scratch\vtf_batch_1_1771363353\output/0022.png done
[21:22:35] [GPU] G:\_vtf_scratch\vtf_batch_1_1771363353\input/0027.bmp -> G:\_vtf_scratch\vtf_batch_1_1771363353\output/0027.png done
[21:22:35] [GPU] G:\_vtf_scratch\vtf_batch_1_1771363353\input/0029.bmp -> G:\_vtf_scratch\vtf_batch_1_1771363353\output/0029.png done
[21:22:35] [GPU] G:\_vtf_scratch\vtf_batch_1_1771363353\input/0024.bmp -> G:\_vtf_scratch\vtf_batch_1_1771363353\output/0024.png done
[21:22:35] [GPU] G:\_vtf_scratch\vtf_batch_1_1771363353\input/0026.bmp -> G:\_vtf_scratch\vtf_batch_1_1771363353\output/0026.png done
[21:22:35] [GPU] G:\_vtf_scratch\vtf_batch_1_1771363353\input/0031.bmp -> G:\_vtf_scratch\vtf_batch_1_1771363353\output/0031.png done
[21:22:35] [GPU] G:\_vtf_scratch\vtf_batch_1_1771363353\input/0028.bmp -> G:\_vtf_scratch\vtf_batch_1_1771363353\output/0028.png done
[21:22:35] [GPU] G:\_vtf_scratch\vtf_batch_1_1771363353\input/0033.bmp -> G:\_vtf_scratch\vtf_batch_1_1771363353\output/0033.png done
[21:22:35] [GPU] G:\_vtf_scratch\vtf_batch_1_1771363353\input/0030.bmp -> G:\_vtf_scratch\vtf_batch_1_1771363353\output/0030.png done
[21:22:35] [GPU] G:\_vtf_scratch\vtf_batch_1_1771363353\input/0035.bmp -> G:\_vtf_scratch\vtf_batch_1_1771363353\output/0035.png done
[21:22:35] [GPU] G:\_vtf_scratch\vtf_batch_1_1771363353\input/0037.bmp -> G:\_vtf_scratch\vtf_batch_1_1771363353\output/0037.png done
[21:22:35] [GPU] G:\_vtf_scratch\vtf_batch_1_1771363353\input/0032.bmp -> G:\_vtf_scratch\vtf_batch_1_1771363353\output/0032.png done
[21:22:35] [GPU] G:\_vtf_scratch\vtf_batch_1_1771363353\input/0039.bmp -> G:\_vtf_scratch\vtf_batch_1_1771363353\output/0039.png done
[21:22:35] [GPU] G:\_vtf_scratch\vtf_batch_1_1771363353\input/0034.bmp -> G:\_vtf_scratch\vtf_batch_1_1771363353\output/0034.png done
[21:22:35] [GPU] G:\_vtf_scratch\vtf_batch_1_1771363353\input/0041.bmp -> G:\_vtf_scratch\vtf_batch_1_1771363353\output/0041.png done
[21:22:35] [GPU] G:\_vtf_scratch\vtf_batch_1_1771363353\input/0036.bmp -> G:\_vtf_scratch\vtf_batch_1_1771363353\output/0036.png done
[21:22:35] [GPU] G:\_vtf_scratch\vtf_batch_1_1771363353\input/0043.bmp -> G:\_vtf_scratch\vtf_batch_1_1771363353\output/0043.png done
[21:22:35] [GPU] G:\_vtf_scratch\vtf_batch_1_1771363353\input/0038.bmp -> G:\_vtf_scratch\vtf_batch_1_1771363353\output/0038.png done
[21:22:35] [GPU] G:\_vtf_scratch\vtf_batch_1_1771363353\input/0045.bmp -> G:\_vtf_scratch\vtf_batch_1_1771363353\output/0045.png done
[21:22:35] [GPU] G:\_vtf_scratch\vtf_batch_1_1771363353\input/0040.bmp -> G:\_vtf_scratch\vtf_batch_1_1771363353\output/0040.png done
[21:22:35] [GPU] G:\_vtf_scratch\vtf_batch_1_1771363353\input/0047.bmp -> G:\_vtf_scratch\vtf_batch_1_1771363353\output/0047.png done
[21:22:35] [GPU] G:\_vtf_scratch\vtf_batch_1_1771363353\input/0042.bmp -> G:\_vtf_scratch\vtf_batch_1_1771363353\output/0042.png done
[21:22:35] [GPU] G:\_vtf_scratch\vtf_batch_1_1771363353\input/0044.bmp -> G:\_vtf_scratch\vtf_batch_1_1771363353\output/0044.png done
[21:22:35] [GPU] G:\_vtf_scratch\vtf_batch_1_1771363353\input/0049.bmp -> G:\_vtf_scratch\vtf_batch_1_1771363353\output/0049.png done
[21:22:35] [GPU] G:\_vtf_scratch\vtf_batch_1_1771363353\input/0046.bmp -> G:\_vtf_scratch\vtf_batch_1_1771363353\output/0046.png done
[21:22:35] [GPU] G:\_vtf_scratch\vtf_batch_1_1771363353\input/0051.bmp -> G:\_vtf_scratch\vtf_batch_1_1771363353\output/0051.png done
[21:22:36] [GPU] G:\_vtf_scratch\vtf_batch_1_1771363353\input/0053.bmp -> G:\_vtf_scratch\vtf_batch_1_1771363353\output/0053.png done
[21:22:36] [GPU] G:\_vtf_scratch\vtf_batch_1_1771363353\input/0048.bmp -> G:\_vtf_scratch\vtf_batch_1_1771363353\output/0048.png done
[21:22:36] [GPU] G:\_vtf_scratch\vtf_batch_1_1771363353\input/0055.bmp -> G:\_vtf_scratch\vtf_batch_1_1771363353\output/0055.png done
[21:22:36] [GPU] G:\_vtf_scratch\vtf_batch_1_1771363353\input/0050.bmp -> G:\_vtf_scratch\vtf_batch_1_1771363353\output/0050.png done
[21:22:36] [GPU] G:\_vtf_scratch\vtf_batch_1_1771363353\input/0057.bmp -> G:\_vtf_scratch\vtf_batch_1_1771363353\output/0057.png done
[21:22:36] [GPU] G:\_vtf_scratch\vtf_batch_1_1771363353\input/0052.bmp -> G:\_vtf_scratch\vtf_batch_1_1771363353\output/0052.png done
[21:22:36] [GPU] G:\_vtf_scratch\vtf_batch_1_1771363353\input/0059.bmp -> G:\_vtf_scratch\vtf_batch_1_1771363353\output/0059.png done
[21:22:36] [GPU] G:\_vtf_scratch\vtf_batch_1_1771363353\input/0054.bmp -> G:\_vtf_scratch\vtf_batch_1_1771363353\output/0054.png done
[21:22:36] [GPU] G:\_vtf_scratch\vtf_batch_1_1771363353\input/0061.bmp -> G:\_vtf_scratch\vtf_batch_1_1771363353\output/0061.png done
[21:22:36] [GPU] G:\_vtf_scratch\vtf_batch_1_1771363353\input/0056.bmp -> G:\_vtf_scratch\vtf_batch_1_1771363353\output/0056.png done
[21:22:36] [GPU] G:\_vtf_scratch\vtf_batch_1_1771363353\input/0063.bmp -> G:\_vtf_scratch\vtf_batch_1_1771363353\output/0063.png done
[21:22:36] [GPU] G:\_vtf_scratch\vtf_batch_1_1771363353\input/0058.bmp -> G:\_vtf_scratch\vtf_batch_1_1771363353\output/0058.png done
[21:22:36] [GPU] G:\_vtf_scratch\vtf_batch_1_1771363353\input/0065.bmp -> G:\_vtf_scratch\vtf_batch_1_1771363353\output/0065.png done
[21:22:37] [GPU] G:\_vtf_scratch\vtf_batch_1_1771363353\input/0060.bmp -> G:\_vtf_scratch\vtf_batch_1_1771363353\output/0060.png done
[21:22:37] [GPU] G:\_vtf_scratch\vtf_batch_1_1771363353\input/0067.bmp -> G:\_vtf_scratch\vtf_batch_1_1771363353\output/0067.png done
[21:22:37] [GPU] G:\_vtf_scratch\vtf_batch_1_1771363353\input/0062.bmp -> G:\_vtf_scratch\vtf_batch_1_1771363353\output/0062.png done
[21:22:37] [GPU] G:\_vtf_scratch\vtf_batch_1_1771363353\input/0069.bmp -> G:\_vtf_scratch\vtf_batch_1_1771363353\output/0069.png done
[21:22:37] [GPU] G:\_vtf_scratch\vtf_batch_1_1771363353\input/0064.bmp -> G:\_vtf_scratch\vtf_batch_1_1771363353\output/0064.png done
[21:22:37] [GPU] G:\_vtf_scratch\vtf_batch_1_1771363353\input/0071.bmp -> G:\_vtf_scratch\vtf_batch_1_1771363353\output/0071.png done
[21:22:37] [GPU] G:\_vtf_scratch\vtf_batch_1_1771363353\input/0066.bmp -> G:\_vtf_scratch\vtf_batch_1_1771363353\output/0066.png done
[21:22:37] [GPU] G:\_vtf_scratch\vtf_batch_1_1771363353\input/0073.bmp -> G:\_vtf_scratch\vtf_batch_1_1771363353\output/0073.png done
[21:22:37] [GPU] G:\_vtf_scratch\vtf_batch_1_1771363353\input/0068.bmp -> G:\_vtf_scratch\vtf_batch_1_1771363353\output/0068.png done
[21:22:37] [GPU] G:\_vtf_scratch\vtf_batch_1_1771363353\input/0075.bmp -> G:\_vtf_scratch\vtf_batch_1_1771363353\output/0075.png done
[21:22:37] [GPU] G:\_vtf_scratch\vtf_batch_1_1771363353\input/0070.bmp -> G:\_vtf_scratch\vtf_batch_1_1771363353\output/0070.png done
[21:22:37] [GPU] G:\_vtf_scratch\vtf_batch_1_1771363353\input/0077.bmp -> G:\_vtf_scratch\vtf_batch_1_1771363353\output/0077.png done
[21:22:37] [GPU] G:\_vtf_scratch\vtf_batch_1_1771363353\input/0072.bmp -> G:\_vtf_scratch\vtf_batch_1_1771363353\output/0072.png done
[21:22:38] [GPU] G:\_vtf_scratch\vtf_batch_1_1771363353\input/0074.bmp -> G:\_vtf_scratch\vtf_batch_1_1771363353\output/0074.png done
[21:22:38] [GPU] G:\_vtf_scratch\vtf_batch_1_1771363353\input/0079.bmp -> G:\_vtf_scratch\vtf_batch_1_1771363353\output/0079.png done
[21:22:38] ⚠ GPU: vkAllocateMemory failed -2
[21:22:39] [GPU] G:\_vtf_scratch\vtf_batch_1_1771363353\input/0076.bmp -> G:\_vtf_scratch\vtf_batch_1_1771363353\output/0076.png done
[21:22:39] [GPU] G:\_vtf_scratch\vtf_batch_1_1771363353\input/0081.bmp -> G:\_vtf_scratch\vtf_batch_1_1771363353\output/0081.png done
[21:22:39] [GPU] G:\_vtf_scratch\vtf_batch_1_1771363353\input/0083.bmp -> G:\_vtf_scratch\vtf_batch_1_1771363353\output/0083.png done
[21:22:39] [GPU] G:\_vtf_scratch\vtf_batch_1_1771363353\input/0078.bmp -> G:\_vtf_scratch\vtf_batch_1_1771363353\output/0078.png done
[21:22:39] [GPU] G:\_vtf_scratch\vtf_batch_1_1771363353\input/0085.bmp -> G:\_vtf_scratch\vtf_batch_1_1771363353\output/0085.png done
[21:22:39] [GPU] G:\_vtf_scratch\vtf_batch_1_1771363353\input/0080.bmp -> G:\_vtf_scratch\vtf_batch_1_1771363353\output/0080.png done
[21:22:40] [GPU] G:\_vtf_scratch\vtf_batch_1_1771363353\input/0087.bmp -> G:\_vtf_scratch\vtf_batch_1_1771363353\output/0087.png done
[21:22:40] [GPU] G:\_vtf_scratch\vtf_batch_1_1771363353\input/0082.bmp -> G:\_vtf_scratch\vtf_batch_1_1771363353\output/0082.png done
[21:22:40] [GPU] G:\_vtf_scratch\vtf_batch_1_1771363353\input/0089.bmp -> G:\_vtf_scratch\vtf_batch_1_1771363353\output/0089.png done
[21:22:41] [GPU] G:\_vtf_scratch\vtf_batch_1_1771363353\input/0084.bmp -> G:\_vtf_scratch\vtf_batch_1_1771363353\output/0084.png done
[21:22:41] [GPU] G:\_vtf_scratch\vtf_batch_1_1771363353\input/0091.bmp -> G:\_vtf_scratch\vtf_batch_1_1771363353\output/0091.png done
[21:22:42] [GPU] G:\_vtf_scratch\vtf_batch_1_1771363353\input/0086.bmp -> G:\_vtf_scratch\vtf_batch_1_1771363353\output/0086.png done
[21:22:42] [GPU] G:\_vtf_scratch\vtf_batch_1_1771363353\input/0093.bmp -> G:\_vtf_scratch\vtf_batch_1_1771363353\output/0093.png done
[21:22:42] [GPU] G:\_vtf_scratch\vtf_batch_1_1771363353\input/0088.bmp -> G:\_vtf_scratch\vtf_batch_1_1771363353\output/0088.png done
[21:22:42] [GPU] G:\_vtf_scratch\vtf_batch_1_1771363353\input/0095.bmp -> G:\_vtf_scratch\vtf_batch_1_1771363353\output/0095.png done
[21:22:43] [GPU] G:\_vtf_scratch\vtf_batch_1_1771363353\input/0090.bmp -> G:\_vtf_scratch\vtf_batch_1_1771363353\output/0090.png done
[21:22:43] [GPU] G:\_vtf_scratch\vtf_batch_1_1771363353\input/0097.bmp -> G:\_vtf_scratch\vtf_batch_1_1771363353\output/0097.png done
[21:22:43] [GPU] G:\_vtf_scratch\vtf_batch_1_1771363353\input/0092.bmp -> G:\_vtf_scratch\vtf_batch_1_1771363353\output/0092.png done
[21:22:44] [GPU] G:\_vtf_scratch\vtf_batch_1_1771363353\input/0099.bmp -> G:\_vtf_scratch\vtf_batch_1_1771363353\output/0099.png done
[21:22:44] [GPU] G:\_vtf_scratch\vtf_batch_1_1771363353\input/0094.bmp -> G:\_vtf_scratch\vtf_batch_1_1771363353\output/0094.png done
[21:22:44] [GPU] G:\_vtf_scratch\vtf_batch_1_1771363353\input/0096.bmp -> G:\_vtf_scratch\vtf_batch_1_1771363353\output/0096.png done
[21:22:44] [GPU] G:\_vtf_scratch\vtf_batch_1_1771363353\input/0098.bmp -> G:\_vtf_scratch\vtf_batch_1_1771363353\output/0098.png done
[21:22:45] ⚠ GPU batch 1: 17 corrupted outputs detected — re-processing with safe settings...
[21:22:48] [GPU] [0 NVIDIA GeForce RTX 4080 SUPER]  queueC=2[8]  queueT=1[2]
[21:22:48] [GPU] [0 NVIDIA GeForce RTX 4080 SUPER]  fp16-p/s/u/a=1/1/1/1  int8-p/s/u/a=1/1/1/1  bf16-p/s=1/1
[21:22:48] [GPU] [0 NVIDIA GeForce RTX 4080 SUPER]  subgroup=32(32~32)  ops=1/1/1/1/1/1/1/1/1/1
[21:22:48] [GPU] [0 NVIDIA GeForce RTX 4080 SUPER]  fp16-cm=16x16x16/16x8x16/16x8x8  int8-cm=16x16x32/16x8x32  bf16-cm=16x16x16  fp8-cm=16x16x32
[21:22:48] [GPU] [1 AMD Radeon(TM) Graphics]  queueC=1[2]  queueT=2[1]
[21:22:48] [GPU] [1 AMD Radeon(TM) Graphics]  fp16-p/s/u/a=1/1/1/1  int8-p/s/u/a=1/1/1/1  bf16-p/s=1/0
[21:22:48] [GPU] [1 AMD Radeon(TM) Graphics]  subgroup=64(32~64)  ops=1/1/1/1/1/1/1/1/0/0
[21:22:48] [GPU] [1 AMD Radeon(TM) Graphics]  fp16-cm=0  int8-cm=0  bf16-cm=0  fp8-cm=0
[21:22:49] [GPU] G:\_vtf_scratch\vtf_batch_1_1771363353\safe_input/0083.bmp -> G:\_vtf_scratch\vtf_batch_1_1771363353\output/0083.png done
[21:22:49] [GPU] G:\_vtf_scratch\vtf_batch_1_1771363353\safe_input/0080.bmp -> G:\_vtf_scratch\vtf_batch_1_1771363353\output/0080.png done
[21:22:49] [GPU] G:\_vtf_scratch\vtf_batch_1_1771363353\safe_input/0085.bmp -> G:\_vtf_scratch\vtf_batch_1_1771363353\output/0085.png done
[21:22:49] [GPU] G:\_vtf_scratch\vtf_batch_1_1771363353\safe_input/0086.bmp -> G:\_vtf_scratch\vtf_batch_1_1771363353\output/0086.png done
[21:22:50] [GPU] G:\_vtf_scratch\vtf_batch_1_1771363353\safe_input/0087.bmp -> G:\_vtf_scratch\vtf_batch_1_1771363353\output/0087.png done
[21:22:50] [GPU] G:\_vtf_scratch\vtf_batch_1_1771363353\safe_input/0088.bmp -> G:\_vtf_scratch\vtf_batch_1_1771363353\output/0088.png done
[21:22:50] [GPU] G:\_vtf_scratch\vtf_batch_1_1771363353\safe_input/0089.bmp -> G:\_vtf_scratch\vtf_batch_1_1771363353\output/0089.png done
[21:22:50] [GPU] G:\_vtf_scratch\vtf_batch_1_1771363353\safe_input/0090.bmp -> G:\_vtf_scratch\vtf_batch_1_1771363353\output/0090.png done
[21:22:51] [GPU] G:\_vtf_scratch\vtf_batch_1_1771363353\safe_input/0091.bmp -> G:\_vtf_scratch\vtf_batch_1_1771363353\output/0091.png done
[21:22:51] [GPU] G:\_vtf_scratch\vtf_batch_1_1771363353\safe_input/0092.bmp -> G:\_vtf_scratch\vtf_batch_1_1771363353\output/0092.png done
[21:22:51] [GPU] G:\_vtf_scratch\vtf_batch_1_1771363353\safe_input/0094.bmp -> G:\_vtf_scratch\vtf_batch_1_1771363353\output/0094.png done
[21:22:51] [GPU] G:\_vtf_scratch\vtf_batch_1_1771363353\safe_input/0093.bmp -> G:\_vtf_scratch\vtf_batch_1_1771363353\output/0093.png done
[21:22:52] [GPU] G:\_vtf_scratch\vtf_batch_1_1771363353\safe_input/0096.bmp -> G:\_vtf_scratch\vtf_batch_1_1771363353\output/0096.png done
[21:22:52] [GPU] G:\_vtf_scratch\vtf_batch_1_1771363353\safe_input/0095.bmp -> G:\_vtf_scratch\vtf_batch_1_1771363353\output/0095.png done
[21:22:52] [GPU] G:\_vtf_scratch\vtf_batch_1_1771363353\safe_input/0098.bmp -> G:\_vtf_scratch\vtf_batch_1_1771363353\output/0098.png done
[21:22:52] [GPU] G:\_vtf_scratch\vtf_batch_1_1771363353\safe_input/0097.bmp -> G:\_vtf_scratch\vtf_batch_1_1771363353\output/0097.png done
[21:22:52] [GPU] G:\_vtf_scratch\vtf_batch_1_1771363353\safe_input/0099.bmp -> G:\_vtf_scratch\vtf_batch_1_1771363353\output/0099.png done
[21:22:54] ✓ GPU batch 1: 17 files re-processed with safe settings
[21:22:57] ✓ cheeks.vtf: 128x128 → 4096x4096 [AI] (10.7MB)
[21:22:57] ✓ goggles.vtf: 128x128 → 4096x4096 [AI] (21.3MB)
[21:22:57] ✓ muffs_p1.vtf: 256x256 → 4096x4096 [AI] (10.7MB)
[21:22:57] ✓ muffs_p12.vtf: 256x256 → 4096x4096 [AI] (10.7MB)
[21:22:58] ✓ p1helm.vtf: 256x256 → 4096x4096 [AI] (10.7MB)
[21:22:59] ✓ p1helm1.vtf: 256x256 → 4096x4096 [AI] (10.7MB)
[21:22:59] ✓ p1helm2.vtf: 256x256 → 4096x4096 [AI] (10.7MB)
[21:22:59] ✓ p1helm.vtf: 256x256 → 4096x4096 [AI] (10.7MB)
[21:23:02] ✓ p1helm1.vtf: 256x256 → 4096x4096 [AI] (10.7MB)
[21:23:02] ✓ p1helm2.vtf: 256x256 → 4096x4096 [AI] (10.7MB)
[21:23:02] ✓ p1helm3.vtf: 256x256 → 4096x4096 [AI] (10.7MB)
[21:23:03] ✓ p1helm4.vtf: 256x256 → 4096x4096 [AI] (10.7MB)
[21:23:03] ✓ p1helm5.vtf: 256x256 → 4096x4096 [AI] (10.7MB)
[21:23:03] ✓ pauldron.vtf: 256x256 → 4096x4096 [AI] (10.7MB)
[21:23:03] ✓ skirt.vtf: 256x256 → 4096x4096 [AI] (10.7MB)
[21:23:03] ✓ p1helm.vtf: 256x256 → 4096x4096 [AI] (10.7MB)
[21:23:03] ✓ pauldron.vtf: 256x256 → 4096x4096 [AI] (10.7MB)
[21:23:07] ✓ p1helm.vtf: 256x256 → 4096x4096 [AI] (10.7MB)
[21:23:07] ✓ p1helm.vtf: 256x256 → 4096x4096 [AI] (10.7MB)
[21:23:07] ✓ p1helm1.vtf: 256x256 → 4096x4096 [AI] (10.7MB)
[21:23:07] ✓ p1helm2.vtf: 256x256 → 4096x4096 [AI] (10.7MB)
[21:23:07] ✓ pauldron.vtf: 256x256 → 4096x4096 [AI] (10.7MB)
[21:23:07] ✓ skirt.vtf: 256x256 → 4096x4096 [AI] (10.7MB)
[21:23:07] ✓ gloves.vtf: 256x256 → 4096x4096 [AI] (10.7MB)
[21:23:07] ✓ p1helm.vtf: 256x256 → 4096x4096 [AI] (10.7MB)
[21:23:07] ✓ p1helm1.vtf: 256x256 → 4096x4096 [AI] (10.7MB)
[21:23:08] ✓ p1helm2.vtf: 256x256 → 4096x4096 [AI] (10.7MB)
[21:23:08] ✓ pauldron.vtf: 256x256 → 4096x4096 [AI] (10.7MB)
[21:23:09] ✓ ph2pilotgear2.vtf: 256x256 → 4096x4096 [AI] (10.7MB)
[21:23:09] ✓ p1helm.vtf: 256x256 → 4096x4096 [AI] (10.7MB)
[21:23:09] ✓ p1helm2.vtf: 256x256 → 4096x4096 [AI] (10.7MB)
[21:23:09] ✓ p1helm3.vtf: 256x256 → 4096x4096 [AI] (10.7MB)
[21:23:10] ✓ p1helm4.vtf: 256x256 → 4096x4096 [AI] (10.7MB)
[21:23:10] ✓ p1helm5.vtf: 256x256 → 4096x4096 [AI] (10.7MB)
[21:23:10] ✓ p1helm6.vtf: 256x256 → 4096x4096 [AI] (10.7MB)
[21:23:11] ✓ p1helm7.vtf: 256x256 → 4096x4096 [AI] (10.7MB)
[21:23:11] ✓ pauldron.vtf: 256x256 → 4096x4096 [AI] (10.7MB)
[21:23:11] ✓ skirt.vtf: 256x256 → 4096x4096 [AI] (10.7MB)
[21:23:13] ✓ p1helm.vtf: 256x256 → 4096x4096 [AI] (10.7MB)
[21:23:13] ✓ p1helm1.vtf: 256x256 → 4096x4096 [AI] (10.7MB)
[21:23:13] ✓ p1helm2.vtf: 256x256 → 4096x4096 [AI] (10.7MB)
[21:23:13] ✓ p1helm3.vtf: 256x256 → 4096x4096 [AI] (10.7MB)
[21:23:13] ✓ p1helm4.vtf: 256x256 → 4096x4096 [AI] (10.7MB)
[21:23:14] ✓ p1helm5.vtf: 256x256 → 4096x4096 [AI] (10.7MB)
[21:23:14] ✓ pauldron.vtf: 256x256 → 4096x4096 [AI] (10.7MB)
[21:23:14] ✓ skirt.vtf: 256x256 → 4096x4096 [AI] (10.7MB)
[21:23:15] ✓ ph2pilotgear.vtf: 256x256 → 4096x4096 [AI] (10.7MB)
[21:23:15] ✓ ph2pilotgeargrey.vtf: 256x256 → 4096x4096 [AI] (10.7MB)
[21:23:15] ✓ p1face.vtf: 512x256 → 4096x2048 [AI] (5.3MB)
[21:23:17] ✓ p1face1.vtf: 512x256 → 4096x2048 [AI] (5.3MB)
[21:23:17] ✓ p1face2.vtf: 512x256 → 4096x2048 [AI] (5.3MB)
[21:23:17] ✓ p1faceb.vtf: 512x256 → 4096x2048 [AI] (5.3MB)
[21:23:17] ✓ p1face.vtf: 512x256 → 4096x2048 [AI] (5.3MB)
[21:23:17] ✓ p1face1.vtf: 512x256 → 4096x2048 [AI] (5.3MB)
[21:23:18] ✓ p1face2.vtf: 512x256 → 4096x2048 [AI] (5.3MB)
[21:23:19] ✓ p1face3.vtf: 512x256 → 4096x2048 [AI] (5.3MB)
[21:23:19] ✓ p1face4.vtf: 512x256 → 4096x2048 [AI] (5.3MB)
[21:23:19] ✓ p1face5.vtf: 512x256 → 4096x2048 [AI] (5.3MB)
[21:23:19] ✓ p1face.vtf: 512x256 → 4096x2048 [AI] (5.3MB)
[21:23:20] ✓ p1face.vtf: 512x256 → 4096x2048 [AI] (5.3MB)
[21:23:20] ✓ p1face.vtf: 512x256 → 4096x2048 [AI] (5.3MB)
[21:23:20] ✓ p1face1.vtf: 512x256 → 4096x2048 [AI] (5.3MB)
[21:23:20] ✓ p1face2.vtf: 512x256 → 4096x2048 [AI] (5.3MB)
[21:23:20] ✓ p1face.vtf: 512x256 → 4096x2048 [AI] (5.3MB)
[21:23:21] ✓ p1face1.vtf: 512x256 → 4096x2048 [AI] (5.3MB)
[21:23:23] ✓ p1face2.vtf: 512x256 → 4096x2048 [AI] (5.3MB)
[21:23:23] ✓ p1face.vtf: 512x256 → 4096x2048 [AI] (5.3MB)
[21:23:23] ✓ p1face2.vtf: 512x256 → 4096x2048 [AI] (5.3MB)
[21:23:23] ✓ p1face3.vtf: 512x256 → 4096x2048 [AI] (5.3MB)
[21:23:23] ✓ p1face45.vtf: 512x256 → 4096x2048 [AI] (5.3MB)
[21:23:23] ✓ p1face6.vtf: 512x256 → 4096x2048 [AI] (5.3MB)
[21:23:23] ✓ p1face7.vtf: 512x256 → 4096x2048 [AI] (5.3MB)
[21:23:23] ✓ p1face.vtf: 512x256 → 4096x2048 [AI] (5.3MB)
[21:23:24] ✓ p1face1.vtf: 512x256 → 4096x2048 [AI] (5.3MB)
[21:23:24] ✓ p1face2.vtf: 512x256 → 4096x2048 [AI] (5.3MB)
[21:23:24] ✓ p1face3.vtf: 512x256 → 4096x2048 [AI] (5.3MB)
[21:23:25] ✓ p1face4.vtf: 512x256 → 4096x2048 [AI] (5.3MB)
[21:23:25] ✓ p1face5.vtf: 512x256 → 4096x2048 [AI] (5.3MB)
[21:23:29] ✓ spartan_forearm_tricorder_d.vtf: 256x256 → 4096x4096 [AI] (21.3MB)
[21:23:29] ✓ p1facec.vtf: 512x512 → 4096x4096 [AI] (10.7MB)
[21:23:30] ✓ legs.vtf: 512x512 → 4096x4096 [AI] (10.7MB)
[21:23:31] ✓ p3pilot.vtf: 512x512 → 4096x4096 [AI] (10.7MB)
[21:23:31] ✓ p3pilot2.vtf: 512x512 → 4096x4096 [AI] (10.7MB)
[21:23:31] ✓ ct_fbi_upperbody.vtf: 512x512 → 4096x4096 [AI] (10.7MB)
[21:23:33] ✓ shoulder.vtf: 512x512 → 4096x4096 [AI] (10.7MB)
[21:23:33] ✓ helmet_pilot.vtf: 1024x512 → 4096x2048 [AI] (5.3MB)
[21:23:33] ✓ helmet_pilot1.vtf: 1024x512 → 4096x2048 [AI] (5.3MB)
[21:23:33] ✓ helmet_pilot2.vtf: 1024x512 → 4096x2048 [AI] (5.3MB)
[21:23:33] ✓ helmet_pilot3.vtf: 1024x512 → 4096x2048 [AI] (5.3MB)
[21:23:33] ✓ helmet_pilot4.vtf: 1024x512 → 4096x2048 [AI] (5.3MB)
[21:23:33] ✓ helmet_pilot.vtf: 1024x512 → 4096x2048 [AI] (5.3MB)
[21:23:33] ✓ helmet_pilot1.vtf: 1024x512 → 4096x2048 [AI] (5.3MB)
[21:23:33] ✓ helmet_pilot2.vtf: 1024x512 → 4096x2048 [AI] (5.3MB)
[21:23:33] ✓ helmet_pilot3.vtf: 1024x512 → 4096x2048 [AI] (5.3MB)
[21:23:33] ✓ helmet_pilot4.vtf: 1024x512 → 4096x2048 [AI] (5.3MB)
[21:23:33] ✓ helmet_pilot5.vtf: 1024x512 → 4096x2048 [AI] (5.3MB)
[21:23:33] ✓ helmet_pilot.vtf: 1024x512 → 4096x2048 [AI] (5.3MB)
[21:23:34] ✓ helmet_pilot.vtf: 1024x512 → 4096x2048 [AI] (5.3MB)
[21:23:35] ✓ helmet_pilot.vtf: 1024x512 → 4096x2048 [AI] (5.3MB)
[21:23:36] ✓ helmet_pilot1.vtf: 1024x512 → 4096x2048 [AI] (5.3MB)
[21:23:36] 📦 Batch 2/2 (35 files)...
[21:23:36] [GPU] [Split] Pass 1: 18 normal images (tile=1024)
[21:23:36] [GPU] [0 NVIDIA GeForce RTX 4080 SUPER]  queueC=2[8]  queueT=1[2]
[21:23:36] [GPU] [0 NVIDIA GeForce RTX 4080 SUPER]  fp16-p/s/u/a=1/1/1/1  int8-p/s/u/a=1/1/1/1  bf16-p/s=1/1
[21:23:36] [GPU] [0 NVIDIA GeForce RTX 4080 SUPER]  subgroup=32(32~32)  ops=1/1/1/1/1/1/1/1/1/1
[21:23:36] [GPU] [0 NVIDIA GeForce RTX 4080 SUPER]  fp16-cm=16x16x16/16x8x16/16x8x8  int8-cm=16x16x32/16x8x32  bf16-cm=16x16x16  fp8-cm=16x16x32
[21:23:36] [GPU] [1 AMD Radeon(TM) Graphics]  queueC=1[2]  queueT=2[1]
[21:23:36] [GPU] [1 AMD Radeon(TM) Graphics]  fp16-p/s/u/a=1/1/1/1  int8-p/s/u/a=1/1/1/1  bf16-p/s=1/0
[21:23:36] [GPU] [1 AMD Radeon(TM) Graphics]  subgroup=64(32~64)  ops=1/1/1/1/1/1/1/1/0/0
[21:23:36] [GPU] [1 AMD Radeon(TM) Graphics]  fp16-cm=0  int8-cm=0  bf16-cm=0  fp8-cm=0
[21:23:37] ⚠ GPU: vkAllocateMemory failed -2
[21:23:38] [GPU] G:\_vtf_scratch\_batch_NORMAL/0003.bmp -> G:\_vtf_scratch\vtf_batch_2_1771363416\output/0003.png done
[21:23:38] [GPU] G:\_vtf_scratch\_batch_NORMAL/0001.bmp -> G:\_vtf_scratch\vtf_batch_2_1771363416\output/0001.png done
[21:23:38] [GPU] G:\_vtf_scratch\_batch_NORMAL/0000.bmp -> G:\_vtf_scratch\vtf_batch_2_1771363416\output/0000.png done
[21:23:38] [GPU] G:\_vtf_scratch\_batch_NORMAL/0002.bmp -> G:\_vtf_scratch\vtf_batch_2_1771363416\output/0002.png done
[21:23:38] [GPU] G:\_vtf_scratch\_batch_NORMAL/0005.bmp -> G:\_vtf_scratch\vtf_batch_2_1771363416\output/0005.png done
[21:23:39] [GPU] G:\_vtf_scratch\_batch_NORMAL/0004.bmp -> G:\_vtf_scratch\vtf_batch_2_1771363416\output/0004.png done
[21:23:39] [GPU] G:\_vtf_scratch\_batch_NORMAL/0007.bmp -> G:\_vtf_scratch\vtf_batch_2_1771363416\output/0007.png done
[21:23:39] [GPU] G:\_vtf_scratch\_batch_NORMAL/0006.bmp -> G:\_vtf_scratch\vtf_batch_2_1771363416\output/0006.png done
[21:23:40] [GPU] G:\_vtf_scratch\_batch_NORMAL/0009.bmp -> G:\_vtf_scratch\vtf_batch_2_1771363416\output/0009.png done
[21:23:40] [GPU] G:\_vtf_scratch\_batch_NORMAL/0008.bmp -> G:\_vtf_scratch\vtf_batch_2_1771363416\output/0008.png done
[21:23:40] [GPU] G:\_vtf_scratch\_batch_NORMAL/0011.bmp -> G:\_vtf_scratch\vtf_batch_2_1771363416\output/0011.png done
[21:23:40] [GPU] G:\_vtf_scratch\_batch_NORMAL/0010.bmp -> G:\_vtf_scratch\vtf_batch_2_1771363416\output/0010.png done
[21:23:41] [GPU] G:\_vtf_scratch\_batch_NORMAL/0013.bmp -> G:\_vtf_scratch\vtf_batch_2_1771363416\output/0013.png done
[21:23:41] [GPU] G:\_vtf_scratch\_batch_NORMAL/0012.bmp -> G:\_vtf_scratch\vtf_batch_2_1771363416\output/0012.png done
[21:23:41] [GPU] G:\_vtf_scratch\_batch_NORMAL/0015.bmp -> G:\_vtf_scratch\vtf_batch_2_1771363416\output/0015.png done
[21:23:41] [GPU] G:\_vtf_scratch\_batch_NORMAL/0014.bmp -> G:\_vtf_scratch\vtf_batch_2_1771363416\output/0014.png done
[21:23:42] [GPU] G:\_vtf_scratch\_batch_NORMAL/0018.bmp -> G:\_vtf_scratch\vtf_batch_2_1771363416\output/0018.png done
[21:23:42] [GPU] G:\_vtf_scratch\_batch_NORMAL/0016.bmp -> G:\_vtf_scratch\vtf_batch_2_1771363416\output/0016.png done
[21:23:42] [GPU] [Split] Pass 2: 17 tall images (tile=512, height>=1024)
[21:23:42] [GPU] [0 NVIDIA GeForce RTX 4080 SUPER]  queueC=2[8]  queueT=1[2]
[21:23:42] [GPU] [0 NVIDIA GeForce RTX 4080 SUPER]  fp16-p/s/u/a=1/1/1/1  int8-p/s/u/a=1/1/1/1  bf16-p/s=1/1
[21:23:42] [GPU] [0 NVIDIA GeForce RTX 4080 SUPER]  subgroup=32(32~32)  ops=1/1/1/1/1/1/1/1/1/1
[21:23:42] [GPU] [0 NVIDIA GeForce RTX 4080 SUPER]  fp16-cm=16x16x16/16x8x16/16x8x8  int8-cm=16x16x32/16x8x32  bf16-cm=16x16x16  fp8-cm=16x16x32
[21:23:42] [GPU] [1 AMD Radeon(TM) Graphics]  queueC=1[2]  queueT=2[1]
[21:23:42] [GPU] [1 AMD Radeon(TM) Graphics]  fp16-p/s/u/a=1/1/1/1  int8-p/s/u/a=1/1/1/1  bf16-p/s=1/0
[21:23:42] [GPU] [1 AMD Radeon(TM) Graphics]  subgroup=64(32~64)  ops=1/1/1/1/1/1/1/1/0/0
[21:23:42] [GPU] [1 AMD Radeon(TM) Graphics]  fp16-cm=0  int8-cm=0  bf16-cm=0  fp8-cm=0
[21:23:44] [GPU] G:\_vtf_scratch\_batch_TALL/0017.bmp -> G:\_vtf_scratch\vtf_batch_2_1771363416\output/0017.png done
[21:23:46] [GPU] G:\_vtf_scratch\_batch_TALL/0019.bmp -> G:\_vtf_scratch\vtf_batch_2_1771363416\output/0019.png done
[21:23:46] [GPU] G:\_vtf_scratch\_batch_TALL/0020.bmp -> G:\_vtf_scratch\vtf_batch_2_1771363416\output/0020.png done
[21:23:46] [GPU] G:\_vtf_scratch\_batch_TALL/0021.bmp -> G:\_vtf_scratch\vtf_batch_2_1771363416\output/0021.png done
[21:23:47] [GPU] G:\_vtf_scratch\_batch_TALL/0023.bmp -> G:\_vtf_scratch\vtf_batch_2_1771363416\output/0023.png done
[21:23:48] [GPU] G:\_vtf_scratch\_batch_TALL/0022.bmp -> G:\_vtf_scratch\vtf_batch_2_1771363416\output/0022.png done
[21:23:48] [GPU] G:\_vtf_scratch\_batch_TALL/0025.bmp -> G:\_vtf_scratch\vtf_batch_2_1771363416\output/0025.png done
[21:23:48] [GPU] G:\_vtf_scratch\_batch_TALL/0024.bmp -> G:\_vtf_scratch\vtf_batch_2_1771363416\output/0024.png done
[21:23:49] [GPU] G:\_vtf_scratch\_batch_TALL/0027.bmp -> G:\_vtf_scratch\vtf_batch_2_1771363416\output/0027.png done
[21:23:50] [GPU] G:\_vtf_scratch\_batch_TALL/0029.bmp -> G:\_vtf_scratch\vtf_batch_2_1771363416\output/0029.png done
[21:23:50] [GPU] G:\_vtf_scratch\_batch_TALL/0028.bmp -> G:\_vtf_scratch\vtf_batch_2_1771363416\output/0028.png done
[21:23:50] [GPU] G:\_vtf_scratch\_batch_TALL/0026.bmp -> G:\_vtf_scratch\vtf_batch_2_1771363416\output/0026.png done
[21:23:51] [GPU] G:\_vtf_scratch\_batch_TALL/0031.bmp -> G:\_vtf_scratch\vtf_batch_2_1771363416\output/0031.png done
[21:23:52] [GPU] G:\_vtf_scratch\_batch_TALL/0030.bmp -> G:\_vtf_scratch\vtf_batch_2_1771363416\output/0030.png done
[21:23:52] [GPU] G:\_vtf_scratch\_batch_TALL/0033.bmp -> G:\_vtf_scratch\vtf_batch_2_1771363416\output/0033.png done
[21:23:52] [GPU] G:\_vtf_scratch\_batch_TALL/0032.bmp -> G:\_vtf_scratch\vtf_batch_2_1771363416\output/0032.png done
[21:23:53] [GPU] G:\_vtf_scratch\_batch_TALL/0034.bmp -> G:\_vtf_scratch\vtf_batch_2_1771363416\output/0034.png done
[21:23:54] ⚠ GPU batch 2: 30 corrupted outputs detected — re-processing with safe settings...
[21:23:56] [GPU] [0 NVIDIA GeForce RTX 4080 SUPER]  queueC=2[8]  queueT=1[2]
[21:23:56] [GPU] [0 NVIDIA GeForce RTX 4080 SUPER]  fp16-p/s/u/a=1/1/1/1  int8-p/s/u/a=1/1/1/1  bf16-p/s=1/1
[21:23:56] [GPU] [0 NVIDIA GeForce RTX 4080 SUPER]  subgroup=32(32~32)  ops=1/1/1/1/1/1/1/1/1/1
[21:23:56] [GPU] [0 NVIDIA GeForce RTX 4080 SUPER]  fp16-cm=16x16x16/16x8x16/16x8x8  int8-cm=16x16x32/16x8x32  bf16-cm=16x16x16  fp8-cm=16x16x32
[21:23:56] [GPU] [1 AMD Radeon(TM) Graphics]  queueC=1[2]  queueT=2[1]
[21:23:56] [GPU] [1 AMD Radeon(TM) Graphics]  fp16-p/s/u/a=1/1/1/1  int8-p/s/u/a=1/1/1/1  bf16-p/s=1/0
[21:23:56] [GPU] [1 AMD Radeon(TM) Graphics]  subgroup=64(32~64)  ops=1/1/1/1/1/1/1/1/0/0
[21:23:56] [GPU] [1 AMD Radeon(TM) Graphics]  fp16-cm=0  int8-cm=0  bf16-cm=0  fp8-cm=0
[21:23:58] [GPU] G:\_vtf_scratch\vtf_batch_2_1771363416\safe_input/0000.bmp -> G:\_vtf_scratch\vtf_batch_2_1771363416\output/0000.png done
[21:23:58] [GPU] G:\_vtf_scratch\vtf_batch_2_1771363416\safe_input/0001.bmp -> G:\_vtf_scratch\vtf_batch_2_1771363416\output/0001.png done
[21:23:58] [GPU] G:\_vtf_scratch\vtf_batch_2_1771363416\safe_input/0002.bmp -> G:\_vtf_scratch\vtf_batch_2_1771363416\output/0002.png done
[21:23:58] [GPU] G:\_vtf_scratch\vtf_batch_2_1771363416\safe_input/0003.bmp -> G:\_vtf_scratch\vtf_batch_2_1771363416\output/0003.png done
[21:23:59] [GPU] G:\_vtf_scratch\vtf_batch_2_1771363416\safe_input/0005.bmp -> G:\_vtf_scratch\vtf_batch_2_1771363416\output/0005.png done
[21:23:59] [GPU] G:\_vtf_scratch\vtf_batch_2_1771363416\safe_input/0004.bmp -> G:\_vtf_scratch\vtf_batch_2_1771363416\output/0004.png done
[21:23:59] [GPU] G:\_vtf_scratch\vtf_batch_2_1771363416\safe_input/0007.bmp -> G:\_vtf_scratch\vtf_batch_2_1771363416\output/0007.png done
[21:23:59] [GPU] G:\_vtf_scratch\vtf_batch_2_1771363416\safe_input/0006.bmp -> G:\_vtf_scratch\vtf_batch_2_1771363416\output/0006.png done
[21:24:00] [GPU] G:\_vtf_scratch\vtf_batch_2_1771363416\safe_input/0008.bmp -> G:\_vtf_scratch\vtf_batch_2_1771363416\output/0008.png done
[21:24:00] [GPU] G:\_vtf_scratch\vtf_batch_2_1771363416\safe_input/0009.bmp -> G:\_vtf_scratch\vtf_batch_2_1771363416\output/0009.png done
[21:24:00] [GPU] G:\_vtf_scratch\vtf_batch_2_1771363416\safe_input/0011.bmp -> G:\_vtf_scratch\vtf_batch_2_1771363416\output/0011.png done
[21:24:00] [GPU] G:\_vtf_scratch\vtf_batch_2_1771363416\safe_input/0010.bmp -> G:\_vtf_scratch\vtf_batch_2_1771363416\output/0010.png done
[21:24:01] [GPU] G:\_vtf_scratch\vtf_batch_2_1771363416\safe_input/0012.bmp -> G:\_vtf_scratch\vtf_batch_2_1771363416\output/0012.png done
[21:24:01] [GPU] G:\_vtf_scratch\vtf_batch_2_1771363416\safe_input/0013.bmp -> G:\_vtf_scratch\vtf_batch_2_1771363416\output/0013.png done
[21:24:01] [GPU] G:\_vtf_scratch\vtf_batch_2_1771363416\safe_input/0015.bmp -> G:\_vtf_scratch\vtf_batch_2_1771363416\output/0015.png done
[21:24:01] [GPU] G:\_vtf_scratch\vtf_batch_2_1771363416\safe_input/0014.bmp -> G:\_vtf_scratch\vtf_batch_2_1771363416\output/0014.png done
[21:24:02] [GPU] G:\_vtf_scratch\vtf_batch_2_1771363416\safe_input/0018.bmp -> G:\_vtf_scratch\vtf_batch_2_1771363416\output/0018.png done
[21:24:02] [GPU] G:\_vtf_scratch\vtf_batch_2_1771363416\safe_input/0016.bmp -> G:\_vtf_scratch\vtf_batch_2_1771363416\output/0016.png done
[21:24:03] [GPU] G:\_vtf_scratch\vtf_batch_2_1771363416\safe_input/0019.bmp -> G:\_vtf_scratch\vtf_batch_2_1771363416\output/0019.png done
[21:24:03] [GPU] G:\_vtf_scratch\vtf_batch_2_1771363416\safe_input/0020.bmp -> G:\_vtf_scratch\vtf_batch_2_1771363416\output/0020.png done
[21:24:04] [GPU] G:\_vtf_scratch\vtf_batch_2_1771363416\safe_input/0022.bmp -> G:\_vtf_scratch\vtf_batch_2_1771363416\output/0022.png done
[21:24:05] [GPU] G:\_vtf_scratch\vtf_batch_2_1771363416\safe_input/0021.bmp -> G:\_vtf_scratch\vtf_batch_2_1771363416\output/0021.png done
[21:24:05] [GPU] G:\_vtf_scratch\vtf_batch_2_1771363416\safe_input/0025.bmp -> G:\_vtf_scratch\vtf_batch_2_1771363416\output/0025.png done
[21:24:06] [GPU] G:\_vtf_scratch\vtf_batch_2_1771363416\safe_input/0024.bmp -> G:\_vtf_scratch\vtf_batch_2_1771363416\output/0024.png done
[21:24:06] [GPU] G:\_vtf_scratch\vtf_batch_2_1771363416\safe_input/0028.bmp -> G:\_vtf_scratch\vtf_batch_2_1771363416\output/0028.png done
[21:24:06] [GPU] G:\_vtf_scratch\vtf_batch_2_1771363416\safe_input/0026.bmp -> G:\_vtf_scratch\vtf_batch_2_1771363416\output/0026.png done
[21:24:07] [GPU] G:\_vtf_scratch\vtf_batch_2_1771363416\safe_input/0029.bmp -> G:\_vtf_scratch\vtf_batch_2_1771363416\output/0029.png done
[21:24:07] [GPU] G:\_vtf_scratch\vtf_batch_2_1771363416\safe_input/0030.bmp -> G:\_vtf_scratch\vtf_batch_2_1771363416\output/0030.png done
[21:24:08] [GPU] G:\_vtf_scratch\vtf_batch_2_1771363416\safe_input/0032.bmp -> G:\_vtf_scratch\vtf_batch_2_1771363416\output/0032.png done
[21:24:08] [GPU] G:\_vtf_scratch\vtf_batch_2_1771363416\safe_input/0033.bmp -> G:\_vtf_scratch\vtf_batch_2_1771363416\output/0033.png done
[21:24:11] ✓ GPU batch 2: 30 files re-processed with safe settings
[21:24:12] ⚠ helmet_pilot2.vtf: 1024x512 → 4096x2048 [AI] (5.3MB) ⚠️ FLAT
[21:24:13] ✓ helmet_pilot.vtf: 1024x512 → 4096x2048 [AI] (5.3MB)
[21:24:13] ✓ helmet_pilot1.vtf: 1024x512 → 4096x2048 [AI] (5.3MB)
[21:24:17] ✓ helmet_pilot2.vtf: 1024x512 → 4096x2048 [AI] (5.3MB)
[21:24:17] ✓ helmet_pilot.vtf: 1024x512 → 4096x2048 [AI] (5.3MB)
[21:24:17] ✓ helmet_pilot1.vtf: 1024x512 → 4096x2048 [AI] (5.3MB)
[21:24:17] ✓ helmet_pilot2.vtf: 1024x512 → 4096x2048 [AI] (5.3MB)
[21:24:17] ✓ helmet_pilot3.vtf: 1024x512 → 4096x2048 [AI] (5.3MB)
[21:24:17] ✓ helmet_pilot4.vtf: 1024x512 → 4096x2048 [AI] (5.3MB)
[21:24:17] ✓ helmet_pilot6.vtf: 1024x512 → 4096x2048 [AI] (5.3MB)
[21:24:17] ✓ helmet_pilot7.vtf: 1024x512 → 4096x2048 [AI] (5.3MB)
[21:24:17] ✓ helmet_pilot.vtf: 1024x512 → 4096x2048 [AI] (5.3MB)
[21:24:17] ✓ helmet_pilot1.vtf: 1024x512 → 4096x2048 [AI] (5.3MB)
[21:24:17] ✓ helmet_pilot2.vtf: 1024x512 → 4096x2048 [AI] (5.3MB)
[21:24:17] ✓ helmet_pilot3.vtf: 1024x512 → 4096x2048 [AI] (5.3MB)
[21:24:17] ✓ helmet_pilot4.vtf: 1024x512 → 4096x2048 [AI] (5.3MB)
[21:24:17] ✓ helmet_pilot5.vtf: 1024x512 → 4096x2048 [AI] (5.3MB)
[21:24:19] ✓ arc_enlisted_gear.vtf: 512x1024 → 2048x4096 [AI] (5.3MB)
[21:24:19] ✓ tex_0010_0.vtf: 1024x512 → 4096x2048 [AI] (5.3MB)
[21:24:24] ✓ enlisted.vtf: 1024x1024 → 4096x4096 [AI] (10.7MB)
[21:24:24] ✓ enlisted1.vtf: 1024x1024 → 4096x4096 [AI] (10.7MB)
[21:24:27] ✓ enlisted.vtf: 1024x1024 → 4096x4096 [AI] (10.7MB)
[21:24:27] ✓ officer.vtf: 1024x1024 → 4096x4096 [AI] (10.7MB)
[21:24:27] ✓ enlisted.vtf: 1024x1024 → 4096x4096 [AI] (10.7MB)
[21:24:30] ✓ enlisted.vtf: 1024x1024 → 4096x4096 [AI] (10.7MB)
[21:24:30] ✓ enlisted.vtf: 1024x1024 → 4096x4096 [AI] (10.7MB)
[21:24:30] ✓ enlisted1.vtf: 1024x1024 → 4096x4096 [AI] (10.7MB)
[21:24:30] ✓ enlisted2.vtf: 1024x1024 → 4096x4096 [AI] (10.7MB)
[21:24:32] ✓ enlisted.vtf: 1024x1024 → 4096x4096 [AI] (10.7MB)
[21:24:34] ✓ enlisted.vtf: 1024x1024 → 4096x4096 [AI] (10.7MB)
[21:24:39] ✓ enlisted2.vtf: 1024x1024 → 4096x4096 [AI] (10.7MB)
[21:24:39] ✓ enlisted.vtf: 1024x1024 → 4096x4096 [AI] (10.7MB)
[21:24:39] ✓ officer.vtf: 1024x1024 → 4096x4096 [AI] (10.7MB)
[21:24:39] ✓ officer.vtf: 1024x1024 → 4096x4096 [AI] (10.7MB)
[21:24:39] ✓ enlisted.vtf: 1024x1024 → 4096x4096 [AI] (10.7MB)
[21:24:39] ✅ Done in 2.1min (64.1/min) | ✓135 ⊖2 ✗0
[21:24:39] ⚠️ CORRUPTION REPORT: 1 file(s) flagged for review:
[21:24:39]   → helmet_pilot2.vtf

=== Completed: 135 success, 2 skipped, 0 failed in 2.1min ===
